START 14735304: Thu Dec 22 17:08:10 EET 2022
Namespace(train=['data/train_en.jsonl'], test='data/test_fi_deepl.jsonl', model='xlm-roberta-large', batch=12, epochs=10, learning=3e-05, threshold=None, loss=True, dev=True, clean_as_label=True, binary=False, save=None)
['data/train_en.jsonl']
text      object
labels    object
dtype: object
text      object
labels    object
dtype: object
tensor([16.2248,  2.8940,  2.6981, 14.2921, 47.6901,  1.4905,  0.1590],
       device='cuda:0')
DatasetDict({
    train: Dataset({
        features: ['text', 'labels'],
        num_rows: 127656
    })
    dev: Dataset({
        features: ['text', 'labels'],
        num_rows: 31915
    })
    test: Dataset({
        features: ['text', 'labels'],
        num_rows: 63978
    })
})
huggingface/tokenizers: The current process just got forked, after parallelism has already been used. Disabling parallelism to avoid deadlocks...
To disable this warning, you can either:
	- Avoid using `tokenizers` before the fork if possible
	- Explicitly set the environment variable TOKENIZERS_PARALLELISM=(true | false)
huggingface/tokenizers: The current process just got forked, after parallelism has already been used. Disabling parallelism to avoid deadlocks...
To disable this warning, you can either:
	- Avoid using `tokenizers` before the fork if possible
	- Explicitly set the environment variable TOKENIZERS_PARALLELISM=(true | false)
huggingface/tokenizers: The current process just got forked, after parallelism has already been used. Disabling parallelism to avoid deadlocks...
To disable this warning, you can either:
	- Avoid using `tokenizers` before the fork if possible
	- Explicitly set the environment variable TOKENIZERS_PARALLELISM=(true | false)
huggingface/tokenizers: The current process just got forked, after parallelism has already been used. Disabling parallelism to avoid deadlocks...
To disable this warning, you can either:
	- Avoid using `tokenizers` before the fork if possible
	- Explicitly set the environment variable TOKENIZERS_PARALLELISM=(true | false)
huggingface/tokenizers: The current process just got forked, after parallelism has already been used. Disabling parallelism to avoid deadlocks...
To disable this warning, you can either:
	- Avoid using `tokenizers` before the fork if possible
	- Explicitly set the environment variable TOKENIZERS_PARALLELISM=(true | false)
huggingface/tokenizers: The current process just got forked, after parallelism has already been used. Disabling parallelism to avoid deadlocks...
To disable this warning, you can either:
	- Avoid using `tokenizers` before the fork if possible
	- Explicitly set the environment variable TOKENIZERS_PARALLELISM=(true | false)
huggingface/tokenizers: The current process just got forked, after parallelism has already been used. Disabling parallelism to avoid deadlocks...
To disable this warning, you can either:
	- Avoid using `tokenizers` before the fork if possible
	- Explicitly set the environment variable TOKENIZERS_PARALLELISM=(true | false)
huggingface/tokenizers: The current process just got forked, after parallelism has already been used. Disabling parallelism to avoid deadlocks...
To disable this warning, you can either:
	- Avoid using `tokenizers` before the fork if possible
	- Explicitly set the environment variable TOKENIZERS_PARALLELISM=(true | false)
{'loss': 0.4732, 'learning_rate': 2.9294980259447268e-05, 'epoch': 0.24}
Best threshold: 0.3
                       precision    recall  f1-score   support

label_identity_attack       0.00      0.00      0.00       264
         label_insult       0.00      0.00      0.00      1496
        label_obscene       0.00      0.00      0.00      1635
label_severe_toxicity       0.00      0.00      0.00       316
         label_threat       0.00      0.00      0.00        92
       label_toxicity       0.00      0.00      0.00      3021

            micro avg       0.00      0.00      0.00      6824
            macro avg       0.00      0.00      0.00      6824
         weighted avg       0.00      0.00      0.00      6824
          samples avg       0.00      0.00      0.00      6824

{'eval_loss': 0.42260250449180603, 'eval_f1': 0.0, 'eval_f1_macro': 0.0, 'eval_precision': 0.0, 'eval_recall': 0.0, 'eval_roc_auc': 0.5, 'eval_accuracy': 0.8996083346388846, 'eval_hamming loss': 0.03563632565669225, 'eval_runtime': 682.3512, 'eval_samples_per_second': 46.772, 'eval_steps_per_second': 2.924, 'epoch': 0.24}
{'loss': 0.4671, 'learning_rate': 2.858996051889453e-05, 'epoch': 0.47}
Best threshold: 0.3
                       precision    recall  f1-score   support

label_identity_attack       0.00      0.00      0.00       264
         label_insult       0.00      0.00      0.00      1496
        label_obscene       0.00      0.00      0.00      1635
label_severe_toxicity       0.00      0.00      0.00       316
         label_threat       0.00      0.00      0.00        92
       label_toxicity       0.00      0.00      0.00      3021

            micro avg       0.00      0.00      0.00      6824
            macro avg       0.00      0.00      0.00      6824
         weighted avg       0.00      0.00      0.00      6824
          samples avg       0.00      0.00      0.00      6824

{'eval_loss': 0.43760162591934204, 'eval_f1': 0.0, 'eval_f1_macro': 0.0, 'eval_precision': 0.0, 'eval_recall': 0.0, 'eval_roc_auc': 0.5, 'eval_accuracy': 0.8996083346388846, 'eval_hamming loss': 0.03563632565669225, 'eval_runtime': 682.3512, 'eval_samples_per_second': 46.772, 'eval_steps_per_second': 2.924, 'epoch': 0.47}
{'loss': 0.4348, 'learning_rate': 2.7884940778341795e-05, 'epoch': 0.71}
Best threshold: 0.3
                       precision    recall  f1-score   support

label_identity_attack       0.00      0.00      0.00       264
         label_insult       0.00      0.00      0.00      1496
        label_obscene       0.00      0.00      0.00      1635
label_severe_toxicity       0.00      0.00      0.00       316
         label_threat       0.00      0.00      0.00        92
       label_toxicity       0.00      0.00      0.00      3021

            micro avg       0.00      0.00      0.00      6824
            macro avg       0.00      0.00      0.00      6824
         weighted avg       0.00      0.00      0.00      6824
          samples avg       0.00      0.00      0.00      6824

{'eval_loss': 0.4581044316291809, 'eval_f1': 0.0, 'eval_f1_macro': 0.0, 'eval_precision': 0.0, 'eval_recall': 0.0, 'eval_roc_auc': 0.5, 'eval_accuracy': 0.8996083346388846, 'eval_hamming loss': 0.03563632565669225, 'eval_runtime': 682.2594, 'eval_samples_per_second': 46.778, 'eval_steps_per_second': 2.924, 'epoch': 0.71}
{'loss': 0.4602, 'learning_rate': 2.7179921037789058e-05, 'epoch': 0.94}
Best threshold: 0.3
                       precision    recall  f1-score   support

label_identity_attack       0.00      0.00      0.00       264
         label_insult       0.00      0.00      0.00      1496
        label_obscene       0.00      0.00      0.00      1635
label_severe_toxicity       0.00      0.00      0.00       316
         label_threat       0.00      0.00      0.00        92
       label_toxicity       0.00      0.00      0.00      3021

            micro avg       0.00      0.00      0.00      6824
            macro avg       0.00      0.00      0.00      6824
         weighted avg       0.00      0.00      0.00      6824
          samples avg       0.00      0.00      0.00      6824

{'eval_loss': 0.4329259693622589, 'eval_f1': 0.0, 'eval_f1_macro': 0.0, 'eval_precision': 0.0, 'eval_recall': 0.0, 'eval_roc_auc': 0.5, 'eval_accuracy': 0.8996083346388846, 'eval_hamming loss': 0.03563632565669225, 'eval_runtime': 681.9127, 'eval_samples_per_second': 46.802, 'eval_steps_per_second': 2.926, 'epoch': 0.94}
{'train_runtime': 10466.5853, 'train_samples_per_second': 121.965, 'train_steps_per_second': 10.164, 'train_loss': 0.4588388671875, 'epoch': 0.94}
Job ID: 14735304
Cluster: puhti
User/Group: annieske/annieske
State: RUNNING
Cores: 1
CPU Utilized: 02:55:13
CPU Efficiency: 98.96% of 02:57:03 core-walltime
Job Wall-clock time: 02:57:03
Memory Utilized: 5.79 GB
Memory Efficiency: 74.14% of 7.81 GB
Job consumed 182.31 CSC billing units based on following used resources
Billed project: project_2000539
CPU BU: 2.95
Mem BU: 2.31
GPU BU: 177.05
GPU job efficiency:
------------------------------------------------------------------------
Host memory 
     Hostname    Mean (GiB)  stdDev (GiB)     Max (GiB) 
       r15g03         14.38          1.39         14.55 
------------------------------------------------------------------------
GPU load 
     Hostname        GPU Id      Mean (%)    stdDev (%)       Max (%) 
       r15g03             2 [32m        96.28 [0m        13.82           100 
------------------------------------------------------------------------
GPU memory 
     Hostname        GPU Id    Mean (GiB)  stdDev (GiB)     Max (GiB) 
       r15g03             2         29.91          3.49         30.33 
------------------------------------------------------------------------
WARNING: Efficiency statistics may be misleading for RUNNING jobs.
END 14735304: Thu Dec 22 20:05:12 EET 2022
