START 14734650: Thu Dec 22 16:19:15 EET 2022
Namespace(train=['data/train_fi_deepl.jsonl'], test='data/test_fi_deepl.jsonl', model='TurkuNLP/bert-large-finnish-cased-v1', batch=16, epochs=10, learning=5e-05, threshold=None, loss=True, dev=True, clean_as_label=True, binary=False, save=None)
['data/train_fi_deepl.jsonl']
text      object
labels    object
dtype: object
text      object
labels    object
dtype: object
tensor([16.2248,  2.8940,  2.6981, 14.2921, 47.6901,  1.4905,  0.1590],
       device='cuda:0')
DatasetDict({
    train: Dataset({
        features: ['text', 'labels'],
        num_rows: 127656
    })
    dev: Dataset({
        features: ['text', 'labels'],
        num_rows: 31915
    })
    test: Dataset({
        features: ['text', 'labels'],
        num_rows: 63978
    })
})
huggingface/tokenizers: The current process just got forked, after parallelism has already been used. Disabling parallelism to avoid deadlocks...
To disable this warning, you can either:
	- Avoid using `tokenizers` before the fork if possible
	- Explicitly set the environment variable TOKENIZERS_PARALLELISM=(true | false)
huggingface/tokenizers: The current process just got forked, after parallelism has already been used. Disabling parallelism to avoid deadlocks...
To disable this warning, you can either:
	- Avoid using `tokenizers` before the fork if possible
	- Explicitly set the environment variable TOKENIZERS_PARALLELISM=(true | false)
huggingface/tokenizers: The current process just got forked, after parallelism has already been used. Disabling parallelism to avoid deadlocks...
To disable this warning, you can either:
	- Avoid using `tokenizers` before the fork if possible
	- Explicitly set the environment variable TOKENIZERS_PARALLELISM=(true | false)
huggingface/tokenizers: The current process just got forked, after parallelism has already been used. Disabling parallelism to avoid deadlocks...
To disable this warning, you can either:
	- Avoid using `tokenizers` before the fork if possible
	- Explicitly set the environment variable TOKENIZERS_PARALLELISM=(true | false)
huggingface/tokenizers: The current process just got forked, after parallelism has already been used. Disabling parallelism to avoid deadlocks...
To disable this warning, you can either:
	- Avoid using `tokenizers` before the fork if possible
	- Explicitly set the environment variable TOKENIZERS_PARALLELISM=(true | false)
huggingface/tokenizers: The current process just got forked, after parallelism has already been used. Disabling parallelism to avoid deadlocks...
To disable this warning, you can either:
	- Avoid using `tokenizers` before the fork if possible
	- Explicitly set the environment variable TOKENIZERS_PARALLELISM=(true | false)
huggingface/tokenizers: The current process just got forked, after parallelism has already been used. Disabling parallelism to avoid deadlocks...
To disable this warning, you can either:
	- Avoid using `tokenizers` before the fork if possible
	- Explicitly set the environment variable TOKENIZERS_PARALLELISM=(true | false)
huggingface/tokenizers: The current process just got forked, after parallelism has already been used. Disabling parallelism to avoid deadlocks...
To disable this warning, you can either:
	- Avoid using `tokenizers` before the fork if possible
	- Explicitly set the environment variable TOKENIZERS_PARALLELISM=(true | false)
Job ID: 14734650
Cluster: puhti
User/Group: annieske/annieske
State: RUNNING
Cores: 1
CPU Utilized: 00:01:56
CPU Efficiency: 80.56% of 00:02:24 core-walltime
Job Wall-clock time: 00:02:24
Memory Utilized: 4.87 GB
Memory Efficiency: 62.29% of 7.81 GB
Job consumed 2.47 CSC billing units based on following used resources
Billed project: project_2000539
CPU BU: 0.04
Mem BU: 0.03
GPU BU: 2.40
GPU job efficiency:
------------------------------------------------------------------------
Host memory 
     Hostname    Mean (GiB)  stdDev (GiB)     Max (GiB) 
       r16g01          3.12          3.26          13.9 
------------------------------------------------------------------------
GPU load 
     Hostname        GPU Id      Mean (%)    stdDev (%)       Max (%) 
       r16g01             0 [31m         6.73 [0m         25.8           100 
------------------------------------------------------------------------
GPU memory 
     Hostname        GPU Id    Mean (GiB)  stdDev (GiB)     Max (GiB) 
       r16g01             0          0.75          0.69          2.32 
------------------------------------------------------------------------
WARNING: Efficiency statistics may be misleading for RUNNING jobs.
END 14734650: Thu Dec 22 16:21:39 EET 2022
