START 14735305: Thu Dec 22 17:08:15 EET 2022
Namespace(train=['data/train_en.jsonl'], test='data/test_fi_deepl.jsonl', model='xlm-roberta-large', batch=12, epochs=10, learning=2e-05, threshold=None, loss=True, dev=True, clean_as_label=True, binary=False, save=None)
['data/train_en.jsonl']
text      object
labels    object
dtype: object
text      object
labels    object
dtype: object
tensor([16.2248,  2.8940,  2.6981, 14.2921, 47.6901,  1.4905,  0.1590],
       device='cuda:0')
DatasetDict({
    train: Dataset({
        features: ['text', 'labels'],
        num_rows: 127656
    })
    dev: Dataset({
        features: ['text', 'labels'],
        num_rows: 31915
    })
    test: Dataset({
        features: ['text', 'labels'],
        num_rows: 63978
    })
})
huggingface/tokenizers: The current process just got forked, after parallelism has already been used. Disabling parallelism to avoid deadlocks...
To disable this warning, you can either:
	- Avoid using `tokenizers` before the fork if possible
	- Explicitly set the environment variable TOKENIZERS_PARALLELISM=(true | false)
huggingface/tokenizers: The current process just got forked, after parallelism has already been used. Disabling parallelism to avoid deadlocks...
To disable this warning, you can either:
	- Avoid using `tokenizers` before the fork if possible
	- Explicitly set the environment variable TOKENIZERS_PARALLELISM=(true | false)
huggingface/tokenizers: The current process just got forked, after parallelism has already been used. Disabling parallelism to avoid deadlocks...
To disable this warning, you can either:
	- Avoid using `tokenizers` before the fork if possible
	- Explicitly set the environment variable TOKENIZERS_PARALLELISM=(true | false)
huggingface/tokenizers: The current process just got forked, after parallelism has already been used. Disabling parallelism to avoid deadlocks...
To disable this warning, you can either:
	- Avoid using `tokenizers` before the fork if possible
	- Explicitly set the environment variable TOKENIZERS_PARALLELISM=(true | false)
huggingface/tokenizers: The current process just got forked, after parallelism has already been used. Disabling parallelism to avoid deadlocks...
To disable this warning, you can either:
	- Avoid using `tokenizers` before the fork if possible
	- Explicitly set the environment variable TOKENIZERS_PARALLELISM=(true | false)
huggingface/tokenizers: The current process just got forked, after parallelism has already been used. Disabling parallelism to avoid deadlocks...
To disable this warning, you can either:
	- Avoid using `tokenizers` before the fork if possible
	- Explicitly set the environment variable TOKENIZERS_PARALLELISM=(true | false)
huggingface/tokenizers: The current process just got forked, after parallelism has already been used. Disabling parallelism to avoid deadlocks...
To disable this warning, you can either:
	- Avoid using `tokenizers` before the fork if possible
	- Explicitly set the environment variable TOKENIZERS_PARALLELISM=(true | false)
huggingface/tokenizers: The current process just got forked, after parallelism has already been used. Disabling parallelism to avoid deadlocks...
To disable this warning, you can either:
	- Avoid using `tokenizers` before the fork if possible
	- Explicitly set the environment variable TOKENIZERS_PARALLELISM=(true | false)
{'loss': 0.4667, 'learning_rate': 1.9529986839631512e-05, 'epoch': 0.24}
Best threshold: 0.3
                       precision    recall  f1-score   support

label_identity_attack       0.00      0.00      0.00       275
         label_insult       0.00      0.00      0.00      1563
        label_obscene       0.00      0.00      0.00      1690
label_severe_toxicity       0.00      0.00      0.00       325
         label_threat       0.00      0.00      0.00       110
       label_toxicity       0.00      0.00      0.00      3087

            micro avg       0.00      0.00      0.00      7050
            macro avg       0.00      0.00      0.00      7050
         weighted avg       0.00      0.00      0.00      7050
          samples avg       0.00      0.00      0.00      7050

{'eval_loss': 0.4406542181968689, 'eval_f1': 0.0, 'eval_f1_macro': 0.0, 'eval_precision': 0.0, 'eval_recall': 0.0, 'eval_roc_auc': 0.5, 'eval_accuracy': 0.8976030079899734, 'eval_hamming loss': 0.036816543944853515, 'eval_runtime': 678.2281, 'eval_samples_per_second': 47.056, 'eval_steps_per_second': 2.941, 'epoch': 0.24}
{'loss': 0.4582, 'learning_rate': 1.9059973679263022e-05, 'epoch': 0.47}
Best threshold: 0.3
                       precision    recall  f1-score   support

label_identity_attack       0.00      0.00      0.00       275
         label_insult       0.00      0.00      0.00      1563
        label_obscene       0.00      0.00      0.00      1690
label_severe_toxicity       0.00      0.00      0.00       325
         label_threat       0.00      0.00      0.00       110
       label_toxicity       0.00      0.00      0.00      3087

            micro avg       0.00      0.00      0.00      7050
            macro avg       0.00      0.00      0.00      7050
         weighted avg       0.00      0.00      0.00      7050
          samples avg       0.00      0.00      0.00      7050

{'eval_loss': 0.4681127667427063, 'eval_f1': 0.0, 'eval_f1_macro': 0.0, 'eval_precision': 0.0, 'eval_recall': 0.0, 'eval_roc_auc': 0.5, 'eval_accuracy': 0.8976030079899734, 'eval_hamming loss': 0.036816543944853515, 'eval_runtime': 676.2499, 'eval_samples_per_second': 47.194, 'eval_steps_per_second': 2.95, 'epoch': 0.47}
{'loss': 0.4462, 'learning_rate': 1.858996051889453e-05, 'epoch': 0.71}
Best threshold: 0.3
                       precision    recall  f1-score   support

label_identity_attack       0.00      0.00      0.00       275
         label_insult       0.00      0.00      0.00      1563
        label_obscene       0.00      0.00      0.00      1690
label_severe_toxicity       0.00      0.00      0.00       325
         label_threat       0.00      0.00      0.00       110
       label_toxicity       0.00      0.00      0.00      3087

            micro avg       0.00      0.00      0.00      7050
            macro avg       0.00      0.00      0.00      7050
         weighted avg       0.00      0.00      0.00      7050
          samples avg       0.00      0.00      0.00      7050

{'eval_loss': 0.47852209210395813, 'eval_f1': 0.0, 'eval_f1_macro': 0.0, 'eval_precision': 0.0, 'eval_recall': 0.0, 'eval_roc_auc': 0.5, 'eval_accuracy': 0.8976030079899734, 'eval_hamming loss': 0.036816543944853515, 'eval_runtime': 676.1154, 'eval_samples_per_second': 47.203, 'eval_steps_per_second': 2.951, 'epoch': 0.71}
{'loss': 0.447, 'learning_rate': 1.811994735852604e-05, 'epoch': 0.94}
Best threshold: 0.3
                       precision    recall  f1-score   support

label_identity_attack       0.00      0.00      0.00       275
         label_insult       0.00      0.00      0.00      1563
        label_obscene       0.00      0.00      0.00      1690
label_severe_toxicity       0.00      0.00      0.00       325
         label_threat       0.00      0.00      0.00       110
       label_toxicity       0.00      0.00      0.00      3087

            micro avg       0.00      0.00      0.00      7050
            macro avg       0.00      0.00      0.00      7050
         weighted avg       0.00      0.00      0.00      7050
          samples avg       0.00      0.00      0.00      7050

{'eval_loss': 0.4497206211090088, 'eval_f1': 0.0, 'eval_f1_macro': 0.0, 'eval_precision': 0.0, 'eval_recall': 0.0, 'eval_roc_auc': 0.5, 'eval_accuracy': 0.8976030079899734, 'eval_hamming loss': 0.036816543944853515, 'eval_runtime': 675.9379, 'eval_samples_per_second': 47.216, 'eval_steps_per_second': 2.951, 'epoch': 0.94}
{'train_runtime': 10334.9316, 'train_samples_per_second': 123.519, 'train_steps_per_second': 10.293, 'train_loss': 0.45451708984375, 'epoch': 0.94}
Job ID: 14735305
Cluster: puhti
User/Group: annieske/annieske
State: RUNNING
Cores: 1
CPU Utilized: 02:52:54
CPU Efficiency: 98.94% of 02:54:45 core-walltime
Job Wall-clock time: 02:54:45
Memory Utilized: 7.26 GB
Memory Efficiency: 92.88% of 7.81 GB
Job consumed 179.94 CSC billing units based on following used resources
Billed project: project_2000539
CPU BU: 2.91
Mem BU: 2.28
GPU BU: 174.75
GPU job efficiency:
------------------------------------------------------------------------
Host memory 
     Hostname    Mean (GiB)  stdDev (GiB)     Max (GiB) 
       r15g03         14.41          1.34         14.57 
------------------------------------------------------------------------
GPU load 
     Hostname        GPU Id      Mean (%)    stdDev (%)       Max (%) 
       r15g03             3 [32m         97.1 [0m        13.19           100 
------------------------------------------------------------------------
GPU memory 
     Hostname        GPU Id    Mean (GiB)  stdDev (GiB)     Max (GiB) 
       r15g03             3         30.92          3.51         31.35 
------------------------------------------------------------------------
WARNING: Efficiency statistics may be misleading for RUNNING jobs.
END 14735305: Thu Dec 22 20:02:59 EET 2022
