START 14735052: Thu Dec 22 17:05:13 EET 2022
Namespace(train=['data/train_en.jsonl'], test='data/test_en.jsonl', model='bert-large-cased', batch=8, epochs=10, learning=5e-05, threshold=None, loss=True, dev=True, clean_as_label=True, binary=False, save=None)
['data/train_en.jsonl']
text      object
labels    object
dtype: object
text      object
labels    object
dtype: object
tensor([16.2248,  2.8940,  2.6981, 14.2921, 47.6901,  1.4905,  0.1590],
       device='cuda:0')
DatasetDict({
    train: Dataset({
        features: ['text', 'labels'],
        num_rows: 127656
    })
    dev: Dataset({
        features: ['text', 'labels'],
        num_rows: 31915
    })
    test: Dataset({
        features: ['text', 'labels'],
        num_rows: 63978
    })
})
huggingface/tokenizers: The current process just got forked, after parallelism has already been used. Disabling parallelism to avoid deadlocks...
To disable this warning, you can either:
	- Avoid using `tokenizers` before the fork if possible
	- Explicitly set the environment variable TOKENIZERS_PARALLELISM=(true | false)
huggingface/tokenizers: The current process just got forked, after parallelism has already been used. Disabling parallelism to avoid deadlocks...
To disable this warning, you can either:
	- Avoid using `tokenizers` before the fork if possible
	- Explicitly set the environment variable TOKENIZERS_PARALLELISM=(true | false)
huggingface/tokenizers: The current process just got forked, after parallelism has already been used. Disabling parallelism to avoid deadlocks...
To disable this warning, you can either:
	- Avoid using `tokenizers` before the fork if possible
	- Explicitly set the environment variable TOKENIZERS_PARALLELISM=(true | false)
huggingface/tokenizers: The current process just got forked, after parallelism has already been used. Disabling parallelism to avoid deadlocks...
To disable this warning, you can either:
	- Avoid using `tokenizers` before the fork if possible
	- Explicitly set the environment variable TOKENIZERS_PARALLELISM=(true | false)
huggingface/tokenizers: The current process just got forked, after parallelism has already been used. Disabling parallelism to avoid deadlocks...
To disable this warning, you can either:
	- Avoid using `tokenizers` before the fork if possible
	- Explicitly set the environment variable TOKENIZERS_PARALLELISM=(true | false)
huggingface/tokenizers: The current process just got forked, after parallelism has already been used. Disabling parallelism to avoid deadlocks...
To disable this warning, you can either:
	- Avoid using `tokenizers` before the fork if possible
	- Explicitly set the environment variable TOKENIZERS_PARALLELISM=(true | false)
huggingface/tokenizers: The current process just got forked, after parallelism has already been used. Disabling parallelism to avoid deadlocks...
To disable this warning, you can either:
	- Avoid using `tokenizers` before the fork if possible
	- Explicitly set the environment variable TOKENIZERS_PARALLELISM=(true | false)
huggingface/tokenizers: The current process just got forked, after parallelism has already been used. Disabling parallelism to avoid deadlocks...
To disable this warning, you can either:
	- Avoid using `tokenizers` before the fork if possible
	- Explicitly set the environment variable TOKENIZERS_PARALLELISM=(true | false)
{'loss': 0.4849, 'learning_rate': 4.921664473271919e-05, 'epoch': 0.16}
Best threshold: 0.3
                       precision    recall  f1-score   support

label_identity_attack       0.00      0.00      0.00       277
         label_insult       0.00      0.00      0.00      1593
        label_obscene       0.00      0.00      0.00      1715
label_severe_toxicity       0.00      0.00      0.00       317
         label_threat       0.00      0.00      0.00       106
       label_toxicity       0.00      0.00      0.00      3079

            micro avg       0.00      0.00      0.00      7087
            macro avg       0.00      0.00      0.00      7087
         weighted avg       0.00      0.00      0.00      7087
          samples avg       0.00      0.00      0.00      7087

{'eval_loss': 0.5219458341598511, 'eval_f1': 0.0, 'eval_f1_macro': 0.0, 'eval_precision': 0.0, 'eval_recall': 0.0, 'eval_roc_auc': 0.5, 'eval_accuracy': 0.8975716747610841, 'eval_hamming loss': 0.037009765523003814, 'eval_runtime': 665.8337, 'eval_samples_per_second': 47.932, 'eval_steps_per_second': 2.996, 'epoch': 0.16}
{'loss': 0.5155, 'learning_rate': 4.843328946543837e-05, 'epoch': 0.31}
Best threshold: 0.3
                       precision    recall  f1-score   support

label_identity_attack       0.00      0.00      0.00       277
         label_insult       0.00      0.00      0.00      1593
        label_obscene       0.00      0.00      0.00      1715
label_severe_toxicity       0.00      0.00      0.00       317
         label_threat       0.00      0.00      0.00       106
       label_toxicity       0.00      0.00      0.00      3079

            micro avg       0.00      0.00      0.00      7087
            macro avg       0.00      0.00      0.00      7087
         weighted avg       0.00      0.00      0.00      7087
          samples avg       0.00      0.00      0.00      7087

{'eval_loss': 0.48580634593963623, 'eval_f1': 0.0, 'eval_f1_macro': 0.0, 'eval_precision': 0.0, 'eval_recall': 0.0, 'eval_roc_auc': 0.5, 'eval_accuracy': 0.8975716747610841, 'eval_hamming loss': 0.037009765523003814, 'eval_runtime': 665.8008, 'eval_samples_per_second': 47.935, 'eval_steps_per_second': 2.996, 'epoch': 0.31}
{'loss': 0.4861, 'learning_rate': 4.7649934198157556e-05, 'epoch': 0.47}
Best threshold: 0.3
                       precision    recall  f1-score   support

label_identity_attack       0.00      0.00      0.00       277
         label_insult       0.00      0.00      0.00      1593
        label_obscene       0.00      0.00      0.00      1715
label_severe_toxicity       0.00      0.00      0.00       317
         label_threat       0.00      0.00      0.00       106
       label_toxicity       0.00      0.00      0.00      3079

            micro avg       0.00      0.00      0.00      7087
            macro avg       0.00      0.00      0.00      7087
         weighted avg       0.00      0.00      0.00      7087
          samples avg       0.00      0.00      0.00      7087

{'eval_loss': 0.5200294256210327, 'eval_f1': 0.0, 'eval_f1_macro': 0.0, 'eval_precision': 0.0, 'eval_recall': 0.0, 'eval_roc_auc': 0.5, 'eval_accuracy': 0.8975716747610841, 'eval_hamming loss': 0.037009765523003814, 'eval_runtime': 665.6809, 'eval_samples_per_second': 47.943, 'eval_steps_per_second': 2.997, 'epoch': 0.47}
{'loss': 0.4837, 'learning_rate': 4.686657893087673e-05, 'epoch': 0.63}
Best threshold: 0.3
                       precision    recall  f1-score   support

label_identity_attack       0.00      0.00      0.00       277
         label_insult       0.00      0.00      0.00      1593
        label_obscene       0.00      0.00      0.00      1715
label_severe_toxicity       0.00      0.00      0.00       317
         label_threat       0.00      0.00      0.00       106
       label_toxicity       0.00      0.00      0.00      3079

            micro avg       0.00      0.00      0.00      7087
            macro avg       0.00      0.00      0.00      7087
         weighted avg       0.00      0.00      0.00      7087
          samples avg       0.00      0.00      0.00      7087

{'eval_loss': 0.5185132622718811, 'eval_f1': 0.0, 'eval_f1_macro': 0.0, 'eval_precision': 0.0, 'eval_recall': 0.0, 'eval_roc_auc': 0.5, 'eval_accuracy': 0.8975716747610841, 'eval_hamming loss': 0.037009765523003814, 'eval_runtime': 665.6386, 'eval_samples_per_second': 47.946, 'eval_steps_per_second': 2.997, 'epoch': 0.63}
{'train_runtime': 7087.5813, 'train_samples_per_second': 180.112, 'train_steps_per_second': 22.514, 'train_loss': 0.492529541015625, 'epoch': 0.63}
Job ID: 14735052
Cluster: puhti
User/Group: annieske/annieske
State: RUNNING
Cores: 1
CPU Utilized: 01:58:55
CPU Efficiency: 99.04% of 02:00:04 core-walltime
Job Wall-clock time: 02:00:04
Memory Utilized: 6.37 GB
Memory Efficiency: 81.57% of 7.81 GB
Job consumed 123.63 CSC billing units based on following used resources
Billed project: project_2000539
CPU BU: 2.00
Mem BU: 1.56
GPU BU: 120.07
GPU job efficiency:
------------------------------------------------------------------------
Host memory 
     Hostname    Mean (GiB)  stdDev (GiB)     Max (GiB) 
       r17g02         13.74          1.51          14.9 
------------------------------------------------------------------------
GPU load 
     Hostname        GPU Id      Mean (%)    stdDev (%)       Max (%) 
       r17g02             1 [32m         96.0 [0m        14.11           100 
------------------------------------------------------------------------
GPU memory 
     Hostname        GPU Id    Mean (GiB)  stdDev (GiB)     Max (GiB) 
       r17g02             1         21.18          2.71         21.72 
------------------------------------------------------------------------
WARNING: Efficiency statistics may be misleading for RUNNING jobs.
END 14735052: Thu Dec 22 19:05:17 EET 2022
