START 14735296: Thu Dec 22 17:07:33 EET 2022
Namespace(train=['data/train_en.jsonl'], test='data/test_fi_deepl.jsonl', model='xlm-roberta-large', batch=4, epochs=10, learning=5e-05, threshold=None, loss=True, dev=True, clean_as_label=True, binary=False, save=None)
['data/train_en.jsonl']
text      object
labels    object
dtype: object
text      object
labels    object
dtype: object
tensor([16.2248,  2.8940,  2.6981, 14.2921, 47.6901,  1.4905,  0.1590],
       device='cuda:0')
DatasetDict({
    train: Dataset({
        features: ['text', 'labels'],
        num_rows: 127656
    })
    dev: Dataset({
        features: ['text', 'labels'],
        num_rows: 31915
    })
    test: Dataset({
        features: ['text', 'labels'],
        num_rows: 63978
    })
})
huggingface/tokenizers: The current process just got forked, after parallelism has already been used. Disabling parallelism to avoid deadlocks...
To disable this warning, you can either:
	- Avoid using `tokenizers` before the fork if possible
	- Explicitly set the environment variable TOKENIZERS_PARALLELISM=(true | false)
huggingface/tokenizers: The current process just got forked, after parallelism has already been used. Disabling parallelism to avoid deadlocks...
To disable this warning, you can either:
	- Avoid using `tokenizers` before the fork if possible
	- Explicitly set the environment variable TOKENIZERS_PARALLELISM=(true | false)
huggingface/tokenizers: The current process just got forked, after parallelism has already been used. Disabling parallelism to avoid deadlocks...
To disable this warning, you can either:
	- Avoid using `tokenizers` before the fork if possible
	- Explicitly set the environment variable TOKENIZERS_PARALLELISM=(true | false)
huggingface/tokenizers: The current process just got forked, after parallelism has already been used. Disabling parallelism to avoid deadlocks...
To disable this warning, you can either:
	- Avoid using `tokenizers` before the fork if possible
	- Explicitly set the environment variable TOKENIZERS_PARALLELISM=(true | false)
huggingface/tokenizers: The current process just got forked, after parallelism has already been used. Disabling parallelism to avoid deadlocks...
To disable this warning, you can either:
	- Avoid using `tokenizers` before the fork if possible
	- Explicitly set the environment variable TOKENIZERS_PARALLELISM=(true | false)
huggingface/tokenizers: The current process just got forked, after parallelism has already been used. Disabling parallelism to avoid deadlocks...
To disable this warning, you can either:
	- Avoid using `tokenizers` before the fork if possible
	- Explicitly set the environment variable TOKENIZERS_PARALLELISM=(true | false)
huggingface/tokenizers: The current process just got forked, after parallelism has already been used. Disabling parallelism to avoid deadlocks...
To disable this warning, you can either:
	- Avoid using `tokenizers` before the fork if possible
	- Explicitly set the environment variable TOKENIZERS_PARALLELISM=(true | false)
huggingface/tokenizers: The current process just got forked, after parallelism has already been used. Disabling parallelism to avoid deadlocks...
To disable this warning, you can either:
	- Avoid using `tokenizers` before the fork if possible
	- Explicitly set the environment variable TOKENIZERS_PARALLELISM=(true | false)
{'loss': 0.55, 'learning_rate': 4.9608322366359596e-05, 'epoch': 0.08}
Best threshold: 0.3
                       precision    recall  f1-score   support

label_identity_attack       0.00      0.00      0.00       275
         label_insult       0.00      0.00      0.00      1611
        label_obscene       0.00      0.00      0.00      1694
label_severe_toxicity       0.00      0.00      0.00       347
         label_threat       0.00      0.00      0.00        89
       label_toxicity       0.00      0.00      0.00      3098

            micro avg       0.00      0.00      0.00      7114
            macro avg       0.00      0.00      0.00      7114
         weighted avg       0.00      0.00      0.00      7114
          samples avg       0.00      0.00      0.00      7114

{'eval_loss': 0.629660964012146, 'eval_f1': 0.0, 'eval_f1_macro': 0.0, 'eval_precision': 0.0, 'eval_recall': 0.0, 'eval_roc_auc': 0.5, 'eval_accuracy': 0.8973523421588595, 'eval_hamming loss': 0.03715076505300538, 'eval_runtime': 682.1668, 'eval_samples_per_second': 46.785, 'eval_steps_per_second': 2.925, 'epoch': 0.08}
{'loss': 0.5611, 'learning_rate': 4.921664473271919e-05, 'epoch': 0.16}
Best threshold: 0.3
                       precision    recall  f1-score   support

label_identity_attack       0.00      0.00      0.00       275
         label_insult       0.00      0.00      0.00      1611
        label_obscene       0.00      0.00      0.00      1694
label_severe_toxicity       0.00      0.00      0.00       347
         label_threat       0.00      0.00      0.00        89
       label_toxicity       0.00      0.00      0.00      3098

            micro avg       0.00      0.00      0.00      7114
            macro avg       0.00      0.00      0.00      7114
         weighted avg       0.00      0.00      0.00      7114
          samples avg       0.00      0.00      0.00      7114

{'eval_loss': 0.5269078612327576, 'eval_f1': 0.0, 'eval_f1_macro': 0.0, 'eval_precision': 0.0, 'eval_recall': 0.0, 'eval_roc_auc': 0.5, 'eval_accuracy': 0.8973523421588595, 'eval_hamming loss': 0.03715076505300538, 'eval_runtime': 682.0275, 'eval_samples_per_second': 46.794, 'eval_steps_per_second': 2.925, 'epoch': 0.16}
{'loss': 0.5309, 'learning_rate': 4.8824967099078776e-05, 'epoch': 0.24}
Best threshold: 0.3
                       precision    recall  f1-score   support

label_identity_attack       0.00      0.00      0.00       275
         label_insult       0.00      0.00      0.00      1611
        label_obscene       0.00      0.00      0.00      1694
label_severe_toxicity       0.00      0.00      0.00       347
         label_threat       0.00      0.00      0.00        89
       label_toxicity       0.00      0.00      0.00      3098

            micro avg       0.00      0.00      0.00      7114
            macro avg       0.00      0.00      0.00      7114
         weighted avg       0.00      0.00      0.00      7114
          samples avg       0.00      0.00      0.00      7114

{'eval_loss': 0.5613564252853394, 'eval_f1': 0.0, 'eval_f1_macro': 0.0, 'eval_precision': 0.0, 'eval_recall': 0.0, 'eval_roc_auc': 0.5, 'eval_accuracy': 0.8973523421588595, 'eval_hamming loss': 0.03715076505300538, 'eval_runtime': 682.2407, 'eval_samples_per_second': 46.78, 'eval_steps_per_second': 2.924, 'epoch': 0.24}
{'loss': 0.5742, 'learning_rate': 4.843328946543837e-05, 'epoch': 0.31}
Best threshold: 0.3
                       precision    recall  f1-score   support

label_identity_attack       0.00      0.00      0.00       275
         label_insult       0.00      0.00      0.00      1611
        label_obscene       0.00      0.00      0.00      1694
label_severe_toxicity       0.00      0.00      0.00       347
         label_threat       0.00      0.00      0.00        89
       label_toxicity       0.00      0.00      0.00      3098

            micro avg       0.00      0.00      0.00      7114
            macro avg       0.00      0.00      0.00      7114
         weighted avg       0.00      0.00      0.00      7114
          samples avg       0.00      0.00      0.00      7114

{'eval_loss': 0.4872366189956665, 'eval_f1': 0.0, 'eval_f1_macro': 0.0, 'eval_precision': 0.0, 'eval_recall': 0.0, 'eval_roc_auc': 0.5, 'eval_accuracy': 0.8973523421588595, 'eval_hamming loss': 0.03715076505300538, 'eval_runtime': 682.0891, 'eval_samples_per_second': 46.79, 'eval_steps_per_second': 2.925, 'epoch': 0.31}
{'train_runtime': 5246.715, 'train_samples_per_second': 243.307, 'train_steps_per_second': 60.827, 'train_loss': 0.5540429077148438, 'epoch': 0.31}
Job ID: 14735296
Cluster: puhti
User/Group: annieske/annieske
State: RUNNING
Cores: 1
CPU Utilized: 01:28:50
CPU Efficiency: 98.39% of 01:30:17 core-walltime
Job Wall-clock time: 01:30:17
Memory Utilized: 7.31 GB
Memory Efficiency: 93.62% of 7.81 GB
Job consumed 92.96 CSC billing units based on following used resources
Billed project: project_2000539
CPU BU: 1.50
Mem BU: 1.18
GPU BU: 90.28
GPU job efficiency:
------------------------------------------------------------------------
Host memory 
     Hostname    Mean (GiB)  stdDev (GiB)     Max (GiB) 
       r15g05         14.12          2.11         15.46 
------------------------------------------------------------------------
GPU load 
     Hostname        GPU Id      Mean (%)    stdDev (%)       Max (%) 
       r15g05             2 [32m        92.52 [0m        19.36           100 
------------------------------------------------------------------------
GPU memory 
     Hostname        GPU Id    Mean (GiB)  stdDev (GiB)     Max (GiB) 
       r15g05             2         15.97          2.83          16.5 
------------------------------------------------------------------------
WARNING: Efficiency statistics may be misleading for RUNNING jobs.
END 14735296: Thu Dec 22 18:37:50 EET 2022
