START 14734635: Thu Dec 22 16:18:32 EET 2022
Namespace(train=['data/train_fi_deepl.jsonl'], test='data/test_fi_deepl.jsonl', model='TurkuNLP/bert-large-finnish-cased-v1', batch=4, epochs=10, learning=3e-05, threshold=None, loss=True, dev=True, clean_as_label=True, binary=False, save=None)
['data/train_fi_deepl.jsonl']
text      object
labels    object
dtype: object
text      object
labels    object
dtype: object
tensor([16.2248,  2.8940,  2.6981, 14.2921, 47.6901,  1.4905,  0.1590],
       device='cuda:0')
DatasetDict({
    train: Dataset({
        features: ['text', 'labels'],
        num_rows: 127656
    })
    dev: Dataset({
        features: ['text', 'labels'],
        num_rows: 31915
    })
    test: Dataset({
        features: ['text', 'labels'],
        num_rows: 63978
    })
})
huggingface/tokenizers: The current process just got forked, after parallelism has already been used. Disabling parallelism to avoid deadlocks...
To disable this warning, you can either:
	- Avoid using `tokenizers` before the fork if possible
	- Explicitly set the environment variable TOKENIZERS_PARALLELISM=(true | false)
huggingface/tokenizers: The current process just got forked, after parallelism has already been used. Disabling parallelism to avoid deadlocks...
To disable this warning, you can either:
	- Avoid using `tokenizers` before the fork if possible
	- Explicitly set the environment variable TOKENIZERS_PARALLELISM=(true | false)
huggingface/tokenizers: The current process just got forked, after parallelism has already been used. Disabling parallelism to avoid deadlocks...
To disable this warning, you can either:
	- Avoid using `tokenizers` before the fork if possible
	- Explicitly set the environment variable TOKENIZERS_PARALLELISM=(true | false)
huggingface/tokenizers: The current process just got forked, after parallelism has already been used. Disabling parallelism to avoid deadlocks...
To disable this warning, you can either:
	- Avoid using `tokenizers` before the fork if possible
	- Explicitly set the environment variable TOKENIZERS_PARALLELISM=(true | false)
huggingface/tokenizers: The current process just got forked, after parallelism has already been used. Disabling parallelism to avoid deadlocks...
To disable this warning, you can either:
	- Avoid using `tokenizers` before the fork if possible
	- Explicitly set the environment variable TOKENIZERS_PARALLELISM=(true | false)
huggingface/tokenizers: The current process just got forked, after parallelism has already been used. Disabling parallelism to avoid deadlocks...
To disable this warning, you can either:
	- Avoid using `tokenizers` before the fork if possible
	- Explicitly set the environment variable TOKENIZERS_PARALLELISM=(true | false)
huggingface/tokenizers: The current process just got forked, after parallelism has already been used. Disabling parallelism to avoid deadlocks...
To disable this warning, you can either:
	- Avoid using `tokenizers` before the fork if possible
	- Explicitly set the environment variable TOKENIZERS_PARALLELISM=(true | false)
huggingface/tokenizers: The current process just got forked, after parallelism has already been used. Disabling parallelism to avoid deadlocks...
To disable this warning, you can either:
	- Avoid using `tokenizers` before the fork if possible
	- Explicitly set the environment variable TOKENIZERS_PARALLELISM=(true | false)
{'loss': 0.3593, 'learning_rate': 2.9764993419815758e-05, 'epoch': 0.08}
Best threshold: 0.3
                       precision    recall  f1-score   support

label_identity_attack       0.00      0.00      0.00       275
         label_insult       0.39      0.77      0.52      1594
        label_obscene       0.42      0.78      0.54      1682
label_severe_toxicity       0.00      0.00      0.00       328
         label_threat       0.00      0.00      0.00       105
       label_toxicity       0.61      0.64      0.62      3053

            micro avg       0.47      0.64      0.54      7037
            macro avg       0.24      0.37      0.28      7037
         weighted avg       0.45      0.64      0.52      7037
          samples avg       0.05      0.06      0.05      7037

{'eval_loss': 0.3963435888290405, 'eval_f1': 0.5430831471529496, 'eval_f1_macro': 0.280854476766208, 'eval_precision': 0.4721755564888702, 'eval_recall': 0.6390507318459571, 'eval_roc_auc': 0.8058985883698891, 'eval_accuracy': 0.8823123922920257, 'eval_hamming loss': 0.03951642383414278, 'eval_runtime': 669.5192, 'eval_samples_per_second': 47.669, 'eval_steps_per_second': 2.98, 'epoch': 0.08}
{'loss': 0.4245, 'learning_rate': 2.952998683963151e-05, 'epoch': 0.16}
Best threshold: 0.3
                       precision    recall  f1-score   support

label_identity_attack       0.00      0.00      0.00       275
         label_insult       0.00      0.00      0.00      1594
        label_obscene       0.00      0.00      0.00      1682
label_severe_toxicity       0.00      0.00      0.00       328
         label_threat       0.00      0.00      0.00       105
       label_toxicity       0.00      0.00      0.00      3053

            micro avg       0.00      0.00      0.00      7037
            macro avg       0.00      0.00      0.00      7037
         weighted avg       0.00      0.00      0.00      7037
          samples avg       0.00      0.00      0.00      7037

{'eval_loss': 0.6149774193763733, 'eval_f1': 0.0, 'eval_f1_macro': 0.0, 'eval_precision': 0.0, 'eval_recall': 0.0, 'eval_roc_auc': 0.5, 'eval_accuracy': 0.8974150086166379, 'eval_hamming loss': 0.03674865528226017, 'eval_runtime': 659.1394, 'eval_samples_per_second': 48.419, 'eval_steps_per_second': 3.027, 'epoch': 0.16}
{'loss': 0.5904, 'learning_rate': 2.9294980259447268e-05, 'epoch': 0.24}
Best threshold: 0.3
                       precision    recall  f1-score   support

label_identity_attack       0.00      0.00      0.00       275
         label_insult       0.00      0.00      0.00      1594
        label_obscene       0.00      0.00      0.00      1682
label_severe_toxicity       0.00      0.00      0.00       328
         label_threat       0.00      0.00      0.00       105
       label_toxicity       0.00      0.00      0.00      3053

            micro avg       0.00      0.00      0.00      7037
            macro avg       0.00      0.00      0.00      7037
         weighted avg       0.00      0.00      0.00      7037
          samples avg       0.00      0.00      0.00      7037

{'eval_loss': 0.5695393085479736, 'eval_f1': 0.0, 'eval_f1_macro': 0.0, 'eval_precision': 0.0, 'eval_recall': 0.0, 'eval_roc_auc': 0.5, 'eval_accuracy': 0.8974150086166379, 'eval_hamming loss': 0.03674865528226017, 'eval_runtime': 658.2825, 'eval_samples_per_second': 48.482, 'eval_steps_per_second': 3.031, 'epoch': 0.24}
{'loss': 0.6042, 'learning_rate': 2.905997367926302e-05, 'epoch': 0.31}
Best threshold: 0.3
                       precision    recall  f1-score   support

label_identity_attack       0.00      0.00      0.00       275
         label_insult       0.00      0.00      0.00      1594
        label_obscene       0.00      0.00      0.00      1682
label_severe_toxicity       0.00      0.00      0.00       328
         label_threat       0.00      0.00      0.00       105
       label_toxicity       0.00      0.00      0.00      3053

            micro avg       0.00      0.00      0.00      7037
            macro avg       0.00      0.00      0.00      7037
         weighted avg       0.00      0.00      0.00      7037
          samples avg       0.00      0.00      0.00      7037

{'eval_loss': 0.5889915823936462, 'eval_f1': 0.0, 'eval_f1_macro': 0.0, 'eval_precision': 0.0, 'eval_recall': 0.0, 'eval_roc_auc': 0.5, 'eval_accuracy': 0.8974150086166379, 'eval_hamming loss': 0.03674865528226017, 'eval_runtime': 658.0255, 'eval_samples_per_second': 48.501, 'eval_steps_per_second': 3.032, 'epoch': 0.31}
Job ID: 14734635
Cluster: puhti
User/Group: annieske/annieske
State: RUNNING
Cores: 1
CPU Utilized: 01:20:12
CPU Efficiency: 98.61% of 01:21:20 core-walltime
Job Wall-clock time: 01:21:20
Memory Utilized: 6.46 GB
Memory Efficiency: 82.72% of 7.81 GB
Job consumed 83.75 CSC billing units based on following used resources
Billed project: project_2000539
CPU BU: 1.36
Mem BU: 1.06
GPU BU: 81.33
GPU job efficiency:
------------------------------------------------------------------------
Host memory 
     Hostname    Mean (GiB)  stdDev (GiB)     Max (GiB) 
       r17g02         13.67          1.84         13.97 
------------------------------------------------------------------------
GPU load 
     Hostname        GPU Id      Mean (%)    stdDev (%)       Max (%) 
       r17g02             0 [32m         93.6 [0m        18.26           100 
------------------------------------------------------------------------
GPU memory 
     Hostname        GPU Id    Mean (GiB)  stdDev (GiB)     Max (GiB) 
       r17g02             0         16.66          2.66         17.16 
------------------------------------------------------------------------
WARNING: Efficiency statistics may be misleading for RUNNING jobs.
END 14734635: Thu Dec 22 17:39:51 EET 2022
