START 14735051: Thu Dec 22 17:05:10 EET 2022
Namespace(train=['data/train_en.jsonl'], test='data/test_en.jsonl', model='bert-large-cased', batch=4, epochs=10, learning=2e-05, threshold=None, loss=True, dev=True, clean_as_label=True, binary=False, save=None)
['data/train_en.jsonl']
text      object
labels    object
dtype: object
text      object
labels    object
dtype: object
tensor([16.2248,  2.8940,  2.6981, 14.2921, 47.6901,  1.4905,  0.1590],
       device='cuda:0')
DatasetDict({
    train: Dataset({
        features: ['text', 'labels'],
        num_rows: 127656
    })
    dev: Dataset({
        features: ['text', 'labels'],
        num_rows: 31915
    })
    test: Dataset({
        features: ['text', 'labels'],
        num_rows: 63978
    })
})
huggingface/tokenizers: The current process just got forked, after parallelism has already been used. Disabling parallelism to avoid deadlocks...
To disable this warning, you can either:
	- Avoid using `tokenizers` before the fork if possible
	- Explicitly set the environment variable TOKENIZERS_PARALLELISM=(true | false)
huggingface/tokenizers: The current process just got forked, after parallelism has already been used. Disabling parallelism to avoid deadlocks...
To disable this warning, you can either:
	- Avoid using `tokenizers` before the fork if possible
	- Explicitly set the environment variable TOKENIZERS_PARALLELISM=(true | false)
huggingface/tokenizers: The current process just got forked, after parallelism has already been used. Disabling parallelism to avoid deadlocks...
To disable this warning, you can either:
	- Avoid using `tokenizers` before the fork if possible
	- Explicitly set the environment variable TOKENIZERS_PARALLELISM=(true | false)
huggingface/tokenizers: The current process just got forked, after parallelism has already been used. Disabling parallelism to avoid deadlocks...
To disable this warning, you can either:
	- Avoid using `tokenizers` before the fork if possible
	- Explicitly set the environment variable TOKENIZERS_PARALLELISM=(true | false)
huggingface/tokenizers: The current process just got forked, after parallelism has already been used. Disabling parallelism to avoid deadlocks...
To disable this warning, you can either:
	- Avoid using `tokenizers` before the fork if possible
	- Explicitly set the environment variable TOKENIZERS_PARALLELISM=(true | false)
huggingface/tokenizers: The current process just got forked, after parallelism has already been used. Disabling parallelism to avoid deadlocks...
To disable this warning, you can either:
	- Avoid using `tokenizers` before the fork if possible
	- Explicitly set the environment variable TOKENIZERS_PARALLELISM=(true | false)
huggingface/tokenizers: The current process just got forked, after parallelism has already been used. Disabling parallelism to avoid deadlocks...
To disable this warning, you can either:
	- Avoid using `tokenizers` before the fork if possible
	- Explicitly set the environment variable TOKENIZERS_PARALLELISM=(true | false)
huggingface/tokenizers: The current process just got forked, after parallelism has already been used. Disabling parallelism to avoid deadlocks...
To disable this warning, you can either:
	- Avoid using `tokenizers` before the fork if possible
	- Explicitly set the environment variable TOKENIZERS_PARALLELISM=(true | false)
{'loss': 0.3001, 'learning_rate': 1.984332894654384e-05, 'epoch': 0.08}
Best threshold: 0.3
                       precision    recall  f1-score   support

label_identity_attack       0.23      0.03      0.05       291
         label_insult       0.58      0.80      0.67      1606
        label_obscene       0.73      0.85      0.78      1735
label_severe_toxicity       0.52      0.19      0.28       307
         label_threat       0.00      0.00      0.00        97
       label_toxicity       0.76      0.82      0.79      3037

            micro avg       0.70      0.75      0.72      7073
            macro avg       0.47      0.45      0.43      7073
         weighted avg       0.67      0.75      0.70      7073
          samples avg       0.07      0.07      0.07      7073

{'eval_loss': 0.2461826056241989, 'eval_f1': 0.7220712150040771, 'eval_f1_macro': 0.42880702505687635, 'eval_precision': 0.6951458851236425, 'eval_recall': 0.7511664074650077, 'eval_roc_auc': 0.8692659987025988, 'eval_accuracy': 0.9104496318345605, 'eval_hamming loss': 0.021358817692829914, 'eval_runtime': 682.5696, 'eval_samples_per_second': 46.757, 'eval_steps_per_second': 2.923, 'epoch': 0.08}
{'loss': 0.3051, 'learning_rate': 1.9686657893087675e-05, 'epoch': 0.16}
Best threshold: 0.3
                       precision    recall  f1-score   support

label_identity_attack       0.20      0.30      0.24       291
         label_insult       0.71      0.65      0.68      1606
        label_obscene       0.90      0.62      0.74      1735
label_severe_toxicity       0.41      0.43      0.42       307
         label_threat       0.86      0.06      0.12        97
       label_toxicity       0.80      0.76      0.78      3037

            micro avg       0.74      0.66      0.70      7073
            macro avg       0.65      0.47      0.49      7073
         weighted avg       0.76      0.66      0.70      7073
          samples avg       0.06      0.06      0.06      7073

{'eval_loss': 0.25458064675331116, 'eval_f1': 0.6951456310679612, 'eval_f1_macro': 0.494867413471985, 'eval_precision': 0.7367421244261516, 'eval_recall': 0.6579951929874169, 'eval_roc_auc': 0.8244887930753684, 'eval_accuracy': 0.9086009713300955, 'eval_hamming loss': 0.02131704005431093, 'eval_runtime': 680.7478, 'eval_samples_per_second': 46.882, 'eval_steps_per_second': 2.931, 'epoch': 0.16}
{'loss': 0.3126, 'learning_rate': 1.9529986839631512e-05, 'epoch': 0.24}
Best threshold: 0.35
                       precision    recall  f1-score   support

label_identity_attack       0.00      0.00      0.00       291
         label_insult       0.61      0.81      0.70      1606
        label_obscene       0.69      0.84      0.76      1735
label_severe_toxicity       0.38      0.03      0.05       307
         label_threat       0.00      0.00      0.00        97
       label_toxicity       0.91      0.63      0.75      3037

            micro avg       0.74      0.66      0.70      7073
            macro avg       0.43      0.38      0.38      7073
         weighted avg       0.72      0.66      0.67      7073
          samples avg       0.05      0.06      0.05      7073

{'eval_loss': 0.3000566363334656, 'eval_f1': 0.6978926204482836, 'eval_f1_macro': 0.3751940600265356, 'eval_precision': 0.7372561359345501, 'eval_recall': 0.6625194401244168, 'eval_roc_auc': 0.8267319379163107, 'eval_accuracy': 0.9170296099013003, 'eval_hamming loss': 0.02118648493393911, 'eval_runtime': 678.109, 'eval_samples_per_second': 47.065, 'eval_steps_per_second': 2.942, 'epoch': 0.24}
{'loss': 0.3628, 'learning_rate': 1.937331578617535e-05, 'epoch': 0.31}
Best threshold: 0.3
                       precision    recall  f1-score   support

label_identity_attack       0.00      0.00      0.00       291
         label_insult       0.83      0.07      0.13      1606
        label_obscene       0.98      0.07      0.14      1735
label_severe_toxicity       0.31      0.02      0.03       307
         label_threat       0.00      0.00      0.00        97
       label_toxicity       1.00      0.04      0.08      3037

            micro avg       0.91      0.05      0.10      7073
            macro avg       0.52      0.03      0.06      7073
         weighted avg       0.87      0.05      0.10      7073
          samples avg       0.00      0.00      0.00      7073

{'eval_loss': 0.5781140923500061, 'eval_f1': 0.10122863247863247, 'eval_f1_macro': 0.06361954903626146, 'eval_precision': 0.9132530120481928, 'eval_recall': 0.053584052028842075, 'eval_roc_auc': 0.5266944211298388, 'eval_accuracy': 0.8999216669277769, 'eval_hamming loss': 0.03514543840409421, 'eval_runtime': 675.5504, 'eval_samples_per_second': 47.243, 'eval_steps_per_second': 2.953, 'epoch': 0.31}
{'train_runtime': 4844.6777, 'train_samples_per_second': 263.497, 'train_steps_per_second': 65.874, 'train_loss': 0.320161572265625, 'epoch': 0.31}
Job ID: 14735051
Cluster: puhti
User/Group: annieske/annieske
State: RUNNING
Cores: 1
CPU Utilized: 01:21:28
CPU Efficiency: 98.51% of 01:22:42 core-walltime
Job Wall-clock time: 01:22:42
Memory Utilized: 5.60 GB
Memory Efficiency: 71.73% of 7.81 GB
Job consumed 85.16 CSC billing units based on following used resources
Billed project: project_2000539
CPU BU: 1.38
Mem BU: 1.08
GPU BU: 82.70
GPU job efficiency:
------------------------------------------------------------------------
Host memory 
     Hostname    Mean (GiB)  stdDev (GiB)     Max (GiB) 
       r17g04          13.7          1.66          14.3 
------------------------------------------------------------------------
GPU load 
     Hostname        GPU Id      Mean (%)    stdDev (%)       Max (%) 
       r17g04             3 [32m         94.1 [0m        17.35           100 
------------------------------------------------------------------------
GPU memory 
     Hostname        GPU Id    Mean (GiB)  stdDev (GiB)     Max (GiB) 
       r17g04             3         15.32          2.23         15.76 
------------------------------------------------------------------------
WARNING: Efficiency statistics may be misleading for RUNNING jobs.
END 14735051: Thu Dec 22 18:27:51 EET 2022
