START 14735118: Thu Dec 22 17:06:21 EET 2022
Namespace(train=['data/train_en_backtr_deepl.jsonl'], test='data/test_en_backtr_deepl.jsonl', model='bert-large-cased', batch=4, epochs=10, learning=2e-05, threshold=None, loss=True, dev=True, clean_as_label=True, binary=False, save=None)
['data/train_en_backtr_deepl.jsonl']
text      object
labels    object
dtype: object
text      object
labels    object
dtype: object
tensor([16.2248,  2.8940,  2.6981, 14.2921, 47.6901,  1.4905,  0.1590],
       device='cuda:0')
DatasetDict({
    train: Dataset({
        features: ['text', 'labels'],
        num_rows: 127656
    })
    dev: Dataset({
        features: ['text', 'labels'],
        num_rows: 31915
    })
    test: Dataset({
        features: ['text', 'labels'],
        num_rows: 63978
    })
})
huggingface/tokenizers: The current process just got forked, after parallelism has already been used. Disabling parallelism to avoid deadlocks...
To disable this warning, you can either:
	- Avoid using `tokenizers` before the fork if possible
	- Explicitly set the environment variable TOKENIZERS_PARALLELISM=(true | false)
huggingface/tokenizers: The current process just got forked, after parallelism has already been used. Disabling parallelism to avoid deadlocks...
To disable this warning, you can either:
	- Avoid using `tokenizers` before the fork if possible
	- Explicitly set the environment variable TOKENIZERS_PARALLELISM=(true | false)
huggingface/tokenizers: The current process just got forked, after parallelism has already been used. Disabling parallelism to avoid deadlocks...
To disable this warning, you can either:
	- Avoid using `tokenizers` before the fork if possible
	- Explicitly set the environment variable TOKENIZERS_PARALLELISM=(true | false)
huggingface/tokenizers: The current process just got forked, after parallelism has already been used. Disabling parallelism to avoid deadlocks...
To disable this warning, you can either:
	- Avoid using `tokenizers` before the fork if possible
	- Explicitly set the environment variable TOKENIZERS_PARALLELISM=(true | false)
huggingface/tokenizers: The current process just got forked, after parallelism has already been used. Disabling parallelism to avoid deadlocks...
To disable this warning, you can either:
	- Avoid using `tokenizers` before the fork if possible
	- Explicitly set the environment variable TOKENIZERS_PARALLELISM=(true | false)
huggingface/tokenizers: The current process just got forked, after parallelism has already been used. Disabling parallelism to avoid deadlocks...
To disable this warning, you can either:
	- Avoid using `tokenizers` before the fork if possible
	- Explicitly set the environment variable TOKENIZERS_PARALLELISM=(true | false)
huggingface/tokenizers: The current process just got forked, after parallelism has already been used. Disabling parallelism to avoid deadlocks...
To disable this warning, you can either:
	- Avoid using `tokenizers` before the fork if possible
	- Explicitly set the environment variable TOKENIZERS_PARALLELISM=(true | false)
huggingface/tokenizers: The current process just got forked, after parallelism has already been used. Disabling parallelism to avoid deadlocks...
To disable this warning, you can either:
	- Avoid using `tokenizers` before the fork if possible
	- Explicitly set the environment variable TOKENIZERS_PARALLELISM=(true | false)
{'loss': 0.3244, 'learning_rate': 1.984332894654384e-05, 'epoch': 0.08}
Best threshold: 0.5499999999999999
                       precision    recall  f1-score   support

label_identity_attack       0.17      0.08      0.10       289
         label_insult       0.46      0.91      0.61      1637
        label_obscene       0.62      0.85      0.72      1717
label_severe_toxicity       0.28      0.76      0.41       317
         label_threat       0.00      0.00      0.00        96
       label_toxicity       0.61      0.86      0.72      3192

            micro avg       0.54      0.82      0.65      7248
            macro avg       0.36      0.58      0.43      7248
         weighted avg       0.54      0.82      0.65      7248
          samples avg       0.07      0.08      0.07      7248

{'eval_loss': 0.2174595296382904, 'eval_f1': 0.6503462188539338, 'eval_f1_macro': 0.4259805990635704, 'eval_precision': 0.537636347246011, 'eval_recall': 0.8228476821192053, 'eval_roc_auc': 0.8975046478246183, 'eval_accuracy': 0.8693091023029923, 'eval_hamming loss': 0.03348999947777952, 'eval_runtime': 667.5309, 'eval_samples_per_second': 47.811, 'eval_steps_per_second': 2.989, 'epoch': 0.08}
{'loss': 0.2597, 'learning_rate': 1.9686657893087675e-05, 'epoch': 0.16}
Best threshold: 0.44999999999999996
                       precision    recall  f1-score   support

label_identity_attack       0.00      0.00      0.00       289
         label_insult       0.61      0.78      0.69      1637
        label_obscene       0.67      0.81      0.73      1717
label_severe_toxicity       0.00      0.00      0.00       317
         label_threat       0.00      0.00      0.00        96
       label_toxicity       0.85      0.65      0.74      3192

            micro avg       0.72      0.66      0.69      7248
            macro avg       0.36      0.37      0.36      7248
         weighted avg       0.67      0.66      0.65      7248
          samples avg       0.05      0.06      0.05      7248

{'eval_loss': 0.3003484010696411, 'eval_f1': 0.6858585858585858, 'eval_f1_macro': 0.35985737381482535, 'eval_precision': 0.7188445251058682, 'eval_recall': 0.6557671081677704, 'eval_roc_auc': 0.8228385589144884, 'eval_accuracy': 0.9111076296412345, 'eval_hamming loss': 0.022737479763956344, 'eval_runtime': 666.9684, 'eval_samples_per_second': 47.851, 'eval_steps_per_second': 2.991, 'epoch': 0.16}
{'loss': 0.2866, 'learning_rate': 1.9529986839631512e-05, 'epoch': 0.24}
Best threshold: 0.3
                       precision    recall  f1-score   support

label_identity_attack       0.00      0.00      0.00       289
         label_insult       0.74      0.14      0.24      1637
        label_obscene       0.90      0.17      0.29      1717
label_severe_toxicity       0.35      0.32      0.34       317
         label_threat       0.00      0.00      0.00        96
       label_toxicity       0.85      0.57      0.68      3192

            micro avg       0.79      0.34      0.47      7248
            macro avg       0.47      0.20      0.26      7248
         weighted avg       0.77      0.34      0.44      7248
          samples avg       0.05      0.03      0.04      7248

{'eval_loss': 0.3732537031173706, 'eval_f1': 0.47394925430950996, 'eval_f1_macro': 0.2568421805415355, 'eval_precision': 0.794996751137102, 'eval_recall': 0.3376103752759382, 'eval_roc_auc': 0.6670927659317348, 'eval_accuracy': 0.8982296725677581, 'eval_hamming loss': 0.028367016554389262, 'eval_runtime': 663.8703, 'eval_samples_per_second': 48.074, 'eval_steps_per_second': 3.005, 'epoch': 0.24}
{'loss': 0.3524, 'learning_rate': 1.937331578617535e-05, 'epoch': 0.31}
Best threshold: 0.3
                       precision    recall  f1-score   support

label_identity_attack       0.00      0.00      0.00       289
         label_insult       0.00      0.00      0.00      1637
        label_obscene       0.00      0.00      0.00      1717
label_severe_toxicity       0.00      0.00      0.00       317
         label_threat       0.00      0.00      0.00        96
       label_toxicity       1.00      0.00      0.00      3192

            micro avg       1.00      0.00      0.00      7248
            macro avg       0.17      0.00      0.00      7248
         weighted avg       0.44      0.00      0.00      7248
          samples avg       0.00      0.00      0.00      7248

{'eval_loss': 0.5615643858909607, 'eval_f1': 0.0008274720728175425, 'eval_f1_macro': 0.00031298904538341156, 'eval_precision': 1.0, 'eval_recall': 0.0004139072847682119, 'eval_roc_auc': 0.5002069536423841, 'eval_accuracy': 0.8945323515588282, 'eval_hamming loss': 0.03783487388375372, 'eval_runtime': 657.1501, 'eval_samples_per_second': 48.566, 'eval_steps_per_second': 3.036, 'epoch': 0.31}
{'loss': 0.557, 'learning_rate': 1.9216644732719185e-05, 'epoch': 0.39}
Best threshold: 0.3
                       precision    recall  f1-score   support

label_identity_attack       0.00      0.00      0.00       289
         label_insult       0.00      0.00      0.00      1637
        label_obscene       0.00      0.00      0.00      1717
label_severe_toxicity       0.00      0.00      0.00       317
         label_threat       0.00      0.00      0.00        96
       label_toxicity       0.00      0.00      0.00      3192

            micro avg       0.00      0.00      0.00      7248
            macro avg       0.00      0.00      0.00      7248
         weighted avg       0.00      0.00      0.00      7248
          samples avg       0.00      0.00      0.00      7248

{'eval_loss': 0.5698094367980957, 'eval_f1': 0.0, 'eval_f1_macro': 0.0, 'eval_precision': 0.0, 'eval_recall': 0.0, 'eval_roc_auc': 0.5, 'eval_accuracy': 0.8945323515588282, 'eval_hamming loss': 0.03785054049819834, 'eval_runtime': 656.9017, 'eval_samples_per_second': 48.584, 'eval_steps_per_second': 3.037, 'epoch': 0.39}
{'train_runtime': 5921.5219, 'train_samples_per_second': 215.58, 'train_steps_per_second': 53.895, 'train_loss': 0.3560219482421875, 'epoch': 0.39}
Job ID: 14735118
Cluster: puhti
User/Group: annieske/annieske
State: RUNNING
Cores: 1
CPU Utilized: 00:00:00
CPU Efficiency: 0.00% of 01:40:55 core-walltime
Job Wall-clock time: 01:40:55
Memory Utilized: 0.00 MB (estimated maximum)
Memory Efficiency: 0.00% of 7.81 GB (7.81 GB/core)
Job consumed 103.91 CSC billing units based on following used resources
Billed project: project_2000539
CPU BU: 1.68
Mem BU: 1.31
GPU BU: 100.92
GPU job efficiency:
------------------------------------------------------------------------
Host memory 
     Hostname    Mean (GiB)  stdDev (GiB)     Max (GiB) 
       r15g07         13.58          1.61         13.82 
------------------------------------------------------------------------
GPU load 
     Hostname        GPU Id      Mean (%)    stdDev (%)       Max (%) 
       r15g07             2 [32m        93.65 [0m        17.04           100 
------------------------------------------------------------------------
GPU memory 
     Hostname        GPU Id    Mean (GiB)  stdDev (GiB)     Max (GiB) 
       r15g07             2         18.08           2.6         18.53 
------------------------------------------------------------------------
WARNING: Efficiency statistics may be misleading for RUNNING jobs.
END 14735118: Thu Dec 22 18:47:15 EET 2022
