START 14735301: Thu Dec 22 17:08:01 EET 2022
Namespace(train=['data/train_en.jsonl'], test='data/test_fi_deepl.jsonl', model='xlm-roberta-large', batch=8, epochs=10, learning=2e-05, threshold=None, loss=True, dev=True, clean_as_label=True, binary=False, save=None)
['data/train_en.jsonl']
text      object
labels    object
dtype: object
text      object
labels    object
dtype: object
tensor([16.2248,  2.8940,  2.6981, 14.2921, 47.6901,  1.4905,  0.1590],
       device='cuda:0')
DatasetDict({
    train: Dataset({
        features: ['text', 'labels'],
        num_rows: 127656
    })
    dev: Dataset({
        features: ['text', 'labels'],
        num_rows: 31915
    })
    test: Dataset({
        features: ['text', 'labels'],
        num_rows: 63978
    })
})
huggingface/tokenizers: The current process just got forked, after parallelism has already been used. Disabling parallelism to avoid deadlocks...
To disable this warning, you can either:
	- Avoid using `tokenizers` before the fork if possible
	- Explicitly set the environment variable TOKENIZERS_PARALLELISM=(true | false)
huggingface/tokenizers: The current process just got forked, after parallelism has already been used. Disabling parallelism to avoid deadlocks...
To disable this warning, you can either:
	- Avoid using `tokenizers` before the fork if possible
	- Explicitly set the environment variable TOKENIZERS_PARALLELISM=(true | false)
huggingface/tokenizers: The current process just got forked, after parallelism has already been used. Disabling parallelism to avoid deadlocks...
To disable this warning, you can either:
	- Avoid using `tokenizers` before the fork if possible
	- Explicitly set the environment variable TOKENIZERS_PARALLELISM=(true | false)
huggingface/tokenizers: The current process just got forked, after parallelism has already been used. Disabling parallelism to avoid deadlocks...
To disable this warning, you can either:
	- Avoid using `tokenizers` before the fork if possible
	- Explicitly set the environment variable TOKENIZERS_PARALLELISM=(true | false)
huggingface/tokenizers: The current process just got forked, after parallelism has already been used. Disabling parallelism to avoid deadlocks...
To disable this warning, you can either:
	- Avoid using `tokenizers` before the fork if possible
	- Explicitly set the environment variable TOKENIZERS_PARALLELISM=(true | false)
huggingface/tokenizers: The current process just got forked, after parallelism has already been used. Disabling parallelism to avoid deadlocks...
To disable this warning, you can either:
	- Avoid using `tokenizers` before the fork if possible
	- Explicitly set the environment variable TOKENIZERS_PARALLELISM=(true | false)
huggingface/tokenizers: The current process just got forked, after parallelism has already been used. Disabling parallelism to avoid deadlocks...
To disable this warning, you can either:
	- Avoid using `tokenizers` before the fork if possible
	- Explicitly set the environment variable TOKENIZERS_PARALLELISM=(true | false)
huggingface/tokenizers: The current process just got forked, after parallelism has already been used. Disabling parallelism to avoid deadlocks...
To disable this warning, you can either:
	- Avoid using `tokenizers` before the fork if possible
	- Explicitly set the environment variable TOKENIZERS_PARALLELISM=(true | false)
{'loss': 0.2849, 'learning_rate': 1.9686657893087675e-05, 'epoch': 0.16}
Best threshold: 0.3
                       precision    recall  f1-score   support

label_identity_attack       0.00      0.00      0.00       286
         label_insult       0.00      0.00      0.00      1572
        label_obscene       0.00      0.00      0.00      1662
label_severe_toxicity       0.00      0.00      0.00       298
         label_threat       0.00      0.00      0.00       108
       label_toxicity       0.00      0.00      0.00      2995

            micro avg       0.00      0.00      0.00      6921
            macro avg       0.00      0.00      0.00      6921
         weighted avg       0.00      0.00      0.00      6921
          samples avg       0.00      0.00      0.00      6921

{'eval_loss': 0.5511517524719238, 'eval_f1': 0.0, 'eval_f1_macro': 0.0, 'eval_precision': 0.0, 'eval_recall': 0.0, 'eval_roc_auc': 0.5, 'eval_accuracy': 0.8998590004699984, 'eval_hamming loss': 0.03614287952373492, 'eval_runtime': 661.579, 'eval_samples_per_second': 48.241, 'eval_steps_per_second': 3.016, 'epoch': 0.16}
{'loss': 0.4941, 'learning_rate': 1.937331578617535e-05, 'epoch': 0.31}
Best threshold: 0.3
                       precision    recall  f1-score   support

label_identity_attack       0.00      0.00      0.00       286
         label_insult       0.00      0.00      0.00      1572
        label_obscene       0.00      0.00      0.00      1662
label_severe_toxicity       0.00      0.00      0.00       298
         label_threat       0.00      0.00      0.00       108
       label_toxicity       0.00      0.00      0.00      2995

            micro avg       0.00      0.00      0.00      6921
            macro avg       0.00      0.00      0.00      6921
         weighted avg       0.00      0.00      0.00      6921
          samples avg       0.00      0.00      0.00      6921

{'eval_loss': 0.4683774709701538, 'eval_f1': 0.0, 'eval_f1_macro': 0.0, 'eval_precision': 0.0, 'eval_recall': 0.0, 'eval_roc_auc': 0.5, 'eval_accuracy': 0.8998590004699984, 'eval_hamming loss': 0.03614287952373492, 'eval_runtime': 661.6814, 'eval_samples_per_second': 48.233, 'eval_steps_per_second': 3.015, 'epoch': 0.31}
{'loss': 0.4864, 'learning_rate': 1.9059973679263022e-05, 'epoch': 0.47}
Best threshold: 0.3
                       precision    recall  f1-score   support

label_identity_attack       0.00      0.00      0.00       286
         label_insult       0.00      0.00      0.00      1572
        label_obscene       0.00      0.00      0.00      1662
label_severe_toxicity       0.00      0.00      0.00       298
         label_threat       0.00      0.00      0.00       108
       label_toxicity       0.00      0.00      0.00      2995

            micro avg       0.00      0.00      0.00      6921
            macro avg       0.00      0.00      0.00      6921
         weighted avg       0.00      0.00      0.00      6921
          samples avg       0.00      0.00      0.00      6921

{'eval_loss': 0.4734518527984619, 'eval_f1': 0.0, 'eval_f1_macro': 0.0, 'eval_precision': 0.0, 'eval_recall': 0.0, 'eval_roc_auc': 0.5, 'eval_accuracy': 0.8998590004699984, 'eval_hamming loss': 0.03614287952373492, 'eval_runtime': 661.6683, 'eval_samples_per_second': 48.234, 'eval_steps_per_second': 3.015, 'epoch': 0.47}
{'loss': 0.4709, 'learning_rate': 1.8746631572350692e-05, 'epoch': 0.63}
Best threshold: 0.3
                       precision    recall  f1-score   support

label_identity_attack       0.00      0.00      0.00       286
         label_insult       0.00      0.00      0.00      1572
        label_obscene       0.00      0.00      0.00      1662
label_severe_toxicity       0.00      0.00      0.00       298
         label_threat       0.00      0.00      0.00       108
       label_toxicity       0.00      0.00      0.00      2995

            micro avg       0.00      0.00      0.00      6921
            macro avg       0.00      0.00      0.00      6921
         weighted avg       0.00      0.00      0.00      6921
          samples avg       0.00      0.00      0.00      6921

{'eval_loss': 0.4718356430530548, 'eval_f1': 0.0, 'eval_f1_macro': 0.0, 'eval_precision': 0.0, 'eval_recall': 0.0, 'eval_roc_auc': 0.5, 'eval_accuracy': 0.8998590004699984, 'eval_hamming loss': 0.03614287952373492, 'eval_runtime': 661.6237, 'eval_samples_per_second': 48.237, 'eval_steps_per_second': 3.015, 'epoch': 0.63}
{'train_runtime': 7444.3614, 'train_samples_per_second': 171.48, 'train_steps_per_second': 21.435, 'train_loss': 0.4340724365234375, 'epoch': 0.63}
Job ID: 14735301
Cluster: puhti
User/Group: annieske/annieske
State: RUNNING
Cores: 1
CPU Utilized: 00:00:00
CPU Efficiency: 0.00% of 02:06:37 core-walltime
Job Wall-clock time: 02:06:37
Memory Utilized: 0.00 MB (estimated maximum)
Memory Efficiency: 0.00% of 7.81 GB (7.81 GB/core)
Job consumed 130.38 CSC billing units based on following used resources
Billed project: project_2000539
CPU BU: 2.11
Mem BU: 1.65
GPU BU: 126.62
GPU job efficiency:
------------------------------------------------------------------------
Host memory 
     Hostname    Mean (GiB)  stdDev (GiB)     Max (GiB) 
       r15g04         14.28          1.58         14.51 
------------------------------------------------------------------------
GPU load 
     Hostname        GPU Id      Mean (%)    stdDev (%)       Max (%) 
       r15g04             1 [32m        95.87 [0m        15.75           100 
------------------------------------------------------------------------
GPU memory 
     Hostname        GPU Id    Mean (GiB)  stdDev (GiB)     Max (GiB) 
       r15g04             1         25.56          3.52         26.06 
------------------------------------------------------------------------
WARNING: Efficiency statistics may be misleading for RUNNING jobs.
END 14735301: Thu Dec 22 19:14:37 EET 2022
