START 14899626: pe 13.1.2023 11.00.28 +0200
Namespace(train=['data/train_fi_deepl.jsonl'], test='data/test_fi_deepl.jsonl', model='xlm-roberta-large', batch=8, epochs=10, learning=5e-05, threshold=None, loss=True, dev=True, clean_as_label=True, binary=False, save=None)
['data/train_fi_deepl.jsonl']
text      object
labels    object
dtype: object
text      object
labels    object
dtype: object
tensor([16.2248,  2.8940,  2.6981, 14.2921, 47.6901,  1.4905,  0.1590],
       device='cuda:0')
DatasetDict({
    train: Dataset({
        features: ['text', 'labels'],
        num_rows: 127656
    })
    dev: Dataset({
        features: ['text', 'labels'],
        num_rows: 31915
    })
    test: Dataset({
        features: ['text', 'labels'],
        num_rows: 63978
    })
})
huggingface/tokenizers: The current process just got forked, after parallelism has already been used. Disabling parallelism to avoid deadlocks...
To disable this warning, you can either:
	- Avoid using `tokenizers` before the fork if possible
	- Explicitly set the environment variable TOKENIZERS_PARALLELISM=(true | false)
huggingface/tokenizers: The current process just got forked, after parallelism has already been used. Disabling parallelism to avoid deadlocks...
To disable this warning, you can either:
	- Avoid using `tokenizers` before the fork if possible
	- Explicitly set the environment variable TOKENIZERS_PARALLELISM=(true | false)
huggingface/tokenizers: The current process just got forked, after parallelism has already been used. Disabling parallelism to avoid deadlocks...
To disable this warning, you can either:
	- Avoid using `tokenizers` before the fork if possible
	- Explicitly set the environment variable TOKENIZERS_PARALLELISM=(true | false)
huggingface/tokenizers: The current process just got forked, after parallelism has already been used. Disabling parallelism to avoid deadlocks...
To disable this warning, you can either:
	- Avoid using `tokenizers` before the fork if possible
	- Explicitly set the environment variable TOKENIZERS_PARALLELISM=(true | false)
huggingface/tokenizers: The current process just got forked, after parallelism has already been used. Disabling parallelism to avoid deadlocks...
To disable this warning, you can either:
	- Avoid using `tokenizers` before the fork if possible
	- Explicitly set the environment variable TOKENIZERS_PARALLELISM=(true | false)
huggingface/tokenizers: The current process just got forked, after parallelism has already been used. Disabling parallelism to avoid deadlocks...
To disable this warning, you can either:
	- Avoid using `tokenizers` before the fork if possible
	- Explicitly set the environment variable TOKENIZERS_PARALLELISM=(true | false)
huggingface/tokenizers: The current process just got forked, after parallelism has already been used. Disabling parallelism to avoid deadlocks...
To disable this warning, you can either:
	- Avoid using `tokenizers` before the fork if possible
	- Explicitly set the environment variable TOKENIZERS_PARALLELISM=(true | false)
huggingface/tokenizers: The current process just got forked, after parallelism has already been used. Disabling parallelism to avoid deadlocks...
To disable this warning, you can either:
	- Avoid using `tokenizers` before the fork if possible
	- Explicitly set the environment variable TOKENIZERS_PARALLELISM=(true | false)
{'loss': 0.4992, 'learning_rate': 4.921664473271919e-05, 'epoch': 0.16}
Best threshold: 0.3
                       precision    recall  f1-score   support

label_identity_attack       0.00      0.00      0.00       257
         label_insult       0.00      0.00      0.00      1522
        label_obscene       0.00      0.00      0.00      1693
label_severe_toxicity       0.00      0.00      0.00       313
         label_threat       0.00      0.00      0.00        93
       label_toxicity       0.00      0.00      0.00      3056

            micro avg       0.00      0.00      0.00      6934
            macro avg       0.00      0.00      0.00      6934
         weighted avg       0.00      0.00      0.00      6934
          samples avg       0.00      0.00      0.00      6934

{'eval_loss': 0.478437602519989, 'eval_f1': 0.0, 'eval_f1_macro': 0.0, 'eval_precision': 0.0, 'eval_recall': 0.0, 'eval_roc_auc': 0.5, 'eval_accuracy': 0.8988250039166537, 'eval_hamming loss': 0.03621076818632827, 'eval_runtime': 697.5968, 'eval_samples_per_second': 45.75, 'eval_steps_per_second': 2.86, 'epoch': 0.16}
{'loss': 0.5123, 'learning_rate': 4.843328946543837e-05, 'epoch': 0.31}
Best threshold: 0.3
                       precision    recall  f1-score   support

label_identity_attack       0.00      0.00      0.00       257
         label_insult       0.00      0.00      0.00      1522
        label_obscene       0.00      0.00      0.00      1693
label_severe_toxicity       0.00      0.00      0.00       313
         label_threat       0.00      0.00      0.00        93
       label_toxicity       0.00      0.00      0.00      3056

            micro avg       0.00      0.00      0.00      6934
            macro avg       0.00      0.00      0.00      6934
         weighted avg       0.00      0.00      0.00      6934
          samples avg       0.00      0.00      0.00      6934

{'eval_loss': 0.45589926838874817, 'eval_f1': 0.0, 'eval_f1_macro': 0.0, 'eval_precision': 0.0, 'eval_recall': 0.0, 'eval_roc_auc': 0.5, 'eval_accuracy': 0.8988250039166537, 'eval_hamming loss': 0.03621076818632827, 'eval_runtime': 697.9583, 'eval_samples_per_second': 45.726, 'eval_steps_per_second': 2.858, 'epoch': 0.31}
{'loss': 0.4869, 'learning_rate': 4.7649934198157556e-05, 'epoch': 0.47}
Best threshold: 0.3
                       precision    recall  f1-score   support

label_identity_attack       0.00      0.00      0.00       257
         label_insult       0.00      0.00      0.00      1522
        label_obscene       0.00      0.00      0.00      1693
label_severe_toxicity       0.00      0.00      0.00       313
         label_threat       0.00      0.00      0.00        93
       label_toxicity       0.00      0.00      0.00      3056

            micro avg       0.00      0.00      0.00      6934
            macro avg       0.00      0.00      0.00      6934
         weighted avg       0.00      0.00      0.00      6934
          samples avg       0.00      0.00      0.00      6934

{'eval_loss': 0.4611932337284088, 'eval_f1': 0.0, 'eval_f1_macro': 0.0, 'eval_precision': 0.0, 'eval_recall': 0.0, 'eval_roc_auc': 0.5, 'eval_accuracy': 0.8988250039166537, 'eval_hamming loss': 0.03621076818632827, 'eval_runtime': 697.3499, 'eval_samples_per_second': 45.766, 'eval_steps_per_second': 2.861, 'epoch': 0.47}
{'loss': 0.5034, 'learning_rate': 4.686657893087673e-05, 'epoch': 0.63}
Best threshold: 0.3
                       precision    recall  f1-score   support

label_identity_attack       0.00      0.00      0.00       257
         label_insult       0.00      0.00      0.00      1522
        label_obscene       0.00      0.00      0.00      1693
label_severe_toxicity       0.00      0.00      0.00       313
         label_threat       0.00      0.00      0.00        93
       label_toxicity       0.00      0.00      0.00      3056

            micro avg       0.00      0.00      0.00      6934
            macro avg       0.00      0.00      0.00      6934
         weighted avg       0.00      0.00      0.00      6934
          samples avg       0.00      0.00      0.00      6934

{'eval_loss': 0.5006371736526489, 'eval_f1': 0.0, 'eval_f1_macro': 0.0, 'eval_precision': 0.0, 'eval_recall': 0.0, 'eval_roc_auc': 0.5, 'eval_accuracy': 0.8988250039166537, 'eval_hamming loss': 0.03621076818632827, 'eval_runtime': 698.8766, 'eval_samples_per_second': 45.666, 'eval_steps_per_second': 2.855, 'epoch': 0.63}
{'train_runtime': 7878.4569, 'train_samples_per_second': 162.032, 'train_steps_per_second': 20.254, 'train_loss': 0.5004584228515625, 'epoch': 0.63}
Job ID: 14899626
Cluster: puhti
User/Group: annieske/annieske
State: RUNNING
Cores: 1
CPU Utilized: 02:11:31
CPU Efficiency: 98.17% of 02:13:58 core-walltime
Job Wall-clock time: 02:13:58
Memory Utilized: 7.34 GB
Memory Efficiency: 93.89% of 7.81 GB
Job consumed 137.94 CSC billing units based on following used resources
Billed project: project_2000539
CPU BU: 2.23
Mem BU: 1.74
GPU BU: 133.97
GPU job efficiency:
------------------------------------------------------------------------
Host memory 
     Hostname    Mean (GiB)  stdDev (GiB)     Max (GiB) 
       r03g04         14.31          1.64         14.55 
------------------------------------------------------------------------
GPU load 
     Hostname        GPU Id      Mean (%)    stdDev (%)       Max (%) 
       r03g04             1 [32m        95.29 [0m        17.46           100 
------------------------------------------------------------------------
GPU memory 
     Hostname        GPU Id    Mean (GiB)  stdDev (GiB)     Max (GiB) 
       r03g04             1         25.22          3.76         25.84 
------------------------------------------------------------------------
WARNING: Efficiency statistics may be misleading for RUNNING jobs.
END 14899626: pe 13.1.2023 13.14.25 +0200
