START 14899624: pe 13.1.2023 11.00.28 +0200
Namespace(train=['data/train_fi_deepl.jsonl'], test='data/test_fi_deepl.jsonl', model='xlm-roberta-large', batch=4, epochs=10, learning=2e-05, threshold=None, loss=True, dev=True, clean_as_label=True, binary=False, save=None)
['data/train_fi_deepl.jsonl']
text      object
labels    object
dtype: object
text      object
labels    object
dtype: object
tensor([16.2248,  2.8940,  2.6981, 14.2921, 47.6901,  1.4905,  0.1590],
       device='cuda:0')
DatasetDict({
    train: Dataset({
        features: ['text', 'labels'],
        num_rows: 127656
    })
    dev: Dataset({
        features: ['text', 'labels'],
        num_rows: 31915
    })
    test: Dataset({
        features: ['text', 'labels'],
        num_rows: 63978
    })
})
huggingface/tokenizers: The current process just got forked, after parallelism has already been used. Disabling parallelism to avoid deadlocks...
To disable this warning, you can either:
	- Avoid using `tokenizers` before the fork if possible
	- Explicitly set the environment variable TOKENIZERS_PARALLELISM=(true | false)
huggingface/tokenizers: The current process just got forked, after parallelism has already been used. Disabling parallelism to avoid deadlocks...
To disable this warning, you can either:
	- Avoid using `tokenizers` before the fork if possible
	- Explicitly set the environment variable TOKENIZERS_PARALLELISM=(true | false)
huggingface/tokenizers: The current process just got forked, after parallelism has already been used. Disabling parallelism to avoid deadlocks...
To disable this warning, you can either:
	- Avoid using `tokenizers` before the fork if possible
	- Explicitly set the environment variable TOKENIZERS_PARALLELISM=(true | false)
huggingface/tokenizers: The current process just got forked, after parallelism has already been used. Disabling parallelism to avoid deadlocks...
To disable this warning, you can either:
	- Avoid using `tokenizers` before the fork if possible
	- Explicitly set the environment variable TOKENIZERS_PARALLELISM=(true | false)
huggingface/tokenizers: The current process just got forked, after parallelism has already been used. Disabling parallelism to avoid deadlocks...
To disable this warning, you can either:
	- Avoid using `tokenizers` before the fork if possible
	- Explicitly set the environment variable TOKENIZERS_PARALLELISM=(true | false)
huggingface/tokenizers: The current process just got forked, after parallelism has already been used. Disabling parallelism to avoid deadlocks...
To disable this warning, you can either:
	- Avoid using `tokenizers` before the fork if possible
	- Explicitly set the environment variable TOKENIZERS_PARALLELISM=(true | false)
huggingface/tokenizers: The current process just got forked, after parallelism has already been used. Disabling parallelism to avoid deadlocks...
To disable this warning, you can either:
	- Avoid using `tokenizers` before the fork if possible
	- Explicitly set the environment variable TOKENIZERS_PARALLELISM=(true | false)
huggingface/tokenizers: The current process just got forked, after parallelism has already been used. Disabling parallelism to avoid deadlocks...
To disable this warning, you can either:
	- Avoid using `tokenizers` before the fork if possible
	- Explicitly set the environment variable TOKENIZERS_PARALLELISM=(true | false)
{'loss': 0.5757, 'learning_rate': 1.984332894654384e-05, 'epoch': 0.08}
Best threshold: 0.3
                       precision    recall  f1-score   support

label_identity_attack       0.00      0.00      0.00       265
         label_insult       0.00      0.00      0.00      1504
        label_obscene       0.00      0.00      0.00      1620
label_severe_toxicity       0.00      0.00      0.00       292
         label_threat       0.00      0.00      0.00        96
       label_toxicity       0.00      0.00      0.00      2991

            micro avg       0.00      0.00      0.00      6768
            macro avg       0.00      0.00      0.00      6768
         weighted avg       0.00      0.00      0.00      6768
          samples avg       0.00      0.00      0.00      6768

{'eval_loss': 0.5147110819816589, 'eval_f1': 0.0, 'eval_f1_macro': 0.0, 'eval_precision': 0.0, 'eval_recall': 0.0, 'eval_roc_auc': 0.5, 'eval_accuracy': 0.9002663324455585, 'eval_hamming loss': 0.035343882187059375, 'eval_runtime': 716.4398, 'eval_samples_per_second': 44.547, 'eval_steps_per_second': 2.785, 'epoch': 0.08}
{'loss': 0.5859, 'learning_rate': 1.9686657893087675e-05, 'epoch': 0.16}
Best threshold: 0.3
                       precision    recall  f1-score   support

label_identity_attack       0.00      0.00      0.00       265
         label_insult       0.00      0.00      0.00      1504
        label_obscene       0.00      0.00      0.00      1620
label_severe_toxicity       0.00      0.00      0.00       292
         label_threat       0.00      0.00      0.00        96
       label_toxicity       0.00      0.00      0.00      2991

            micro avg       0.00      0.00      0.00      6768
            macro avg       0.00      0.00      0.00      6768
         weighted avg       0.00      0.00      0.00      6768
          samples avg       0.00      0.00      0.00      6768

{'eval_loss': 0.537903904914856, 'eval_f1': 0.0, 'eval_f1_macro': 0.0, 'eval_precision': 0.0, 'eval_recall': 0.0, 'eval_roc_auc': 0.5, 'eval_accuracy': 0.9002663324455585, 'eval_hamming loss': 0.035343882187059375, 'eval_runtime': 714.8169, 'eval_samples_per_second': 44.648, 'eval_steps_per_second': 2.791, 'epoch': 0.16}
{'loss': 0.597, 'learning_rate': 1.9529986839631512e-05, 'epoch': 0.24}
Best threshold: 0.3
                       precision    recall  f1-score   support

label_identity_attack       0.00      0.00      0.00       265
         label_insult       0.00      0.00      0.00      1504
        label_obscene       0.00      0.00      0.00      1620
label_severe_toxicity       0.00      0.00      0.00       292
         label_threat       0.00      0.00      0.00        96
       label_toxicity       0.00      0.00      0.00      2991

            micro avg       0.00      0.00      0.00      6768
            macro avg       0.00      0.00      0.00      6768
         weighted avg       0.00      0.00      0.00      6768
          samples avg       0.00      0.00      0.00      6768

{'eval_loss': 0.5138717889785767, 'eval_f1': 0.0, 'eval_f1_macro': 0.0, 'eval_precision': 0.0, 'eval_recall': 0.0, 'eval_roc_auc': 0.5, 'eval_accuracy': 0.9002663324455585, 'eval_hamming loss': 0.035343882187059375, 'eval_runtime': 714.821, 'eval_samples_per_second': 44.648, 'eval_steps_per_second': 2.791, 'epoch': 0.24}
{'loss': 0.5597, 'learning_rate': 1.937331578617535e-05, 'epoch': 0.31}
Best threshold: 0.3
                       precision    recall  f1-score   support

label_identity_attack       0.00      0.00      0.00       265
         label_insult       0.00      0.00      0.00      1504
        label_obscene       0.00      0.00      0.00      1620
label_severe_toxicity       0.00      0.00      0.00       292
         label_threat       0.00      0.00      0.00        96
       label_toxicity       0.00      0.00      0.00      2991

            micro avg       0.00      0.00      0.00      6768
            macro avg       0.00      0.00      0.00      6768
         weighted avg       0.00      0.00      0.00      6768
          samples avg       0.00      0.00      0.00      6768

{'eval_loss': 0.5466870069503784, 'eval_f1': 0.0, 'eval_f1_macro': 0.0, 'eval_precision': 0.0, 'eval_recall': 0.0, 'eval_roc_auc': 0.5, 'eval_accuracy': 0.9002663324455585, 'eval_hamming loss': 0.035343882187059375, 'eval_runtime': 714.4895, 'eval_samples_per_second': 44.668, 'eval_steps_per_second': 2.792, 'epoch': 0.31}
{'train_runtime': 5426.9048, 'train_samples_per_second': 235.228, 'train_steps_per_second': 58.807, 'train_loss': 0.5795516357421875, 'epoch': 0.31}
Job ID: 14899624
Cluster: puhti
User/Group: annieske/annieske
State: RUNNING
Cores: 1
CPU Utilized: 01:31:06
CPU Efficiency: 97.75% of 01:33:12 core-walltime
Job Wall-clock time: 01:33:12
Memory Utilized: 7.78 GB
Memory Efficiency: 99.64% of 7.81 GB
Job consumed 95.97 CSC billing units based on following used resources
Billed project: project_2000539
CPU BU: 1.55
Mem BU: 1.21
GPU BU: 93.20
GPU job efficiency:
------------------------------------------------------------------------
Host memory 
     Hostname    Mean (GiB)  stdDev (GiB)     Max (GiB) 
       r03g04          14.2          1.96          15.5 
------------------------------------------------------------------------
GPU load 
     Hostname        GPU Id      Mean (%)    stdDev (%)       Max (%) 
       r03g04             0 [32m        93.41 [0m         20.3           100 
------------------------------------------------------------------------
GPU memory 
     Hostname        GPU Id    Mean (GiB)  stdDev (GiB)     Max (GiB) 
       r03g04             0         15.81          2.72         16.31 
------------------------------------------------------------------------
WARNING: Efficiency statistics may be misleading for RUNNING jobs.
END 14899624: pe 13.1.2023 12.33.38 +0200
