START 14899623: pe 13.1.2023 10.52.43 +0200
Namespace(train=['data/train_fi_deepl.jsonl'], test='data/test_fi_deepl.jsonl', model='xlm-roberta-large', batch=4, epochs=10, learning=3e-05, threshold=None, loss=True, dev=True, clean_as_label=True, binary=False, save=None)
['data/train_fi_deepl.jsonl']
text      object
labels    object
dtype: object
text      object
labels    object
dtype: object
tensor([16.2248,  2.8940,  2.6981, 14.2921, 47.6901,  1.4905,  0.1590],
       device='cuda:0')
DatasetDict({
    train: Dataset({
        features: ['text', 'labels'],
        num_rows: 127656
    })
    dev: Dataset({
        features: ['text', 'labels'],
        num_rows: 31915
    })
    test: Dataset({
        features: ['text', 'labels'],
        num_rows: 63978
    })
})
huggingface/tokenizers: The current process just got forked, after parallelism has already been used. Disabling parallelism to avoid deadlocks...
To disable this warning, you can either:
	- Avoid using `tokenizers` before the fork if possible
	- Explicitly set the environment variable TOKENIZERS_PARALLELISM=(true | false)
huggingface/tokenizers: The current process just got forked, after parallelism has already been used. Disabling parallelism to avoid deadlocks...
To disable this warning, you can either:
	- Avoid using `tokenizers` before the fork if possible
	- Explicitly set the environment variable TOKENIZERS_PARALLELISM=(true | false)
huggingface/tokenizers: The current process just got forked, after parallelism has already been used. Disabling parallelism to avoid deadlocks...
To disable this warning, you can either:
	- Avoid using `tokenizers` before the fork if possible
	- Explicitly set the environment variable TOKENIZERS_PARALLELISM=(true | false)
huggingface/tokenizers: The current process just got forked, after parallelism has already been used. Disabling parallelism to avoid deadlocks...
To disable this warning, you can either:
	- Avoid using `tokenizers` before the fork if possible
	- Explicitly set the environment variable TOKENIZERS_PARALLELISM=(true | false)
huggingface/tokenizers: The current process just got forked, after parallelism has already been used. Disabling parallelism to avoid deadlocks...
To disable this warning, you can either:
	- Avoid using `tokenizers` before the fork if possible
	- Explicitly set the environment variable TOKENIZERS_PARALLELISM=(true | false)
huggingface/tokenizers: The current process just got forked, after parallelism has already been used. Disabling parallelism to avoid deadlocks...
To disable this warning, you can either:
	- Avoid using `tokenizers` before the fork if possible
	- Explicitly set the environment variable TOKENIZERS_PARALLELISM=(true | false)
huggingface/tokenizers: The current process just got forked, after parallelism has already been used. Disabling parallelism to avoid deadlocks...
To disable this warning, you can either:
	- Avoid using `tokenizers` before the fork if possible
	- Explicitly set the environment variable TOKENIZERS_PARALLELISM=(true | false)
huggingface/tokenizers: The current process just got forked, after parallelism has already been used. Disabling parallelism to avoid deadlocks...
To disable this warning, you can either:
	- Avoid using `tokenizers` before the fork if possible
	- Explicitly set the environment variable TOKENIZERS_PARALLELISM=(true | false)
{'loss': 0.5867, 'learning_rate': 2.9764993419815758e-05, 'epoch': 0.08}
Best threshold: 0.3
                       precision    recall  f1-score   support

label_identity_attack       0.00      0.00      0.00       289
         label_insult       0.00      0.00      0.00      1541
        label_obscene       0.00      0.00      0.00      1673
label_severe_toxicity       0.00      0.00      0.00       301
         label_threat       0.00      0.00      0.00       104
       label_toxicity       0.00      0.00      0.00      2993

            micro avg       0.00      0.00      0.00      6901
            macro avg       0.00      0.00      0.00      6901
         weighted avg       0.00      0.00      0.00      6901
          samples avg       0.00      0.00      0.00      6901

{'eval_loss': 0.5452907085418701, 'eval_f1': 0.0, 'eval_f1_macro': 0.0, 'eval_precision': 0.0, 'eval_recall': 0.0, 'eval_roc_auc': 0.5, 'eval_accuracy': 0.9002976656744478, 'eval_hamming loss': 0.03603843542743746, 'eval_runtime': 702.9675, 'eval_samples_per_second': 45.4, 'eval_steps_per_second': 2.838, 'epoch': 0.08}
{'loss': 0.5417, 'learning_rate': 2.952998683963151e-05, 'epoch': 0.16}
Best threshold: 0.3
                       precision    recall  f1-score   support

label_identity_attack       0.00      0.00      0.00       289
         label_insult       0.00      0.00      0.00      1541
        label_obscene       0.00      0.00      0.00      1673
label_severe_toxicity       0.00      0.00      0.00       301
         label_threat       0.00      0.00      0.00       104
       label_toxicity       0.00      0.00      0.00      2993

            micro avg       0.00      0.00      0.00      6901
            macro avg       0.00      0.00      0.00      6901
         weighted avg       0.00      0.00      0.00      6901
          samples avg       0.00      0.00      0.00      6901

{'eval_loss': 0.5725990533828735, 'eval_f1': 0.0, 'eval_f1_macro': 0.0, 'eval_precision': 0.0, 'eval_recall': 0.0, 'eval_roc_auc': 0.5, 'eval_accuracy': 0.9002976656744478, 'eval_hamming loss': 0.03603843542743746, 'eval_runtime': 704.1804, 'eval_samples_per_second': 45.322, 'eval_steps_per_second': 2.833, 'epoch': 0.16}
{'loss': 0.5505, 'learning_rate': 2.9294980259447268e-05, 'epoch': 0.24}
Best threshold: 0.3
                       precision    recall  f1-score   support

label_identity_attack       0.00      0.00      0.00       289
         label_insult       0.00      0.00      0.00      1541
        label_obscene       0.00      0.00      0.00      1673
label_severe_toxicity       0.00      0.00      0.00       301
         label_threat       0.00      0.00      0.00       104
       label_toxicity       0.00      0.00      0.00      2993

            micro avg       0.00      0.00      0.00      6901
            macro avg       0.00      0.00      0.00      6901
         weighted avg       0.00      0.00      0.00      6901
          samples avg       0.00      0.00      0.00      6901

{'eval_loss': 0.5622725486755371, 'eval_f1': 0.0, 'eval_f1_macro': 0.0, 'eval_precision': 0.0, 'eval_recall': 0.0, 'eval_roc_auc': 0.5, 'eval_accuracy': 0.9002976656744478, 'eval_hamming loss': 0.03603843542743746, 'eval_runtime': 701.9353, 'eval_samples_per_second': 45.467, 'eval_steps_per_second': 2.842, 'epoch': 0.24}
{'loss': 0.5219, 'learning_rate': 2.905997367926302e-05, 'epoch': 0.31}
Best threshold: 0.3
                       precision    recall  f1-score   support

label_identity_attack       0.00      0.00      0.00       289
         label_insult       0.00      0.00      0.00      1541
        label_obscene       0.00      0.00      0.00      1673
label_severe_toxicity       0.00      0.00      0.00       301
         label_threat       0.00      0.00      0.00       104
       label_toxicity       0.00      0.00      0.00      2993

            micro avg       0.00      0.00      0.00      6901
            macro avg       0.00      0.00      0.00      6901
         weighted avg       0.00      0.00      0.00      6901
          samples avg       0.00      0.00      0.00      6901

{'eval_loss': 0.5380396842956543, 'eval_f1': 0.0, 'eval_f1_macro': 0.0, 'eval_precision': 0.0, 'eval_recall': 0.0, 'eval_roc_auc': 0.5, 'eval_accuracy': 0.9002976656744478, 'eval_hamming loss': 0.03603843542743746, 'eval_runtime': 703.9937, 'eval_samples_per_second': 45.334, 'eval_steps_per_second': 2.834, 'epoch': 0.31}
{'train_runtime': 5346.3449, 'train_samples_per_second': 238.772, 'train_steps_per_second': 59.693, 'train_loss': 0.5502011352539062, 'epoch': 0.31}
Job ID: 14899623
Cluster: puhti
User/Group: annieske/annieske
State: RUNNING
Cores: 1
CPU Utilized: 01:30:19
CPU Efficiency: 98.40% of 01:31:47 core-walltime
Job Wall-clock time: 01:31:47
Memory Utilized: 7.58 GB
Memory Efficiency: 97.00% of 7.81 GB
Job consumed 94.51 CSC billing units based on following used resources
Billed project: project_2000539
CPU BU: 1.53
Mem BU: 1.20
GPU BU: 91.78
GPU job efficiency:
------------------------------------------------------------------------
Host memory 
     Hostname    Mean (GiB)  stdDev (GiB)     Max (GiB) 
       r04g08         14.21           2.0         14.56 
------------------------------------------------------------------------
GPU load 
     Hostname        GPU Id      Mean (%)    stdDev (%)       Max (%) 
       r04g08             3 [32m        94.26 [0m        18.78           100 
------------------------------------------------------------------------
GPU memory 
     Hostname        GPU Id    Mean (GiB)  stdDev (GiB)     Max (GiB) 
       r04g08             3         16.91          2.89         17.43 
------------------------------------------------------------------------
WARNING: Efficiency statistics may be misleading for RUNNING jobs.
END 14899623: pe 13.1.2023 12.24.27 +0200
