START 14899658: pe 13.1.2023 11.00.52 +0200
Namespace(train=['data/train_fi_deepl.jsonl'], test='data/test_fi_deepl.jsonl', model='xlm-roberta-large', batch=8, epochs=10, learning=2e-05, threshold=None, loss=True, dev=True, clean_as_label=True, binary=False, save=None)
['data/train_fi_deepl.jsonl']
text      object
labels    object
dtype: object
text      object
labels    object
dtype: object
tensor([16.2248,  2.8940,  2.6981, 14.2921, 47.6901,  1.4905,  0.1590],
       device='cuda:0')
DatasetDict({
    train: Dataset({
        features: ['text', 'labels'],
        num_rows: 127656
    })
    dev: Dataset({
        features: ['text', 'labels'],
        num_rows: 31915
    })
    test: Dataset({
        features: ['text', 'labels'],
        num_rows: 63978
    })
})
huggingface/tokenizers: The current process just got forked, after parallelism has already been used. Disabling parallelism to avoid deadlocks...
To disable this warning, you can either:
	- Avoid using `tokenizers` before the fork if possible
	- Explicitly set the environment variable TOKENIZERS_PARALLELISM=(true | false)
huggingface/tokenizers: The current process just got forked, after parallelism has already been used. Disabling parallelism to avoid deadlocks...
To disable this warning, you can either:
	- Avoid using `tokenizers` before the fork if possible
	- Explicitly set the environment variable TOKENIZERS_PARALLELISM=(true | false)
huggingface/tokenizers: The current process just got forked, after parallelism has already been used. Disabling parallelism to avoid deadlocks...
To disable this warning, you can either:
	- Avoid using `tokenizers` before the fork if possible
	- Explicitly set the environment variable TOKENIZERS_PARALLELISM=(true | false)
huggingface/tokenizers: The current process just got forked, after parallelism has already been used. Disabling parallelism to avoid deadlocks...
To disable this warning, you can either:
	- Avoid using `tokenizers` before the fork if possible
	- Explicitly set the environment variable TOKENIZERS_PARALLELISM=(true | false)
huggingface/tokenizers: The current process just got forked, after parallelism has already been used. Disabling parallelism to avoid deadlocks...
To disable this warning, you can either:
	- Avoid using `tokenizers` before the fork if possible
	- Explicitly set the environment variable TOKENIZERS_PARALLELISM=(true | false)
huggingface/tokenizers: The current process just got forked, after parallelism has already been used. Disabling parallelism to avoid deadlocks...
To disable this warning, you can either:
	- Avoid using `tokenizers` before the fork if possible
	- Explicitly set the environment variable TOKENIZERS_PARALLELISM=(true | false)
huggingface/tokenizers: The current process just got forked, after parallelism has already been used. Disabling parallelism to avoid deadlocks...
To disable this warning, you can either:
	- Avoid using `tokenizers` before the fork if possible
	- Explicitly set the environment variable TOKENIZERS_PARALLELISM=(true | false)
huggingface/tokenizers: The current process just got forked, after parallelism has already been used. Disabling parallelism to avoid deadlocks...
To disable this warning, you can either:
	- Avoid using `tokenizers` before the fork if possible
	- Explicitly set the environment variable TOKENIZERS_PARALLELISM=(true | false)
{'loss': 0.4658, 'learning_rate': 1.9686657893087675e-05, 'epoch': 0.16}
Best threshold: 0.3
                       precision    recall  f1-score   support

label_identity_attack       0.00      0.00      0.00       299
         label_insult       0.00      0.00      0.00      1592
        label_obscene       0.00      0.00      0.00      1703
label_severe_toxicity       0.00      0.00      0.00       329
         label_threat       0.00      0.00      0.00       105
       label_toxicity       0.00      0.00      0.00      3054

            micro avg       0.00      0.00      0.00      7082
            macro avg       0.00      0.00      0.00      7082
         weighted avg       0.00      0.00      0.00      7082
          samples avg       0.00      0.00      0.00      7082

{'eval_loss': 0.5068942308425903, 'eval_f1': 0.0, 'eval_f1_macro': 0.0, 'eval_precision': 0.0, 'eval_recall': 0.0, 'eval_roc_auc': 0.5, 'eval_accuracy': 0.8981670061099797, 'eval_hamming loss': 0.03698365449892945, 'eval_runtime': 713.5852, 'eval_samples_per_second': 44.725, 'eval_steps_per_second': 2.796, 'epoch': 0.16}
{'loss': 0.4872, 'learning_rate': 1.937331578617535e-05, 'epoch': 0.31}
Best threshold: 0.3
                       precision    recall  f1-score   support

label_identity_attack       0.00      0.00      0.00       299
         label_insult       0.00      0.00      0.00      1592
        label_obscene       0.00      0.00      0.00      1703
label_severe_toxicity       0.00      0.00      0.00       329
         label_threat       0.00      0.00      0.00       105
       label_toxicity       0.00      0.00      0.00      3054

            micro avg       0.00      0.00      0.00      7082
            macro avg       0.00      0.00      0.00      7082
         weighted avg       0.00      0.00      0.00      7082
          samples avg       0.00      0.00      0.00      7082

{'eval_loss': 0.5178879499435425, 'eval_f1': 0.0, 'eval_f1_macro': 0.0, 'eval_precision': 0.0, 'eval_recall': 0.0, 'eval_roc_auc': 0.5, 'eval_accuracy': 0.8981670061099797, 'eval_hamming loss': 0.03698365449892945, 'eval_runtime': 716.7498, 'eval_samples_per_second': 44.527, 'eval_steps_per_second': 2.783, 'epoch': 0.31}
{'loss': 0.4886, 'learning_rate': 1.9059973679263022e-05, 'epoch': 0.47}
Best threshold: 0.3
                       precision    recall  f1-score   support

label_identity_attack       0.00      0.00      0.00       299
         label_insult       0.00      0.00      0.00      1592
        label_obscene       0.00      0.00      0.00      1703
label_severe_toxicity       0.00      0.00      0.00       329
         label_threat       0.00      0.00      0.00       105
       label_toxicity       0.00      0.00      0.00      3054

            micro avg       0.00      0.00      0.00      7082
            macro avg       0.00      0.00      0.00      7082
         weighted avg       0.00      0.00      0.00      7082
          samples avg       0.00      0.00      0.00      7082

{'eval_loss': 0.5049362778663635, 'eval_f1': 0.0, 'eval_f1_macro': 0.0, 'eval_precision': 0.0, 'eval_recall': 0.0, 'eval_roc_auc': 0.5, 'eval_accuracy': 0.8981670061099797, 'eval_hamming loss': 0.03698365449892945, 'eval_runtime': 714.7861, 'eval_samples_per_second': 44.65, 'eval_steps_per_second': 2.791, 'epoch': 0.47}
{'loss': 0.4564, 'learning_rate': 1.8746631572350692e-05, 'epoch': 0.63}
Best threshold: 0.3
                       precision    recall  f1-score   support

label_identity_attack       0.00      0.00      0.00       299
         label_insult       0.00      0.00      0.00      1592
        label_obscene       0.00      0.00      0.00      1703
label_severe_toxicity       0.00      0.00      0.00       329
         label_threat       0.00      0.00      0.00       105
       label_toxicity       0.00      0.00      0.00      3054

            micro avg       0.00      0.00      0.00      7082
            macro avg       0.00      0.00      0.00      7082
         weighted avg       0.00      0.00      0.00      7082
          samples avg       0.00      0.00      0.00      7082

{'eval_loss': 0.48883792757987976, 'eval_f1': 0.0, 'eval_f1_macro': 0.0, 'eval_precision': 0.0, 'eval_recall': 0.0, 'eval_roc_auc': 0.5, 'eval_accuracy': 0.8981670061099797, 'eval_hamming loss': 0.03698365449892945, 'eval_runtime': 714.0648, 'eval_samples_per_second': 44.695, 'eval_steps_per_second': 2.794, 'epoch': 0.63}
{'train_runtime': 8047.067, 'train_samples_per_second': 158.637, 'train_steps_per_second': 19.83, 'train_loss': 0.474487255859375, 'epoch': 0.63}
Job ID: 14899658
Cluster: puhti
User/Group: annieske/annieske
State: RUNNING
Cores: 1
CPU Utilized: 02:13:22
CPU Efficiency: 97.49% of 02:16:48 core-walltime
Job Wall-clock time: 02:16:48
Memory Utilized: 6.83 GB
Memory Efficiency: 87.36% of 7.81 GB
Job consumed 140.86 CSC billing units based on following used resources
Billed project: project_2000539
CPU BU: 2.28
Mem BU: 1.78
GPU BU: 136.80
GPU job efficiency:
------------------------------------------------------------------------
Host memory 
     Hostname    Mean (GiB)  stdDev (GiB)     Max (GiB) 
       r16g05         14.32          1.68         14.57 
------------------------------------------------------------------------
GPU load 
     Hostname        GPU Id      Mean (%)    stdDev (%)       Max (%) 
       r16g05             3 [32m        94.58 [0m        19.61           100 
------------------------------------------------------------------------
GPU memory 
     Hostname        GPU Id    Mean (GiB)  stdDev (GiB)     Max (GiB) 
       r16g05             3         23.79          3.34         24.42 
------------------------------------------------------------------------
WARNING: Efficiency statistics may be misleading for RUNNING jobs.
END 14899658: pe 13.1.2023 13.17.36 +0200
