START 14899735: pe 13.1.2023 11.07.05 +0200
Namespace(train=['data/train_fi_deepl.jsonl'], test='data/test_fi_deepl.jsonl', model='xlm-roberta-large', batch=12, epochs=10, learning=2e-05, threshold=None, loss=True, dev=True, clean_as_label=True, binary=False, save=None)
['data/train_fi_deepl.jsonl']
text      object
labels    object
dtype: object
text      object
labels    object
dtype: object
tensor([16.2248,  2.8940,  2.6981, 14.2921, 47.6901,  1.4905,  0.1590],
       device='cuda:0')
DatasetDict({
    train: Dataset({
        features: ['text', 'labels'],
        num_rows: 127656
    })
    dev: Dataset({
        features: ['text', 'labels'],
        num_rows: 31915
    })
    test: Dataset({
        features: ['text', 'labels'],
        num_rows: 63978
    })
})
huggingface/tokenizers: The current process just got forked, after parallelism has already been used. Disabling parallelism to avoid deadlocks...
To disable this warning, you can either:
	- Avoid using `tokenizers` before the fork if possible
	- Explicitly set the environment variable TOKENIZERS_PARALLELISM=(true | false)
huggingface/tokenizers: The current process just got forked, after parallelism has already been used. Disabling parallelism to avoid deadlocks...
To disable this warning, you can either:
	- Avoid using `tokenizers` before the fork if possible
	- Explicitly set the environment variable TOKENIZERS_PARALLELISM=(true | false)
huggingface/tokenizers: The current process just got forked, after parallelism has already been used. Disabling parallelism to avoid deadlocks...
To disable this warning, you can either:
	- Avoid using `tokenizers` before the fork if possible
	- Explicitly set the environment variable TOKENIZERS_PARALLELISM=(true | false)
huggingface/tokenizers: The current process just got forked, after parallelism has already been used. Disabling parallelism to avoid deadlocks...
To disable this warning, you can either:
	- Avoid using `tokenizers` before the fork if possible
	- Explicitly set the environment variable TOKENIZERS_PARALLELISM=(true | false)
huggingface/tokenizers: The current process just got forked, after parallelism has already been used. Disabling parallelism to avoid deadlocks...
To disable this warning, you can either:
	- Avoid using `tokenizers` before the fork if possible
	- Explicitly set the environment variable TOKENIZERS_PARALLELISM=(true | false)
huggingface/tokenizers: The current process just got forked, after parallelism has already been used. Disabling parallelism to avoid deadlocks...
To disable this warning, you can either:
	- Avoid using `tokenizers` before the fork if possible
	- Explicitly set the environment variable TOKENIZERS_PARALLELISM=(true | false)
huggingface/tokenizers: The current process just got forked, after parallelism has already been used. Disabling parallelism to avoid deadlocks...
To disable this warning, you can either:
	- Avoid using `tokenizers` before the fork if possible
	- Explicitly set the environment variable TOKENIZERS_PARALLELISM=(true | false)
huggingface/tokenizers: The current process just got forked, after parallelism has already been used. Disabling parallelism to avoid deadlocks...
To disable this warning, you can either:
	- Avoid using `tokenizers` before the fork if possible
	- Explicitly set the environment variable TOKENIZERS_PARALLELISM=(true | false)
{'loss': 0.3662, 'learning_rate': 1.9529986839631512e-05, 'epoch': 0.24}
Best threshold: 0.3
                       precision    recall  f1-score   support

label_identity_attack       0.00      0.00      0.00       286
         label_insult       0.00      0.00      0.00      1555
        label_obscene       0.00      0.00      0.00      1673
label_severe_toxicity       0.00      0.00      0.00       323
         label_threat       0.00      0.00      0.00        80
       label_toxicity       0.00      0.00      0.00      3077

            micro avg       0.00      0.00      0.00      6994
            macro avg       0.00      0.00      0.00      6994
         weighted avg       0.00      0.00      0.00      6994
          samples avg       0.00      0.00      0.00      6994

{'eval_loss': 0.46370577812194824, 'eval_f1': 0.0, 'eval_f1_macro': 0.0, 'eval_precision': 0.0, 'eval_recall': 0.0, 'eval_roc_auc': 0.5, 'eval_accuracy': 0.8986370045433182, 'eval_hamming loss': 0.03652410047522064, 'eval_runtime': 714.998, 'eval_samples_per_second': 44.636, 'eval_steps_per_second': 2.79, 'epoch': 0.24}
{'loss': 0.4415, 'learning_rate': 1.9059973679263022e-05, 'epoch': 0.47}
Best threshold: 0.3
                       precision    recall  f1-score   support

label_identity_attack       0.00      0.00      0.00       286
         label_insult       0.00      0.00      0.00      1555
        label_obscene       0.00      0.00      0.00      1673
label_severe_toxicity       0.00      0.00      0.00       323
         label_threat       0.00      0.00      0.00        80
       label_toxicity       0.00      0.00      0.00      3077

            micro avg       0.00      0.00      0.00      6994
            macro avg       0.00      0.00      0.00      6994
         weighted avg       0.00      0.00      0.00      6994
          samples avg       0.00      0.00      0.00      6994

{'eval_loss': 0.4383260905742645, 'eval_f1': 0.0, 'eval_f1_macro': 0.0, 'eval_precision': 0.0, 'eval_recall': 0.0, 'eval_roc_auc': 0.5, 'eval_accuracy': 0.8986370045433182, 'eval_hamming loss': 0.03652410047522064, 'eval_runtime': 715.2733, 'eval_samples_per_second': 44.619, 'eval_steps_per_second': 2.789, 'epoch': 0.47}
{'loss': 0.4589, 'learning_rate': 1.858996051889453e-05, 'epoch': 0.71}
Best threshold: 0.3
                       precision    recall  f1-score   support

label_identity_attack       0.00      0.00      0.00       286
         label_insult       0.00      0.00      0.00      1555
        label_obscene       0.00      0.00      0.00      1673
label_severe_toxicity       0.00      0.00      0.00       323
         label_threat       0.00      0.00      0.00        80
       label_toxicity       0.00      0.00      0.00      3077

            micro avg       0.00      0.00      0.00      6994
            macro avg       0.00      0.00      0.00      6994
         weighted avg       0.00      0.00      0.00      6994
          samples avg       0.00      0.00      0.00      6994

{'eval_loss': 0.44040408730506897, 'eval_f1': 0.0, 'eval_f1_macro': 0.0, 'eval_precision': 0.0, 'eval_recall': 0.0, 'eval_roc_auc': 0.5, 'eval_accuracy': 0.8986370045433182, 'eval_hamming loss': 0.03652410047522064, 'eval_runtime': 715.9857, 'eval_samples_per_second': 44.575, 'eval_steps_per_second': 2.786, 'epoch': 0.71}
{'loss': 0.4838, 'learning_rate': 1.811994735852604e-05, 'epoch': 0.94}
Best threshold: 0.3
                       precision    recall  f1-score   support

label_identity_attack       0.00      0.00      0.00       286
         label_insult       0.00      0.00      0.00      1555
        label_obscene       0.00      0.00      0.00      1673
label_severe_toxicity       0.00      0.00      0.00       323
         label_threat       0.00      0.00      0.00        80
       label_toxicity       0.00      0.00      0.00      3077

            micro avg       0.00      0.00      0.00      6994
            macro avg       0.00      0.00      0.00      6994
         weighted avg       0.00      0.00      0.00      6994
          samples avg       0.00      0.00      0.00      6994

{'eval_loss': 0.4574141502380371, 'eval_f1': 0.0, 'eval_f1_macro': 0.0, 'eval_precision': 0.0, 'eval_recall': 0.0, 'eval_roc_auc': 0.5, 'eval_accuracy': 0.8986370045433182, 'eval_hamming loss': 0.03652410047522064, 'eval_runtime': 715.1666, 'eval_samples_per_second': 44.626, 'eval_steps_per_second': 2.79, 'epoch': 0.94}
{'train_runtime': 10821.6905, 'train_samples_per_second': 117.963, 'train_steps_per_second': 9.83, 'train_loss': 0.4376030395507812, 'epoch': 0.94}
Job ID: 14899735
Cluster: puhti
User/Group: annieske/annieske
State: RUNNING
Cores: 1
CPU Utilized: 00:00:00
CPU Efficiency: 0.00% of 03:02:45 core-walltime
Job Wall-clock time: 03:02:45
Memory Utilized: 0.00 MB (estimated maximum)
Memory Efficiency: 0.00% of 7.81 GB (7.81 GB/core)
Job consumed 188.18 CSC billing units based on following used resources
Billed project: project_2000539
CPU BU: 3.05
Mem BU: 2.38
GPU BU: 182.75
GPU job efficiency:
------------------------------------------------------------------------
Host memory 
     Hostname    Mean (GiB)  stdDev (GiB)     Max (GiB) 
       r03g01         14.38          1.36         14.54 
------------------------------------------------------------------------
GPU load 
     Hostname        GPU Id      Mean (%)    stdDev (%)       Max (%) 
       r03g01             1 [32m        97.08 [0m        13.22           100 
------------------------------------------------------------------------
GPU memory 
     Hostname        GPU Id    Mean (GiB)  stdDev (GiB)     Max (GiB) 
       r03g01             1         30.93          3.56         31.39 
------------------------------------------------------------------------
WARNING: Efficiency statistics may be misleading for RUNNING jobs.
END 14899735: pe 13.1.2023 14.09.49 +0200
