START 14899627: pe 13.1.2023 11.00.52 +0200
Namespace(train=['data/train_fi_deepl.jsonl'], test='data/test_fi_deepl.jsonl', model='xlm-roberta-large', batch=8, epochs=10, learning=3e-05, threshold=None, loss=True, dev=True, clean_as_label=True, binary=False, save=None)
['data/train_fi_deepl.jsonl']
text      object
labels    object
dtype: object
text      object
labels    object
dtype: object
tensor([16.2248,  2.8940,  2.6981, 14.2921, 47.6901,  1.4905,  0.1590],
       device='cuda:0')
DatasetDict({
    train: Dataset({
        features: ['text', 'labels'],
        num_rows: 127656
    })
    dev: Dataset({
        features: ['text', 'labels'],
        num_rows: 31915
    })
    test: Dataset({
        features: ['text', 'labels'],
        num_rows: 63978
    })
})
huggingface/tokenizers: The current process just got forked, after parallelism has already been used. Disabling parallelism to avoid deadlocks...
To disable this warning, you can either:
	- Avoid using `tokenizers` before the fork if possible
	- Explicitly set the environment variable TOKENIZERS_PARALLELISM=(true | false)
huggingface/tokenizers: The current process just got forked, after parallelism has already been used. Disabling parallelism to avoid deadlocks...
To disable this warning, you can either:
	- Avoid using `tokenizers` before the fork if possible
	- Explicitly set the environment variable TOKENIZERS_PARALLELISM=(true | false)
huggingface/tokenizers: The current process just got forked, after parallelism has already been used. Disabling parallelism to avoid deadlocks...
To disable this warning, you can either:
	- Avoid using `tokenizers` before the fork if possible
	- Explicitly set the environment variable TOKENIZERS_PARALLELISM=(true | false)
huggingface/tokenizers: The current process just got forked, after parallelism has already been used. Disabling parallelism to avoid deadlocks...
To disable this warning, you can either:
	- Avoid using `tokenizers` before the fork if possible
	- Explicitly set the environment variable TOKENIZERS_PARALLELISM=(true | false)
huggingface/tokenizers: The current process just got forked, after parallelism has already been used. Disabling parallelism to avoid deadlocks...
To disable this warning, you can either:
	- Avoid using `tokenizers` before the fork if possible
	- Explicitly set the environment variable TOKENIZERS_PARALLELISM=(true | false)
huggingface/tokenizers: The current process just got forked, after parallelism has already been used. Disabling parallelism to avoid deadlocks...
To disable this warning, you can either:
	- Avoid using `tokenizers` before the fork if possible
	- Explicitly set the environment variable TOKENIZERS_PARALLELISM=(true | false)
huggingface/tokenizers: The current process just got forked, after parallelism has already been used. Disabling parallelism to avoid deadlocks...
To disable this warning, you can either:
	- Avoid using `tokenizers` before the fork if possible
	- Explicitly set the environment variable TOKENIZERS_PARALLELISM=(true | false)
huggingface/tokenizers: The current process just got forked, after parallelism has already been used. Disabling parallelism to avoid deadlocks...
To disable this warning, you can either:
	- Avoid using `tokenizers` before the fork if possible
	- Explicitly set the environment variable TOKENIZERS_PARALLELISM=(true | false)
{'loss': 0.487, 'learning_rate': 2.952998683963151e-05, 'epoch': 0.16}
Best threshold: 0.3
                       precision    recall  f1-score   support

label_identity_attack       0.00      0.00      0.00       275
         label_insult       0.00      0.00      0.00      1582
        label_obscene       0.00      0.00      0.00      1688
label_severe_toxicity       0.00      0.00      0.00       344
         label_threat       0.00      0.00      0.00       106
       label_toxicity       0.00      0.00      0.00      3061

            micro avg       0.00      0.00      0.00      7056
            macro avg       0.00      0.00      0.00      7056
         weighted avg       0.00      0.00      0.00      7056
          samples avg       0.00      0.00      0.00      7056

{'eval_loss': 0.53421550989151, 'eval_f1': 0.0, 'eval_f1_macro': 0.0, 'eval_precision': 0.0, 'eval_recall': 0.0, 'eval_roc_auc': 0.5, 'eval_accuracy': 0.8983863387122043, 'eval_hamming loss': 0.03684787717374276, 'eval_runtime': 710.9654, 'eval_samples_per_second': 44.89, 'eval_steps_per_second': 2.806, 'epoch': 0.16}
{'loss': 0.461, 'learning_rate': 2.905997367926302e-05, 'epoch': 0.31}
Best threshold: 0.3
                       precision    recall  f1-score   support

label_identity_attack       0.00      0.00      0.00       275
         label_insult       0.00      0.00      0.00      1582
        label_obscene       0.00      0.00      0.00      1688
label_severe_toxicity       0.00      0.00      0.00       344
         label_threat       0.00      0.00      0.00       106
       label_toxicity       0.00      0.00      0.00      3061

            micro avg       0.00      0.00      0.00      7056
            macro avg       0.00      0.00      0.00      7056
         weighted avg       0.00      0.00      0.00      7056
          samples avg       0.00      0.00      0.00      7056

{'eval_loss': 0.4943365156650543, 'eval_f1': 0.0, 'eval_f1_macro': 0.0, 'eval_precision': 0.0, 'eval_recall': 0.0, 'eval_roc_auc': 0.5, 'eval_accuracy': 0.8983863387122043, 'eval_hamming loss': 0.03684787717374276, 'eval_runtime': 711.9671, 'eval_samples_per_second': 44.827, 'eval_steps_per_second': 2.802, 'epoch': 0.31}
{'loss': 0.457, 'learning_rate': 2.858996051889453e-05, 'epoch': 0.47}
Best threshold: 0.3
                       precision    recall  f1-score   support

label_identity_attack       0.00      0.00      0.00       275
         label_insult       0.00      0.00      0.00      1582
        label_obscene       0.00      0.00      0.00      1688
label_severe_toxicity       0.00      0.00      0.00       344
         label_threat       0.00      0.00      0.00       106
       label_toxicity       0.00      0.00      0.00      3061

            micro avg       0.00      0.00      0.00      7056
            macro avg       0.00      0.00      0.00      7056
         weighted avg       0.00      0.00      0.00      7056
          samples avg       0.00      0.00      0.00      7056

{'eval_loss': 0.5158995985984802, 'eval_f1': 0.0, 'eval_f1_macro': 0.0, 'eval_precision': 0.0, 'eval_recall': 0.0, 'eval_roc_auc': 0.5, 'eval_accuracy': 0.8983863387122043, 'eval_hamming loss': 0.03684787717374276, 'eval_runtime': 711.528, 'eval_samples_per_second': 44.854, 'eval_steps_per_second': 2.804, 'epoch': 0.47}
{'loss': 0.5238, 'learning_rate': 2.8119947358526038e-05, 'epoch': 0.63}
Best threshold: 0.3
                       precision    recall  f1-score   support

label_identity_attack       0.00      0.00      0.00       275
         label_insult       0.00      0.00      0.00      1582
        label_obscene       0.00      0.00      0.00      1688
label_severe_toxicity       0.00      0.00      0.00       344
         label_threat       0.00      0.00      0.00       106
       label_toxicity       0.00      0.00      0.00      3061

            micro avg       0.00      0.00      0.00      7056
            macro avg       0.00      0.00      0.00      7056
         weighted avg       0.00      0.00      0.00      7056
          samples avg       0.00      0.00      0.00      7056

{'eval_loss': 0.4896979033946991, 'eval_f1': 0.0, 'eval_f1_macro': 0.0, 'eval_precision': 0.0, 'eval_recall': 0.0, 'eval_roc_auc': 0.5, 'eval_accuracy': 0.8983863387122043, 'eval_hamming loss': 0.03684787717374276, 'eval_runtime': 710.8896, 'eval_samples_per_second': 44.894, 'eval_steps_per_second': 2.806, 'epoch': 0.63}
{'train_runtime': 8004.0566, 'train_samples_per_second': 159.489, 'train_steps_per_second': 19.936, 'train_loss': 0.48222359619140626, 'epoch': 0.63}
Job ID: 14899627
Cluster: puhti
User/Group: annieske/annieske
State: RUNNING
Cores: 1
CPU Utilized: 02:13:21
CPU Efficiency: 97.91% of 02:16:12 core-walltime
Job Wall-clock time: 02:16:12
Memory Utilized: 7.79 GB
Memory Efficiency: 99.67% of 7.81 GB
Job consumed 140.24 CSC billing units based on following used resources
Billed project: project_2000539
CPU BU: 2.27
Mem BU: 1.77
GPU BU: 136.20
GPU job efficiency:
------------------------------------------------------------------------
Host memory 
     Hostname    Mean (GiB)  stdDev (GiB)     Max (GiB) 
       r16g05         14.34          1.64         14.58 
------------------------------------------------------------------------
GPU load 
     Hostname        GPU Id      Mean (%)    stdDev (%)       Max (%) 
       r16g05             2 [32m        94.29 [0m        18.47           100 
------------------------------------------------------------------------
GPU memory 
     Hostname        GPU Id    Mean (GiB)  stdDev (GiB)     Max (GiB) 
       r16g05             2         25.33          3.57          25.9 
------------------------------------------------------------------------
WARNING: Efficiency statistics may be misleading for RUNNING jobs.
END 14899627: pe 13.1.2023 13.17.01 +0200
