epochs: 10, learning rate: 8e-5, batch size: 12, prediction treshold: 0.6, model: xlm-roberta-large 
transfer with xlmr
Namespace(train=['data/train_en.jsonl'], test='data/test_fi_deepl.jsonl', model='xlm-roberta-large', batch=12, epochs=10, learning=8e-05, threshold=None, loss=True, dev=True, clean_as_label=True, binary=False, save=None)
['data/train_en.jsonl']
text      object
labels    object
dtype: object
text      object
labels    object
dtype: object
tensor([16.2248,  2.8940,  2.6981, 14.2921, 47.6901,  1.4905,  0.1590],
       device='cuda:0')
DatasetDict({
    train: Dataset({
        features: ['text', 'labels'],
        num_rows: 127656
    })
    dev: Dataset({
        features: ['text', 'labels'],
        num_rows: 31915
    })
    test: Dataset({
        features: ['text', 'labels'],
        num_rows: 63978
    })
})
huggingface/tokenizers: The current process just got forked, after parallelism has already been used. Disabling parallelism to avoid deadlocks...
To disable this warning, you can either:
	- Avoid using `tokenizers` before the fork if possible
	- Explicitly set the environment variable TOKENIZERS_PARALLELISM=(true | false)
huggingface/tokenizers: The current process just got forked, after parallelism has already been used. Disabling parallelism to avoid deadlocks...
To disable this warning, you can either:
	- Avoid using `tokenizers` before the fork if possible
	- Explicitly set the environment variable TOKENIZERS_PARALLELISM=(true | false)
huggingface/tokenizers: The current process just got forked, after parallelism has already been used. Disabling parallelism to avoid deadlocks...
To disable this warning, you can either:
	- Avoid using `tokenizers` before the fork if possible
	- Explicitly set the environment variable TOKENIZERS_PARALLELISM=(true | false)
huggingface/tokenizers: The current process just got forked, after parallelism has already been used. Disabling parallelism to avoid deadlocks...
To disable this warning, you can either:
	- Avoid using `tokenizers` before the fork if possible
	- Explicitly set the environment variable TOKENIZERS_PARALLELISM=(true | false)
huggingface/tokenizers: The current process just got forked, after parallelism has already been used. Disabling parallelism to avoid deadlocks...
To disable this warning, you can either:
	- Avoid using `tokenizers` before the fork if possible
	- Explicitly set the environment variable TOKENIZERS_PARALLELISM=(true | false)
huggingface/tokenizers: The current process just got forked, after parallelism has already been used. Disabling parallelism to avoid deadlocks...
To disable this warning, you can either:
	- Avoid using `tokenizers` before the fork if possible
	- Explicitly set the environment variable TOKENIZERS_PARALLELISM=(true | false)
huggingface/tokenizers: The current process just got forked, after parallelism has already been used. Disabling parallelism to avoid deadlocks...
To disable this warning, you can either:
	- Avoid using `tokenizers` before the fork if possible
	- Explicitly set the environment variable TOKENIZERS_PARALLELISM=(true | false)
huggingface/tokenizers: The current process just got forked, after parallelism has already been used. Disabling parallelism to avoid deadlocks...
To disable this warning, you can either:
	- Avoid using `tokenizers` before the fork if possible
	- Explicitly set the environment variable TOKENIZERS_PARALLELISM=(true | false)
{'loss': 0.4551, 'learning_rate': 7.811994735852605e-05, 'epoch': 0.24}
Best threshold: 0.3
                       precision    recall  f1-score   support

label_identity_attack       0.00      0.00      0.00       297
         label_insult       0.00      0.00      0.00      1637
        label_obscene       0.00      0.00      0.00      1780
label_severe_toxicity       0.00      0.00      0.00       353
         label_threat       0.00      0.00      0.00       102
       label_toxicity       0.00      0.00      0.00      3138

            micro avg       0.00      0.00      0.00      7307
            macro avg       0.00      0.00      0.00      7307
         weighted avg       0.00      0.00      0.00      7307
          samples avg       0.00      0.00      0.00      7307

{'eval_loss': 0.47686272859573364, 'eval_f1': 0.0, 'eval_f1_macro': 0.0, 'eval_precision': 0.0, 'eval_recall': 0.0, 'eval_roc_auc': 0.5, 'eval_accuracy': 0.8955350148832837, 'eval_hamming loss': 0.038158650582275834, 'eval_runtime': 666.0956, 'eval_samples_per_second': 47.914, 'eval_steps_per_second': 2.995, 'epoch': 0.24}
{'loss': 0.4594, 'learning_rate': 7.623989471705209e-05, 'epoch': 0.47}
Best threshold: 0.3
                       precision    recall  f1-score   support

label_identity_attack       0.00      0.00      0.00       297
         label_insult       0.00      0.00      0.00      1637
        label_obscene       0.00      0.00      0.00      1780
label_severe_toxicity       0.00      0.00      0.00       353
         label_threat       0.00      0.00      0.00       102
       label_toxicity       0.00      0.00      0.00      3138

            micro avg       0.00      0.00      0.00      7307
            macro avg       0.00      0.00      0.00      7307
         weighted avg       0.00      0.00      0.00      7307
          samples avg       0.00      0.00      0.00      7307

{'eval_loss': 0.448574036359787, 'eval_f1': 0.0, 'eval_f1_macro': 0.0, 'eval_precision': 0.0, 'eval_recall': 0.0, 'eval_roc_auc': 0.5, 'eval_accuracy': 0.8955350148832837, 'eval_hamming loss': 0.038158650582275834, 'eval_runtime': 665.3495, 'eval_samples_per_second': 47.967, 'eval_steps_per_second': 2.998, 'epoch': 0.47}
{'loss': 0.454, 'learning_rate': 7.435984207557811e-05, 'epoch': 0.71}
Best threshold: 0.3
                       precision    recall  f1-score   support

label_identity_attack       0.00      0.00      0.00       297
         label_insult       0.00      0.00      0.00      1637
        label_obscene       0.00      0.00      0.00      1780
label_severe_toxicity       0.00      0.00      0.00       353
         label_threat       0.00      0.00      0.00       102
       label_toxicity       0.00      0.00      0.00      3138

            micro avg       0.00      0.00      0.00      7307
            macro avg       0.00      0.00      0.00      7307
         weighted avg       0.00      0.00      0.00      7307
          samples avg       0.00      0.00      0.00      7307

{'eval_loss': 0.4886547923088074, 'eval_f1': 0.0, 'eval_f1_macro': 0.0, 'eval_precision': 0.0, 'eval_recall': 0.0, 'eval_roc_auc': 0.5, 'eval_accuracy': 0.8955350148832837, 'eval_hamming loss': 0.038158650582275834, 'eval_runtime': 666.777, 'eval_samples_per_second': 47.865, 'eval_steps_per_second': 2.992, 'epoch': 0.71}
{'loss': 0.4462, 'learning_rate': 7.247978943410416e-05, 'epoch': 0.94}
Best threshold: 0.3
                       precision    recall  f1-score   support

label_identity_attack       0.00      0.00      0.00       297
         label_insult       0.00      0.00      0.00      1637
        label_obscene       0.00      0.00      0.00      1780
label_severe_toxicity       0.00      0.00      0.00       353
         label_threat       0.00      0.00      0.00       102
       label_toxicity       0.00      0.00      0.00      3138

            micro avg       0.00      0.00      0.00      7307
            macro avg       0.00      0.00      0.00      7307
         weighted avg       0.00      0.00      0.00      7307
          samples avg       0.00      0.00      0.00      7307

{'eval_loss': 0.48176583647727966, 'eval_f1': 0.0, 'eval_f1_macro': 0.0, 'eval_precision': 0.0, 'eval_recall': 0.0, 'eval_roc_auc': 0.5, 'eval_accuracy': 0.8955350148832837, 'eval_hamming loss': 0.038158650582275834, 'eval_runtime': 667.2945, 'eval_samples_per_second': 47.827, 'eval_steps_per_second': 2.99, 'epoch': 0.94}
{'train_runtime': 10367.7948, 'train_samples_per_second': 123.127, 'train_steps_per_second': 10.261, 'train_loss': 0.45367532958984375, 'epoch': 0.94}
