epochs: 10, learning rate: 1e-5, batch size: 12, prediction treshold: 0.6, model: bert-large-cased 
backtranslation using original english test set
Namespace(train=['data/train_en_backtr_deepl.jsonl'], test='data/test_en.jsonl', model='bert-large-cased', batch=12, epochs=10, learning=1e-05, threshold=None, loss=True, dev=True, clean_as_label=True, binary=False, save=None)
['data/train_en_backtr_deepl.jsonl']
text      object
labels    object
dtype: object
text      object
labels    object
dtype: object
tensor([16.2248,  2.8940,  2.6981, 14.2921, 47.6901,  1.4905,  0.1590],
       device='cuda:0')
DatasetDict({
    train: Dataset({
        features: ['text', 'labels'],
        num_rows: 127656
    })
    dev: Dataset({
        features: ['text', 'labels'],
        num_rows: 31915
    })
    test: Dataset({
        features: ['text', 'labels'],
        num_rows: 63978
    })
})
huggingface/tokenizers: The current process just got forked, after parallelism has already been used. Disabling parallelism to avoid deadlocks...
To disable this warning, you can either:
	- Avoid using `tokenizers` before the fork if possible
	- Explicitly set the environment variable TOKENIZERS_PARALLELISM=(true | false)
huggingface/tokenizers: The current process just got forked, after parallelism has already been used. Disabling parallelism to avoid deadlocks...
To disable this warning, you can either:
	- Avoid using `tokenizers` before the fork if possible
	- Explicitly set the environment variable TOKENIZERS_PARALLELISM=(true | false)
huggingface/tokenizers: The current process just got forked, after parallelism has already been used. Disabling parallelism to avoid deadlocks...
To disable this warning, you can either:
	- Avoid using `tokenizers` before the fork if possible
	- Explicitly set the environment variable TOKENIZERS_PARALLELISM=(true | false)
huggingface/tokenizers: The current process just got forked, after parallelism has already been used. Disabling parallelism to avoid deadlocks...
To disable this warning, you can either:
	- Avoid using `tokenizers` before the fork if possible
	- Explicitly set the environment variable TOKENIZERS_PARALLELISM=(true | false)
huggingface/tokenizers: The current process just got forked, after parallelism has already been used. Disabling parallelism to avoid deadlocks...
To disable this warning, you can either:
	- Avoid using `tokenizers` before the fork if possible
	- Explicitly set the environment variable TOKENIZERS_PARALLELISM=(true | false)
huggingface/tokenizers: The current process just got forked, after parallelism has already been used. Disabling parallelism to avoid deadlocks...
To disable this warning, you can either:
	- Avoid using `tokenizers` before the fork if possible
	- Explicitly set the environment variable TOKENIZERS_PARALLELISM=(true | false)
huggingface/tokenizers: The current process just got forked, after parallelism has already been used. Disabling parallelism to avoid deadlocks...
To disable this warning, you can either:
	- Avoid using `tokenizers` before the fork if possible
	- Explicitly set the environment variable TOKENIZERS_PARALLELISM=(true | false)
huggingface/tokenizers: The current process just got forked, after parallelism has already been used. Disabling parallelism to avoid deadlocks...
To disable this warning, you can either:
	- Avoid using `tokenizers` before the fork if possible
	- Explicitly set the environment variable TOKENIZERS_PARALLELISM=(true | false)
{'loss': 0.1918, 'learning_rate': 9.764993419815756e-06, 'epoch': 0.24}
Best threshold: 0.5499999999999999
                       precision    recall  f1-score   support

label_identity_attack       0.34      0.54      0.42       278
         label_insult       0.65      0.78      0.71      1626
        label_obscene       0.79      0.76      0.78      1699
label_severe_toxicity       0.33      0.74      0.46       329
         label_threat       0.18      0.20      0.19        90
       label_toxicity       0.83      0.76      0.80      3099

            micro avg       0.69      0.75      0.72      7121
            macro avg       0.52      0.63      0.56      7121
         weighted avg       0.73      0.75      0.73      7121
          samples avg       0.06      0.07      0.06      7121

{'eval_loss': 0.14843684434890747, 'eval_f1': 0.7208642808912898, 'eval_f1_macro': 0.5576650171116094, 'eval_precision': 0.6942385225647029, 'eval_recall': 0.7496138182839489, 'eval_roc_auc': 0.8684311084379516, 'eval_accuracy': 0.9101362995456682, 'eval_hamming loss': 0.021588594704684317, 'eval_runtime': 676.7641, 'eval_samples_per_second': 47.158, 'eval_steps_per_second': 2.948, 'epoch': 0.24}
{'loss': 0.1421, 'learning_rate': 9.529986839631511e-06, 'epoch': 0.47}
Best threshold: 0.6499999999999999
                       precision    recall  f1-score   support

label_identity_attack       0.53      0.43      0.47       278
         label_insult       0.60      0.87      0.71      1626
        label_obscene       0.65      0.89      0.75      1699
label_severe_toxicity       0.34      0.75      0.46       329
         label_threat       0.28      0.63      0.38        90
       label_toxicity       0.81      0.78      0.79      3099

            micro avg       0.65      0.81      0.72      7121
            macro avg       0.53      0.73      0.60      7121
         weighted avg       0.68      0.81      0.73      7121
          samples avg       0.06      0.08      0.06      7121

{'eval_loss': 0.12702178955078125, 'eval_f1': 0.7224835371589841, 'eval_f1_macro': 0.5963512103345227, 'eval_precision': 0.6527651858567544, 'eval_recall': 0.8088751579834292, 'eval_roc_auc': 0.8961281560410016, 'eval_accuracy': 0.9074729750900831, 'eval_hamming loss': 0.023108256305812314, 'eval_runtime': 675.8539, 'eval_samples_per_second': 47.222, 'eval_steps_per_second': 2.952, 'epoch': 0.47}
{'loss': 0.142, 'learning_rate': 9.294980259447264e-06, 'epoch': 0.71}
Best threshold: 0.44999999999999996
                       precision    recall  f1-score   support

label_identity_attack       0.54      0.51      0.52       278
         label_insult       0.57      0.90      0.70      1626
        label_obscene       0.63      0.91      0.74      1699
label_severe_toxicity       0.33      0.82      0.47       329
         label_threat       0.59      0.36      0.44        90
       label_toxicity       0.73      0.88      0.80      3099

            micro avg       0.63      0.87      0.73      7121
            macro avg       0.57      0.73      0.61      7121
         weighted avg       0.64      0.87      0.73      7121
          samples avg       0.07      0.08      0.07      7121

{'eval_loss': 0.13544322550296783, 'eval_f1': 0.7264584560989983, 'eval_f1_macro': 0.6129440609134722, 'eval_precision': 0.6258503401360545, 'eval_recall': 0.8656087628142115, 'eval_roc_auc': 0.9228108358544369, 'eval_accuracy': 0.9001409995300016, 'eval_hamming loss': 0.02424147475063972, 'eval_runtime': 676.1384, 'eval_samples_per_second': 47.202, 'eval_steps_per_second': 2.951, 'epoch': 0.71}
{'loss': 0.1298, 'learning_rate': 9.05997367926302e-06, 'epoch': 0.94}
Best threshold: 0.49999999999999994
                       precision    recall  f1-score   support

label_identity_attack       0.46      0.60      0.52       278
         label_insult       0.68      0.81      0.74      1626
        label_obscene       0.77      0.82      0.80      1699
label_severe_toxicity       0.40      0.60      0.48       329
         label_threat       0.39      0.66      0.49        90
       label_toxicity       0.82      0.79      0.80      3099

            micro avg       0.72      0.78      0.75      7121
            macro avg       0.59      0.71      0.64      7121
         weighted avg       0.74      0.78      0.76      7121
          samples avg       0.06      0.07      0.07      7121

{'eval_loss': 0.13292816281318665, 'eval_f1': 0.7500672585418346, 'eval_f1_macro': 0.6367423104986079, 'eval_precision': 0.7197624887053052, 'eval_recall': 0.7830360904367364, 'eval_roc_auc': 0.8856303959931731, 'eval_accuracy': 0.9163089456368478, 'eval_hamming loss': 0.01940571309206747, 'eval_runtime': 675.8196, 'eval_samples_per_second': 47.224, 'eval_steps_per_second': 2.952, 'epoch': 0.94}
{'loss': 0.1041, 'learning_rate': 8.824967099078774e-06, 'epoch': 1.18}
Best threshold: 0.49999999999999994
                       precision    recall  f1-score   support

label_identity_attack       0.49      0.59      0.53       278
         label_insult       0.71      0.78      0.74      1626
        label_obscene       0.71      0.88      0.78      1699
label_severe_toxicity       0.41      0.71      0.52       329
         label_threat       0.33      0.79      0.47        90
       label_toxicity       0.78      0.84      0.81      3099

            micro avg       0.70      0.82      0.75      7121
            macro avg       0.57      0.76      0.64      7121
         weighted avg       0.71      0.82      0.76      7121
          samples avg       0.07      0.08      0.07      7121

{'eval_loss': 0.12055477499961853, 'eval_f1': 0.7538481438365024, 'eval_f1_macro': 0.6432105241811436, 'eval_precision': 0.6987171801942214, 'eval_recall': 0.8184243785985115, 'eval_roc_auc': 0.9023970522642878, 'eval_accuracy': 0.9138336205545982, 'eval_hamming loss': 0.019875711525406025, 'eval_runtime': 675.7755, 'eval_samples_per_second': 47.227, 'eval_steps_per_second': 2.952, 'epoch': 1.18}
{'loss': 0.1087, 'learning_rate': 8.58996051889453e-06, 'epoch': 1.41}
Best threshold: 0.49999999999999994
                       precision    recall  f1-score   support

label_identity_attack       0.49      0.60      0.54       278
         label_insult       0.67      0.81      0.74      1626
        label_obscene       0.75      0.85      0.79      1699
label_severe_toxicity       0.36      0.78      0.50       329
         label_threat       0.46      0.46      0.46        90
       label_toxicity       0.74      0.88      0.80      3099

            micro avg       0.68      0.83      0.75      7121
            macro avg       0.58      0.73      0.64      7121
         weighted avg       0.69      0.83      0.76      7121
          samples avg       0.07      0.08      0.07      7121

{'eval_loss': 0.13036088645458221, 'eval_f1': 0.7504737839545167, 'eval_f1_macro': 0.6370586596731798, 'eval_precision': 0.6820530485704444, 'eval_recall': 0.8341525066704114, 'eval_roc_auc': 0.9095668564192383, 'eval_accuracy': 0.9071596428011907, 'eval_hamming loss': 0.020627709018747716, 'eval_runtime': 675.7893, 'eval_samples_per_second': 47.226, 'eval_steps_per_second': 2.952, 'epoch': 1.41}
{'loss': 0.0966, 'learning_rate': 8.354953938710285e-06, 'epoch': 1.65}
Best threshold: 0.6499999999999999
                       precision    recall  f1-score   support

label_identity_attack       0.49      0.71      0.58       278
         label_insult       0.69      0.80      0.74      1626
        label_obscene       0.75      0.83      0.79      1699
label_severe_toxicity       0.39      0.77      0.52       329
         label_threat       0.40      0.61      0.48        90
       label_toxicity       0.82      0.80      0.81      3099

            micro avg       0.72      0.80      0.76      7121
            macro avg       0.59      0.75      0.65      7121
         weighted avg       0.74      0.80      0.76      7121
          samples avg       0.07      0.08      0.07      7121

{'eval_loss': 0.11946534365415573, 'eval_f1': 0.7559180425701214, 'eval_f1_macro': 0.6528101172249962, 'eval_precision': 0.7160804020100503, 'eval_recall': 0.8004493750877686, 'eval_roc_auc': 0.8940956745319354, 'eval_accuracy': 0.9167162776124079, 'eval_hamming loss': 0.019222935923546923, 'eval_runtime': 676.0941, 'eval_samples_per_second': 47.205, 'eval_steps_per_second': 2.951, 'epoch': 1.65}
{'loss': 0.1025, 'learning_rate': 8.11994735852604e-06, 'epoch': 1.88}
Best threshold: 0.5999999999999999
                       precision    recall  f1-score   support

label_identity_attack       0.45      0.69      0.55       278
         label_insult       0.71      0.78      0.75      1626
        label_obscene       0.78      0.82      0.80      1699
label_severe_toxicity       0.48      0.59      0.53       329
         label_threat       0.48      0.59      0.53        90
       label_toxicity       0.81      0.81      0.81      3099

            micro avg       0.74      0.79      0.76      7121
            macro avg       0.62      0.71      0.66      7121
         weighted avg       0.75      0.79      0.77      7121
          samples avg       0.07      0.08      0.07      7121

{'eval_loss': 0.1289249211549759, 'eval_f1': 0.7642861996330774, 'eval_f1_macro': 0.660780689771856, 'eval_precision': 0.7403896787783044, 'eval_recall': 0.789776716753265, 'eval_roc_auc': 0.889540387730808, 'eval_accuracy': 0.9195676014413285, 'eval_hamming loss': 0.01811582850279388, 'eval_runtime': 676.2019, 'eval_samples_per_second': 47.197, 'eval_steps_per_second': 2.95, 'epoch': 1.88}
{'loss': 0.0917, 'learning_rate': 7.884940778341795e-06, 'epoch': 2.12}
Best threshold: 0.49999999999999994
                       precision    recall  f1-score   support

label_identity_attack       0.56      0.59      0.57       278
         label_insult       0.73      0.74      0.73      1626
        label_obscene       0.76      0.82      0.79      1699
label_severe_toxicity       0.43      0.61      0.51       329
         label_threat       0.40      0.74      0.52        90
       label_toxicity       0.85      0.77      0.81      3099

            micro avg       0.75      0.76      0.76      7121
            macro avg       0.62      0.71      0.66      7121
         weighted avg       0.76      0.76      0.76      7121
          samples avg       0.06      0.07      0.06      7121

{'eval_loss': 0.16598913073539734, 'eval_f1': 0.7555245730219589, 'eval_f1_macro': 0.6557786994054632, 'eval_precision': 0.7501384274640088, 'eval_recall': 0.7609886251930909, 'eval_roc_auc': 0.8755992380449668, 'eval_accuracy': 0.9196929343568855, 'eval_hamming loss': 0.018314272285759048, 'eval_runtime': 676.2125, 'eval_samples_per_second': 47.197, 'eval_steps_per_second': 2.95, 'epoch': 2.12}
{'loss': 0.0708, 'learning_rate': 7.64993419815755e-06, 'epoch': 2.35}
Best threshold: 0.5999999999999999
                       precision    recall  f1-score   support

label_identity_attack       0.44      0.69      0.53       278
         label_insult       0.69      0.80      0.74      1626
        label_obscene       0.73      0.86      0.79      1699
label_severe_toxicity       0.42      0.65      0.51       329
         label_threat       0.54      0.62      0.58        90
       label_toxicity       0.83      0.79      0.81      3099

            micro avg       0.72      0.79      0.75      7121
            macro avg       0.61      0.73      0.66      7121
         weighted avg       0.74      0.79      0.76      7121
          samples avg       0.06      0.07      0.07      7121

{'eval_loss': 0.1563350409269333, 'eval_f1': 0.7540983606557378, 'eval_f1_macro': 0.6596119023385437, 'eval_precision': 0.717564996829423, 'eval_recall': 0.7945513270608061, 'eval_roc_auc': 0.8912361449562393, 'eval_accuracy': 0.9174056086479712, 'eval_hamming loss': 0.019269935766880776, 'eval_runtime': 676.2727, 'eval_samples_per_second': 47.193, 'eval_steps_per_second': 2.95, 'epoch': 2.35}
{'loss': 0.0745, 'learning_rate': 7.414927617973304e-06, 'epoch': 2.59}
Best threshold: 0.39999999999999997
                       precision    recall  f1-score   support

label_identity_attack       0.51      0.60      0.55       278
         label_insult       0.69      0.79      0.74      1626
        label_obscene       0.73      0.85      0.78      1699
label_severe_toxicity       0.35      0.74      0.48       329
         label_threat       0.47      0.68      0.55        90
       label_toxicity       0.80      0.81      0.80      3099

            micro avg       0.70      0.80      0.75      7121
            macro avg       0.59      0.74      0.65      7121
         weighted avg       0.72      0.80      0.75      7121
          samples avg       0.07      0.08      0.07      7121

{'eval_loss': 0.17183813452720642, 'eval_f1': 0.7476904933499312, 'eval_f1_macro': 0.6506411981821941, 'eval_precision': 0.7008106116433309, 'eval_recall': 0.8012919533773346, 'eval_roc_auc': 0.8940396600085313, 'eval_accuracy': 0.9131442895190349, 'eval_hamming loss': 0.020110710742075304, 'eval_runtime': 676.2385, 'eval_samples_per_second': 47.195, 'eval_steps_per_second': 2.95, 'epoch': 2.59}
{'loss': 0.0813, 'learning_rate': 7.179921037789058e-06, 'epoch': 2.82}
Best threshold: 0.5999999999999999
                       precision    recall  f1-score   support

label_identity_attack       0.51      0.60      0.55       278
         label_insult       0.73      0.73      0.73      1626
        label_obscene       0.69      0.88      0.77      1699
label_severe_toxicity       0.44      0.51      0.47       329
         label_threat       0.43      0.69      0.53        90
       label_toxicity       0.78      0.83      0.80      3099

            micro avg       0.71      0.80      0.75      7121
            macro avg       0.60      0.71      0.64      7121
         weighted avg       0.72      0.80      0.75      7121
          samples avg       0.07      0.08      0.07      7121

{'eval_loss': 0.1614878624677658, 'eval_f1': 0.7505960264900663, 'eval_f1_macro': 0.6439545666879084, 'eval_precision': 0.7102393783682166, 'eval_recall': 0.7958151944951551, 'eval_roc_auc': 0.8916375626973007, 'eval_accuracy': 0.9141469528434906, 'eval_hamming loss': 0.019666823332811112, 'eval_runtime': 676.2404, 'eval_samples_per_second': 47.195, 'eval_steps_per_second': 2.95, 'epoch': 2.82}
{'loss': 0.0789, 'learning_rate': 6.944914457604813e-06, 'epoch': 3.06}
Best threshold: 0.44999999999999996
                       precision    recall  f1-score   support

label_identity_attack       0.52      0.58      0.55       278
         label_insult       0.70      0.78      0.74      1626
        label_obscene       0.76      0.83      0.79      1699
label_severe_toxicity       0.42      0.57      0.49       329
         label_threat       0.45      0.58      0.50        90
       label_toxicity       0.79      0.83      0.81      3099

            micro avg       0.72      0.79      0.76      7121
            macro avg       0.61      0.69      0.65      7121
         weighted avg       0.73      0.79      0.76      7121
          samples avg       0.07      0.08      0.07      7121

{'eval_loss': 0.17882508039474487, 'eval_f1': 0.7560583746150756, 'eval_f1_macro': 0.6454817092754238, 'eval_precision': 0.7223998976589484, 'eval_recall': 0.7930066001966016, 'eval_roc_auc': 0.8906183628257658, 'eval_accuracy': 0.9154316152279492, 'eval_hamming loss': 0.019029714345396628, 'eval_runtime': 676.5605, 'eval_samples_per_second': 47.172, 'eval_steps_per_second': 2.949, 'epoch': 3.06}
{'train_runtime': 31889.1499, 'train_samples_per_second': 40.031, 'train_steps_per_second': 3.336, 'train_loss': 0.10882318584735577, 'epoch': 3.06}
Best threshold: 0.6499999999999999
                       precision    recall  f1-score   support

label_identity_attack       0.42      0.81      0.56       712
         label_insult       0.67      0.72      0.69      3427
        label_obscene       0.60      0.79      0.68      3691
label_severe_toxicity       0.23      0.78      0.35       367
         label_threat       0.36      0.85      0.51       211
       label_toxicity       0.58      0.86      0.69      6090

            micro avg       0.56      0.80      0.66     14498
            macro avg       0.48      0.80      0.58     14498
         weighted avg       0.59      0.80      0.67     14498
          samples avg       0.07      0.07      0.07     14498

huggingface/tokenizers: The current process just got forked, after parallelism has already been used. Disabling parallelism to avoid deadlocks...
To disable this warning, you can either:
	- Avoid using `tokenizers` before the fork if possible
	- Explicitly set the environment variable TOKENIZERS_PARALLELISM=(true | false)
huggingface/tokenizers: The current process just got forked, after parallelism has already been used. Disabling parallelism to avoid deadlocks...
To disable this warning, you can either:
	- Avoid using `tokenizers` before the fork if possible
	- Explicitly set the environment variable TOKENIZERS_PARALLELISM=(true | false)
{'epoch': 3.06,
 'eval_accuracy': 0.8751445809497015,
 'eval_f1': 0.6629529629103311,
 'eval_f1_macro': 0.580076733944313,
 'eval_hamming loss': 0.03089343211729032,
 'eval_loss': 0.12708838284015656,
 'eval_precision': 0.5637840189490985,
 'eval_recall': 0.8044557870051041,
 'eval_roc_auc': 0.8900124997239561,
 'eval_runtime': 1386.1877,
 'eval_samples_per_second': 46.154,
 'eval_steps_per_second': 2.885}
F1: 0.6629529629103311
Best threshold: 0.6499999999999999
                       precision    recall  f1-score   support

label_identity_attack       0.42      0.81      0.56       712
         label_insult       0.67      0.72      0.69      3427
        label_obscene       0.60      0.79      0.68      3691
label_severe_toxicity       0.23      0.78      0.35       367
         label_threat       0.36      0.85      0.51       211
       label_toxicity       0.58      0.86      0.69      6090

            micro avg       0.56      0.80      0.66     14498
            macro avg       0.48      0.80      0.58     14498
         weighted avg       0.59      0.80      0.67     14498
          samples avg       0.07      0.07      0.07     14498

Best threshold: 0.3
                       precision    recall  f1-score   support

label_identity_attack       0.29      0.89      0.44       712
         label_insult       0.52      0.86      0.65      3427
        label_obscene       0.51      0.87      0.64      3691
label_severe_toxicity       0.18      0.88      0.30       367
         label_threat       0.31      0.91      0.46       211
       label_toxicity       0.50      0.93      0.65      6090

            micro avg       0.47      0.90      0.61     14498
            macro avg       0.39      0.89      0.52     14498
         weighted avg       0.49      0.90      0.63     14498
          samples avg       0.07      0.09      0.07     14498

