epochs: 4, learning rate: 2e-5, batch size: 8, prediction treshold: 0.5, model: TurkuNLP/bert-base-finnish-cased-v1 
Translated train and test
[{'id': 'ee9697785fe41ff8', 'label_identity_attack': 0, 'label_insult': 0, 'label_obscene': 0, 'label_severe_toxicity': 0, 'label_threat': 0, 'label_toxicity': 0, 'lang': 'fi-deepl', 'text': '"\nKiitos Xeno. - Talk - "'}, {'id': '29fec512f2ee929e', 'label_identity_attack': 0, 'label_insult': 0, 'label_obscene': 0, 'label_severe_toxicity': 0, 'label_threat': 0, 'label_toxicity': 0, 'lang': 'fi-deepl', 'text': '2009 (UTC)\nKorjattu 03:36, 8 kesäkuu'}, {'id': '88944b29dde50648', 'label_identity_attack': 0, 'label_insult': 0, 'label_obscene': 0, 'label_severe_toxicity': 0, 'label_threat': 0, 'label_toxicity': 0, 'lang': 'fi-deepl', 'text': 'Kysymys\nMitä vikaa tekemässäni korjauksessa oli?'}]
                 id  ...                                               text
0  ee9697785fe41ff8  ...                         "\nKiitos Xeno. - Talk - "
1  29fec512f2ee929e  ...              2009 (UTC)\nKorjattu 03:36, 8 kesäkuu
2  88944b29dde50648  ...  Kysymys\nMitä vikaa tekemässäni korjauksessa oli?
3  c7bf1f59096102f3  ...  Olen itse asiassa nyt samaa mieltä. (Uskomaton...
4  7d71ee0e8ea0794a  ...  Kisumu \n\nHuomasin, että olet osallistunut Ki...

[5 rows x 9 columns]
                 id  ...              labels
0  ee9697785fe41ff8  ...  [0, 0, 0, 0, 0, 0]
1  29fec512f2ee929e  ...  [0, 0, 0, 0, 0, 0]
2  88944b29dde50648  ...  [0, 0, 0, 0, 0, 0]
3  c7bf1f59096102f3  ...  [0, 0, 0, 0, 0, 0]
4  7d71ee0e8ea0794a  ...  [0, 0, 0, 0, 0, 0]

[5 rows x 10 columns]
                                                text              labels
0                         "\nKiitos Xeno. - Talk - "  [0, 0, 0, 0, 0, 0]
1              2009 (UTC)\nKorjattu 03:36, 8 kesäkuu  [0, 0, 0, 0, 0, 0]
2  Kysymys\nMitä vikaa tekemässäni korjauksessa oli?  [0, 0, 0, 0, 0, 0]
3  Olen itse asiassa nyt samaa mieltä. (Uskomaton...  [0, 0, 0, 0, 0, 0]
4  Kisumu \n\nHuomasin, että olet osallistunut Ki...  [0, 0, 0, 0, 0, 0]
[{'id': '879ad7bdba4cedaa', 'label_identity_attack': 0, 'label_insult': 0, 'label_obscene': 0, 'label_severe_toxicity': 0, 'label_threat': 0, 'label_toxicity': 0, 'lang': 'fi-deepl', 'text': '" \n\n Hei Pieter Pietersen, ja tervetuloa Wikipediaan!   \n\n Tervetuloa Wikipediaan! Toivottavasti viihdyt tietosanakirjassa ja haluat jäädä tänne. Ensimmäiseksi voit lukea johdannon. \n\n Jos sinulla on kysyttävää, voit kysyä minulta keskustelusivullani - autan mielelläni. Tai voit kysyä kysymyksesi Uusien avustajien ohjesivulla. \n\n - \n Seuraavassa on lisää resursseja, jotka auttavat sinua tutkimaan ja osallistumaan maailman suurinta tietosanakirjaa.... \n\n  Löydät perille:  \n\n  \n * Sisällysluettelo \n\n * Osastohakemisto \n\n  \n  Tarvitsetko apua?  \n\n  \n * Kysymykset - opas siitä, mistä voi esittää kysymyksiä. \n * Huijausluettelo - pikaohje Wikipedian merkintäkoodeista. \n\n * Wikipedian 5 pilaria - yleiskatsaus Wikipedian perustaan. \n * The Simplified Ruleset - yhteenveto Wikipedian tärkeimmistä säännöistä. \n\n  \n  Miten voit auttaa:  \n\n  \n * Wikipedian avustaminen - opas siitä, miten voit auttaa. \n\n * Yhteisöportaali - Wikipedian toiminnan keskus. \n\n  \n  Lisää vinkkejä...   \n\n  \n * Allekirjoita viestisi keskustelusivuilla neljällä tildillä (~~~~). Tämä lisää automaattisesti ""allekirjoituksesi"" (käyttäjänimesi ja päivämääräleima). Myös Wikipedian tekstinmuokkausikkunan yläpuolella olevassa työkalupalkissa oleva painike tekee tämän.  \n\n * Jos haluat leikkiä uusilla Wiki-taidoillasi, Hiekkalaatikko on sinua varten.  \n\n  \n  Onnea ja hauskaa. "'}, {'id': '8889526d5dccab4a', 'label_identity_attack': 0, 'label_insult': 0, 'label_obscene': 0, 'label_severe_toxicity': 0, 'label_threat': 0, 'label_toxicity': 0, 'lang': 'fi-deepl', 'text': '" \n\n Sinut on väliaikaisesti estetty muokkaamasta Wikipediaa ilkivallan vuoksi. Jos haluat antaa hyödyllisiä panoksia, voit palata takaisin, kun esto päättyy. 123 "'}, {'id': '3f49e23388bc4c07', 'label_identity_attack': 0, 'label_insult': 0, 'label_obscene': 1, 'label_severe_toxicity': 0, 'label_threat': 0, 'label_toxicity': 1, 'lang': 'fi-deepl', 'text': '{Tule!!!!! FUCK..... ok mies, olen todella todella todella todella todella todella todella todella............ todella todella todella todella todella todella..... (hengittää syvään).... todella todella todella todella todella pahoillani! BLING!'}]
                 id  ...                                               text
0  879ad7bdba4cedaa  ...  " \n\n Hei Pieter Pietersen, ja tervetuloa Wik...
1  8889526d5dccab4a  ...  " \n\n Sinut on väliaikaisesti estetty muokkaa...
2  3f49e23388bc4c07  ...  {Tule!!!!! FUCK..... ok mies, olen todella tod...
3  2bf685b152948de4  ...  " \n\n == Zeqin kieltäminen== \n Zeqin välimie...
4  02511a5f1990bec2  ...         . Tämä tili on Dantherocker1:n sukkanukke.

[5 rows x 9 columns]
                 id  ...              labels
0  879ad7bdba4cedaa  ...  [0, 0, 0, 0, 0, 0]
1  8889526d5dccab4a  ...  [0, 0, 0, 0, 0, 0]
2  3f49e23388bc4c07  ...  [0, 0, 1, 0, 0, 1]
3  2bf685b152948de4  ...  [0, 0, 0, 0, 0, 0]
4  02511a5f1990bec2  ...  [0, 0, 0, 0, 0, 0]

[5 rows x 10 columns]
                                                text              labels
0  " \n\n Hei Pieter Pietersen, ja tervetuloa Wik...  [0, 0, 0, 0, 0, 0]
1  " \n\n Sinut on väliaikaisesti estetty muokkaa...  [0, 0, 0, 0, 0, 0]
2  {Tule!!!!! FUCK..... ok mies, olen todella tod...  [0, 0, 1, 0, 0, 1]
3  " \n\n == Zeqin kieltäminen== \n Zeqin välimie...  [0, 0, 0, 0, 0, 0]
4         . Tämä tili on Dantherocker1:n sukkanukke.  [0, 0, 0, 0, 0, 0]
DatasetDict({
    train: Dataset({
        features: ['text', 'labels'],
        num_rows: 127656
    })
    dev: Dataset({
        features: ['text', 'labels'],
        num_rows: 31915
    })
    test: Dataset({
        features: ['text', 'labels'],
        num_rows: 63978
    })
})
huggingface/tokenizers: The current process just got forked, after parallelism has already been used. Disabling parallelism to avoid deadlocks...
To disable this warning, you can either:
	- Avoid using `tokenizers` before the fork if possible
	- Explicitly set the environment variable TOKENIZERS_PARALLELISM=(true | false)
huggingface/tokenizers: The current process just got forked, after parallelism has already been used. Disabling parallelism to avoid deadlocks...
To disable this warning, you can either:
	- Avoid using `tokenizers` before the fork if possible
	- Explicitly set the environment variable TOKENIZERS_PARALLELISM=(true | false)
huggingface/tokenizers: The current process just got forked, after parallelism has already been used. Disabling parallelism to avoid deadlocks...
To disable this warning, you can either:
	- Avoid using `tokenizers` before the fork if possible
	- Explicitly set the environment variable TOKENIZERS_PARALLELISM=(true | false)
{'loss': 0.0539, 'learning_rate': 1.5000000000000002e-05, 'epoch': 1.0}
{'eval_loss': 0.0491633266210556, 'eval_f1': 0.7222177581357975, 'eval_roc_auc': 0.8141293952985726, 'eval_accuracy': 0.9213849287169043, 'eval_runtime': 264.4561, 'eval_samples_per_second': 120.682, 'eval_steps_per_second': 3.774, 'epoch': 1.0}
{'loss': 0.0393, 'learning_rate': 1e-05, 'epoch': 2.0}
{'eval_loss': 0.045446284115314484, 'eval_f1': 0.7594098163203854, 'eval_roc_auc': 0.8520726658583747, 'eval_accuracy': 0.9240795864013787, 'eval_runtime': 264.1344, 'eval_samples_per_second': 120.829, 'eval_steps_per_second': 3.778, 'epoch': 2.0}
{'loss': 0.0292, 'learning_rate': 5e-06, 'epoch': 3.0}
{'eval_loss': 0.05213569104671478, 'eval_f1': 0.7620178041543025, 'eval_roc_auc': 0.8582686142244834, 'eval_accuracy': 0.9241109196302679, 'eval_runtime': 264.3095, 'eval_samples_per_second': 120.749, 'eval_steps_per_second': 3.776, 'epoch': 3.0}
{'loss': 0.0205, 'learning_rate': 0.0, 'epoch': 4.0}
{'eval_loss': 0.06163904070854187, 'eval_f1': 0.7625847396509446, 'eval_roc_auc': 0.8682636797850197, 'eval_accuracy': 0.9223249255835814, 'eval_runtime': 264.2185, 'eval_samples_per_second': 120.79, 'eval_steps_per_second': 3.777, 'epoch': 4.0}
{'train_runtime': 10304.7127, 'train_samples_per_second': 49.552, 'train_steps_per_second': 6.194, 'train_loss': 0.03573759102527006, 'epoch': 4.0}
{'epoch': 4.0,
 'eval_accuracy': 0.8709556410015943,
 'eval_f1': 0.6490189597668339,
 'eval_loss': 0.10021491348743439,
 'eval_roc_auc': 0.8616589299614383,
 'eval_runtime': 533.9325,
 'eval_samples_per_second': 119.824,
 'eval_steps_per_second': 3.746}
F1: 0.6490189597668339
                       precision    recall  f1-score   support

label_identity_attack       0.58      0.56      0.57       712
         label_insult       0.66      0.68      0.67      3427
        label_obscene       0.61      0.73      0.66      3691
label_severe_toxicity       0.32      0.48      0.39       367
         label_threat       0.59      0.53      0.56       211
       label_toxicity       0.54      0.84      0.66      6090

            micro avg       0.57      0.74      0.65     14498
            macro avg       0.55      0.63      0.58     14498
         weighted avg       0.58      0.74      0.65     14498
          samples avg       0.07      0.07      0.07     14498

{0: 'label_identity_attack', 1: 'label_insult', 2: 'label_obscene', 3: 'label_severe_toxicity', 4: 'label_threat', 5: 'label_toxicity'}
END: ke 22.6.2022 14.53.14 +0300
