epochs: 4, learning rate: 2e-5, batch size: 8, prediction treshold: 0.5, model: xlm-roberta-base 
transfer from english train to translated finnish test
DatasetDict({
    train: Dataset({
        features: ['text', 'labels'],
        num_rows: 127656
    })
    dev: Dataset({
        features: ['text', 'labels'],
        num_rows: 31915
    })
    test: Dataset({
        features: ['text', 'labels'],
        num_rows: 63978
    })
})
huggingface/tokenizers: The current process just got forked, after parallelism has already been used. Disabling parallelism to avoid deadlocks...
To disable this warning, you can either:
	- Avoid using `tokenizers` before the fork if possible
	- Explicitly set the environment variable TOKENIZERS_PARALLELISM=(true | false)
huggingface/tokenizers: The current process just got forked, after parallelism has already been used. Disabling parallelism to avoid deadlocks...
To disable this warning, you can either:
	- Avoid using `tokenizers` before the fork if possible
	- Explicitly set the environment variable TOKENIZERS_PARALLELISM=(true | false)
huggingface/tokenizers: The current process just got forked, after parallelism has already been used. Disabling parallelism to avoid deadlocks...
To disable this warning, you can either:
	- Avoid using `tokenizers` before the fork if possible
	- Explicitly set the environment variable TOKENIZERS_PARALLELISM=(true | false)
{'loss': 0.2601, 'learning_rate': 1.5000000000000002e-05, 'epoch': 1.0}
{'eval_loss': 0.46533915400505066, 'eval_f1_micro': 0.4578600854733762, 'eval_f1_weighted': 0.44366349175333514, 'eval_roc_auc': 0.6975784020076494, 'eval_accuracy': 0.8680015005158023, 'eval_runtime': 552.8692, 'eval_samples_per_second': 115.72, 'eval_steps_per_second': 3.617, 'epoch': 1.0}
{'loss': 0.1962, 'learning_rate': 1e-05, 'epoch': 2.0}
{'eval_loss': 0.6132376194000244, 'eval_f1_micro': 0.38484238137617693, 'eval_f1_weighted': 0.367422097634504, 'eval_roc_auc': 0.6379616347271707, 'eval_accuracy': 0.8839288505423739, 'eval_runtime': 553.061, 'eval_samples_per_second': 115.68, 'eval_steps_per_second': 3.616, 'epoch': 2.0}
{'loss': 0.158, 'learning_rate': 5e-06, 'epoch': 3.0}
{'eval_loss': 0.5952143669128418, 'eval_f1_micro': 0.4350555696954272, 'eval_f1_weighted': 0.41812964579439654, 'eval_roc_auc': 0.6715077448052551, 'eval_accuracy': 0.8756291225108631, 'eval_runtime': 553.6719, 'eval_samples_per_second': 115.552, 'eval_steps_per_second': 3.612, 'epoch': 3.0}
{'loss': 0.1303, 'learning_rate': 0.0, 'epoch': 4.0}
{'eval_loss': 0.5969287157058716, 'eval_f1_micro': 0.4515273311897106, 'eval_f1_weighted': 0.43107454175185306, 'eval_roc_auc': 0.687266202758028, 'eval_accuracy': 0.8662196380005627, 'eval_runtime': 554.6299, 'eval_samples_per_second': 115.353, 'eval_steps_per_second': 3.606, 'epoch': 4.0}
{'train_runtime': 12966.0633, 'train_samples_per_second': 39.382, 'train_steps_per_second': 4.923, 'train_loss': 0.1861204685345773, 'epoch': 4.0}
{'epoch': 4.0,
 'eval_accuracy': 0.8680015005158023,
 'eval_f1_micro': 0.4578600854733762,
 'eval_f1_weighted': 0.44366349175333514,
 'eval_loss': 0.46533915400505066,
 'eval_roc_auc': 0.6975784020076494,
 'eval_runtime': 553.4182,
 'eval_samples_per_second': 115.605,
 'eval_steps_per_second': 3.614}
F1_micro: 0.4578600854733762
F1_weighted: 0.44366349175333514
                       precision    recall  f1-score   support

label_identity_attack       0.51      0.29      0.37       712
         label_insult       0.52      0.44      0.48      3427
        label_obscene       0.61      0.24      0.35      3691
label_severe_toxicity       0.28      0.13      0.18       367
         label_threat       0.04      0.01      0.02       211
       label_toxicity       0.51      0.54      0.52      6090

            micro avg       0.52      0.41      0.46     14498
            macro avg       0.41      0.28      0.32     14498
         weighted avg       0.52      0.41      0.44     14498
          samples avg       0.05      0.04      0.04     14498

{0: 'label_identity_attack', 1: 'label_insult', 2: 'label_obscene', 3: 'label_severe_toxicity', 4: 'label_threat', 5: 'label_toxicity'}
END: ti 28.6.2022 13.20.53 +0300
