epochs: 4, learning rate: 2e-5, batch size: 8, prediction treshold: 0.5, model: xlm-roberta-base 
Translated train and test
Namespace(batch=8, dev=False, epochs=4, learning=2e-05, loss=True, model='xlm-roberta-base', test='data/test_fi_deepl.jsonl', threshold=0.5, train='data/train_fi_deepl.jsonl')
DatasetDict({
    train: Dataset({
        features: ['text', 'labels'],
        num_rows: 159571
    })
    test: Dataset({
        features: ['text', 'labels'],
        num_rows: 63978
    })
})
huggingface/tokenizers: The current process just got forked, after parallelism has already been used. Disabling parallelism to avoid deadlocks...
To disable this warning, you can either:
	- Avoid using `tokenizers` before the fork if possible
	- Explicitly set the environment variable TOKENIZERS_PARALLELISM=(true | false)
huggingface/tokenizers: The current process just got forked, after parallelism has already been used. Disabling parallelism to avoid deadlocks...
To disable this warning, you can either:
	- Avoid using `tokenizers` before the fork if possible
	- Explicitly set the environment variable TOKENIZERS_PARALLELISM=(true | false)
huggingface/tokenizers: The current process just got forked, after parallelism has already been used. Disabling parallelism to avoid deadlocks...
To disable this warning, you can either:
	- Avoid using `tokenizers` before the fork if possible
	- Explicitly set the environment variable TOKENIZERS_PARALLELISM=(true | false)
{'loss': 0.284, 'learning_rate': 1.5000000000000002e-05, 'epoch': 1.0}
{'eval_loss': 0.26449984312057495, 'eval_f1_micro': 0.6018182898567949, 'eval_f1_weighted': 0.6138748640046694, 'eval_roc_auc': 0.837063334151901, 'eval_accuracy': 0.8854137359717403, 'eval_runtime': 545.6431, 'eval_samples_per_second': 117.252, 'eval_steps_per_second': 3.665, 'epoch': 1.0}
{'loss': 0.2266, 'learning_rate': 1e-05, 'epoch': 2.0}
{'eval_loss': 0.23145364224910736, 'eval_f1_micro': 0.6342934445634406, 'eval_f1_weighted': 0.6388121776361134, 'eval_roc_auc': 0.8749155834096058, 'eval_accuracy': 0.8749413861014724, 'eval_runtime': 545.5603, 'eval_samples_per_second': 117.27, 'eval_steps_per_second': 3.666, 'epoch': 2.0}
{'loss': 0.1876, 'learning_rate': 5e-06, 'epoch': 3.0}
{'eval_loss': 0.2203257977962494, 'eval_f1_micro': 0.6210477610405634, 'eval_f1_weighted': 0.6229079107924516, 'eval_roc_auc': 0.899926728151504, 'eval_accuracy': 0.8533871018162493, 'eval_runtime': 547.7184, 'eval_samples_per_second': 116.808, 'eval_steps_per_second': 3.652, 'epoch': 3.0}
{'loss': 0.157, 'learning_rate': 0.0, 'epoch': 4.0}
{'eval_loss': 0.22675655782222748, 'eval_f1_micro': 0.6421898049500082, 'eval_f1_weighted': 0.6445234359044736, 'eval_roc_auc': 0.8913505008563514, 'eval_accuracy': 0.8669855262746569, 'eval_runtime': 545.9854, 'eval_samples_per_second': 117.179, 'eval_steps_per_second': 3.663, 'epoch': 4.0}
{'train_runtime': 16030.7112, 'train_samples_per_second': 39.816, 'train_steps_per_second': 4.977, 'train_loss': 0.21382706347112818, 'epoch': 4.0}
{'epoch': 4.0,
 'eval_accuracy': 0.8533871018162493,
 'eval_f1_micro': 0.6210477610405634,
 'eval_f1_weighted': 0.6229079107924516,
 'eval_loss': 0.2203257977962494,
 'eval_roc_auc': 0.899926728151504,
 'eval_runtime': 546.1709,
 'eval_samples_per_second': 117.139,
 'eval_steps_per_second': 3.662}
F1_micro: 0.6210477610405634
F1_weighted: 0.6229079107924516
                       precision    recall  f1-score   support

label_identity_attack       0.43      0.81      0.56       712
         label_insult       0.52      0.81      0.64      3427
        label_obscene       0.53      0.80      0.64      3691
label_severe_toxicity       0.27      0.73      0.39       367
         label_threat       0.42      0.39      0.41       211
       label_toxicity       0.49      0.89      0.63      6090

            micro avg       0.50      0.83      0.62     14498
            macro avg       0.44      0.74      0.54     14498
         weighted avg       0.50      0.83      0.62     14498
          samples avg       0.07      0.08      0.07     14498

{0: 'label_identity_attack', 1: 'label_insult', 2: 'label_obscene', 3: 'label_severe_toxicity', 4: 'label_threat', 5: 'label_toxicity'}
END: ti 28.6.2022 19.56.11 +0300
