epochs: 4, learning rate: 2e-5, batch size: 8, prediction treshold: 0.5, model: xlm-roberta-base 
transfer from english train to translated finnish test
Namespace(batch=8, binary=False, clean_as_label=False, dev=False, epochs=4, learning=2e-05, loss=True, model='xlm-roberta-base', test='data/test_fi_deepl.jsonl', threshold=0.5, train='data/train_en.jsonl')
tensor([18.9289,  3.3763,  3.1477, 16.6741, 55.6384,  1.7389], device='cuda:0')
DatasetDict({
    train: Dataset({
        features: ['text', 'labels'],
        num_rows: 159571
    })
    test: Dataset({
        features: ['text', 'labels'],
        num_rows: 63978
    })
})
huggingface/tokenizers: The current process just got forked, after parallelism has already been used. Disabling parallelism to avoid deadlocks...
To disable this warning, you can either:
	- Avoid using `tokenizers` before the fork if possible
	- Explicitly set the environment variable TOKENIZERS_PARALLELISM=(true | false)
huggingface/tokenizers: The current process just got forked, after parallelism has already been used. Disabling parallelism to avoid deadlocks...
To disable this warning, you can either:
	- Avoid using `tokenizers` before the fork if possible
	- Explicitly set the environment variable TOKENIZERS_PARALLELISM=(true | false)
huggingface/tokenizers: The current process just got forked, after parallelism has already been used. Disabling parallelism to avoid deadlocks...
To disable this warning, you can either:
	- Avoid using `tokenizers` before the fork if possible
	- Explicitly set the environment variable TOKENIZERS_PARALLELISM=(true | false)
{'loss': 0.2569, 'learning_rate': 1.5000000000000002e-05, 'epoch': 1.0}
{'eval_loss': 0.6261819005012512, 'eval_f1': 0.3891032917139614, 'eval_f1_weighted': 0.39316140332303984, 'eval_precision': 0.5692839112528232, 'eval_recall': 0.2955580080011036, 'eval_roc_auc': 0.6433904505175942, 'eval_accuracy': 0.897089624558442, 'eval_runtime': 541.6695, 'eval_samples_per_second': 118.113, 'eval_steps_per_second': 3.692, 'epoch': 1.0}
{'loss': 0.1972, 'learning_rate': 1e-05, 'epoch': 2.0}
{'eval_loss': 0.6029015779495239, 'eval_f1': 0.3807712718910313, 'eval_f1_weighted': 0.37705155774587257, 'eval_precision': 0.530564456494947, 'eval_recall': 0.2969375086218789, 'eval_roc_auc': 0.6433126777481434, 'eval_accuracy': 0.8857263434305542, 'eval_runtime': 539.7555, 'eval_samples_per_second': 118.531, 'eval_steps_per_second': 3.705, 'epoch': 2.0}
{'loss': 0.1596, 'learning_rate': 5e-06, 'epoch': 3.0}
{'eval_loss': 0.5452872514724731, 'eval_f1': 0.4465582570255763, 'eval_f1_weighted': 0.4237876901130208, 'eval_precision': 0.5219597711754936, 'eval_recall': 0.39019175058628774, 'eval_roc_auc': 0.6880825823890099, 'eval_accuracy': 0.8605927037419113, 'eval_runtime': 539.502, 'eval_samples_per_second': 118.587, 'eval_steps_per_second': 3.707, 'epoch': 3.0}
{'loss': 0.1276, 'learning_rate': 0.0, 'epoch': 4.0}
{'eval_loss': 0.6275720596313477, 'eval_f1': 0.43445723349737664, 'eval_f1_weighted': 0.4163518488011823, 'eval_precision': 0.5293884428585588, 'eval_recall': 0.3683956407780383, 'eval_roc_auc': 0.6777706606305115, 'eval_accuracy': 0.865531901591172, 'eval_runtime': 539.6625, 'eval_samples_per_second': 118.552, 'eval_steps_per_second': 3.706, 'epoch': 4.0}
{'train_runtime': 15349.9448, 'train_samples_per_second': 41.582, 'train_steps_per_second': 5.198, 'train_loss': 0.18532195339622656, 'epoch': 4.0}
F1: 0.4465582570255763
                       precision    recall  f1-score   support

label_identity_attack       0.53      0.35      0.42       712
         label_insult       0.66      0.28      0.40      3427
        label_obscene       0.59      0.21      0.31      3691
label_severe_toxicity       0.24      0.09      0.13       367
         label_threat       0.40      0.08      0.13       211
       label_toxicity       0.49      0.59      0.53      6090

            micro avg       0.52      0.39      0.45     14498
            macro avg       0.48      0.27      0.32     14498
         weighted avg       0.55      0.39      0.42     14498
          samples avg       0.05      0.04      0.04     14498

{0: 'label_identity_attack', 1: 'label_insult', 2: 'label_obscene', 3: 'label_severe_toxicity', 4: 'label_threat', 5: 'label_toxicity'}
63978 63978 63978
END: ke 3.8.2022 20.51.25 +0300
