epochs: 4, learning rate: 8e-6, batch size: 8, prediction treshold: 0.6, model: TurkuNLP/bert-base-finnish-cased-v1 
Translated train and test
Namespace(batch=8, binary=False, clean_as_label=False, dev=False, epochs=4, learning=8e-06, loss=True, model='TurkuNLP/bert-base-finnish-cased-v1', test='data/test_fi_deepl.jsonl', threshold=0.6, train='data/train_fi_deepl.jsonl')
tensor([18.9289,  3.3763,  3.1477, 16.6741, 55.6384,  1.7389], device='cuda:0')
DatasetDict({
    train: Dataset({
        features: ['text', 'labels'],
        num_rows: 159571
    })
    test: Dataset({
        features: ['text', 'labels'],
        num_rows: 63978
    })
})
huggingface/tokenizers: The current process just got forked, after parallelism has already been used. Disabling parallelism to avoid deadlocks...
To disable this warning, you can either:
	- Avoid using `tokenizers` before the fork if possible
	- Explicitly set the environment variable TOKENIZERS_PARALLELISM=(true | false)
huggingface/tokenizers: The current process just got forked, after parallelism has already been used. Disabling parallelism to avoid deadlocks...
To disable this warning, you can either:
	- Avoid using `tokenizers` before the fork if possible
	- Explicitly set the environment variable TOKENIZERS_PARALLELISM=(true | false)
huggingface/tokenizers: The current process just got forked, after parallelism has already been used. Disabling parallelism to avoid deadlocks...
To disable this warning, you can either:
	- Avoid using `tokenizers` before the fork if possible
	- Explicitly set the environment variable TOKENIZERS_PARALLELISM=(true | false)
{'loss': 0.2034, 'learning_rate': 6e-06, 'epoch': 1.0}
{'eval_loss': 0.189136803150177, 'eval_f1': 0.6579695019423668, 'eval_f1_weighted': 0.6633054978786486, 'eval_precision': 0.5675135027005401, 'eval_recall': 0.7827286522278935, 'eval_roc_auc': 0.8796579070761256, 'eval_accuracy': 0.8879771171340148, 'eval_runtime': 539.1114, 'eval_samples_per_second': 118.673, 'eval_steps_per_second': 3.71, 'epoch': 1.0}
{'loss': 0.1466, 'learning_rate': 4e-06, 'epoch': 2.0}
{'eval_loss': 0.1803235560655594, 'eval_f1': 0.6414373291579311, 'eval_f1_weighted': 0.6486001592760162, 'eval_precision': 0.5212871500668593, 'eval_recall': 0.8335632501034625, 'eval_roc_auc': 0.901758748261521, 'eval_accuracy': 0.869314451842821, 'eval_runtime': 536.6974, 'eval_samples_per_second': 119.207, 'eval_steps_per_second': 3.726, 'epoch': 2.0}
{'loss': 0.1118, 'learning_rate': 2e-06, 'epoch': 3.0}
{'eval_loss': 0.20848172903060913, 'eval_f1': 0.6566611607905679, 'eval_f1_weighted': 0.6605704930611811, 'eval_precision': 0.5592258440046566, 'eval_recall': 0.7952131328459098, 'eval_roc_auc': 0.8853058923021546, 'eval_accuracy': 0.870924380255713, 'eval_runtime': 539.1756, 'eval_samples_per_second': 118.659, 'eval_steps_per_second': 3.709, 'epoch': 3.0}
{'loss': 0.0875, 'learning_rate': 0.0, 'epoch': 4.0}
{'eval_loss': 0.23044665157794952, 'eval_f1': 0.6543420230590106, 'eval_f1_weighted': 0.6571007591489735, 'eval_precision': 0.5561401815022206, 'eval_recall': 0.7946613325975996, 'eval_roc_auc': 0.8848837973056494, 'eval_accuracy': 0.8704398386945512, 'eval_runtime': 534.1303, 'eval_samples_per_second': 119.78, 'eval_steps_per_second': 3.744, 'epoch': 4.0}
{'train_runtime': 13305.1282, 'train_samples_per_second': 47.973, 'train_steps_per_second': 5.997, 'train_loss': 0.13735270078256206, 'epoch': 4.0}
F1: 0.6414373291579311
                       precision    recall  f1-score   support

label_identity_attack       0.42      0.79      0.55       712
         label_insult       0.57      0.80      0.66      3427
        label_obscene       0.55      0.82      0.65      3691
label_severe_toxicity       0.22      0.82      0.35       367
         label_threat       0.39      0.81      0.52       211
       label_toxicity       0.55      0.87      0.67      6090

            micro avg       0.52      0.83      0.64     14498
            macro avg       0.45      0.82      0.57     14498
         weighted avg       0.53      0.83      0.65     14498
          samples avg       0.07      0.08      0.07     14498

{0: 'label_identity_attack', 1: 'label_insult', 2: 'label_obscene', 3: 'label_severe_toxicity', 4: 'label_threat', 5: 'label_toxicity'}
63978 63978 63978
END: pe 5.8.2022 18.06.29 +0300
