epochs: 4, learning rate: 2e-5, batch size: 8, prediction treshold: 0.5, model: xlm-roberta-base 
binary evaluation
Translated train and test
Namespace(batch=8, binary=True, clean_as_label=True, dev=False, epochs=4, learning=2e-05, loss=True, model='xlm-roberta-base', test='data/test_fi_deepl.jsonl', threshold=0.5, train='data/train_fi_deepl.jsonl')
tensor([16.2248,  2.8940,  2.6981, 14.2921, 47.6901,  1.4905,  0.1590],
       device='cuda:0')
DatasetDict({
    train: Dataset({
        features: ['text', 'labels'],
        num_rows: 159571
    })
    test: Dataset({
        features: ['text', 'labels'],
        num_rows: 63978
    })
})
huggingface/tokenizers: The current process just got forked, after parallelism has already been used. Disabling parallelism to avoid deadlocks...
To disable this warning, you can either:
	- Avoid using `tokenizers` before the fork if possible
	- Explicitly set the environment variable TOKENIZERS_PARALLELISM=(true | false)
huggingface/tokenizers: The current process just got forked, after parallelism has already been used. Disabling parallelism to avoid deadlocks...
To disable this warning, you can either:
	- Avoid using `tokenizers` before the fork if possible
	- Explicitly set the environment variable TOKENIZERS_PARALLELISM=(true | false)
huggingface/tokenizers: The current process just got forked, after parallelism has already been used. Disabling parallelism to avoid deadlocks...
To disable this warning, you can either:
	- Avoid using `tokenizers` before the fork if possible
	- Explicitly set the environment variable TOKENIZERS_PARALLELISM=(true | false)
{'loss': 0.23, 'learning_rate': 1.5000000000000002e-05, 'epoch': 1.0}
{'eval_loss': 0.23988312482833862, 'eval_accuracy': 0.9338053705961424, 'eval_f1': 0.6627379151071116, 'eval_precision': 0.6590117199873298, 'eval_recall': 0.6665064872657376, 'eval_runtime': 543.7543, 'eval_samples_per_second': 117.66, 'eval_steps_per_second': 3.678, 'epoch': 1.0}
{'loss': 0.1914, 'learning_rate': 1e-05, 'epoch': 2.0}
{'eval_loss': 0.2004687637090683, 'eval_accuracy': 0.9166432211072556, 'eval_f1': 0.6592549996805316, 'eval_precision': 0.5483630952380952, 'eval_recall': 0.8263655293929201, 'eval_runtime': 541.336, 'eval_samples_per_second': 118.185, 'eval_steps_per_second': 3.695, 'epoch': 2.0}
{'loss': 0.1576, 'learning_rate': 5e-06, 'epoch': 3.0}
{'eval_loss': 0.19407214224338531, 'eval_accuracy': 0.9046859858076214, 'eval_f1': 0.6418839558374442, 'eval_precision': 0.5067222994900324, 'eval_recall': 0.8753804260772065, 'eval_runtime': 539.7585, 'eval_samples_per_second': 118.531, 'eval_steps_per_second': 3.705, 'epoch': 3.0}
{'loss': 0.1343, 'learning_rate': 0.0, 'epoch': 4.0}
{'eval_loss': 0.20310166478157043, 'eval_accuracy': 0.914548751133202, 'eval_f1': 0.6604980438427622, 'eval_precision': 0.5393509127789047, 'eval_recall': 0.8518340541406375, 'eval_runtime': 537.0804, 'eval_samples_per_second': 119.122, 'eval_steps_per_second': 3.724, 'epoch': 4.0}
{'train_runtime': 15946.9281, 'train_samples_per_second': 40.026, 'train_steps_per_second': 5.003, 'train_loss': 0.17832911206396168, 'epoch': 4.0}
F1: 0.6448241442076214
              precision    recall  f1-score   support

       clean       0.00      0.00      0.00         0
       toxic       1.00      0.98      0.99     63978

    accuracy                           0.98     63978
   macro avg       0.50      0.49      0.49     63978
weighted avg       1.00      0.98      0.99     63978

                       precision    recall  f1-score   support

label_identity_attack       0.35      0.79      0.49       712
         label_insult       0.50      0.82      0.62      3427
        label_obscene       0.52      0.82      0.64      3691
label_severe_toxicity       0.23      0.75      0.36       367
         label_threat       0.21      0.41      0.28       211
       label_toxicity       0.50      0.88      0.64      6090

            micro avg       0.48      0.84      0.61     14498
            macro avg       0.39      0.74      0.50     14498
         weighted avg       0.49      0.84      0.61     14498
          samples avg       0.07      0.08      0.07     14498

END: ti 2.8.2022 20.16.44 +0300
