epochs: 4, learning rate: 2e-5, batch size: 8, prediction treshold: 0.4, model: TurkuNLP/bert-base-finnish-cased-v1 
binary evaluation
Translated train and test
Namespace(batch=8, binary=True, clean_as_label=True, dev=False, epochs=4, learning=2e-05, loss=True, model='TurkuNLP/bert-base-finnish-cased-v1', test='data/test_fi_deepl.jsonl', threshold=0.4, train='data/train_fi_deepl.jsonl')
tensor([16.2248,  2.8940,  2.6981, 14.2921, 47.6901,  1.4905,  0.1590],
       device='cuda:0')
DatasetDict({
    train: Dataset({
        features: ['text', 'labels'],
        num_rows: 159571
    })
    test: Dataset({
        features: ['text', 'labels'],
        num_rows: 63978
    })
})
huggingface/tokenizers: The current process just got forked, after parallelism has already been used. Disabling parallelism to avoid deadlocks...
To disable this warning, you can either:
	- Avoid using `tokenizers` before the fork if possible
	- Explicitly set the environment variable TOKENIZERS_PARALLELISM=(true | false)
huggingface/tokenizers: The current process just got forked, after parallelism has already been used. Disabling parallelism to avoid deadlocks...
To disable this warning, you can either:
	- Avoid using `tokenizers` before the fork if possible
	- Explicitly set the environment variable TOKENIZERS_PARALLELISM=(true | false)
huggingface/tokenizers: The current process just got forked, after parallelism has already been used. Disabling parallelism to avoid deadlocks...
To disable this warning, you can either:
	- Avoid using `tokenizers` before the fork if possible
	- Explicitly set the environment variable TOKENIZERS_PARALLELISM=(true | false)
{'loss': 0.1732, 'learning_rate': 1.5000000000000002e-05, 'epoch': 1.0}
{'eval_loss': 0.17760883271694183, 'eval_accuracy': 0.9321798118103098, 'eval_f1': 0.6922913268562513, 'eval_precision': 0.6211504199541868, 'eval_recall': 0.7818356559346468, 'eval_runtime': 523.8302, 'eval_samples_per_second': 122.135, 'eval_steps_per_second': 3.818, 'epoch': 1.0}
{'loss': 0.1261, 'learning_rate': 1e-05, 'epoch': 2.0}
{'eval_loss': 0.15802116692066193, 'eval_accuracy': 0.9155178342555254, 'eval_f1': 0.6660488106271238, 'eval_precision': 0.5421444377388855, 'eval_recall': 0.8633669710075285, 'eval_runtime': 524.2189, 'eval_samples_per_second': 122.044, 'eval_steps_per_second': 3.815, 'epoch': 2.0}
{'loss': 0.0904, 'learning_rate': 5e-06, 'epoch': 3.0}
{'eval_loss': 0.17991794645786285, 'eval_accuracy': 0.9139704273343962, 'eval_f1': 0.6668684178670864, 'eval_precision': 0.5359470765638681, 'eval_recall': 0.8824283197180842, 'eval_runtime': 524.2231, 'eval_samples_per_second': 122.043, 'eval_steps_per_second': 3.815, 'epoch': 3.0}
{'loss': 0.0617, 'learning_rate': 0.0, 'epoch': 4.0}
{'eval_loss': 0.21544337272644043, 'eval_accuracy': 0.9159242239519835, 'eval_f1': 0.6669143600222924, 'eval_precision': 0.5436099333737129, 'eval_recall': 0.8625660740028832, 'eval_runtime': 524.0435, 'eval_samples_per_second': 122.085, 'eval_steps_per_second': 3.816, 'epoch': 4.0}
{'train_runtime': 13184.8838, 'train_samples_per_second': 48.41, 'train_steps_per_second': 6.051, 'train_loss': 0.11287833290446245, 'epoch': 4.0}
F1: 0.6660488106271238
              precision    recall  f1-score   support

       clean       0.98      0.92      0.95     57735
       toxic       0.54      0.86      0.67      6243

    accuracy                           0.92     63978
   macro avg       0.76      0.89      0.81     63978
weighted avg       0.94      0.92      0.92     63978

                       precision    recall  f1-score   support

label_identity_attack       0.34      0.83      0.48       712
         label_insult       0.51      0.84      0.63      3427
        label_obscene       0.51      0.86      0.64      3691
label_severe_toxicity       0.17      0.88      0.28       367
         label_threat       0.29      0.77      0.42       211
       label_toxicity       0.53      0.87      0.66      6090

            micro avg       0.48      0.85      0.61     14498
            macro avg       0.39      0.84      0.52     14498
         weighted avg       0.50      0.85      0.63     14498
          samples avg       0.06      0.08      0.07     14498

END: ke 3.8.2022 19.15.58 +0300
