epochs: 4, learning rate: 2e-5, batch size: 8, prediction treshold: 0.7, model: TurkuNLP/bert-base-finnish-cased-v1 
binary evaluation
Translated train and test
Namespace(batch=8, binary=True, clean_as_label=True, dev=False, epochs=4, learning=2e-05, loss=True, model='TurkuNLP/bert-base-finnish-cased-v1', test='data/test_fi_deepl.jsonl', threshold=0.7, train='data/train_fi_deepl.jsonl')
tensor([16.2248,  2.8940,  2.6981, 14.2921, 47.6901,  1.4905,  0.1590],
       device='cuda:0')
DatasetDict({
    train: Dataset({
        features: ['text', 'labels'],
        num_rows: 159571
    })
    test: Dataset({
        features: ['text', 'labels'],
        num_rows: 63978
    })
})
huggingface/tokenizers: The current process just got forked, after parallelism has already been used. Disabling parallelism to avoid deadlocks...
To disable this warning, you can either:
	- Avoid using `tokenizers` before the fork if possible
	- Explicitly set the environment variable TOKENIZERS_PARALLELISM=(true | false)
huggingface/tokenizers: The current process just got forked, after parallelism has already been used. Disabling parallelism to avoid deadlocks...
To disable this warning, you can either:
	- Avoid using `tokenizers` before the fork if possible
	- Explicitly set the environment variable TOKENIZERS_PARALLELISM=(true | false)
huggingface/tokenizers: The current process just got forked, after parallelism has already been used. Disabling parallelism to avoid deadlocks...
To disable this warning, you can either:
	- Avoid using `tokenizers` before the fork if possible
	- Explicitly set the environment variable TOKENIZERS_PARALLELISM=(true | false)
{'loss': 0.1732, 'learning_rate': 1.5000000000000002e-05, 'epoch': 1.0}
{'eval_loss': 0.16981662809848785, 'eval_accuracy': 0.9399793679077183, 'eval_f1': 0.6942188246536073, 'eval_precision': 0.6902612826603325, 'eval_recall': 0.6982220086496876, 'eval_runtime': 527.0705, 'eval_samples_per_second': 121.384, 'eval_steps_per_second': 3.795, 'epoch': 1.0}
{'loss': 0.1258, 'learning_rate': 1e-05, 'epoch': 2.0}
{'eval_loss': 0.1603483110666275, 'eval_accuracy': 0.9192847541342336, 'eval_f1': 0.6712084553673756, 'eval_precision': 0.5570115185459157, 'eval_recall': 0.8443056222969726, 'eval_runtime': 527.4034, 'eval_samples_per_second': 121.308, 'eval_steps_per_second': 3.792, 'epoch': 2.0}
{'loss': 0.0917, 'learning_rate': 5e-06, 'epoch': 3.0}
{'eval_loss': 0.18385988473892212, 'eval_accuracy': 0.9253024477164025, 'eval_f1': 0.6877491016007841, 'eval_precision': 0.5807768704480247, 'eval_recall': 0.8430241870895403, 'eval_runtime': 527.5756, 'eval_samples_per_second': 121.268, 'eval_steps_per_second': 3.791, 'epoch': 3.0}
{'loss': 0.0644, 'learning_rate': 0.0, 'epoch': 4.0}
{'eval_loss': 0.2082643359899521, 'eval_accuracy': 0.9225202413329582, 'eval_f1': 0.6794697704494019, 'eval_precision': 0.569724571676426, 'eval_recall': 0.841582572481179, 'eval_runtime': 528.3643, 'eval_samples_per_second': 121.087, 'eval_steps_per_second': 3.785, 'epoch': 4.0}
{'train_runtime': 13611.0679, 'train_samples_per_second': 46.894, 'train_steps_per_second': 5.862, 'train_loss': 0.1137807074122401, 'epoch': 4.0}
F1: 0.6712084553673756
              precision    recall  f1-score   support

       clean       0.98      0.93      0.95     57735
       toxic       0.56      0.84      0.67      6243

    accuracy                           0.92     63978
   macro avg       0.77      0.89      0.81     63978
weighted avg       0.94      0.92      0.93     63978

                       precision    recall  f1-score   support

label_identity_attack       0.49      0.75      0.59       712
         label_insult       0.57      0.77      0.66      3427
        label_obscene       0.56      0.80      0.66      3691
label_severe_toxicity       0.22      0.83      0.35       367
         label_threat       0.35      0.73      0.47       211
       label_toxicity       0.55      0.85      0.67      6090

            micro avg       0.53      0.81      0.64     14498
            macro avg       0.46      0.79      0.57     14498
         weighted avg       0.54      0.81      0.65     14498
          samples avg       0.07      0.08      0.07     14498

END: ke 3.8.2022 19.33.42 +0300
