START: ma 15.8.2022 11.05.18 +0300
Namespace(data='data/reddit-Suomi.jsonl', model='models/multi-toxic', threshold=0.75, type='multi')
        text
0  [deleted]
1  [deleted]
2  [deleted]
3  [deleted]
4  [deleted]
10000
[[0.0003497153811622411, 0.0005716662271879613, 0.0008507528691552579, 0.00022854589042253792, 0.0003584376536309719, 0.003066040575504303], [0.0003497153811622411, 0.0005716662271879613, 0.0008507528691552579, 0.00022854589042253792, 0.0003584376536309719, 0.003066040575504303], [0.0003497153811622411, 0.0005716662271879613, 0.0008507528691552579, 0.00022854589042253792, 0.0003584376536309719, 0.003066040575504303], [0.0003497153811622411, 0.0005716662271879613, 0.0008507528691552579, 0.00022854589042253792, 0.0003584376536309719, 0.003066040575504303], [0.0003497153811622411, 0.0005716662271879613, 0.0008507528691552579, 0.00022854589042253792, 0.0003584376536309719, 0.003066040575504303], [0.0003897532296832651, 0.0004632089694496244, 0.000721478252671659, 0.0002836358326021582, 0.00035105267306789756, 0.0022771540097892284], [0.0003497153811622411, 0.0005716662271879613, 0.0008507528691552579, 0.00022854589042253792, 0.0003584376536309719, 0.003066040575504303], [0.00045404903357848525, 0.00048304488882422447, 0.0007229059701785445, 0.00036631355760619044, 0.00040300682303495705, 0.0018954221159219742], [0.00043031148379668593, 0.0004691947251558304, 0.000716006790753454, 0.0003431848017498851, 0.0003935889108106494, 0.0019802208989858627], [0.0004548829747363925, 0.0004805800272151828, 0.0007240900886245072, 0.00037598892231471837, 0.000416283291997388, 0.0019155126065015793]]
[array([0., 0., 0., 0., 0., 0.]), array([0., 0., 0., 0., 0., 0.]), array([0., 0., 0., 0., 0., 0.]), array([0., 0., 0., 0., 0., 0.]), array([0., 0., 0., 0., 0., 0.]), array([0., 0., 0., 0., 0., 0.]), array([0., 0., 0., 0., 0., 0.]), array([0., 0., 0., 0., 0., 0.]), array([0., 0., 0., 0., 0., 0.]), array([0., 0., 0., 0., 0., 0.])]
[([], []), ([], []), ([], []), ([], []), ([], []), ([], []), ([], []), ([], []), ([], []), ([], []), ([], []), ([], []), (['label_toxicity'], [0.822920560836792]), ([], []), ([], []), ([], []), ([], []), ([], []), ([], []), ([], [])]
(('clean', 0.003066040575504303), ('clean', 0.003066040575504303), ('clean', 0.003066040575504303), ('clean', 0.003066040575504303), ('clean', 0.003066040575504303))
TOXIC
[('vitun loiset',
  ((0.7975144386291504, 'label_identity_attack'),
   (0.9844582080841064, 'label_insult'), (0.9948833584785461, 'label_obscene'),
   (0.9285773634910583, 'label_severe_toxicity'),
   (0.0433417409658432, 'label_threat'),
   (0.9955360889434814, 'label_toxicity')),
  ('toxic', 0.9955360889434814),
  (['label_identity_attack', 'label_insult', 'label_obscene',
    'label_severe_toxicity', 'label_toxicity'],
   [0.7975144386291504, 0.9844582080841064, 0.9948833584785461,
    0.9285773634910583, 0.9955360889434814])),
 ('&gt;AR: AHAHAHAHAHAHAHAHAHH EI VITTU, KAKKASIN HOUSUUN! TÄÄ OLI PARAS IDEA '
  'MAAILMASSA AHAHAHAHAHAHH!\n'
  '\n'
  '&gt;Kymmenen minuutin päästä:\n'
  '\n'
  '&gt;VK: EI HELVETTI, NIIN MÄKIN! AHAHAHAHAHAHAHHAHHHAH! Ahahahaah ei haise, '
  'lämpöstä! Toi viereinen poika tsiigaa, kun mä nauran niin paljon.\n'
  '\n'
  '&gt;AR: Miten sä onnistuit?\n'
  '\n'
  '&gt;VK: No kakkasin vaan.\n'
  '\n'
  'Jahas. Fiktionaalista provokaatiodialogia vai oikeita imbesillejä?',
  ((0.9391962885856628, 'label_identity_attack'),
   (0.9868257641792297, 'label_insult'), (0.9926865100860596, 'label_obscene'),
   (0.9656522870063782, 'label_severe_toxicity'),
   (0.06271320581436157, 'label_threat'),
   (0.9954224228858948, 'label_toxicity')),
  ('toxic', 0.9954224228858948),
  (['label_identity_attack', 'label_insult', 'label_obscene',
    'label_severe_toxicity', 'label_toxicity'],
   [0.9391962885856628, 0.9868257641792297, 0.9926865100860596,
    0.9656522870063782, 0.9954224228858948])),
 ('VOI VITUN VITUN VITTU\n'
  '\n'
  'Tällä saatanan hyysärihuoralla on logiikka revitty ku piirretystä! "Ootko '
  'työtön? No mikset mee töihin!?"\n'
  '\n'
  '"Afrikassa pulaa vedestä? Rakennetaan hanoja!"',
  ((0.46544772386550903, 'label_identity_attack'),
   (0.9827070832252502, 'label_insult'), (0.9943548440933228, 'label_obscene'),
   (0.9702394604682922, 'label_severe_toxicity'),
   (0.03505187854170799, 'label_threat'),
   (0.9951826930046082, 'label_toxicity')),
  ('toxic', 0.9951826930046082),
  (['label_insult', 'label_obscene', 'label_severe_toxicity', 'label_toxicity'],
   [0.9827070832252502, 0.9943548440933228, 0.9702394604682922,
    0.9951826930046082])),
 ('Vitun korvamato',
  ((0.3183695673942566, 'label_identity_attack'),
   (0.98382967710495, 'label_insult'), (0.9948487877845764, 'label_obscene'),
   (0.9511802792549133, 'label_severe_toxicity'),
   (0.022200675681233406, 'label_threat'),
   (0.9948522448539734, 'label_toxicity')),
  ('toxic', 0.9948522448539734),
  (['label_insult', 'label_obscene', 'label_severe_toxicity', 'label_toxicity'],
   [0.98382967710495, 0.9948487877845764, 0.9511802792549133,
    0.9948522448539734])),
 ('saatanan tunari',
  ((0.1532222479581833, 'label_identity_attack'),
   (0.9769644141197205, 'label_insult'), (0.99319988489151, 'label_obscene'),
   (0.8342472314834595, 'label_severe_toxicity'),
   (0.027021707966923714, 'label_threat'),
   (0.9941312670707703, 'label_toxicity')),
  ('toxic', 0.9941312670707703),
  (['label_insult', 'label_obscene', 'label_severe_toxicity', 'label_toxicity'],
   [0.9769644141197205, 0.99319988489151, 0.8342472314834595,
    0.9941312670707703])),
 ('Mä en jumalauta ymmärrä. Mikä helvetti siinä on et eilen erehdyin näkemään '
  'savolaisen räkänokan hakkaamassa naulalla kättä pöytään kii ja nyt ollaa '
  'taas savonlinnassa tönimässä vanhusta ojaan? Vitun savolaiset...',
  ((0.8517558574676514, 'label_identity_attack'),
   (0.9791176319122314, 'label_insult'), (0.9933322072029114, 'label_obscene'),
   (0.8485993146896362, 'label_severe_toxicity'),
   (0.04090894013643265, 'label_threat'),
   (0.99368816614151, 'label_toxicity')),
  ('toxic', 0.99368816614151),
  (['label_identity_attack', 'label_insult', 'label_obscene',
    'label_severe_toxicity', 'label_toxicity'],
   [0.8517558574676514, 0.9791176319122314, 0.9933322072029114,
    0.8485993146896362, 0.99368816614151])),
 ('Tuomas Enbuske voisi muuttaa jenkkeihin kun vituttaa aina suomalainen '
  'sosialismi ja "rikkaiden ryöstö". Vitun kaljuuntuva hipsterijätös.',
  ((0.4503639042377472, 'label_identity_attack'),
   (0.971262514591217, 'label_insult'), (0.9909359812736511, 'label_obscene'),
   (0.6645577549934387, 'label_severe_toxicity'),
   (0.03792456537485123, 'label_threat'),
   (0.993567168712616, 'label_toxicity')),
  ('toxic', 0.993567168712616),
  (['label_insult', 'label_obscene', 'label_toxicity'],
   [0.971262514591217, 0.9909359812736511, 0.993567168712616])),
 ('Vitun amatöörit. Itse en voi oikein käsittää kyllä vieläkään sitä miten se '
  'vitun talvi yllättää - joka saatanan ikinen talvi. Ei se nyt oikeesti voi '
  'olla niin vaikeeta vähän vähentää sitä vauhtia, jos kelit on luokkaa '
  'pulkkamäki ja näkyvyys nolla.\n'
  '\n'
  'TLDR roadrage on pc\n',
  ((0.10477757453918457, 'label_identity_attack'),
   (0.9744880199432373, 'label_insult'), (0.9923779964447021, 'label_obscene'),
   (0.8023152351379395, 'label_severe_toxicity'),
   (0.01885317638516426, 'label_threat'),
   (0.9930189251899719, 'label_toxicity')),
  ('toxic', 0.9930189251899719),
  (['label_insult', 'label_obscene', 'label_severe_toxicity', 'label_toxicity'],
   [0.9744880199432373, 0.9923779964447021, 0.8023152351379395,
    0.9930189251899719])),
 ('Ketä vittu kiinnostaa rasistiset suomalaiset vihaiset miehet? Menisivät '
  'huoriin itkemästä.',
  ((0.9779983758926392, 'label_identity_attack'),
   (0.9787984490394592, 'label_insult'), (0.9875333309173584, 'label_obscene'),
   (0.8436883687973022, 'label_severe_toxicity'),
   (0.04837604984641075, 'label_threat'),
   (0.992422878742218, 'label_toxicity')),
  ('toxic', 0.992422878742218),
  (['label_identity_attack', 'label_insult', 'label_obscene',
    'label_severe_toxicity', 'label_toxicity'],
   [0.9779983758926392, 0.9787984490394592, 0.9875333309173584,
    0.8436883687973022, 0.992422878742218])),
 ('No voi vittu mikä paskiainen.',
  ((0.06938182562589645, 'label_identity_attack'),
   (0.9620060324668884, 'label_insult'), (0.9918363690376282, 'label_obscene'),
   (0.6811245679855347, 'label_severe_toxicity'),
   (0.014044723473489285, 'label_threat'),
   (0.990748941898346, 'label_toxicity')),
  ('toxic', 0.9918363690376282),
  (['label_insult', 'label_obscene', 'label_toxicity'],
   [0.9620060324668884, 0.9918363690376282, 0.990748941898346]))]
NEUTRAL
[('Hilpeää ja ei yllätä pätkääkään: kokoomuksen elinkeinoministeri ehdolla '
  'elinkeinoelämän keskusliiton johtoon. Isorahainen ja vaikutusvaltainen '
  'duuni tarjottu, niin pian voikin haistattaa paskat ministerin ja '
  'kansanedustajan pestille.',
  ((0.0067997947335243225, 'label_identity_attack'),
   (0.1803968995809555, 'label_insult'), (0.5868654847145081, 'label_obscene'),
   (0.006286555901169777, 'label_severe_toxicity'),
   (0.004344427492469549, 'label_threat'),
   (0.7682471871376038, 'label_toxicity')),
  ('toxic', 0.7682471871376038), (['label_toxicity'], [0.7682471871376038])),
 ('Sehän menee niin että jengi kuulee artistia/bändiä netistä vaikkapa '
  'laillisten radioasemien ja/tai lataamalla jonkin piraatin ja sitten menee '
  'keikalle katsomaan livenä ko. tyyppiä.\n'
  '\n'
  'Nykyisin joku Scorpions käy vaikkapa Oulussa keikalla ja tekee tilin 5000 '
  'kuulijaa kertaa 75euroa = 375 000 euroa. Yritäpä saada sama summa '
  'levymyynnillä jossakin Oulussa. Toki Chisua v****ttaa kun ei pääse samoille '
  'summille, mutta hei, ilman piratismia 60% jengistä tuskin tietäisi edes ko. '
  'artistista, tahi vaivautuisi keikalle.\n'
  '\n'
  'Taitaa Chisun keikkamyynnit pudota ensi kesänä ärsytettyään musiikin '
  'kuuntelijoita. Ja olen takuuvarma että nämä artistit imuttavat sitä '
  '"laitonta" kamaa netistä enemmän kuin keskiverto kuluttaja...',
  ((0.008234056644141674, 'label_identity_attack'),
   (0.17941559851169586, 'label_insult'), (0.587347149848938, 'label_obscene'),
   (0.006719105876982212, 'label_severe_toxicity'),
   (0.0035362625494599342, 'label_threat'),
   (0.7675979733467102, 'label_toxicity')),
  ('toxic', 0.7675979733467102), (['label_toxicity'], [0.7675979733467102])),
 ('Muidenko se näiden adrealiininarkkien mokailut pitäisi maksaa? Itte on '
  'sinne menny, tulkoon poiskin. Aivan varmasti jo nyt menny monta sataa '
  'tonnia näiden pelleilyyn. \n'
  '\n'
  'Kaikki moiset avut pois, että idiootit molemmilta puolelta tajuaisi ettei '
  'turistien kaappaminen ole kannattavaa / ei tartte apua tulla vinkumaan jos '
  'jossain pahaa tapahtuu.  Hommatkoon sellaisen vakuutuksen joka kattaa '
  'taisteluosaston lähettämisen, jos on tarvis, aina ***tana yhteiskunta '
  'pistetään maksamaan näiden perseilyt. Kumpi on sitten tärkeämpää? 100 000 '
  'köyhän lääkkeet kuukaudeksi vai parin urpon pelastaminen Jemenistä. '
  'Mjaa-a. ',
  ((0.016355562955141068, 'label_identity_attack'),
   (0.32763007283210754, 'label_insult'), (0.3307149112224579, 'label_obscene'),
   (0.005070959217846394, 'label_severe_toxicity'),
   (0.005790188442915678, 'label_threat'),
   (0.7655091285705566, 'label_toxicity')),
  ('toxic', 0.7655091285705566), (['label_toxicity'], [0.7655091285705566])),
 ('Järjestän sitte perkele :D',
  ((0.00469958083704114, 'label_identity_attack'),
   (0.0900762528181076, 'label_insult'), (0.6312118768692017, 'label_obscene'),
   (0.009725705720484257, 'label_severe_toxicity'),
   (0.011705017648637295, 'label_threat'),
   (0.7642500996589661, 'label_toxicity')),
  ('toxic', 0.7642500996589661), (['label_toxicity'], [0.7642500996589661])),
 ('Heräsipä muistot santiksesta, 300+ aamua puhdasta paskaa. Aika ei ole '
  'kullannut mitään.',
  ((0.006051237694919109, 'label_identity_attack'),
   (0.1753779649734497, 'label_insult'), (0.6360262036323547, 'label_obscene'),
   (0.006057028658688068, 'label_severe_toxicity'),
   (0.0034347902983427048, 'label_threat'),
   (0.7613434791564941, 'label_toxicity')),
  ('toxic', 0.7613434791564941), (['label_toxicity'], [0.7613434791564941])),
 ('Johtunee ihan siitä, että elokuvalla on vähän liian kansallismielinen '
  'viesti. Pitäähän seuraavan sukupolven hävetä kulttuuriaan aina edellistä '
  'enemmän. \n'
  '\n'
  'PS. Mikä helvetin Meku? Miksi sitä tarvitaan/rahoitetaan?',
  ((0.007024731952697039, 'label_identity_attack'),
   (0.13091211020946503, 'label_insult'), (0.575212836265564, 'label_obscene'),
   (0.006527593359351158, 'label_severe_toxicity'),
   (0.005141244735568762, 'label_threat'),
   (0.7590534090995789, 'label_toxicity')),
  ('toxic', 0.7590534090995789), (['label_toxicity'], [0.7590534090995789])),
 ('Olenko mä nyt ainoa jonka mielestä tässä on aika selkeästi kyse '
  'journalismin kritiikistä? Siis siitä miten ja mistä uutisia/artikkeleita '
  'kirjoitetaan. Avataan tää huikea akateemisuus nyt kuolevaisten '
  'selkokielelle: uutisointi on paskaa ja tämä tempaus kritisoi sitä '
  'uutisoimalla paskasta. Get it? ',
  ((0.006145875435322523, 'label_identity_attack'),
   (0.14050498604774475, 'label_insult'), (0.6335626244544983, 'label_obscene'),
   (0.006338600534945726, 'label_severe_toxicity'),
   (0.0034994585439562798, 'label_threat'),
   (0.7579792737960815, 'label_toxicity')),
  ('toxic', 0.7579792737960815), (['label_toxicity'], [0.7579792737960815])),
 ('Ilmeisesti myös piraattilahti.fi on estolistalla, vaikka ei ole missään '
  'tekemisissä The Pirate Bayn kanssa. Tällä hetkellä näyttää forwardoivan '
  'effi.org:n etusivulle mutta olisikohan aikaisemmin jossain vaiheessa '
  'linkittänyt tai forwardoinut TPB:n etusivulle? Mikä lienee ollut '
  'perusteluna estolle, olisiko kenties ollut avunanto '
  'tekijänoikeusrikkomukseen? Mielenkiintoinen ennakkotapaus, jos näin tosiaan '
  'on, että uudelleenohjauksesta tai linkittämisestä pääsee oikeuden '
  'vahvistamalle estolistalle. \n'
  '\n'
  'Ja ulosottomies vieläpä toimeenpanemassa IP-sulkuja kesken '
  'valitusprosessin. Tekisipä mieleni sanoa, että vittu mitä perseilyä.',
  ((0.005202041007578373, 'label_identity_attack'),
   (0.144407257437706, 'label_insult'), (0.6774073839187622, 'label_obscene'),
   (0.006986528635025024, 'label_severe_toxicity'),
   (0.003286415711045265, 'label_threat'),
   (0.7578338980674744, 'label_toxicity')),
  ('toxic', 0.7578338980674744), (['label_toxicity'], [0.7578338980674744])),
 ('Huomenna penkkarit. Jos sunnuntain abiristeilyreissulle (meidän lukio joutu '
  'paskaan) joku lähössä niin miitti pystyyn! Huolettaa tosin liikaa juominen, '
  'joka on ainakin itselle lähes väistämätöntä.',
  ((0.006571934558451176, 'label_identity_attack'),
   (0.12935416400432587, 'label_insult'), (0.5595647692680359, 'label_obscene'),
   (0.006097238976508379, 'label_severe_toxicity'),
   (0.005779547616839409, 'label_threat'),
   (0.7551088333129883, 'label_toxicity')),
  ('toxic', 0.7551088333129883), (['label_toxicity'], [0.7551088333129883])),
 ('"Bittorrent-tekniikalla ladattuja levyjä ei voi imuroida pelkästään omaan '
  'käyttöön, vaan siinä samalla tulee jakaneeksi levyä muille.", uskomatonta '
  'paskaa toi TTVK saa lehdistölle syötettyä ja ne julkaisee kaiken.',
  ((0.005677429493516684, 'label_identity_attack'),
   (0.12972848117351532, 'label_insult'), (0.5884543061256409, 'label_obscene'),
   (0.0063611590303480625, 'label_severe_toxicity'),
   (0.004679070319980383, 'label_threat'),
   (0.754614531993866, 'label_toxicity')),
  ('toxic', 0.754614531993866), (['label_toxicity'], [0.754614531993866]))]
[('jaa niin.. emmä siellä ollu mutta aattelin vaan että ois ihan kiva että ois '
  'emännillä vähän kiinteempiä perseitä ja paremmat lihakset.',
  ((0.005911963060498238, 'label_identity_attack'),
   (0.1639125496149063, 'label_insult'), (0.5692320466041565, 'label_obscene'),
   (0.005997946951538324, 'label_severe_toxicity'),
   (0.0031937488820403814, 'label_threat'),
   (0.7493670582771301, 'label_toxicity')),
  ('clean', 0.7493670582771301), ([], [])),
 ('Paskat on jo housuissa, ei siinä potan vaihto enää auta.',
  ((0.005261923186480999, 'label_identity_attack'),
   (0.10987485945224762, 'label_insult'), (0.575316309928894, 'label_obscene'),
   (0.006274315994232893, 'label_severe_toxicity'),
   (0.003668086836114526, 'label_threat'),
   (0.7486491799354553, 'label_toxicity')),
  ('clean', 0.7486491799354553), ([], [])),
 ('Eikös se tee sinustakin silloin "ääliön"? /s :D',
  ((0.012562954798340797, 'label_identity_attack'),
   (0.5262094736099243, 'label_insult'), (0.15859344601631165, 'label_obscene'),
   (0.0056764306500554085, 'label_severe_toxicity'),
   (0.004451218526810408, 'label_threat'),
   (0.748071014881134, 'label_toxicity')),
  ('clean', 0.748071014881134), ([], [])),
 ('Helvetin siistiä.',
  ((0.004692034795880318, 'label_identity_attack'),
   (0.08534218370914459, 'label_insult'), (0.6714324951171875, 'label_obscene'),
   (0.009132987819612026, 'label_severe_toxicity'),
   (0.005080875474959612, 'label_threat'),
   (0.7478200793266296, 'label_toxicity')),
  ('clean', 0.7478200793266296), ([], [])),
 ('Kevyesti risoo, kun muuten niin ajattelevat ihmiset tuolla naamakirjan '
  'seinälläkin suu vaahdossa kauhistellen linkittävät tätä Turun Sanomien '
  '"uutista". Että hemmetin urpot, jos olette olevinaan niin älykkäitä, niin '
  'oi missä onkaan nyt se lähdekritiikki?',
  ((0.013314631767570972, 'label_identity_attack'),
   (0.2843519449234009, 'label_insult'), (0.3865192234516144, 'label_obscene'),
   (0.004794170614331961, 'label_severe_toxicity'),
   (0.0038697770796716213, 'label_threat'),
   (0.7462918162345886, 'label_toxicity')),
  ('clean', 0.7462918162345886), ([], [])),
 ('No eihän oikeet komero ihmiset menis jonnekkin puistoon miittiin vaikka '
  'aseella uhattais.\n'
  '\n'
  'Nää on näitä "nörttejä".',
  ((0.03836136683821678, 'label_identity_attack'),
   (0.3808799684047699, 'label_insult'), (0.1708420068025589, 'label_obscene'),
   (0.005407456308603287, 'label_severe_toxicity'),
   (0.0082058971747756, 'label_threat'),
   (0.7442833185195923, 'label_toxicity')),
  ('clean', 0.7442833185195923), ([], [])),
 ('Vaikka vasemmistolaisena ei pitäisi miellyttää, olen helvetin tyytyväinen!',
  ((0.005994522478431463, 'label_identity_attack'),
   (0.09122411161661148, 'label_insult'), (0.6231806874275208, 'label_obscene'),
   (0.00815617572516203, 'label_severe_toxicity'),
   (0.0062989662401378155, 'label_threat'),
   (0.7441427111625671, 'label_toxicity')),
  ('clean', 0.7441427111625671), ([], [])),
 ("Thank you for your reply! You guys have really cheered me up, now I'm "
  'actually counting the days to go there and enjoy the pleasant finnish '
  "summer. I'm pretty sure now that Finland is a great place to live if the "
  "country itself is not as great as I expect it to be I'm pretty sure finns "
  'are one of the most lovely people in this world. You guys just helped to '
  'confirm my bias, haha. \n'
  '\n'
  "I have endured 2 finnish winters too and although I'm not a sucker for "
  'melancholy like yourself I have certainly enjoyed the beautiful landscapes '
  'and the cold days. \n'
  '\n'
  'Last year, I was there during the summer and it also was absolutely '
  'amazing. The nights in Helsinki are pretty damn awesome! \n'
  '\n'
  'As I have already said since the very first day I was there I fell in love '
  'with the country. One of the most interesting people and one of the most '
  "interesting cultures I've had the chance to know. That's coming from "
  'someone who has absolutely traveled all over Europe and part of Asia.',
  ((0.03642290085554123, 'label_identity_attack'),
   (0.35811370611190796, 'label_insult'),
   (0.18839848041534424, 'label_obscene'),
   (0.010343707166612148, 'label_severe_toxicity'),
   (0.007944324053823948, 'label_threat'),
   (0.743406355381012, 'label_toxicity')),
  ('clean', 0.743406355381012), ([], [])),
 ('Veikkaisin, että aika kaukaa historiasta pitää kaivaa edellistä kertaa, kun '
  'valtiopäivätoimen pääasiallinen sisältö on ollut vittuilu. Eikä kyllä niin '
  'hirveän oivaltava sellainen edes, mutta menee kivasti "Itämeri uudelleen '
  'nimettävä"-toiminnan jatkeeksi toki.',
  ((0.0055802506394684315, 'label_identity_attack'),
   (0.13533098995685577, 'label_insult'), (0.6683257222175598, 'label_obscene'),
   (0.006394810508936644, 'label_severe_toxicity'),
   (0.003167809685692191, 'label_threat'),
   (0.7423427104949951, 'label_toxicity')),
  ('clean', 0.7423427104949951), ([], [])),
 ('Olenko yksin, vai oliko tuo muiden mielestäkin vähän helvetin kankeasti '
  'kirjoitettu?\n',
  ((0.005515783093869686, 'label_identity_attack'),
   (0.10233505815267563, 'label_insult'), (0.6351041197776794, 'label_obscene'),
   (0.007713543251156807, 'label_severe_toxicity'),
   (0.0054134889505803585, 'label_threat'),
   (0.7421007752418518, 'label_toxicity')),
  ('clean', 0.7421007752418518), ([], []))]
CLEAN
[('&gt; Isojen infrastruktuuriprojektien kanssa ollaan jo myöhässä\n'
  '\n'
  'Pääkaupunkiseudun raideliikenteen kanssa ollaan oltu systemaattisesti '
  'myöhässä viimeiset 50 vuotta.  Onni onnettomuudessa oli aikanaan se, että '
  'raitioliikenteen lopetuspäätöstä ei pantu toimeen, koska metro oli niin '
  'myöhässä. Lähiöt ovat rakentuneet bussiliikenteen varaan, ainoana '
  'poikkeuksena Martinlaakson rata. Rakenteen korjaaminen jälkikäteen on '
  'vaikeaa ja Helsingin metron ratageometrialla sitä vaikeampaa '
  '(minimikaarresäde 400 m, suositus 600 m). Länsimetro tästä kirkkaimpana '
  'esimerkkinä. Espoo ei tunnetusti ole kaavoittanut minkään raidelinjauksen '
  'mukaan.\n'
  '\n'
  'Hesarin kirjoituksessa ei mainita sitä, että Länsimetron tunneliasemista '
  'ollaan tekemässä neljän vaunun mittaisia. Nykyiset kuusivaunuiset junat '
  '(kolme vaunupariyksikköä) on suunnitelmien mukaan tarkoitus lyhentää koko '
  'metrojärjestelmässä nelivaunuisiksi. Kapasiteetin pieneneminen '
  'kolmanneksella piti kompensoitaman tiheällä vuorovälillä. On kuitenkin '
  'epäselvää mihin vuoroväliin lopulta päästään, kun automatisointihanke on '
  'mennyt voimakkaasti reisille. Asemien lyhentämisessä on otettu iso riski, '
  'kun vuoroväliasia ei ollut päätöstä tehdessä aidosti varma eikä '
  'suunniteltua 2 min vuoroväliä oltu kokeiltu käytännössä säännöllisessä '
  'liikenteessä (nykyisellä vanhentuvalla kulunvalvonnalla se ei olisi '
  'mahdollistakaan).\n'
  '\n'
  'Populan määrä ei tosiaan ole vähenemään päin, ja Helsingin '
  'liikennesuunnittelu on ollut voimakkaasti matkustajia yhteen metrolinjaan '
  'keskittävää. Asemien lyhentäminen saattaa olla osoittautumassa '
  'kardinaalimokaksi. Länsimetron asemien pidentäminen edellyttäisi '
  'ratageometrian muuttamista, koska suunniteltua pidemmät suorat ja tasaiset '
  'asemilla laittavat radan mutkat uusiksi. Tämmöisen tempun tekeminen kesken '
  'nyt meneillään olevaa louhintaurakkaa ei ole halpaa.\n'
  ' ',
  ((0.0009403715957887471, 'label_identity_attack'),
   (0.0007613091147504747, 'label_insult'),
   (0.0010223935823887587, 'label_obscene'),
   (0.0008816300542093813, 'label_severe_toxicity'),
   (0.0008260100148618221, 'label_threat'),
   (0.0015430805506184697, 'label_toxicity')),
  ('clean', 0.0015430805506184697), ([], [])),
 ('Joukkoliikennejärjestelmiä mitoitetaan ruuhkahuipun mukaan. Metron '
  'kuormitus on viime matkustajalaskennoissa ollut suurimmillaan Kulosaaren '
  'sillalla, missä ruuhkahuipun aikaan metrolla matkustanee tällä hetkellä '
  'noin 11 000 ihmistä tunnissa yhteen suuntaan. Kun junia menee 4 minuutin '
  'välein eli 15 tunnissa, tämä tekee 733 ihmistä per 6-vaunuinen juna, eli n. '
  '122 per vaunu ja 244 per junayksikkö (vaunupari). Kahden vaunun '
  'M100-yksikössä on 130 istumapaikkaa, eli ruuhkahuipun aikana vaunuparissa '
  'seisoo n. 100 ihmistä, jos oletetaan, että ihmiset jakautuvat juniin ja '
  'vaunuihin tasaisesti (käytännössä tietysti jossain on väljempää ja jossain '
  'tuulilasikuorma). Helsingissä tätä on pidetty suunnilleen sietorajana. '
  'Monessa paikassa maailmalla pakataan jengiä tietysti paljon tiuhempaan.\n'
  '\n'
  'Ennusteet Länsimetron matkustajamääristä Espoossa eivät ole kovin suuria, '
  'mutta Länsimetro oletettavasti lisää metron nykyisen osan suosiota, kun '
  'jotkut nykyisin vaihdolliset matkat idästä länteen muuttuvat suoriksi. '
  'Itä-Helsingissä on suunniteltu merkittävää lisärakentamista usean '
  'metroaseman ympärille (Kalasatama, Herttoniemi, Meri-Rastila ainakin) ja '
  'lisäksi on mahdollisesti tulossa kokonainen iso uusi kaupunginosa '
  'Östersundomiin. Huippukuorma Kulosaaren sillalla on siis melko varmasti '
  'kasvamassa merkittävästi, tai siis ainakin se kasvaisi, jos metro pystyy '
  'vastaamaan kysyntään.\n'
  '\n'
  'Metron suunnittelijoiden vastaus on siis, että lyhennetään junat '
  '4-vaunuisiksi ja tihennetään vuoroväli 2 minuuttiin. Kapasiteetin pitäisi '
  'tällä laskuopilla nousta nykyisestä kolmanneksella. Riita on siitä, '
  'saadaanko tuo 2 min vuoroväli oikeasti toimimaan suunnitellussa '
  'kuljettajattomassa ajossa laituriovineen, ja vaikka saataisiinkin, onko '
  'järkevää säästää verraten pieni summa rahaa lyhentämällä nykyisiä junia ja '
  'siis pienentämällä jo rakennettujen asemien maksimikapasiteettia.',
  ((0.0009497060673311353, 'label_identity_attack'),
   (0.0007698169210925698, 'label_insult'),
   (0.0010322172893211246, 'label_obscene'),
   (0.0008931958000175655, 'label_severe_toxicity'),
   (0.0008326060487888753, 'label_threat'),
   (0.0015430570347234607, 'label_toxicity')),
  ('clean', 0.0015430570347234607), ([], [])),
 ('Laissa lukee että\n'
  '\n'
  '&gt;Julkisen palvelun ohjelmatoiminnan tulee erityisesti:\n'
  '\n'
  '&gt;1) tukea kansanvaltaa ja jokaisen osallistumismahdollisuuksia '
  'tarjoamalla monipuolisia tietoja, mielipiteitä ja keskusteluja sekä '
  'vuorovaikutusmahdollisuuksia;\n'
  '\n'
  '&gt;2) tuottaa, luoda ja kehittää kotimaista kulttuuria, taidetta ja '
  'virikkeellistä viihdettä;\n'
  '\n'
  '&gt;3) ottaa ohjelmistossa huomioon sivistys- ja tasa-arvonäkökohdat, '
  'tarjota mahdollisuus oppimiseen ja itsensä kehittämiseen, painottaa '
  'lapsille suunnattuja ohjelmistoja sekä tarjota hartausohjelmia;\n'
  '\n'
  '&gt;4) kohdella ohjelmatoiminnassa yhtäläisin perustein suomen- ja '
  'ruotsinkielistä väestöä, tuottaa palveluja saamen, romanin ja '
  'viittomakielellä sekä soveltuvin osin myös maan muiden kieliryhmien '
  'kielellä;\n'
  '\n'
  '&gt;5) tukea suvaitsevaisuutta ja monikulttuurisuutta sekä huolehtia '
  'ohjelmatarjonnasta myös vähemmistö- ja erityisryhmille;\n'
  '\n'
  '&gt;6) edistää kulttuurien vuorovaikutusta ja ylläpitää ulkomaille '
  'suunnattua ohjelmatarjontaa;\n'
  '\n'
  '&gt;7) välittää asetuksella tarkemmin säädettäviä viranomaistiedotuksia ja '
  'varautua televisio- ja radiotoiminnan hoitamiseen poikkeusoloissa.\n'
  '\n'
  'Kyse ei ole vain siitä että katsooko televisiosta YLEn kanavia vai ei. '
  'Kaikki hyötyy YLEstä yleisesti paremmin toimivana yhteiskuntana. Koen että '
  'on ihan jees kaikki maksaa tuosta kuten kaikki maksaa maanpuolustuksesta '
  'tai jostain tieverkon ylläpidostakin. Ehkä sä joudut pulittamaan siitä että '
  'joku saamelainen saa kuunnella uutiset omalla kielellään ja mä saan katsoa '
  'jonkun elokuvan, joka sua ei kiinnosta, mutta ehkä mä joudun maksamaan '
  'siitä että sä saat katsoa vaikka yleisurheilun EM-kisat ja naapuris voi '
  'sivistää itseään laatudokumenteilla.',
  ((0.0009494161349721253, 'label_identity_attack'),
   (0.0007678515976294875, 'label_insult'),
   (0.0010245426092296839, 'label_obscene'),
   (0.0008977344259619713, 'label_severe_toxicity'),
   (0.0008449289598502219, 'label_threat'),
   (0.0015423893928527832, 'label_toxicity')),
  ('clean', 0.0015423893928527832), ([], [])),
 ('En kyllä siltikään ymmärrä, mikä tuon käppyräkokoelman pointti on. Käppyrät '
  'ja niiden välissä olevat sutkautukset eivät nyt oikeen tee mitään '
  'argumenttia. \n'
  '\n'
  'Esimerkiksi mikäli seurataan varallisuuden kasvua, olisi varmaan '
  'järkevämpää katsoa muutosta eikä absoluuttista varallisuutta. Siitä '
  'käppyrästä ei myöskään ilmene, että kyseessä on varallisuus *per '
  'kotitalous* eikä suinkaan koko ylimmän kymmenyksen varallisuus, jolloin '
  'käppyrä olisi vielä jyrkempi. Mikäli katsotaan varallisuuden muutosta, niin '
  '[tilanne on hieman tasaisempi](http://i.imgur.com/3QdBM.png), vaikkakin '
  'selvästi köyhin viidennes on selvästi jäänyt jälkeen.\n'
  '\n'
  '&gt; Varallisuusverosta luovuttiin 2005, jolloin myös tarve tilastoinnille '
  'poistui. Kätevää!\n'
  '\n'
  'Ehkä kuitenkin niin päin, että lähde tilastoinnille katosi.\n'
  '\n'
  '&gt; Pienituloisten osuus koko väestöstä (vas.) ja tulojen kehittyminen eri '
  'tuloluokilla (oik.) ovat aikamoinen parivaljakko!\n'
  '\n'
  'Ei kovin yllättävää, kun pienituloisuus määritellään 60% mediaanitulosta ja '
  'edellä linkkaamastani kaaviosta näkyy että alimpien tuloluokkien kasvu on '
  'jäänyt muista jälkeen, pointti joka ei oikeastaan tule alkuperäisestä '
  'kuviokokoelmasta esiin.\n'
  '\n'
  'Tuosta "infograafista" jäisi se käsitys, että ylin kymmenys on syönyt '
  'kaikkien murot, vaikka tulonjako on hyvin tasaista lukuunottamatta tuota '
  'ylintä kymmenystä ja tulojen kasvu on ollut aika tasaista vaikka myös '
  'tuloerot ovat kasvaneet.\n'
  '\n'
  'Se kysymys, johon käppyrät eivät myöskään vastaa ole ketä tuohon alimpaan '
  'viidennekseen kuuluu ja kuinka huonosti asiat heillä oikeasti on.\n'
  '\n'
  'Noista käppyröistä voisi myös päätellä että ennen lamaa talous oli mukavan '
  'tasaista, mutta se johtunee siitä, että Tilastokeskuksella on '
  'varallisuustilastot vain vuosilta 1987, 1988, 1994, 1998 ja 2004 ja tuossa '
  'kuvassa on interpoloitu välit ja vielä ylikäytetty Excelin Smooth Linesia. '
  'Vastaavasti ekasta käppyrästä ei väliltä 1966-1987 ole kuin 1966, 1971, '
  '1976, 1981 ja 1987. Näiden vuosien ympärillä sattui ja tapahtui myös, ei '
  'tosin samalla laajuudella kuin 1990-1994, mutta kuitenkin.',
  ((0.0008111919742077589, 'label_identity_attack'),
   (0.0006777233793400228, 'label_insult'),
   (0.0009510339586995542, 'label_obscene'),
   (0.0007471829885616899, 'label_severe_toxicity'),
   (0.0007076277979649603, 'label_threat'),
   (0.0015412581851705909, 'label_toxicity')),
  ('clean', 0.0015412581851705909), ([], [])),
 ('Ei tarvita ylivertaista pätevyyttä ymmärtää pääpiirteet Suomen ja Venäjän '
  'välisen konfliktin kulusta.\n'
  '\n'
  'Neljännen sukupolven sodankäynti (4GW), jossa käytetään poliittisia, '
  'taloudellisia, sosiaalisia ja sotilaallisia keinoja yhdessä on kaikkein '
  'keskeisin sotilaallinen uhkakuva  (kts. esim turvallisuus- ja '
  'puolustuspoliittiset selonteot). Sotilaallisen voiman käytöllä uhkaaminen '
  'tai sen rajoitettu käyttö painostusmielessä on täysin erilainen tilanne '
  'kuin täysimittainen sota jossa on tarkoituksena vihollisen tuhoaminen tai '
  'antautuminen. Suomella ei ole mahdollisuutta eskaloida konfliktia yksinään. '
  'Jos Venäjä tekee rajoitetun iskun kerran, se voi iskeä toisen kerran vuoden '
  'kuluttua (suuri reserviläisarmeija  on täysin irrelevantti tällaisessa '
  'tapauksessa)  Jo pelkkä löysä merisaarto tai rahtilaivojen kiusaaminen '
  'suomen merivoimien ulottumattomissa riittäisi häiritsemään suomen taloutta. '
  'Elukan kuvaama suomalaisten siviili-infrastruktuurin ja elintason '
  'tuhoaminen on täysin mahdollista ja yksi keskeisimmistä skenaarioista. '
  'Iskander-M ohjukset (kantama 500 km kattaen kaikki merkittävät Etelä-Suomen '
  'asutuskeskukset)  Karjalan kannaksella ovat nimenomaan uhka-aseita jota on '
  'tarkoitettu tällaiseen toimintaan. \n'
  '\n'
  'Suomi-Venäjä suhteissa Suomen ja Venäjän suhteet ovat vain pieni osa '
  'suurempaa peliä. Tietyissä tapauksissa Suomesta voi tulla pelinappula '
  'Venäjän ja suurvaltojen välille: "Me lopetamme Suomen kiusaamisen, jos te '
  'peräännytte tällä alueella."  Venäjällä on suunnitelmia mm. arktisten '
  'alueiden ja Kaukasian suhteen. Mitä enemmän pelissä on nappuloita, sitä '
  'enemmän on neuvoteltavaa. \n'
  '\n'
  'EU  on Suomelle puolustuspoliittisesti erittäin tärkeä koska suomi on '
  'suhteellisen heikoilla 4GW tyylisen sotilaallisen uhkailun ja painostuksen '
  'edessä. Jopa ilman puolustusliittoa EU:lla on talousmuskeleita joilla voi  '
  'tuoda Venäjä neuvottelupöytään. Mauno Koivisto muistelmissaan pääministeri '
  'Esko Aholle (1993): *”Turvallisuuspoliittiset syyt olivat mielestäni se '
  'näkökohta, joka kaikkein voimakkaimmin puhui siihen suuntaan, että meidän '
  'piti EY:öön liittyä. Taloudelliset syyt olivat kuitenkin toisen luokan '
  'kysymyksiä. Mutta tätä ei minusta saanut mennä julkisuuteen sanomaan...  '
  'Jos me sanoisimme, että turvallisuuspoliittisista syistä meidän tulisi '
  'liittyä, eikä liittyminen sitten toteutuisikaan, niin mikä meidän asemamme '
  'sitten olisi? Minun arvioni mukaan se olisi heikompi.”*\n'
  '\n'
  '\n'
  '---\n'
  '\n'
  'ps.\n'
  '\n'
  'Kosovon sota (1999) on esimerkki siitä miten vastustajan poliittinen tahto '
  'voidaan murtaa siviilikohteita pommittamalla. NATOn tarkoituksena oli '
  'aluksi hyökätä pelkästään Jugoslavian sotilaskohteita vastaan, mutta tämä '
  'strategia epäonnistui lähes täydellisesti. Huolimatta massiivisesta '
  'ilmaylivoimasta NATO aiheutti vain minimaaliset tappiot serbian '
  'asevoimille. Serbeillä ei ollut kovin moderni kalusto, mutta tietotaito oli '
  'suhteellisen hyvää  tasoa (lue: huomattavasti parempi kuin esim. Irakin tai '
  'Libyan). NATO vaihtoi lopulta strategiaa ja alkoi pommittaa '
  'siviili-infrastruktuuria kuten tehtaita, siltoja, tv-asemia, sähkönjakelua '
  'ja voimalaitoksia. Serbien halu puolustaa Kosovoa kuolemaan asti ei sentään '
  'mennyt niin pitkälle että oltaisiin oltu valmiita elintason roimaan '
  'laskuun. Sotilaallinen painostus toimi ilman maasotaa.  Sodan aiheuttavat '
  'taloudelliset menetykset olivat yksi syy Milošević poliittiseen tappioon '
  'sodan jälkeen. ',
  ((0.0008370832074433565, 'label_identity_attack'),
   (0.0006928014336153865, 'label_insult'),
   (0.0009718010551296175, 'label_obscene'),
   (0.0007708141347393394, 'label_severe_toxicity'),
   (0.0007310695364139974, 'label_threat'),
   (0.0015384041471406817, 'label_toxicity')),
  ('clean', 0.0015384041471406817), ([], [])),
 ('&gt;"Se on näköpiirissä, mutta vuosilukua ei ole vielä päätetty, eikä sitä, '
  'miten sitä asteittain ryhdytään viemään eteenpäin. Sitä kohti mennään, '
  'koska aika harvoin enää työelämässäkään käytetään paperia ja kynää."\n'
  '\n'
  'Niin, asiastahan on vasta keskusteltu 90-luvun lopulta asti ja oikeastaan '
  'mitään ei olla saatu aikaan. \n'
  '\n'
  'Jo silloin ATK:n kultakaudella monet omat koulukaverini kirjoittivat '
  'sujuvasti näppäimistöllä suuria määriä tekstiä, mutta kynään koskivat vain '
  'lukiossa, koska oli pakko. Toisaalta, kun asiaa ajattelee jälkiviisaana, '
  'niin eipä sitä paperitonta yhteiskuntaa ole edelleenkään olemassa ja monet '
  'näistäkin henkilöistä joutuvat nykyään varmasti käyttämään kynää työssään '
  'ja vapaa-ajallaan. Harvoinpa kukaan enää työelämässä kirjoittaa edes yhden '
  'sivun raporttia käsin, mutta toisaalta muistiinpanot, kaavakkeet ja '
  'matemaattiset hahmottelut tehdään edelleen yleensä käsin paperille. '
  'Nykymuotoinen tietokone ei vieläkään ole mikään täydellisesti '
  'kaikkeensopiva laite. \n'
  '\n'
  'Aloittaisivat nyt vaikka aluksi siitä äidinkielenkokeesta ja '
  'mahdollistaisivat edes sen kirjoittamisen tietokoneella. Tosin ikuisena '
  'kyynikkona ihmettelen vain kovasti, että mistäköhän keskivertolukio repii '
  'jokaiselle oppilaalle yhden sertifioidun Ylioppilaskokeensuorituslaitteen. '
  'Jos kokeen suorittamiseen yritetään soveltaa tavallisia läppäreitä, niin '
  'ongelmia on luvassa enemmän kuin uskotaan. Pikemminkin kyseeseen pitäisi '
  'tulla jonkinlainen sulautetulla käyttöjärjestelmällä varustettu '
  'digitaalinen kirjoituskone kuin normaali pc. Tämä siis olettaen, että '
  'edelleen halutaan pitää kiinni ylioppilaskokeiden tiukoista salaisuus-, '
  'yhdenaikaisuus- ja lunttaussäännöistä. \n'
  '\n'
  '&gt;"Kun kokeet tulevat ruudulta, niissä voi olla esimerkiksi liikkuvaa '
  'kuvaa."\n'
  '\n'
  'Tää on katsokaas sitä interaktiivista multimediaa. Tälläkö tasolla on '
  'tietoyhteiskunnallinen keskustelu - edelleen.',
  ((0.0008578867418691516, 'label_identity_attack'),
   (0.0007117259665392339, 'label_insult'),
   (0.0009754856582731009, 'label_obscene'),
   (0.0008008666336536407, 'label_severe_toxicity'),
   (0.0007571017486043274, 'label_threat'),
   (0.0015383836580440402, 'label_toxicity')),
  ('clean', 0.0015383836580440402), ([], [])),
 ('Mutta solutasolla on havaittu elektromagneettisten kenttien vaikuttavat '
  'hyvinkin pienillä voimakkuuksilla. Syöpää tai sähköyliherkkyyttä ei olla '
  'osoitettu ja tuskin tullaankaan osoittamaan, ainakaan siinä mittakaavassa, '
  'kuin mitä foliohatut pelkäävät, mutta itse olen melko vakuuttunut siitä, '
  'että biosähkömagnetiikassa tullaan vielä löytämään hyvin yllättäviä '
  'asioita.  Viimeisimpänä tämä PET-keskuksessa tehty tutkimus, jossa kännykän '
  'mikroaallot vaikuttivat mitattavasti aivoihin tavalla, jota ei aikaisemmin '
  'yleensä olla pidetty mahdollisena. Tässä ei siis todellakaan ollut kyse '
  'mistään syöpä- tai sähköherkkyystutkimuksesta ja vaikutukset aivoihin '
  'olivat varsin hienovaraisia. Koehenkilöt esim. eivät muistaakseni '
  'raportoineet tuntevansa mitään outoa tai tunnistaneensa mikroaaltojen '
  'olemassaoloa.\n'
  '\n'
  'Se mitä sähköherkät itse kritisoivat näissä perinteisissä '
  'tuplasokkokokeissa on yleensä niiden järjestelyt. Enpä ole sellaista '
  'tutkimusta nähnyt, joissa oltaisiin altistettu ihmisiä hallituissa oloissa '
  'päiviä tai viikkoja. Yleensä mikroaaltoja on annettu tuplasokkokokeissa '
  '5-60 minuuttia ja se siitä, eipä niissä kokeissa yleensä ole mitään '
  'löytynyt, paitsi yhdessä havaittiin, että tunnistusprosentti oli surkeampi '
  'kuin mitä pelkällä tuurilla olisi olettanut. Sähköherkistä monet väittävät, '
  'että oireiden puhkeamiseen menee päiviä tai viikkoja, ja sitä vastaan '
  'kokeita voisi suunnitella toisella tavalla. Yritin vain sanoa sitä, että '
  'näissä linkeissä, jotka pistit on yleensä varsin vahva taipumus tehdä asiat '
  'tällä hetkellä yleisesti tunnustettujen teorioiden mukaan ja harva '
  'tiedemies uskaltaa edes ehdottaa, että sähköherkkyyttä tutkittaisiin '
  'sähköherkkien omista näkökohdista. Siinä tavallaan myönnettäisiin, että '
  'kahjoille on annettu pikkusormi. En itse ole mitenkään erityisen '
  'optimistinen, että "oikein" tehdyissäkään kokeissa löydettäisiin mitään '
  'dramaattisen merkitsevää.\n'
  '\n'
  'Oli miten oli, asiaan varmasti liittyy erittäin suuri psykologinen '
  'komponentti ja on aika kaukaa haettua, että sellainen ihminen löytyisi, '
  'joka pystyisi tunnistamaan on-off minuuteissa, koska kenttä on päällä ja '
  'koska ei. Toisaalta ei se pitkäaikaisen altistuksen ja '
  'sähköyliherkkyydenkään kytkeminen toisiinsa tule välttämäti onnistumaan. '
  'Tätä asiaa vain ei edes näytetä tutkittavan vakavasti, koska asia on ... '
  'värittynyt ja ei kaikkein vähiten sähköherkkien omien 90- ja 2000-lukujen '
  'esiintulojen vuoksi. Julkisuudessa on ollut aivan himmeitä tapauksia '
  'suorastaan linjalla taikavarvut ja foliohatut. \n'
  '\n'
  'Koen itse koko aiheen mielenkiintoiseksi jo sen vuoksi, että sähköstä tai '
  'fysiologiasta mitääntietämättömät ihmiset (en puhu sinusta) ovat täysin '
  'vakuuttuneita, ettei sähkössä ole muuta vaaraa kuin sähköisku.\n'
  '\n'
  '*PS. Jos haluaa kritisoida sähköherkkyyttä, niin eri maissa tehdyissä '
  'kyselytutkimuksissa löytyy selviä ristiriitoja. Eri maissa esim. '
  'sähköherkkyyden ilmeneminen voi vaihdella selvästi (1-5%), eri maissa '
  'koetaan hiukan eri oireita liittyen väitettyyn sähköherkkyyteen ja jonkin '
  'verran huvittavasti eri maissa korostetaan eri laitteiden aiheuttamia '
  'oireita aika selvästi. Ota siitä sitten selvää miksi yhdessä maassa '
  'televisiot ovat se selvästi pahin oireiden aiheutta, kun toisessa se voi '
  'olla kännykät ja kolmannessa tietokoneet. Kyselytutkimusten kysymysten '
  'asettelu tietysti vääristää tuloksia, mutta minun mielestäni jo pelkästään '
  'nämä eroavuudet kyselytutkimusten yksinkertaisten väittämien vastausten '
  'kanssa puhuvat aika selvää kieltä siitä, että kyseessä on vahvasti '
  'kulttuuriväritteinen ilmiö ja herkkien keskuudessa esiintyy jonkinlaista '
  'joukkopsykologista "infektiota".',
  ((0.0008288910612463951, 'label_identity_attack'),
   (0.0006876374827697873, 'label_insult'),
   (0.0009658171329647303, 'label_obscene'),
   (0.0007649288163520396, 'label_severe_toxicity'),
   (0.0007249345653690398, 'label_threat'),
   (0.001537846983410418, 'label_toxicity')),
  ('clean', 0.001537846983410418), ([], [])),
 ('Symbian "tuli" (senhän voidaan katsoa syntyneen jo 1998, 80-luvulla '
  'kehitetyn EPOCin suorana perillisenä), koska sen ominaisuudet olivat muihin '
  'aikakauden "mobiilikäyttöjärjestelmiin" verrattuna ylivoimaiset.\n'
  '\n'
  'Sovelluskehitysalustana Symbian oli tietysti vaativa, johtuen kännyköiden '
  'kaltaisten, äärimmäisen rajoittuneet resurssit omaavien päätelaitteiden '
  'erityispiirteistä (vähän muistia, hidas yksiydinprosessori ilman '
  'liukulukuyksikköä, jne). Vaativuuden kääntöpuolena Symbianille pystyikin '
  'sitten toteuttamaan äärimmäisen resurssinirsoja ohjelmia, joista monella '
  'nykypuhelinvalmistajalla ja softakehittäjällä olisi vielä opittavaa.\n'
  '\n'
  'Johtui aivan jostakin muusta kuin käyttöjärjestelmästä, että useimmiten '
  'Symbianiin liitetty käyttöliittymäkerros (Nokian S60) jäi junnaamaan '
  'paikoilleen eikä kehittynyt muun softan ja raudan tahtiin.\n'
  '\n'
  'Käyttöliittymän uusiutumiskyvyttömyys yhdistettynä jatkuvaan hardiksen '
  'kehittymiseen oli yksi merkittävä syy sille, miksi Symbian menetti '
  'suosiotaan nopeasti ja sai niin synkän maineen. Kilpailijat alkoivat ajaa '
  'ohi vasemmalta ja oikealta, koska niiden UI oli moderni, ja yltäkylläinen '
  'hardis mahdollisti myös ei-niin-optimaalisten käyttöjärjestelmien ja '
  'ohjelmien suorittamisen.\n'
  '\n'
  'Toinen merkittävä syy oli tietenkin se, että alati kasvavalle '
  'kehittäjäjoukolle (tai potentiaalisten kehittäjien joukolle) ei kyetty '
  'tarjoamaan helposti lähestyttävää kehitysalustaa. Qt oli ratkaisu - ja '
  'sangen hyvä sellainen - tuohon ongelmaan, mutta se tuli 2-3 vuotta liian '
  'myöhään.\n'
  '\n'
  '\n'
  '\n'
  'Näin mä sen näkisin. Kauppalehtimäinen "mutta Symbian" -öyhötys on hieman '
  'yksisilmäistä ja osoittaa, ettei kirjoittajan historiantaju ole erityisen '
  'kehittynyt.',
  ((0.0008807695121504366, 'label_identity_attack'),
   (0.0007232946227304637, 'label_insult'),
   (0.0009842447470873594, 'label_obscene'),
   (0.0008256857399828732, 'label_severe_toxicity'),
   (0.0007791296229697764, 'label_threat'),
   (0.0015370168257504702, 'label_toxicity')),
  ('clean', 0.0015370168257504702), ([], [])),
 ('Itse ajattelen asiaa kokonaisuuden kannalta. Onko suotavaa ,että ihmisiä '
  'ohjataan lyhytnäköiseen toimintaan, josta loppupelissä on haittaa kaikelle? '
  'Kukaan tällä pallolla oleva tai elävä asia ei ole toisistaa riippumaton '
  'vaan kaikki vaikuttaa kaikkeen. Oletan siis, että elän maailmassa, joka '
  'koostuu myös ulkopuolisista olennoista, jotka pystyvät kokekaan asioita '
  'ainaki lähes samalla tavalla kuin minä (eivät nauti kärsimyksestä, jonka '
  'lähteitä voi aika helposti eritellä). Elän siis universumissa, joka on '
  'riippumaton minun tietoisuuteni läsnäolosta, mutta jonka jokainen atomi on '
  'osa samaa kokonaisuutta (aine ei katoa) . Tämän takia koen vahvasti, että '
  'vaikka tietoisuuteni tulee jossai vaiheessa nykyisessä muodossaan '
  'katoamaan, sama prosessi jatkuu ja muut samankaltaiset olennot jotka '
  'mahdollisesti muodostuvat minusta (atomien ja oman vaikutukseni muihin '
  'olentoihin kautta), joutuvat kokemaan kärsimystä -&gt; minä(universumi) '
  'kärsin. Tietoinen minä, joka ajattelee asioita käsitteiden ja sanojen '
  'kautta, ei voi tätä täysin ymmärtää, koska oma tietoisuuteni on aina egon '
  'kautta tarkastelua. Uskon kuitenkin, että tämä tilanne ei ole optimaalinen '
  'aina sen tavoitteen kannalta, että pyrkisimme kokonaisuudessaa parempaan '
  'kokemukseen kuin tämän hetkinen elämä tarjoaa.\n'
  '\n'
  'En koe siis, että oman todella hetkellisen etuni ajaminen olisi aina paras '
  'ratkaisu. Olen ihminen, joka on kehittynyt evoluution seurauksena, mutta '
  'evoluutiokaan ei ole mikää viisas ylijumala, jonka edellisestä toiminnasta '
  '(joka on tapahtunut erilaisessa tilanteessa) kannattaisi aina ottaa mallia, '
  'jos mahdollisesti parempia työkaluja(kuten tietoisuus, joka antaa meille '
  'mahdollisuuden toimia jonkin verran pitkänäköisemmin) on annettu.\n'
  '\n'
  'Olet oikeassa siinä, että monet poliittiset puolueet( niin vasemmalta kuin '
  'oikealta) ovat unohtaneet(tai koskaan edes ajatelleet) tämän ja homma on '
  'mennyt vain tiettyjen eturymien lyhytaikaisten etujen ajamiseen.\n'
  '\n'
  'TL;DR : Minä olen sinä ja sinä olet minä. ',
  ((0.0009196596802212298, 'label_identity_attack'),
   (0.0007517188205383718, 'label_insult'),
   (0.0010123767424374819, 'label_obscene'),
   (0.0008673868724144995, 'label_severe_toxicity'),
   (0.0008162595913745463, 'label_threat'),
   (0.0015365405706688762, 'label_toxicity')),
  ('clean', 0.0015365405706688762), ([], [])),
 ('1) En käytä juuri itse Tor-verkkoa, mutta käytän kokeiluvaiheessa olevaa '
  'verkkoa nimeltä Hyperboria mikä käyttää ohjelmistoa nimeltä cjdns '
  '(subredditissä darknetplan on ollut asiaa kyseisestä ohjelmistosta).\n'
  '\n'
  'Muiden käyttäjien päämotiivi näyttää olevan ainakin tällä hetkellä vain '
  'into siitä että saa leikkiä uuden kommunikointitavan kanssa.\n'
  '\n'
  '2) Ei varsinaisesti, en näe miten asiat liittyvät toisiinsa.\n'
  '\n'
  'Tor-verkon kaltaiset teknologiat taistelevat päämääräisesti vapaan puheen '
  'puolesta, mikä ei päämääräisesti sisällä piratismia, mutta jos on '
  'mahdollista sanoa mitä tahansa, on myös mahdollista levittää mitä tahansa.\n'
  '\n'
  'Tätä voidaan käyttää kyseisiä teknologioita vastaan.\n'
  '\n'
  'Haluaisin referoida mitä pelikonsoli PlayStation 3:lle kävi tapauksessa, '
  'josta voidaan vetää tiettyjä vertauskuvia.\n'
  '\n'
  'Kyseisen pelikonsolin tapauksessa piratismi ei ollut mahdollista, koska '
  'ketään ei ollut tutkinut kyseisen pelikonsolin tapaa rajoittaa ohjelmiston '
  'käyttöä.\n'
  '\n'
  'Tämä tapahtui siksi, että Playstation 3 tarjosi mahdollisuuden pyörittää '
  'laitteistolla Linux-käyttöjärjestelmää laitteistolla.\n'
  '\n'
  'Yleensä pelikonsoleiden turvajärjestelmät on kierretty jotta pelikonsolilla '
  'voidaan käyttää omaa ohjelmistoa (PlayStation 2 on ainut tietämäni '
  'esimerkki missä turvajärjestelmä on kierretty päämääisesti piratismin '
  'vuoksi).\n'
  '\n'
  'Mutta kun valmistaja (Sony) poisti ohjelmistopäivityksessä mahdollisuuden '
  'käyttää Linuxia (mikä mahdollisti omatekemän ohjelmiston pyörittämisen '
  'pelikonsolilla), ihmiset alkoivat heti tutkia miten turvajärjestelmät '
  'voidaan ohittaa.\n'
  '\n'
  'Vuoden päästä kyseiset turvajärjestelmät oltiin rikottu, mikä tarkoitta '
  'että pelikonsolilla voi nyt suorittaa omaa ohjelmistoa.\n'
  '\n'
  'Oman ohjelmiston suorittamisen sivuvaikutus on se, että myös muiden kuin '
  'omaa ohjelmistoa voidaan suorittaa.\n'
  '\n'
  'Tämä on vertauskuvallinen nykyiseen tilanteeseen:\n'
  '\n'
  'Ennen kyseisiä lakiyrityksiä, tiedostojenjako voitiin pysäyttää yleensä '
  'helposti suurimmaksi osaksi.\n'
  '\n'
  'Yritykset pystyivät haastamaan oikeuteen yksilöitä ilman kunnollista '
  'todistusaineistoa ja yritykset pystyivät haastamaan oikeuteen yrityksiä '
  'minkä palveluita käytettiin levittämään materiaalia (Megaupload yms.)\n'
  '\n'
  'Nyt, kun uusia hajautettuja, salattuja palveluita aletaan käyttää '
  '(Tor-verkon .onion-sivustot, Hyperboria yms.), vapaan puheen sensurointi '
  'muuttuu mahdottomaksi/erittäin vaikeaksi, mutta kyseisiä teknologioita '
  'voidaan käyttää myös piratismiin.\n'
  '\n'
  '3) En ole kuullut.\n'
  '\n'
  'Katsotaan miten Darknetplan luonnistuu, ei ihmisillä ole vielä mitään '
  'konkreettista fyysistä järjestelmää pyörimässä, kaikki mihin olen törmännyt '
  'toimii joko erittäin lyhyellä matkalla, on liian kalliita tai liikuttaa '
  'tietoa Internetin välityksellä.\n'
  '\n'
  'Katsotaan miten tilanne kehittyy.',
  ((0.0010318451095372438, 'label_identity_attack'),
   (0.00081615149974823, 'label_insult'),
   (0.0010776781709864736, 'label_obscene'),
   (0.000978838070295751, 'label_severe_toxicity'),
   (0.000898340658750385, 'label_threat'),
   (0.001532770344056189, 'label_toxicity')),
  ('clean', 0.001532770344056189), ([], []))]
END: ma 15.8.2022 11.08.57 +0300
