START: ma 15.8.2022 11.15.17 +0300
Namespace(data='data/reddit-Suomi.jsonl', model='models/multi-toxic', threshold=0.75, type='multi')
        text
0  [deleted]
1  [deleted]
2  [deleted]
3  [deleted]
4  [deleted]
100000
[[0.0003497153811622411, 0.0005716662271879613, 0.0008507528691552579, 0.00022854589042253792, 0.0003584376536309719, 0.003066040575504303], [0.0003497153811622411, 0.0005716662271879613, 0.0008507528691552579, 0.00022854589042253792, 0.0003584376536309719, 0.003066040575504303], [0.0003497153811622411, 0.0005716662271879613, 0.0008507528691552579, 0.00022854589042253792, 0.0003584376536309719, 0.003066040575504303], [0.0003497153811622411, 0.0005716662271879613, 0.0008507528691552579, 0.00022854589042253792, 0.0003584376536309719, 0.003066040575504303], [0.0003497153811622411, 0.0005716662271879613, 0.0008507528691552579, 0.00022854589042253792, 0.0003584376536309719, 0.003066040575504303], [0.0003897532296832651, 0.0004632089694496244, 0.000721478252671659, 0.0002836358326021582, 0.00035105267306789756, 0.0022771540097892284], [0.0003497153811622411, 0.0005716662271879613, 0.0008507528691552579, 0.00022854589042253792, 0.0003584376536309719, 0.003066040575504303], [0.00045404903357848525, 0.00048304488882422447, 0.0007229059701785445, 0.00036631355760619044, 0.00040300682303495705, 0.0018954221159219742], [0.00043031148379668593, 0.0004691947251558304, 0.000716006790753454, 0.0003431848017498851, 0.0003935889108106494, 0.0019802208989858627], [0.0004548829747363925, 0.0004805800272151828, 0.0007240900886245072, 0.00037598892231471837, 0.000416283291997388, 0.0019155126065015793]]
[array([0., 0., 0., 0., 0., 0.]), array([0., 0., 0., 0., 0., 0.]), array([0., 0., 0., 0., 0., 0.]), array([0., 0., 0., 0., 0., 0.]), array([0., 0., 0., 0., 0., 0.]), array([0., 0., 0., 0., 0., 0.]), array([0., 0., 0., 0., 0., 0.]), array([0., 0., 0., 0., 0., 0.]), array([0., 0., 0., 0., 0., 0.]), array([0., 0., 0., 0., 0., 0.])]
[([], []), ([], []), ([], []), ([], []), ([], []), ([], []), ([], []), ([], []), ([], []), ([], []), ([], []), ([], []), (['label_toxicity'], [0.822920560836792]), ([], []), ([], []), ([], []), ([], []), ([], []), ([], []), ([], [])]
(('clean', 0.003066040575504303), ('clean', 0.003066040575504303), ('clean', 0.003066040575504303), ('clean', 0.003066040575504303), ('clean', 0.003066040575504303))
TOXIC
[('mies oli murhannut yliopisto-opiskelijan katkaisemalla tältä pään.\n'
  '\n'
  'miettii mitä nämäkin siellä ajattelevat kun joku suomalainen alkaa '
  'ulisemaan kuolemantuomiota vastaan...\n'
  'SE KATKAISI JOLTAIN VITTU PÄÄN!!!!',
  ((0.9021283984184265, 'label_identity_attack'),
   (0.9851440787315369, 'label_insult'), (0.993707001209259, 'label_obscene'),
   (0.9575767517089844, 'label_severe_toxicity'),
   (0.844318151473999, 'label_threat'),
   (0.9968066215515137, 'label_toxicity')),
  ('toxic', 0.9968066215515137),
  (['label_identity_attack', 'label_insult', 'label_obscene',
    'label_severe_toxicity', 'label_threat', 'label_toxicity'],
   [0.9021283984184265, 0.9851440787315369, 0.993707001209259,
    0.9575767517089844, 0.844318151473999, 0.9968066215515137])),
 ('Vitun teini homot, tapetaan ne kaikki ja poltetaan roviolla.\n'
  'Saatanan anarkisti vajakit pitäis hirttää korkeimmista kuusista.\n',
  ((0.740723729133606, 'label_identity_attack'),
   (0.8841119408607483, 'label_insult'), (0.9657445549964905, 'label_obscene'),
   (0.9383057355880737, 'label_severe_toxicity'),
   (0.9964262843132019, 'label_threat'),
   (0.9872894883155823, 'label_toxicity')),
  ('toxic', 0.9964262843132019),
  (['label_insult', 'label_obscene', 'label_severe_toxicity', 'label_threat',
    'label_toxicity'],
   [0.8841119408607483, 0.9657445549964905, 0.9383057355880737,
    0.9964262843132019, 0.9872894883155823])),
 ('vittu tuo ämmä oli niin vittumainen marmattaja tekis mieli lyödä jos tulis '
  'mua haastattelemaan...',
  ((0.2944364845752716, 'label_identity_attack'),
   (0.9786014556884766, 'label_insult'), (0.9950867295265198, 'label_obscene'),
   (0.9656839966773987, 'label_severe_toxicity'),
   (0.23505239188671112, 'label_threat'),
   (0.9963808655738831, 'label_toxicity')),
  ('toxic', 0.9963808655738831),
  (['label_insult', 'label_obscene', 'label_severe_toxicity', 'label_toxicity'],
   [0.9786014556884766, 0.9950867295265198, 0.9656839966773987,
    0.9963808655738831])),
 ('Vitun narkkari. Tyrmään tuollaiset. Mun kaveri piikitti kerran kolme '
  'cappuccinoa suoneen ja kuoli.',
  ((0.23425765335559845, 'label_identity_attack'),
   (0.9812209606170654, 'label_insult'), (0.9945486187934875, 'label_obscene'),
   (0.9150055646896362, 'label_severe_toxicity'),
   (0.24052542448043823, 'label_threat'),
   (0.9959483742713928, 'label_toxicity')),
  ('toxic', 0.9959483742713928),
  (['label_insult', 'label_obscene', 'label_severe_toxicity', 'label_toxicity'],
   [0.9812209606170654, 0.9945486187934875, 0.9150055646896362,
    0.9959483742713928])),
 ('Vitun hihhulit.',
  ((0.8148094415664673, 'label_identity_attack'),
   (0.9905647039413452, 'label_insult'), (0.9950413107872009, 'label_obscene'),
   (0.9586357474327087, 'label_severe_toxicity'),
   (0.04685322940349579, 'label_threat'),
   (0.9958945512771606, 'label_toxicity')),
  ('toxic', 0.9958945512771606),
  (['label_identity_attack', 'label_insult', 'label_obscene',
    'label_severe_toxicity', 'label_toxicity'],
   [0.8148094415664673, 0.9905647039413452, 0.9950413107872009,
    0.9586357474327087, 0.9958945512771606])),
 ('Saatana tämä olla pikku Neuvostoliitto VIELÄKIN perkkele vitun '
  'piulun-nussijat lähdetn pois jääkkä tänne mätänemään kukkojenne  kansa. '
  'HUVASTI.',
  ((0.9243878722190857, 'label_identity_attack'),
   (0.989096462726593, 'label_insult'), (0.9930998086929321, 'label_obscene'),
   (0.9198811650276184, 'label_severe_toxicity'),
   (0.08367034792900085, 'label_threat'),
   (0.9957656860351562, 'label_toxicity')),
  ('toxic', 0.9957656860351562),
  (['label_identity_attack', 'label_insult', 'label_obscene',
    'label_severe_toxicity', 'label_toxicity'],
   [0.9243878722190857, 0.989096462726593, 0.9930998086929321,
    0.9198811650276184, 0.9957656860351562])),
 ('Voi vitun rasvaiset siat jumalauta.',
  ((0.6645330190658569, 'label_identity_attack'),
   (0.9834961891174316, 'label_insult'), (0.9949997663497925, 'label_obscene'),
   (0.9583876729011536, 'label_severe_toxicity'),
   (0.03351365029811859, 'label_threat'),
   (0.9956517815589905, 'label_toxicity')),
  ('toxic', 0.9956517815589905),
  (['label_insult', 'label_obscene', 'label_severe_toxicity', 'label_toxicity'],
   [0.9834961891174316, 0.9949997663497925, 0.9583876729011536,
    0.9956517815589905])),
 ('Voi vitun rasvaiset siat jumalauta.',
  ((0.6645330190658569, 'label_identity_attack'),
   (0.9834961891174316, 'label_insult'), (0.9949997663497925, 'label_obscene'),
   (0.9583876729011536, 'label_severe_toxicity'),
   (0.03351365029811859, 'label_threat'),
   (0.9956517815589905, 'label_toxicity')),
  ('toxic', 0.9956517815589905),
  (['label_insult', 'label_obscene', 'label_severe_toxicity', 'label_toxicity'],
   [0.9834961891174316, 0.9949997663497925, 0.9583876729011536,
    0.9956517815589905])),
 ('vitun loiset',
  ((0.7975144386291504, 'label_identity_attack'),
   (0.9844582080841064, 'label_insult'), (0.9948833584785461, 'label_obscene'),
   (0.9285773634910583, 'label_severe_toxicity'),
   (0.0433417409658432, 'label_threat'),
   (0.9955360889434814, 'label_toxicity')),
  ('toxic', 0.9955360889434814),
  (['label_identity_attack', 'label_insult', 'label_obscene',
    'label_severe_toxicity', 'label_toxicity'],
   [0.7975144386291504, 0.9844582080841064, 0.9948833584785461,
    0.9285773634910583, 0.9955360889434814])),
 ('Vitun juntit saatana.',
  ((0.5398880839347839, 'label_identity_attack'),
   (0.9860038161277771, 'label_insult'), (0.9947885274887085, 'label_obscene'),
   (0.9630776047706604, 'label_severe_toxicity'),
   (0.03322304040193558, 'label_threat'),
   (0.9954954385757446, 'label_toxicity')),
  ('toxic', 0.9954954385757446),
  (['label_insult', 'label_obscene', 'label_severe_toxicity', 'label_toxicity'],
   [0.9860038161277771, 0.9947885274887085, 0.9630776047706604,
    0.9954954385757446]))]
NEUTRAL
[('Itsehän olen elänyt koko aikuisikäni siinä uskossa että paseja olisi '
  'huomattavasti enemmän (asepalveluksessa kerrottu valhe siis). Hitto, '
  'meillähän on vähemmän panssaroituja miehistönkuljetusajoneuvoja kun '
  'vaikkapa naapurimaa Ruotsilla on ihan aitoja panssarivaunuja.\n'
  '\n'
  '"Uskottava maanpuolustus", "korkea maanpuolustustahto" ja muuta paskaa '
  'pitää toki lopuksi heittää tähän.',
  ((0.010184293612837791, 'label_identity_attack'),
   (0.20573553442955017, 'label_insult'), (0.6216331720352173, 'label_obscene'),
   (0.005902719683945179, 'label_severe_toxicity'),
   (0.00401894748210907, 'label_threat'),
   (0.7524973750114441, 'label_toxicity')),
  ('toxic', 0.7524973750114441), (['label_toxicity'], [0.7524973750114441])),
 ('Juonenkäänne: nimi on tyhmä jotta kansan harmaat rivit kaihtavat jattäen '
  'vain euforiset redditnautit.',
  ((0.026693135499954224, 'label_identity_attack'),
   (0.41520994901657104, 'label_insult'),
   (0.10589838773012161, 'label_obscene'),
   (0.005659529939293861, 'label_severe_toxicity'),
   (0.00531494477763772, 'label_threat'),
   (0.7524311542510986, 'label_toxicity')),
  ('toxic', 0.7524311542510986), (['label_toxicity'], [0.7524311542510986])),
 ('Hitto, puolue kuin puolue, varsinkin kun on sama alkukirjain.. :)\n',
  ((0.00834137387573719, 'label_identity_attack'),
   (0.30800747871398926, 'label_insult'), (0.6525750756263733, 'label_obscene'),
   (0.007000867743045092, 'label_severe_toxicity'),
   (0.003092942526564002, 'label_threat'),
   (0.7523786425590515, 'label_toxicity')),
  ('toxic', 0.7523786425590515), (['label_toxicity'], [0.7523786425590515])),
 ('Viron kansantalouden toivo, ruikuttavat suomalaiset veropakolaiset. ',
  ((0.40668320655822754, 'label_identity_attack'),
   (0.4393381178379059, 'label_insult'), (0.09153498709201813, 'label_obscene'),
   (0.009829814545810223, 'label_severe_toxicity'),
   (0.008052517659962177, 'label_threat'),
   (0.7523374557495117, 'label_toxicity')),
  ('toxic', 0.7523374557495117), (['label_toxicity'], [0.7523374557495117])),
 ('Ei kaikille voi taata onnellista lapsuutta. Osa vanhemmista on paskoja '
  'ihmishylkiöitä, jotka tärvelevät sukulaisten ja sossun tätien silmien alla '
  'lastensa tulevaisuuden, mutta silti heiltä ei oteta lapsia pois. Ei '
  'huostaanottokaan mitään onnellista lapsuutta takaa, mutta niin kauan kuin '
  'kuka tahansa ääliö saa hankkia lapsia ja heillä on lähes absoluuttinen '
  'oikeus lapsiinsa, niin tällaisesta kaikille onnellisesta lapsuudesta on '
  'turha edes haaveilla.',
  ((0.0168361347168684, 'label_identity_attack'),
   (0.4087676405906677, 'label_insult'), (0.22993597388267517, 'label_obscene'),
   (0.0049807666800916195, 'label_severe_toxicity'),
   (0.0029783339705318213, 'label_threat'),
   (0.7522826790809631, 'label_toxicity')),
  ('toxic', 0.7522826790809631), (['label_toxicity'], [0.7522826790809631])),
 ('Persutulo on rasistista ja kannustaa lusmuiluun kotisohvalla, tietenkin. '
  'Ansiosidonnainen on rehellisten antifasististen Tyä Miäesten kovalla työllä '
  '*ansaittua* rahaa.',
  ((0.648995578289032, 'label_identity_attack'),
   (0.35183101892471313, 'label_insult'),
   (0.17207321524620056, 'label_obscene'),
   (0.010584991425275803, 'label_severe_toxicity'),
   (0.00724798534065485, 'label_threat'),
   (0.7520719766616821, 'label_toxicity')),
  ('toxic', 0.7520719766616821), (['label_toxicity'], [0.7520719766616821])),
 ('Suurin osa lienee eri variaatioita samasta tuotteesta ja näitä ameriikan '
  'ihmeitä promottiin aika näkyvästi silloin kun ne tuli valikoimiin. Toki '
  'olet oikeassa siinä ettei kukaan voi kaikkea tietää, mutta jos päättää '
  'kirjoittaa blogiinsa vittuiluartikkeleita "lapsellisesti nimetyistä" '
  'annoksista osittain oman väärinkäsityksen perusteella niin näyttäähän se '
  'vähän tyhmältä.',
  ((0.013356002047657967, 'label_identity_attack'),
   (0.2447892427444458, 'label_insult'), (0.5602685809135437, 'label_obscene'),
   (0.005197926890105009, 'label_severe_toxicity'),
   (0.003079100279137492, 'label_threat'),
   (0.7519358396530151, 'label_toxicity')),
  ('toxic', 0.7519358396530151), (['label_toxicity'], [0.7519358396530151])),
 ('Jos rasisti haluaa leikkiä fiksua, hän keksii tekosyitä lyödäkseen '
  'jotakuta, mutta rasistin ei tarvitse valittaa mistään. Rasisti lyö '
  'erilaista ihmistä hänen erilaisuutensa takia.',
  ((0.342929869890213, 'label_identity_attack'),
   (0.32079556584358215, 'label_insult'),
   (0.10487684607505798, 'label_obscene'),
   (0.006634509656578302, 'label_severe_toxicity'),
   (0.006783808581531048, 'label_threat'),
   (0.751905620098114, 'label_toxicity')),
  ('toxic', 0.751905620098114), (['label_toxicity'], [0.751905620098114])),
 ('&gt; Miksi Yle yrittää jatkuvasti spinnata tätä '
  'positiivisuuspropagandaansa? Pitäisikö minun olla jotenkin vähemmän '
  'vittuuntunut Suomen menoon, koska yhdestä näkökulmasta katsottuna asiat '
  'eivät ole aivan niin perseestä kuin voisi luulla?\n'
  '\n'
  'YLE toimii eduskunnan alaisuudessa. Tiedossa on, että eduskunnassa '
  'luultavasti tullaan heikentämään etuuksia ja kiristämään verotusta. '
  'mielikuvan luominen siitä, ettei Suomi ole niin kallis kuin se vaikuttaa '
  "''pehmittää'' kansalaisia tuleviin veronkorotuksiin ja etuusleikkauksiin. "
  'Lisäksi tällaisia uutisia tullaan käyttämään perusteluina veronkorotuksille '
  'ja sosiaalietuuksien heikentämisille. \n'
  '\n'
  'En ihmettelisi jos elintarvikkeiden alennettua ALV-kantaa oltaisiin '
  'kulisseissa nostamassa  24 prosenttiin. Sinänsä ruuan ALV:n nosto on helppo '
  'keino kerätä lisää veroja, koska ihmisten on syötävä oli ruuassa veroja tai '
  'ei. ALV.n ja kulutusverojen noston yhteydessä tulisi keventää '
  'ansioverotusta, mitä ei kyllä ole näköpiirissä.',
  ((0.008153938688337803, 'label_identity_attack'),
   (0.191997691988945, 'label_insult'), (0.6135756969451904, 'label_obscene'),
   (0.005589943379163742, 'label_severe_toxicity'),
   (0.0033427225425839424, 'label_threat'),
   (0.7514863610267639, 'label_toxicity')),
  ('toxic', 0.7514863610267639), (['label_toxicity'], [0.7514863610267639])),
 ('Itse näen vitutuksen lähinnä voimavarana',
  ((0.004453843925148249, 'label_identity_attack'),
   (0.08504465222358704, 'label_insult'), (0.7408580183982849, 'label_obscene'),
   (0.010152172297239304, 'label_severe_toxicity'),
   (0.0033618370071053505, 'label_threat'),
   (0.7513607740402222, 'label_toxicity')),
  ('toxic', 0.7513607740402222), (['label_toxicity'], [0.7513607740402222])),
 ('Katos perkele, näin kävi. Sori.',
  ((0.004203519318252802, 'label_identity_attack'),
   (0.11153295636177063, 'label_insult'), (0.691272497177124, 'label_obscene'),
   (0.008789442479610443, 'label_severe_toxicity'),
   (0.005752168595790863, 'label_threat'),
   (0.7513580322265625, 'label_toxicity')),
  ('toxic', 0.7513580322265625), (['label_toxicity'], [0.7513580322265625])),
 ('Ai perkele kun pitää jakaa eteenpäin.',
  ((0.005737475119531155, 'label_identity_attack'),
   (0.09211848676204681, 'label_insult'), (0.6365154385566711, 'label_obscene'),
   (0.008315070532262325, 'label_severe_toxicity'),
   (0.006626727059483528, 'label_threat'),
   (0.7513555884361267, 'label_toxicity')),
  ('toxic', 0.7513555884361267), (['label_toxicity'], [0.7513555884361267])),
 ('Happi loppuu, pierettää. \n'
  '\n'
  'EDIT: Olen nyt ollut kaksi viikkoa uudessa duunissa, enkä ole vieläkään '
  'löytänyt työpaikalta ensimmäistäkään peiliä. Epäilen työkavereideni olevan '
  'vampyyrejä. ',
  ((0.011014063842594624, 'label_identity_attack'),
   (0.2269069403409958, 'label_insult'), (0.3661230206489563, 'label_obscene'),
   (0.0055591510608792305, 'label_severe_toxicity'),
   (0.0036010255571454763, 'label_threat'),
   (0.751308262348175, 'label_toxicity')),
  ('toxic', 0.751308262348175), (['label_toxicity'], [0.751308262348175])),
 ('Töitä saatana. Perkele.\n'
  '\n'
  'Why not both?\n'
  '\n'
  'Totuus: Istun ja redditoin koska väsyttää ja tulin just kotiin. Pakko '
  'rentoutua. Pian pelaan vähän Hyrule Warriorsia ja menen nukkumaan koska '
  'huomenna töihin seitsemäksi aamulla -_-\n'
  '\n'
  'Tehtävä; Internetin retroiluymypöriden semijulkimon hämärää '
  '[elektroniikka-chiptune-hömpötystä](https://www.youtube.com/watch?v=WFZRZUaoeEU). '
  'Sori, heitin koko levyn. \n'
  '\n'
  '~~Ehkä muutan yksittäiseksi biisiksi jahka jaksan.~~\n'
  '\n'
  'Jaksoin.\n'
  '\n'
  'Edittinä vielä ei nyt ihan tuntematonta mutta mielestäni lisää huomiota '
  'ansaitsevaa [folk punkkia](https://www.youtube.com/watch?v=y-Gmg-XxNAc)',
  ((0.00839689839631319, 'label_identity_attack'),
   (0.162983238697052, 'label_insult'), (0.6111125946044922, 'label_obscene'),
   (0.007474331650882959, 'label_severe_toxicity'),
   (0.005194894969463348, 'label_threat'),
   (0.7512407898902893, 'label_toxicity')),
  ('toxic', 0.7512407898902893), (['label_toxicity'], [0.7512407898902893])),
 ('Lääkärin määräyksellä hyväksyn minkä tahansa lääkkeen. Lääkekäyttö on ihan '
  'eri asia kuin hupikäyttö. Jos siitä tulee kiva olo niin se nyt vaan sitten '
  'on sen lääkkeen hyvä puoli. Ainahan sitä joku väärinkäyttää mutta se ei tee '
  'siitä sallittavaa.\n'
  '\n'
  'Peloissani? Mitä vittua? Ei mua huumeiden tai päihteiden käyttäjät pelota. '
  'Kannabiksenkin käyttäjät on yleensä rentoa porukkaa. Se ei silti tee siitä '
  'järkevää/oikeaa. Niiden pitää pysyä kiellettynä yleisessä käytössä.\n'
  '\n'
  '&gt;"...kuinka valmis olet viemään ihmisvapauden ja itsemääräämissäännön"\n'
  '\n'
  'No HUH HUH. Nyt kyllä tuli kovaa sanaa. Naurettavaa sellaista. Mietippä nyt '
  'hetki miksi jotkin asiat on kiellettyjä ja palaa sitten itkemään '
  'itsemääräämisoikeudesta. Jos huumeita voi mennä käyttämään johonkin valtion '
  'tilaan, josta ei pääse ulos ennen kuin on lääketieteellisesti raitis '
  'huumeen vaikutuksesta (riippuuvuus sitten eri asia) niin käyttäkää pois. '
  'Ongelma tulee siinä, kun huumeiden käyttäjät vaarantavat muita edes '
  'minimaalisesti. Alkolukkokin autoissa olisi ihan hyvä asia, maksut vaan '
  'niin saatanan kovia että saisi valtio sitten vaikka maksaa niiden lisäyksen '
  'jos sellaisia haluavat. Ne eivät ole pois laillisesta toiminnasta.\n'
  '\n'
  'Mulle on aikalailla ihan sama jos porukka tekee itsemurhaa. Silloin '
  'yhteiskunta on epäonnistunut hiukan mutta jos yksilö ei kerro pahasta '
  'olostaan niin on myös yksilön vika jos ei kaikki nallekarkit mee tasan. Ei '
  'elämä ole mitenkään pyhää.\n'
  '\n'
  'Miksi sinun pitää keskittää energiasi siihen, että päihteet (tai siis '
  'kannabis, et kuitenkaan aja kaikkien huumeiden sallimista) huonoine '
  'vaikutuksineen pitäisi sallia? Haluan vähentää riskejä muille. Jos pystyt '
  'todistamaan, että et pääse talostasi ulos ennen kuin olet raitis etkä '
  'talossasi pysty aiheuttamaan materiaalisia tai muita kuluja muille niin '
  'siitä vaan käyttämään.\n'
  '\n'
  'Kuten sanoin, yhteiskunta on osaksi epäonnistunut jos kääntyy huumeisiin. '
  'Tämä ei kuitenkaan tarkoita, että huumeet pitäisi sallia. Jos on masennus '
  'ja siihen hakee kannabista, jolla on todistettava vaikutus masennuksen '
  'vähentämiseen niin kuten sanoin, lääkärin määräyksellä mitä vaan.\n'
  '\n'
  'Olen kuitenkin sitä mieltä, että huumausainerikoksista jaetaan naurettavia '
  'rangaistuksia. Pieni sakko riittäisi kattamaan ongelman hoidon. Ajattele '
  'sitä vaikkapa vakuutuksena huumeen mahdollisista vaikutuksista. Sitenhän '
  'muutkin vakuutukset toimivat.\n'
  '\n'
  'Täytyy tähän väliin todeta, että LSD:tä voisin ehkä kokeilla sen '
  'turvallisuuden ja väitetyn "ajatuksia avartavan vaikuksen takia". Tätäkin '
  'kuitenkin hallituissa koe-olosuhteissa, en halua kuolla tai aiheuttaa '
  'turhaa vaaraa itselleni tai muille.',
  ((0.0073974900878965855, 'label_identity_attack'),
   (0.14021101593971252, 'label_insult'), (0.6201333403587341, 'label_obscene'),
   (0.006166449282318354, 'label_severe_toxicity'),
   (0.0059525249525904655, 'label_threat'),
   (0.7512170672416687, 'label_toxicity')),
  ('toxic', 0.7512170672416687), (['label_toxicity'], [0.7512170672416687])),
 ('Mikä helvetti on lauantai-illan tunnelma????',
  ((0.0066957236267626286, 'label_identity_attack'),
   (0.12412840873003006, 'label_insult'), (0.5163708925247192, 'label_obscene'),
   (0.005976345855742693, 'label_severe_toxicity'),
   (0.007440917659550905, 'label_threat'),
   (0.7510838508605957, 'label_toxicity')),
  ('toxic', 0.7510838508605957), (['label_toxicity'], [0.7510838508605957])),
 ('Sitten taas toisaalta jos joku tulee masennustaan valittamaan, niin '
  'semmoinen "oikea" lähestymistapa olisi olla empaattinen ja kuunnella ja '
  'antaa sen toisen purkaa sitä pahaa oloaan ja masennustaan ja auttaa sitä '
  'kautta sitä jäsentelemään niitä fiiliksiään ja eheytymään ihmisenä.\n'
  '\n'
  'Mutta eihän sitä nyt rupea kukaan täysjärkinen tekemään. Kerran jos erehtyy '
  'semmoisen tilityksen kuuntelemaan niin sitten sitä saa olla aina korvana '
  'kun sitä toista vituttaa. Ja sehän tarttuu vielä jos sillä on oikeasti '
  'jotain syytä olla masentunut, muistaa itsekin siitä miten perseestä kaikki '
  'on. Ja kohta onkin siinä itse kiroilemassa miten liipasimella elämä taas '
  'on, eikä siitä sitten ole kummallekaan tuon taivaallista hyötyä, vituttaa '
  'vaan kahta kauheammin.\n'
  '\n'
  'Aika hyvin saa asiat olla, että jaksaa kenenkään vuodatuksia kuunnella '
  'ellei nyt sitten ole vuosikymmeniä tunnettu, sitten voi tehdä poikkeuksen. '
  'Ehkä. Jos ei tavaksi oteta.',
  ((0.006972162518650293, 'label_identity_attack'),
   (0.18532788753509521, 'label_insult'), (0.5521532297134399, 'label_obscene'),
   (0.005520783830434084, 'label_severe_toxicity'),
   (0.0038539774250239134, 'label_threat'),
   (0.750575840473175, 'label_toxicity')),
  ('toxic', 0.750575840473175), (['label_toxicity'], [0.750575840473175])),
 ('Otsikko alkoi ihan hyvin, mutta puolessavälissä sitten koko homma meni ihan '
  'vituiksi.',
  ((0.004265335388481617, 'label_identity_attack'),
   (0.10418324172496796, 'label_insult'), (0.6982548832893372, 'label_obscene'),
   (0.007889890111982822, 'label_severe_toxicity'),
   (0.0039293221198022366, 'label_threat'),
   (0.7504724264144897, 'label_toxicity')),
  ('toxic', 0.7504724264144897), (['label_toxicity'], [0.7504724264144897])),
 ('Jos vaikka sen uuden Godzillan katsoisi. Luultavasti sopivan paska leffa '
  'jotta ei haittaa vaikka nukahtaa sohvalle.',
  ((0.006849951576441526, 'label_identity_attack'),
   (0.18093852698802948, 'label_insult'), (0.6071824431419373, 'label_obscene'),
   (0.006031909957528114, 'label_severe_toxicity'),
   (0.005124944262206554, 'label_threat'),
   (0.7503749132156372, 'label_toxicity')),
  ('toxic', 0.7503749132156372), (['label_toxicity'], [0.7503749132156372])),
 ('&gt;Olen poliisimyönteinen ihminen.\n'
  '\n'
  'Ja mikä helvetin argumentti tämä muka on? Ollaanko me edelleenkin Suomen '
  'huumekeskustelussa tasolla, jossa pitää aina erikseen muistaa mainita, '
  'ettei ole koskaan itse käyttänyt huumeita ja että ihan varmasti rakastaa '
  'poliisia juuri yhtä paljon kuin kaikki naapuritkin?',
  ((0.008648927323520184, 'label_identity_attack'),
   (0.13192147016525269, 'label_insult'), (0.532477855682373, 'label_obscene'),
   (0.006071119569242001, 'label_severe_toxicity'),
   (0.006180714350193739, 'label_threat'),
   (0.7502710223197937, 'label_toxicity')),
  ('toxic', 0.7502710223197937), (['label_toxicity'], [0.7502710223197937]))]
[('Heikkoja surkimuksia olivat! Isämmaan puollustaminen ei moisia traumoja '
  'oikeille puhdasrotuisille kristityille suomen miehille aiheuta!',
  ((0.31112927198410034, 'label_identity_attack'),
   (0.31738969683647156, 'label_insult'),
   (0.07971211522817612, 'label_obscene'),
   (0.00912988930940628, 'label_severe_toxicity'),
   (0.007874571718275547, 'label_threat'),
   (0.7499610781669617, 'label_toxicity')),
  ('clean', 0.7499610781669617), ([], [])),
 ('Surprise sex?',
  ((0.02441646158695221, 'label_identity_attack'),
   (0.14415369927883148, 'label_insult'), (0.4791886806488037, 'label_obscene'),
   (0.009437515400350094, 'label_severe_toxicity'),
   (0.0030319085344672203, 'label_threat'),
   (0.7498759031295776, 'label_toxicity')),
  ('clean', 0.7498759031295776), ([], [])),
 ('Mihinkään miittiin kohta uskalla tulla kun media seuraa /r/suomea silmä '
  'kovana... työajallaan redditistä hakevat uutisensa..  kohta kentälle '
  'menevät, ottavat valokuvia. saatanat.',
  ((0.015593012794852257, 'label_identity_attack'),
   (0.36597511172294617, 'label_insult'), (0.3776308596134186, 'label_obscene'),
   (0.0048172129318118095, 'label_severe_toxicity'),
   (0.003866457147523761, 'label_threat'),
   (0.7496048808097839, 'label_toxicity')),
  ('clean', 0.7496048808097839), ([], [])),
 ('Kalkkuna on myös helevetin hyvää. Mutta jos on tekninen ongelma elukoiden '
  'kanssa eikä halua gluteiinijauhosta taputella tekosikaa, niin käntynhän voi '
  'raapaista kasaan myös [tofusta](http://www.maku.fi/reseptit/tofukinkku). '
  'Resepti todettu toimivaksi.',
  ((0.007501551415771246, 'label_identity_attack'),
   (0.13091832399368286, 'label_insult'), (0.5717025399208069, 'label_obscene'),
   (0.00747076328843832, 'label_severe_toxicity'),
   (0.005731246434152126, 'label_threat'),
   (0.7495353817939758, 'label_toxicity')),
  ('clean', 0.7495353817939758), ([], [])),
 ('Kiinnostaisi tietää sun yleinen mielipide kannabiksesta kun olen nähnyt '
  'itse sen tekevän paljon paskaa ihmisille ja silti yleinen rinkirunkkauksen '
  'aihe tuntuu olevan se ettei siinä ole mitään pahaa.',
  ((0.006822742987424135, 'label_identity_attack'),
   (0.12882041931152344, 'label_insult'), (0.5763686895370483, 'label_obscene'),
   (0.006782446522265673, 'label_severe_toxicity'),
   (0.005596725270152092, 'label_threat'),
   (0.7494210600852966, 'label_toxicity')),
  ('clean', 0.7494210600852966), ([], [])),
 ('jaa niin.. emmä siellä ollu mutta aattelin vaan että ois ihan kiva että ois '
  'emännillä vähän kiinteempiä perseitä ja paremmat lihakset.',
  ((0.005911963060498238, 'label_identity_attack'),
   (0.1639125496149063, 'label_insult'), (0.5692320466041565, 'label_obscene'),
   (0.005997946951538324, 'label_severe_toxicity'),
   (0.0031937488820403814, 'label_threat'),
   (0.7493670582771301, 'label_toxicity')),
  ('clean', 0.7493670582771301), ([], [])),
 ('Tää oli paska juttu. Eduskunnan suuren salin äänestykseenhän aloite kyllä '
  'etenee (vrt esim kansalaisaloite turkistarhauksen lakkauttamiseksi: '
  'valiokunnan mietintö oli hylkäävä, mutta äänestettiin siitä huolimatta), '
  'mutta on tää perkeleellisen ikävä asia nyt joka tapauksessa. ',
  ((0.005565001629292965, 'label_identity_attack'),
   (0.11289677768945694, 'label_insult'), (0.659270703792572, 'label_obscene'),
   (0.006910903379321098, 'label_severe_toxicity'),
   (0.004091991111636162, 'label_threat'),
   (0.7493177056312561, 'label_toxicity')),
  ('clean', 0.7493177056312561), ([], [])),
 ('Sarjassa on myös homoja ja puolialastomia miehiä.',
  ((0.738073468208313, 'label_identity_attack'),
   (0.3416980504989624, 'label_insult'), (0.24786657094955444, 'label_obscene'),
   (0.012495470233261585, 'label_severe_toxicity'),
   (0.007713973522186279, 'label_threat'),
   (0.7491884231567383, 'label_toxicity')),
  ('clean', 0.7491884231567383), ([], [])),
 ('Ei ole mun vika, että olen rikas. Köyhyys on sairaus. Hanki duuni. Köyhät '
  'kyykkyyn. ',
  ((0.020706871524453163, 'label_identity_attack'),
   (0.21737122535705566, 'label_insult'),
   (0.08246007561683655, 'label_obscene'),
   (0.0070136552676558495, 'label_severe_toxicity'),
   (0.012665457092225552, 'label_threat'),
   (0.7491594552993774, 'label_toxicity')),
  ('clean', 0.7491594552993774), ([], [])),
 ('Ite pidän sukat jalassa, ettei varpaat palele ku hinkkaan. Sitä paitsi, '
  'pelkät sukat jalassa hilluminen tuntuu jotenkin mukavan  pornolta, '
  'varsinkin kun ne sukat vetää niin korkealle kuin mahdollista. Intistä '
  'lainatut useamman raidan sukat venyvät hyvin sopiviin korkeuksiin.\n'
  '\n'
  'Mutta joo, mistäs me keskusteltiinkaan?',
  ((0.014601151458919048, 'label_identity_attack'),
   (0.1593209058046341, 'label_insult'), (0.5996934771537781, 'label_obscene'),
   (0.007073577959090471, 'label_severe_toxicity'),
   (0.003275008639320731, 'label_threat'),
   (0.7489733695983887, 'label_toxicity')),
  ('clean', 0.7489733695983887), ([], [])),
 ('älä ole rasisti.',
  ((0.12392039597034454, 'label_identity_attack'),
   (0.2606193423271179, 'label_insult'), (0.08437462896108627, 'label_obscene'),
   (0.005821899510920048, 'label_severe_toxicity'),
   (0.006443351041525602, 'label_threat'),
   (0.7488083839416504, 'label_toxicity')),
  ('clean', 0.7488083839416504), ([], [])),
 ('Jees, keräsin joskus tuota sontaa melko saatanallisen läjän. Linkinkin '
  'jemmasin tuonne kommentin sekaan, jos haluat valaistua lisää. :v',
  ((0.006853793282061815, 'label_identity_attack'),
   (0.23345841467380524, 'label_insult'), (0.5103655457496643, 'label_obscene'),
   (0.005567444954067469, 'label_severe_toxicity'),
   (0.003619753522798419, 'label_threat'),
   (0.7488034963607788, 'label_toxicity')),
  ('clean', 0.7488034963607788), ([], [])),
 ('Paskat on jo housuissa, ei siinä potan vaihto enää auta.',
  ((0.005261923186480999, 'label_identity_attack'),
   (0.10987485945224762, 'label_insult'), (0.575316309928894, 'label_obscene'),
   (0.006274315994232893, 'label_severe_toxicity'),
   (0.003668086836114526, 'label_threat'),
   (0.7486491799354553, 'label_toxicity')),
  ('clean', 0.7486491799354553), ([], [])),
 ('Soini on kääntynyt Katoliseen uskoon, eikä ole mikään tapakatolinen. \n'
  '\n'
  'Katolisen opetuksen mukaan homoseksi on kuolemansynti, masturbointi on '
  'kuolemansynti, kondomin käyttö on kuolemansynti. Summa summarum:  Seksin '
  'tarkoitus on tehdä lapsia avioliitossa ja jos se estetään keinotekoisesti, '
  'se on kuolemansyntiä.  \n',
  ((0.10341357439756393, 'label_identity_attack'),
   (0.2057475596666336, 'label_insult'), (0.4041939377784729, 'label_obscene'),
   (0.006956508383154869, 'label_severe_toxicity'),
   (0.004017338622361422, 'label_threat'),
   (0.7486292123794556, 'label_toxicity')),
  ('clean', 0.7486292123794556), ([], [])),
 ('Se on vain ajan kysymys. Tuhansia kertoja ihmiskunnan historian aikana on '
  'istahdettu perseelleen ja huokaistu, että nyt koitti pysyvä ja ikuinen '
  'rauha.',
  ((0.006663383450359106, 'label_identity_attack'),
   (0.15998487174510956, 'label_insult'), (0.544531524181366, 'label_obscene'),
   (0.005576055496931076, 'label_severe_toxicity'),
   (0.0048467549495399, 'label_threat'),
   (0.7483922839164734, 'label_toxicity')),
  ('clean', 0.7483922839164734), ([], [])),
 ('Kansallinen lotto pyörimään. Kaikki tekee paskahommia kunnes osuu noppa '
  'kohdalle ja pääsee pariksi vuodeksi kunnon töihin. Sieltä sitten takasin '
  'paskahommiin ja uutta lottoamista. Reilua ja tasa-arvoista.',
  ((0.0069899833761155605, 'label_identity_attack'),
   (0.16940434277057648, 'label_insult'), (0.6113463640213013, 'label_obscene'),
   (0.00577531848102808, 'label_severe_toxicity'),
   (0.004386818502098322, 'label_threat'),
   (0.7482534646987915, 'label_toxicity')),
  ('clean', 0.7482534646987915), ([], [])),
 ('Ei helvetti, miten se nyt silleen!?',
  ((0.005224056541919708, 'label_identity_attack'),
   (0.08155818283557892, 'label_insult'), (0.6515359878540039, 'label_obscene'),
   (0.0075799887999892235, 'label_severe_toxicity'),
   (0.005919040180742741, 'label_threat'),
   (0.7482311725616455, 'label_toxicity')),
  ('clean', 0.7482311725616455), ([], [])),
 ('Sipilä ei ole ikinä "minun" pääministeri. Yksikään uskovainen ei saatana '
  'minulle kerro mitä elämälläni teen ja miten pitäisi olla, kuten ei muutkaan '
  'mielenvikaiset. Enkä yleisesti usko että uskovaisten moraali kestää '
  'päivänvaloa. Kusipäistä tekopyhää sakkia yleensä ovat.\n'
  '\n'
  'Nyt alkaa olemaan kunnon jeesuskerho politiikassa. Sipilä, Soini, Räsänen '
  'ja Stubb. En henkilökohtaisesti usko että tällainen doktriini toimii '
  'kymmentä vuotta pitempään koska äänestävä luterilainen jeesusmassa kuolee '
  'pois. Mistä nuoret poliitikot ottamaan ateistiset pössyttelevät '
  'hipsternuorten äänet?',
  ((0.05696209520101547, 'label_identity_attack'),
   (0.24819712340831757, 'label_insult'), (0.1012042686343193, 'label_obscene'),
   (0.006033419631421566, 'label_severe_toxicity'),
   (0.010824373923242092, 'label_threat'),
   (0.7481353282928467, 'label_toxicity')),
  ('clean', 0.7481353282928467), ([], [])),
 ('Ei se ole valtion kyttäyksen homma valvoa työpaikan ilmapiiriä. \n'
  '\n'
  'Siihen lääke on molemminpuolinen joustavuus työsuhteissa, jotta toisaalta '
  'työntekijällä sekä työnantajalla kusipäisyys tulee kalliiksi ja '
  'itsepäisestä kusipäästä pääsee eroon.\n'
  '\n'
  'Tässä on joitain käytännön ongelmia, esimerkiksi se että työntekijällä on '
  'usein aika heikot mahdollisuudet surffata työpaikasta toiseen—ja isot '
  'kiinteät menot asuntolainasta. Mutta näitä ongelmia ei ratkaista '
  'naittamalla työntekijää jatkuvasti tiukemmin työnantajaan, sillä se nostaa '
  'jatkuvasti työnantajan kynnystä palkata ketään. Se murjoo työttömän.',
  ((0.010296311229467392, 'label_identity_attack'),
   (0.421631395816803, 'label_insult'), (0.48347485065460205, 'label_obscene'),
   (0.005046800244599581, 'label_severe_toxicity'),
   (0.0030518437270075083, 'label_threat'),
   (0.7481337785720825, 'label_toxicity')),
  ('clean', 0.7481337785720825), ([], [])),
 ('Pitäisi nyt sitten varmaan suuttua vankien paapomisesta. Niillähän jää '
  'enemmän käteen kuin meikäläisellä palkasta. Ei jumalauta. Ja sitten vaahtoa '
  'suupielistä. Mutta miten olisi jos katkeroitumisen sijaan jeesattaisiinkin '
  'ne itäisen Euroopan maat läntiselle tasolle? Ei sitten niidenkään '
  'gangsterit haraisi enää vastaan kotiinlähdön kanssa. ',
  ((0.01717822253704071, 'label_identity_attack'),
   (0.1651318371295929, 'label_insult'), (0.48844078183174133, 'label_obscene'),
   (0.005136622581630945, 'label_severe_toxicity'),
   (0.0051184156909585, 'label_threat'),
   (0.7481213212013245, 'label_toxicity')),
  ('clean', 0.7481213212013245), ([], []))]
CLEAN
[('Sähköverkon epävakauden kaltaisista asioista keskusteleminen on Suomen '
  'mittakaavassa ennenaikaista, ottaen huomioon että tuuli- ja aurinkovoiman '
  'määrä Suomen sähköverkossa ei taida olla edes yhden prosentin luokkaa. '
  'Yleisenä sääntönä katsotaan, että sähköverkko ei juurikaan kärsi ja siksi '
  'varastointia ei juurikaan tarvita kuin vasta kun uuden "puuskittaisen" (eli '
  'ei vesi-, maalämpo- tai biopolttosähkön) määrä sähköverkossa ylittää 20%. '
  'Yleisesti ottaen voidaan arvella että Suomen, kuten monien muidenkin '
  'valtioiden, täytyy nostaa vähähiilipäästöisen energian määrän yli 80% '
  'vuoteen 2050 mennessä. Siispä verkon epävakaus, varastointi sekä '
  '"varageneraattorit" pilvisille ja tuulettomille päiville ovat selvästi '
  'ongelmia jotka tulee ratkaista, mutta tällä menolla asia ei ole onneksi '
  'aiheellinen vielä moneen vuoteen ja teknologialla on aikaa kehittyä '
  'halvemmaksi ja tehokkaamaksi.\n'
  '\n'
  'Tuuli- ja aurinkosähkön määrä tulee hyvin todennäköisesti rajusti kasvamaan '
  'seuraavien vuosikymmenien aikana johtuen uudesta teknologiasta ja '
  'poliittisesta painostuksesta. Esimerkiksi aurinkopaneelien hinnat ovat '
  'romahtaneet, ja useat energia-alan ammattilaiset arvelevat aurinkosähkön '
  'saavuttavan niinsanotun "grid parity" tilanteen (tilanne, jossa '
  'sähköntuotanto kyseisellä menetelmällä on saman hintaista kuin '
  '"perinteisillä" menetelmillä) useissa maissa tämän vuosikymmenen aikana, '
  'elleivät jo ole saavuttaneet kyseistä tilannetta. Samalla myös '
  'tuulisähköstä on tullut halvempaa ja tehokkaampaa, ja myös '
  'varastointiteknologia näyttää olevan hyvin lähellä "läpimurtoa" joka voisi '
  'tehdä varastoinnista paljon halvempaa.\n'
  '\n'
  'Toinen mahdollisuus, joka useimpien suomalaisten mielestä on ilmeisesti '
  'houkuttelevampi, on ydinenergian käyttö. Uusien ydinvoimaloiden rakennus ei '
  'ole helppoa eikä turhan halpaakaan, ja valtaväestöllä tuntuu olevan '
  'ennakkoluuloja sitä kohtaan, mutta ydinvoima taitaa kuitenkin olla '
  'halvempaa kuin muut vaihtoehdot ja se ei myöskään kärsi '
  '"puuskittaisuudesta". Samalla uutta ydinvoimateknologiaa kehitellään '
  'kiivaasti. Viime vuosina esimerkiksi toriumiin perustuvat pienemmät '
  'reaktorit ovat saaneet paljon huomiota.\n'
  '\n'
  'Itse olen optimistinen asian suhteen ja kannataan, että Suomi rakentaisi '
  'paljon enemmän uusiutuvaa energiaa ja tukisi myös esimerkiksi '
  'kotitalouksiin asennettavia aurinkopaneeleja. Kannatan myös ydinvoiman '
  'lisärakentamista. Ihanteellisessa tilanteessa sekä uusiutuva energia että '
  'ydinvoima voisivat yhdessä tuottaa kaiken Suomen tarvitseman sähkön ilman '
  'huomattavia päästöjä, joskin juuri uusiutuvan energian epävakaus saattaisi '
  'aiheuttaa ongelmia. Hyvällä tuurilla Suomen energiantuotannon '
  '"hiilittömäksi" muuttaminen ei tule olemaan aivan niin kallista kuin voisi '
  'arvella.\n'
  '\n'
  'Ja tietysti myös energiatehokkuus on erittäin tärkeää, kuten Jako87 '
  'huomautti.\n',
  ((0.0010029117111116648, 'label_identity_attack'),
   (0.000798968190792948, 'label_insult'),
   (0.0010624374262988567, 'label_obscene'),
   (0.00094837776850909, 'label_severe_toxicity'),
   (0.0008747947867959738, 'label_threat'),
   (0.0015321392565965652, 'label_toxicity')),
  ('clean', 0.0015321392565965652), ([], [])),
 ('Eipä se rahasta taida olla kiinni vaan poliittisesta tahdosta. '
  'Toimeentulotuen osuus kaikista sosiaalimenoista on alle 2% (ks. '
  '[Sosiaalimenot ja rahoitus '
  '2012](http://www.julkari.fi/handle/10024/114910)). Siinä taitaa kuitenkin '
  'suurimpana ideologisena kompastuskivenä olla työmarkkinoille kannustaminen '
  '(esim. kannustinloukun välttäminen) ja sosiaaliturvaetuuksilla elämisen '
  'tekeminen houkuttelemattomaksi. \n'
  '\n'
  'Ja mainittakoon, että taloudellisia laskelmia tekevien etuuskäsittelijöiden '
  'ja vastaavien virkailijoiden karsiminen on yksi asia, mutta sosiaalityön '
  'yhteiskunnallinen tehtävä on pelkkää taloudellista tukea huomattavasti '
  'laajempi ja siihen sisältyy myös nimenomaisesti huono-osaisimpien edun '
  'ajaminen ja asemaa koskevan tiedon tuottaminen ja välittäminen '
  'yhteiskunnallisille päättäjille. Sosiaalityö monesti nähdään '
  'yksiulotteisena, koska (ainakin sosiaalitoimistoissa) se on keskittynyt '
  'toimeentulotukipäätöksiin ja erityisesti niukkojen resurssien alaisuudessa '
  'sosiaalityön mahdollisuudet toimia muunakin kuin yhteiskunnan varojen '
  'kirstunvartijana ovat usein rajoitetut.\n'
  '\n'
  'Tämäkin keskustelu on ikävän viranomaisvastaista, mikä on monelta osin '
  'ymmärrettävää ja järjestelmän kritisointi pitkälti perusteltuakin, mutta on '
  'hyvä muistaa, että julkisuus antaa varsin värittyneen kuvan todellisuudesta '
  'tuodessaan esiin väärinkohdeltuja yksittäistapauksia. \n'
  '\n'
  'Lastensuojelu on puhuttanut paljon ja tietyssä mielessä työntekijät eivät '
  'voi koskaan näyttäytyä positiivisessa valossa koska esiin tuodut '
  'yksittäistapaukset ilmentävät aina viranomaisten virhettä oli kyseessä '
  'liika tai liian vähäinen seurannan ja/tai toimenpiteiden määrä. Ja tarina '
  'kerrotaan yleensä asiakkaan perspektiivistä, jolloin rakentuu narratiivi '
  'yksilöstä uhrina yhteiskunnallisen byrokratian kynsissä. Hyvästä työstä '
  'harvoin uutisoidaan, mutta rakentavampaa olisi jos keskustelu keskittyisi '
  'hyvän työn edellytysten parantamiseen kiinnittämällä huomiota esimerkiksi '
  'työn resurssien riittävyyteen. \n'
  '\n'
  'Näistä tiedonjakamisperusteista keskustelu on myös ihan järkevää ja siinä '
  'mielessä artikkeli toi esiin hyviä kysymyksiä, mutta yksittäisten tapausten '
  'ruotimisessa täytyy vastustaa sohvapsykologin taipumuksia johtopäätöksiin '
  'epätäydellisen tiedon perusteella, etenkin silloin kun ne asettuisivat '
  'kätevästi yhteen omien ennakkoasenteiden kanssa artikkelin agendaa '
  'sopivasti tukien.\n',
  ((0.0009495368576608598, 'label_identity_attack'),
   (0.0007647586753591895, 'label_insult'),
   (0.0010271496139466763, 'label_obscene'),
   (0.000893457094207406, 'label_severe_toxicity'),
   (0.0008327096584253013, 'label_threat'),
   (0.0015314063057303429, 'label_toxicity')),
  ('clean', 0.0015314063057303429), ([], [])),
 ('Käydäänpä läpi koko valtionjohto saman tien:\n'
  '\n'
  '* Presidentti: Oikeustieteen kandidaatti ja varatuomari. Ei mainittavaa '
  'ulkopoliittista kokemusta. Puolustusvoimien ylipäällikkönä siis ikääntynyt '
  'lakimies. Mitenköhän lienee kenttäkelpoisuuden kanssa?\n'
  '* Pääministeri: EU-nörtti, tokkopa tietää mitään Suomen asioista. EU-asiat '
  'tosin kuuluvat pääministerille, eli osittainen osuma.\n'
  '* Valtionvarainministeri: Oikeustieteen kandi. Tuolla pätevyydellä mitään '
  'vielä tehdä, ei taida olla edes varatuomari.\n'
  '* Ulkoministeri: Poliittisen historian dosentti, valtiotieteiden tohtori.\n'
  '* Eurooppa- ja ulkomaankauppaministeri: Sentään kauppatieteiden maisteri. '
  'Työkokemus K-kauppiaana.\n'
  '* Kehitysministeri: Mainittu päihdetyön ohjaaja.\n'
  '* Oikeusministeri: Oikeustieteen kandidaatti ja varatuomari. No, eihän tuo '
  'mikään kova tutkinto ole, mutta käräjiä istunut lakimies kuitenkin.\n'
  '* Sisäministeri: Lääkäri. Pelastustoimi liittyy sisäministerin toimialaan, '
  'joten osittain tutkinto liittyy ministerin alaan.\n'
  '* Puolustusministeri: Kauppatieteilijä ja media-alan yrittäjä. Vapautettu '
  'asevelvollisuudesta.\n'
  '* Liikenne- ja kuntaministeri: Terveystieteiden tohtori. En näe suoraan '
  'yhteyttä toimialaan, sote-alueet kun lienevät sote-ministerin alaisena.\n'
  '* Opetus- ja viestintäministeri: Valtiotieteiden maisteri, joka on '
  'työskennellyt filosofian maikkana (tuntiopettajana, ei lehtorina) sekä '
  'etäkampuksen toiminnan suunnitelijana.\n'
  '* Kulttuuri- ja asuntoministeri: Hallintotieteiden maisteri. '
  'Ammattibyrokraatti?\n'
  '* Maa- ja metsätalousministeri: Valtiotieteiden maisteri, gradun aihe '
  'kunnallinen palvelutuotanto. Joo ei.\n'
  '* Elinkeinoministeri: Oikeustieteiden kandi ja poliittinen broileri.\n'
  '* Työministeri: Kirvesmies. Kirveelle eittämättä onkin töitä ministerin '
  'alalla.\n'
  '* Sosiaali- ja terveysministeri: Lääkäri. Ulkoministerin lisäksi siis '
  'hallituksen toinen tohtori, jolla tutkinto vastaa salkkua!\n'
  '* Peruspalveluministeri: Yhteiskuntatieteiden maisteri.\n'
  '* Ympäristöministeri: Valtiotieteiden maisteri, toimittaja.\n'
  '\n'
  'Nopealla vilkaisulla kunnollisia asiantuntijoita on siis kaksi, ja '
  'pääministerillä on kunnollinen tausta EU-asioiden osalta. Viisi muuta '
  'ministeriä, joilla on tutkinto salkkua (edes osittain) vastaavalta alalta.\n'
  '\n'
  'E: Muutaman sanan vaihdos.',
  ((0.0008553324150852859, 'label_identity_attack'),
   (0.0007020686753094196, 'label_insult'),
   (0.0009761126711964607, 'label_obscene'),
   (0.0007962639210745692, 'label_severe_toxicity'),
   (0.0007537847268395126, 'label_threat'),
   (0.0015312604373320937, 'label_toxicity')),
  ('clean', 0.0015312604373320937), ([], [])),
 ('Olen lääkäri ja teen päihdetyötä muita alueen lääkäreitä enemmän.\n'
  '\n'
  'Näen tässä myös itse suuren kehittämisen aiheen. Lääkärissä käymisen ja '
  'avun hakemisen pitäisi olla turvallista ja siitä ei missään nimessä saisi '
  'tulla enempää haittaa.\n'
  '\n'
  'Lastensuojeluilmoitus on varmasti huono asia, varsinkin jos perhe ei tiedä '
  'käytöstä. Jos päihdekäytöstä puhutaan niin ilmoitus on kuitenkin varmasti '
  'paikallaan. Usein tässä tilanteessa perheessä onkin jo selviä ongelmia ja '
  'asia on tiedossa.\n'
  '\n'
  'Työkykyisyydestä olisin toista mieltä, koska asia ei kuulu tippaakaan '
  'työnantajalle ja lääkäri ei tee mitään lausuntoa työkykyisyydestä ellei '
  'tähän ole selkeää aihetta. Omien kokemusten mukaan suurin osa päihteiden '
  'väärinkäyttäjistä nimenomaan haluaa sairaslomaa ja sen takia niitä '
  'kirjoitetaan. Taustalla on psykiatrisia diagnooseja ja kroonista kipua, '
  'mutta kyllä päihteet vaan usein ovat merkittävässä asemassa.\n'
  '\n'
  'Vaikeuttaako tämä päivystyskäyntejä tai kipulääkkeiden saamista? Mielestäni '
  'tämä ei saisi vaikuttaa normaaleihin lääkärikäynteihin mitenkään. Tietysti '
  'kipulääkkeiden kanssa olisin varovaisempi, koska buprenorfiineissa mietojen '
  'opiaattien teho vähenee huomattavasti, mutta vieroittumista se suorastaan '
  'vaikeuttaa. (Yritän ajatella potilaan parasta pitkällä aikavälillä.) '
  'Vastaavasti tapaturman sattuessa normaali annos vahvempaa kipulääkettä ei '
  'välttämättä auta ollenkaan jos toleranssi on suuri. Mielestäni tieto '
  'opioidien käytöstä sairaskertomuksessa on erittäin tärkeä. Mutta miten '
  'asian tekisi ilman stigmaa?\n'
  '\n'
  'Tietysti tämä vaikeuttaa myös Lyrican tai bentsojen saamista. Psyykkinen '
  'riippuvuus on osiltaan riippumaton käytetystä aineesta, jolloin myös muiden '
  'aineiden käyttäminen voi huonontaa toisen aineen riippuvuuden tilannetta.\n'
  '\n'
  'Ja muutenkin on olemassa vahvaa näyttö siitä että pitkäaikainen opioidien '
  'käyttö kroonisen kivun hoitona ei paranna toimintakykyä tai yleistä '
  'kiputilannetta verrattuna niihin jotka eivät käytä opioideja kipulääkkeenä. '
  'Sama homma bentsojen kanssa ahdistuksen hoidossa. Pitemmällä aikajänteellä '
  'positiiviset vaikutuksen jäävät useamman kuukauden päähän. Pitkittyneessä '
  'käytössä tilanne on usein tutkimuksissa ollut samanlainen kuin '
  'alkuvaiheessa, mutta opioidi/bentso tarvitaan, jotta päästään edes samaan '
  'vointiin kuin ennen lääkkeen aloittamista.\n'
  '\n'
  'Sinun tapauksesi kuulostaa todella hyvin hallittavalta tilanteelta, ja '
  'mielelläni auttaisin. Yleensä vastaanotolle vaan päätyy huomattavasti '
  'vaikeammassa tilanteessa olevia ihmisiä, jotka eivät todellakaan pysty yhtä '
  'hyvin ratkaisemaan itse ongelmaansa kuin sinä. Luottamuspulasta johtuen he '
  'pyrkivät turvaamaan lääkkeidensä saantia asioita vääristelemällä ja '
  'valehtelemalla. Opioidiongelma tuodaan esille esim vakavana kipuongelmana '
  'ja bentso-ongelma ahdistuksena. Objektiiviset löydökset vaan tuppaavat '
  'olemaan vähäisiä verrattuna sellaisiin potilaisiin, jotka valittavat samoja '
  'vaivoja, mutta eivät väärinkäytä päihteitä (kipua ja ahdistusta kyllä usein '
  'on myös mukana). Tämä tietysti huonontaa myös asiallisten '
  'päihdeongelmaisten hoitoa ja luottamusta.\n'
  '\n'
  'Kokisin voivani auttaa paljon paremmin kunhan asiat kerrottaisiin miten ne '
  'oikeasti ovat eikä tärkeitä hoitoon vaikuttavia tietoja jätettäisi '
  'pimentoon. Turvallisuuden tunne hoidossa olisi ensisijaisen tärkeä. Yleensä '
  'asiat kerrotaan niin että saadaan se oma annos varmistettua ja lääkärinä '
  'tuntee olevansa vain reseptiautomaatti.',
  ((0.0008750106208026409, 'label_identity_attack'),
   (0.0007115011685527861, 'label_insult'),
   (0.0009918337455019355, 'label_obscene'),
   (0.0008056624792516232, 'label_severe_toxicity'),
   (0.0007592373876832426, 'label_threat'),
   (0.0015312305185943842, 'label_toxicity')),
  ('clean', 0.0015312305185943842), ([], [])),
 ('Yle:n olemassaoloa tuskin perustellaan sillä, että kansa tarvitsee '
  'viihdettä, varsinkaan kun siihen tarkoitukseen löytyy liuta muitakin '
  'lähteitä. Ja siitä riippumatta pointti ei muutu miksikään. Lähestymistapa '
  'on silti monella tapaa yhtä pätevä Yle:n suhteen, koska se tarjoaa liudan '
  'työkaluja vaikuttaa sisältöön, ilman että poliittisten tahojen täytyy '
  'suoraan kieltää, estää tai pakottaa ohjelmien esittämistä pelkästään '
  'poliittisiin ideologioihinsa vedoten.\n'
  '\n'
  'Kuvailet hyvin henkilökohtaista ongelmaa Yle:n suhteen, sitä että '
  'mielestäsi yleisen populaation kuva kanavasta ei vastaa totuutta ja että '
  'tämä muutos sopivasti torpedoisi sen käsityksen. \n'
  '\n'
  'Kommenttisi perusteella on vaikea arvioida sitä että kuinka kaukana Yle on '
  'kansan pulssilta, et ainakaan ole tarjonnut muuta kuin oman käsityksesi '
  'asiasta. Perustat paljon tälle olettamalle, mutta tietämättä todellista '
  'skaalaa argumentti on monella tapaa epäluotettava. Sen pohjalta on myös '
  'vaikea päätyä mihinkään muuhun kuin juu/ei väittelyyn.\n'
  '\n'
  'Henkilökohtaisestikaan en osaisi kuvailla kuin omaa ymmärrystäni Yle:n '
  'sisällöstä. En olisi eri mieltä siitä, että kanavan toimittajista löytyy '
  'liberaaleja yksilöitä tai että tämä olisi näkymätöntä kanavan sisällössä. '
  'Kuitenkin samalla Suomi on yhteiskunta joka monella tasolla nojaa '
  'liberaalimpaan suuntaan verrattuna muihin. Jos Yle:n uutislähestystä vertaa '
  'vaikka maikkarin vastaavaan, niin erot siinä miten asiat esitetään on '
  'lopulta aika marginaalisia, jonka perusteella voi ehkä ainakin nähdä sen, '
  'että Yle ei mahdollisissa rikkeissään ole kohtuuttoman räikeä. Se että '
  'maasta löytyy eri ideologioiden edustajia ei itsessään tarkoita, että '
  'kaikkien pitäisi olla tasapuolisesti edustettuina. Vaikka Yle '
  'käsitettäisiin liberaalisena kanavana, se ei tarkoita että konservatiiveja '
  'ei olisi huomioitu laisinkaan.\n'
  '\n'
  'Ytimestä löytyy myös paljon perustavanlaatuisempia ongelmia jotka '
  'liittyyvät suoraan valtiojohtoiseen sisältöön. Se vesittäisi kanavan '
  'luotettavuuden paperilla, ja käytännössä silloin kun konflikti syntyy '
  'hallituksen ja maksumiehien välille.\n'
  '\n'
  'Olettamus siitä, että sisältö vaihtuisi konservatiivisempaan hallituksen '
  'väliintulolla on myös sellainen jota en ottaisi vain olettamana. Voisin '
  'väittää, että mahdolliset ennakkoasenteet kärjistyisivät entisestään ja '
  'saattaisin olla yhtä lähellä totuutta.\n'
  '\n'
  'Ennakkoasenteet ja vapaus ovat kaksi eri asiaa joita ei tässäkään '
  'tilanteessa voi rinnastaa. Yle instituutiona on nyt vapaampi kuin jos sitä '
  'käskytettäisiin suoraan hallituksesta. Vapauden määrän säätely saattaa '
  'vaikuttaa sisällön monimuotoisuuteen, mutta muutokset sisällössä eivät '
  'vaikuttaisi käsitykseen vapaudesta ylipäätään.',
  ((0.0009435019455850124, 'label_identity_attack'),
   (0.0007647994789294899, 'label_insult'),
   (0.0010329978540539742, 'label_obscene'),
   (0.0008894479833543301, 'label_severe_toxicity'),
   (0.0008271792903542519, 'label_threat'),
   (0.0015309607842937112, 'label_toxicity')),
  ('clean', 0.0015309607842937112), ([], [])),
 ('&gt; Uskoisin monen maahanmuuttajan haluavan integroitua muutettavaan '
  'yhteiskuntaan. Maahanmuuttajien näkemyksistä on luultavasti tehty '
  'tutkimuksia. Pikaisella googlauksella löytyi ainakin tällainen "How '
  'immigrants experience integration" (2012), jossa todetaan seuraavasti: \n'
  '\n'
  'Tämä on ilmeisesti kulttuuritaustasta riippuvainen asia, on helpompaa '
  'kotoutua maahan jos muuttaa esim. Euroopasta verrattuna tilanteeseen, jossa '
  'tulija tulee vaikkapa Afrikasta. Se, miten tämä eroavaisuus johtuu esim. '
  'lähtökulttuurista ja toisaalta kohdemaassa koetusta kohtelusta (lue: esim. '
  'rasismista) on taas oma kysymyksensä. Käsitykseni mukaan esim. nimenomaan '
  'somalit ja kurdit edustavat sitä porukkaa, jotka tarvitsevat enemmän a) '
  'tukea kotoutumiselle b) aktiivista osallistumista yhteiskunnalliseen '
  'toimintaan onnistuneen kotoutumisen aikaansaamiseksi. \n'
  '\n'
  '&gt; Se, miten omasta kulttuurista "luopuminen" on suotavaa, on '
  'monimutkaisempi kysymys. \n'
  '\n'
  'Ei se ole monimutkaista ollenkaan siinä tilanteessa, jossa lähtökulttuuri '
  'pistää napit vastakkain kohdemaan kulttuurin kanssa. Esimerkkinä vaikkapa '
  'naisten tai seksuaalivähemistöjen asema ja kohtelu, tai ääriesimerkkinä '
  'Sharia-lain kannattaminen. Toisaalta, kyllähän monimuotoisuus ja erilaisuus '
  'tuo/luo arvoa ja rikkautta, mutta jossain menee se raja, kun liiallisesta '
  'sotkemisesta ja yhdistämisestä kulttuurierot sumentuvat ja seurauksena on '
  'yhtä harmaata massaa. Tämä ei toki ole käytännönläheinen tai '
  'merkityksellinen pointti nykytilanteessa, mutta enemmänkin '
  'teoreettinen/filosofinen vasta-argumentti sille, että kaikenlainen '
  'yhdistely ja sekoittaminen olisi silkkaa rikkautta aina ja kaikissa '
  'tapauksissa.\n'
  '\n'
  '&gt; Ns. elintasopakolaisuus on luultavasti hyvin vähäistä. Vai onko '
  'sinulla siitä tutkimuksia?\n'
  '\n'
  'Viittaan tuolla sanalla sellaiseen maahanmuuttoon jonka motiivina on '
  'parempi elintaaso, toisinsanoen se, että lähdetään hakemaan parempaa elämää '
  'toisesta maasta, koska kotimaassa elintaso on heikompi mitä toivotaan '
  'vieraassa maassa olevan. Tämän mukaan siis laajasti tulkittuna lähestulkoon '
  'kaikki ei-humanitaarinen maahanmuutto olisi elintasopakolaisuutta. Se ei '
  'siis varsinaisesti (välttämättä) liity siihen, että oltaisiin pakolaisia, '
  'vaan enemmänkin siihen, että ruoho aidan toisella puolen on vihreämpää, '
  'joten mennään laiduntamaan sinne. Ääritapauksessa "ruoholla" '
  'tarkoitettaisiin esim. sosiaaliturvaa, jonka toivossa pyritään '
  'pohjoismaisen hyvinvointiyhteiskunnan sosiaaliturvan piiriin. Minulla on se '
  'käsitys, että maahanmuuttohakemuksien määrä on ollut jossain suhteessa '
  'esim. nimenomaan sosiaaliturvan määrään. Toki korrelaatio itsessään ei '
  'näytä kausaalisuutta.\n'
  '\n'
  '(En kykene juurikaan kaivelemaan mitään tilastoja tai muitakaan käytössä '
  'olevasta tietokoneesta johtuen; giga muistia ja Firefox johtaa jo yhden '
  'PDF:n avaamisen seurauksena armottomaan swappaamiseen, eikä kahden megan '
  '3G-yhteys toki auta asiaa. Tästä johtuen koitankin painottaa sitä omaa '
  'nykyistä käsitystäni, joten suolan kera kaikki.)',
  ((0.0009127915254794061, 'label_identity_attack'),
   (0.0007395856082439423, 'label_insult'),
   (0.0010135212214663625, 'label_obscene'),
   (0.0008487832965329289, 'label_severe_toxicity'),
   (0.0007963856915012002, 'label_threat'),
   (0.00152980734128505, 'label_toxicity')),
  ('clean', 0.00152980734128505), ([], [])),
 ('Totta, hyvä kirjoitus! Ja kyllä, Patomäki ja sinä ymmärrette '
  '(ymmärtääkseni) tämän eri tavalla. \n'
  '\n'
  '&gt;Investoinnit pitää tehsä yrityksiin, jotka luovat tuotteita ja '
  'palveluita erityisesti vientiin.\n'
  '\n'
  'Patomäki viittaa tässä julkisiin investoihin, joita hän laittaa seuraavasti '
  'tärkeysjärjestykseen: \n'
  '\n'
  '"Julkiset investoinnit pitää suunnata ennen muuta\n'
  '\n'
  '1. koulutukseen ja uuden oppimiseen,\n'
  '2. perusrakenteisiin, \n'
  '3. valikoitujen olemassa olevien teollisuuden alojen tukemiseen ja '
  'kehittämiseen, ja\n'
  '4. riskisijoituksiin uusiin yrityksiin ja osuuskuntiin nousevilla '
  'alueilla."\n'
  '\n'
  'Mitä tulee väittämääsi siitä, että valtio ei voi tuottaa mitään uutta '
  '(myytti), niin lue seuraava kohta uudestaan:\n'
  '\n'
  '&gt;Mariana Mazzucato on esittänyt laajaa huomiota herättäneessä uudessa '
  'kirjassaan The Entrepreneurial State. Debunking Public vs. Private Sector '
  'Myths (2014), että jopa Yhdysvalloissa valtio on aktiivisesti osallistunut '
  'uusien teollisuuden alojen ja menestystuotteiden luomiseen lentokoneista ja '
  'lääkeuutuuksista aina IPhoneen saakka. Valtio ei sunkaan ole ollut vain '
  'markkinavirheiden korjaaja tai edes pelkkä innovaatioiden edellytysten '
  'luoja, vaan julkisvalta on itse aktiivisesti ottanut taloudellisia riskejä, '
  'osallistunut kehittämistoimintaan ja muokannut tulevaisuuden markkinoita. '
  'Usein menee 15-20 vuotta ennen kuin yrittäjät tai kapitalistit toden teolla '
  'kiinnostuvat alasta. Valtio voi siis itse olla schumpeterilainen yrittäjä. '
  'Olennaista on osaako julkisvalta tukea uuden syntymistä ja oppimista, vai '
  'lähteekö se puolustamaan jo laskussa olevia teollisuuden aloja yhtiöiden '
  'ehdoilla?\n'
  '\n'
  'Peruste siitä, miksi valtion ei kannata luottaa täysin yksityisen sektorin '
  'voimaan "luoda uutta" tulee tässä:\n'
  '\n'
  '&gt;"Sosialisoidut riskit ovat aivan liian usein päätyneet tukemaan '
  'yksityisiä voittoja ja – mikä vielä pahempaa – varallisuuden kasautumista '
  'harvoihin käsiin, varsinkin viime vuosikymmenten aikana."\n'
  '\n'
  'Eli esim. yritystuet voivat mennä vain ylipalkattujen toimitusjohtajien ja '
  'suursijoittajien käsiin. Ne eivät hyödytä yhteiskuntaa, vaan hyödyttävät '
  'vain yksittäisiä toimijoita. Esimerkiksi tuetut yritykset käyttävät '
  'veroparatiiseja.\n'
  '\n'
  '&gt;vasemmisto demonisoi yrittämistä ja yrittäjiä järjestään.\n'
  '\n'
  'Mielestäni tämä on kärjistys ja ei pidä paikkaansa. Tuskin tarvitsee edes '
  'perustella.',
  ((0.0009164254879578948, 'label_identity_attack'),
   (0.0007408303208649158, 'label_insult'),
   (0.0010072264121845365, 'label_obscene'),
   (0.000856888887938112, 'label_severe_toxicity'),
   (0.0007991136517375708, 'label_threat'),
   (0.0015292795142158866, 'label_toxicity')),
  ('clean', 0.0015292795142158866), ([], [])),
 ('&gt;Ihmiset väittävät havaitsevansa sähkömagneettisia kenttiä hyvin '
  'nopeasti. Tästä huolimatta he eivät tuplasokko-kokeissa havaitse näitä '
  'kenttiä oikeasti.\n'
  '\n'
  'Ainoastaan he, jotka väittävät altistuneensa pahasti "sähkölle" tai '
  '"säteilylle". Tuplasokko-kokeissa on testattu yleensä vain lyhytkestoista '
  'sähkömagneettista säteilyä kännykkätaajuuksilla ja niihin reagointi '
  'tietoisella tasolla näyttää satunnaiselta tai huonommalta. Sähkökenttiä ja '
  'magneettikenttiä välillä 50 Hz - 30 MHz ei yleensä olla testattu '
  '"sähköherkkyyden" yhteydessä ja esim. useamman päivän kestäviä altistuksia '
  'ei ole tullut vastaan netissä missään.\n'
  '\n'
  '&gt;On periaatteessa mahdollista, että on olemassa jonkinlainen joukko '
  'aidosti sähkömagneettisia kenttiä huomaavia ihmisiä, mutta käytännössä '
  'sellaista ei ole yksilöity\n'
  '\n'
  'Yksittäistapauksia on testattu, mutta ainakaan lyhytkestoisessa '
  'altistuksessa tulokset eivät ole olleet kovinkaan järkeviä. Tulokset '
  'liikkuvat linjalla "huonompi tunnistus kuin satunnainen" ja "jonkin verran '
  'tilastollisesti merkittävä". Voisin kuvitella, että asian tutkiminen on jo '
  'koejärjestelyjen puolesta erittäin haastava, ja asiasta tekee '
  'mielenkiintoisen se, miten suuri hajonta noissa kokeissa näyttää olevan, '
  'mihin Röösli viittaa ja hänen viitteensä viittaavat. Epämääräinen ongelma, '
  'epämääräiset tutkimukset ja epämääräiset tulokset, ei vaikuta kauhean '
  'rohkaisevalta.\n'
  '\n'
  '&gt;Biofyysisiä eli kansanomaisemmin "todellisia" efektejä ei voi '
  'nykytutkimuksen valosssa erottaa nocebosta eli ihmisten kuvittelemasta '
  'negatiivisesta efektistä.\n'
  '\n'
  'Heikolta näyttää. Siinä vaiheessa, kun ihminen on syystä tai toisesta '
  'sairas ja voi huonosti, niin psykologinen komponentti tulee joka '
  'tapauksessa erittäin vahvaksi. Tässä vaiheessa on mahdotonta odottaa '
  'moneltakaan potilaalta mitään objektiivista analyysiä tilastaan. Vaikka '
  'oireet olisivat alunperin olleetkin sähkölaitteesta, niin siinä vaiheessa, '
  'kun olo on hirveä ja on vakuuttunut asiasta laidasta, niin on aika '
  'mahdotonta kuvitella, että potilas suhtautuisi mitenkään järkevästi oireen '
  'kuviteltuun lähteeseen (vaikka se olisi jossain määrin todellistakin).\n'
  '\n'
  '&gt;Rööslin muihin tutkimusten kokooma siis kertoo seuraavat fakta, joita '
  'voinee pitää tieteellisenä konsensuksena aiheesta\n'
  '\n'
  'Huuhaata tai ei, niin huomionarvoinen seikka lienee myös se, että näitä '
  'tutkimuksia on hyvin vähän ja tutkijoitakin on harvassa. Jos rupeaa '
  'seuraamaan Rööslin viitteitä, niin hyvin äkkiä ne rupeavat kiertämään '
  'kehää. Sairasen on hiukan vaarallista puhua tieteellisestä konsensuksesta '
  'aiheesta, jossa on näin vähän vakavasti julkaistua tutkimusta, ja muutamat '
  'selvät tutkimusryhmät ovat vastuussa suurimmasta osasta materiaalia.',
  ((0.0009835626697167754, 'label_identity_attack'),
   (0.000784662610385567, 'label_insult'),
   (0.001053661573678255, 'label_obscene'),
   (0.0009289516601711512, 'label_severe_toxicity'),
   (0.0008573653758503497, 'label_threat'),
   (0.0015291135059669614, 'label_toxicity')),
  ('clean', 0.0015291135059669614), ([], [])),
 ('Tässä ohjelmassa on monta ylevää kohtaa, mutta monen toteutus on täysin '
  'auki. Jotkut kohdat ovat ihan selviä, kuten oppivelvollisuuden muutokset '
  'jne. mutta isommista kuvioista puhutaan aivan ylimalkaisesti ja näistä '
  'monesta tulee vielä lihava riita. Puhutaan esim. kolmikannoista ja ties '
  'mistä yhteistyöelimistä jne. mutta todellisuudessa nämä tulevat tappelemaan '
  'verissä päin.\n'
  '\n'
  'Otin tähän joitakin kohtia markkinoiden kehittämiseen liittyvästä osasta: \n'
  '\n'
  '&gt;2.2 Puretaan kaavoitukseen liittyviä kaupan kilpailun esteitä eheää\n'
  'yhdyskuntarakennetta vaarantamatta.(YM)\n'
  '\n'
  'Mitä tämäkin muka tarkoittaa? Monet kunnallispoliitikot ja kaupan edustajat '
  'eivät tule hyväksymään K:n  ja S:n kartellin tukijalan nakertamista ilman '
  'kovaa taistelua.\n'
  '\n'
  '&gt;2.3 Lisätään rakentamisen kilpailua purkamallamarkkinoille pääsyn '
  'esteitä. Vähennetään rakentamisen sääntelyä rakentamisen laatua '
  'heikentämättä meneillään olevan rakentamismääräysten uudistamisen '
  'yhteydessä.(YM)\n'
  '\n'
  'Rakentamisen laatu on hupaisa vitsi. Ei niitä määräyksiä nytkään '
  'noudateta.\n'
  '\n'
  '&gt;2.4 Terveen kilpailun ohjelman linjaustenmukaisesti valmistellaan '
  'ehdotukset sääntelyn vähentämiseksi eri aloilla, kuten vähittäiskaupassa, '
  'lääkehuoltojärjestelmässä ja energia‐alalla, joissa sääntely rajoittaa '
  'kilpailua. (TEM, STM, LVM, YM)\n'
  '\n'
  'Eli Suomeksi ne aikova avata ties mitä suljettuja piirejä avoimelle '
  'kilpailulle. Saas nähdä, miten esim. sähköverkkojen ja apteekkien kanssa '
  'käy. \n'
  '\n'
  '&gt;2.6 Valmistellaan toimenpidekokonaisuus, jolla vahvistetaan teollisen '
  'tuotannon perustaa. Tämän tavoitteen tukemiseksi hallitus on sitoutunut '
  'päätöksissään loppuvaalikauden aikana välttämään teollisuudelle aiheutuvien '
  'kustannusten tai sääntelytaakan lisäämistä. (TEM)\n'
  '\n'
  'Eli pyritään olemaan *lisäämättä* teollisuuden sääntelytaakkaa? Entä se '
  'nykyisen sääntelyn ja byrokratian purkaminen? \n'
  '\n'
  '    \n'
  '\n'
  'Yksi kaikkein masentavimmista kohdista on TE-keskus - KELA -kombinaatin '
  'pomputusvallan lisääminen ja höpötykset vajaakuntoisten käyttämisestä '
  'julkisissa töissä. En tajua, miten tämä tulee lisäämään kestävää '
  'työllistymistä ja "ansiokehitystä". Monelle pientuloiselle on nykyään '
  '"positiivinen ansiokehitys" sitä, että duuni säilyy alla ja palkka ei '
  'laske. Aivan absurdia puhua ansiokehityksestä jonain kattavana '
  'periaatteena. Isolla osalla suomalaisista ei ole mitään uraa, missä voisi '
  'tapahtua tätä ansiokehitystä.\n'
  '\n'
  'Ja totta kai sokerina pohjalla: Kielellisten oikeuksien toteutuminen '
  'varmistetaan. Tämä piti siis oikein erikseen mainita, vaikka se on selvää '
  'nykyisen perustuslain ja erilaisten kieliasioita koskevien lakien puolesta. '
  'Taisi olla RKP:n ehto osallistua tähän työhön.',
  ((0.0009204197558574378, 'label_identity_attack'),
   (0.0007468213443644345, 'label_insult'),
   (0.001016712747514248, 'label_obscene'),
   (0.0008601384470239282, 'label_severe_toxicity'),
   (0.0008037182269617915, 'label_threat'),
   (0.0015291135059669614, 'label_toxicity')),
  ('clean', 0.0015291135059669614), ([], [])),
 ('&gt; Oma näkökulmani tähän kaikkeen muuten on että kun käyn '
  'yhteiskuntapolitiikan (fokus: työ ja työvoimapolitiikka) ja '
  'taloussosiologian aineopintoja lävitse niin mm. Keynes ja Schumpeter saivat '
  'ihan hemmetisti sivuja osakseen. Jälkimmäistä opettaja taisi vielä kehua '
  'yhdeksi kolmesta suurimmasta taloustieteilijästä menneellä vuosisadalla. '
  'Sinänsä jännä että hän on tuntematon -- luulisi että hän olisi sopinut '
  'hyvin komplementiksi uusklassisen kylkeen jos "kokoomus-salaliittoni" olisi '
  'pitänyt.\n'
  '\n'
  'Schumpeter nimenä ei ole minulle mitenkään uutta, vaan Schumpeterin '
  'ajatusten niputtaminen talousteoriaksi (uus)keynesiläisen ja uusklassisen '
  'taloustieteen rinnalle on minulle uutta. Schumpeterin niputtaminen yhdeksi '
  'kolmesta suurimmasta viime vuosisadan taloustieteilijästä on kyllä myös '
  'mielenkiintoista, koska tuolle listalle on melkein pakko pistää Keynes ja '
  'Friedman, ja kolmannelle paikallehan löytyy suuri määrä kilpailijoita. Ei '
  'siis siinä mitään, eiköhän kyseinen herra tärkeämmästä päästä ole. \n'
  '\n'
  'Sinänsä voi olla ihan perusteltuakin keskittyä niihin uusklassisiin '
  'malleihin - ja vieläpä ihan erittäin yksinkertaisiin sellaisiin - kun '
  'makrotaloustieteestä puhutaan käytännön mielessä. Asiaa on kuitenkin '
  'todella paljon käytävänä jo siinä ja toisaalta jos kurssit ovat yhtään '
  'matemaattisia, antavat ne hyvin osaamista myöhemmin sovellettavaksi myös '
  'toisenlaiseen teoriaan. Toisaalta vähemmän matemaattisilla kursseilla '
  'varmaan olisi hyvä antaa katsaus sinänsä relevanttiin toiseenkin teoriaan. '
  'Aika paljon uuskeynesiläisyyttä ehtisi käymään läpi kuitenkin jo parissa '
  'luennossa. Mene ja tiedä, itseäni kiinnostaa enemmän muutenkin mikro kuin '
  'makro, joten siihen on tullut tutustuttua paremmin.\n'
  '\n'
  'Sinänsä muuten luulisi mikrotaloustieteenkin olevan ihan yhteiskuntatieteen '
  'tiedekunnalle merkitystä. Kuulema Turussa sosiologia on kuin '
  'mikrotaloustiedettä, mutta siinä missä taloustieteessä regression '
  'vasemmalla puolella on tulot, sosiologiassa sieltä löytyy tulojen ohella '
  'jotain muutakin elämänlaatua kuvaavaa muuttujaa, joille voisi löytää '
  'taloustieteellisiäkin perusteluita. Eikös sosiologiassa kuitenkin ihmisten '
  'tai ihmisryhmien käyttäytymistä tutkita? Sitähän se mikrotaloustiedekkin '
  'pitkälti on. \n'
  '\n'
  '&gt; Juu, on siellä ainakin rahoitus ja johtaminen :D\n'
  '\n'
  'Jyväskylässä myös markkinointi ja yrittäjyys!',
  ((0.0009492076351307333, 'label_identity_attack'),
   (0.0007634545327164233, 'label_insult'),
   (0.001025668578222394, 'label_obscene'),
   (0.0008949003531597555, 'label_severe_toxicity'),
   (0.0008357995538972318, 'label_threat'),
   (0.001528318040072918, 'label_toxicity')),
  ('clean', 0.001528318040072918), ([], []))]
END: ma 15.8.2022 11.34.54 +0300
