START: ma 15.8.2022 11.33.37 +0300
Namespace(data='data/reddit-Suomi.jsonl', model='models/binary-toxic', threshold=0.6, type='binary')
        text
0  [deleted]
1  [deleted]
2  [deleted]
3  [deleted]
4  [deleted]
100000
tensor([[9.9979e-01, 2.0997e-04],
        [9.9979e-01, 2.0997e-04],
        [9.9979e-01, 2.0997e-04],
        [9.9979e-01, 2.0997e-04],
        [9.9979e-01, 2.0997e-04],
        [9.9980e-01, 2.0484e-04],
        [9.9979e-01, 2.0997e-04],
        [9.9971e-01, 2.9134e-04],
        [9.9980e-01, 1.9758e-04],
        [9.9976e-01, 2.4473e-04]])
[[ 4.5118346 -3.9564803]
 [ 4.5118346 -3.9564803]
 [ 4.5118346 -3.9564803]
 [ 4.5118346 -3.9564803]
 [ 4.5118346 -3.9564803]
 [ 4.47543   -4.0176463]
 [ 4.5118346 -3.9564803]
 [ 4.405279  -3.7354598]
 [ 4.4695406 -4.0596266]
 [ 4.4546742 -3.8604476]]
[('Kukas se tämäkin idiootti taas on', 'toxic', 0.9992644190788269),
 ('Voi pyhä helvetti mikä paskavideo. Ihan oikeastiko on pakko tuollaista '
  'helvetin sontaa linkata tänne?',
  'toxic', 0.999263346195221),
 ('Ei saatana mitä paskaa taas.', 'toxic', 0.9992632269859314),
 ('Oi vittu näitä komulkauutisten typeryyksiä. Suomessa ei ole '
  'oikeistolaisesta talouspolitiikasta tietoakaan',
  'toxic', 0.9992625117301941),
 ('On vittu huomattu. 3g toimii sentään jotenkin joskin aika huterasti. '
  'Saatanan tunarit. ',
  'toxic', 0.9992615580558777)]
[('Joo, en usko että venäläiset olisivat niin tyhmiä että lähtisivät natoa '
  'vastaan hyökäämään.\n'
  '\n'
  'Eri asia sitten, jos sota kaikesta huolimatta syttyisi. Aloittaisivatko '
  'jenkit ydinsodan jonkun viron kokoisen maaläntin takia? Epäilen, etteivät',
  'toxic', 0.5095850229263306),
 ('Kyllähän se nyt vaan niin on, että eläinseksi ja mopoautot ovat '
  'yhteiskuntarakenteemme kannalta ne Oikeasti Tärkeät epäkohdat. ',
  'toxic', 0.5039231181144714),
 ('Jos tuo hintaero tollasessa turhassa läskeille suunnatussa tuotteessa '
  'tuntuu lompakossa on vikaa talouden hallinnassa tai ravintotottumuksissa.',
  'toxic', 0.5027630925178528),
 ('Awesome, thank you so much!', 'toxic', 0.500662088394165),
 ('&gt;Salolainen Pertti /kok Ei\n'
  '\n'
  'Kappas. Illan istunnossa Salolainen avautui naama punaisena siitä että '
  'Hesari oli kehdannut väittää hänen kantansa olevan epäselvä vaikka hänellä '
  'itsellään ei ole siitä ikinä ollut minkäänlaista epäselvyyttä. Ei kertonut '
  'kantaansa mutta oli jotenkin niin äijämäinen show että vaikutti kilometrin '
  'päähän selvältä että homoliittoja tehdään tässä maassa vain Pertin kuolleen '
  'ruumiin yli.\n'
  '\n'
  'Kerrankin mukava olla ennakkoluuloineni aivan helvetin väärässä.',
  'toxic', 0.5002084970474243)]
[('Meillä kävi Hauhon Lohilammella kaiken maailman selittelijöitä kertomassa, '
  'kuinka rukoilemalla oli ilmestynyt rahatuppoja, ja pahan asteen '
  'skolioosikin oli suoristunut yön aikana.   \n'
  '\n'
  'Eli lyhyesti sanottuna melkoisen paskaa. Mutta loppusiivouksen aikana eräs '
  'isonen joi kusella höystettyä kokista, joka oli jäänyt jonkun '
  'yöseikkailuilta nurkkaan lojumaan. Siitä seurasi pienimuotoinen tappelu, ja '
  'leiri loppui ikävällä tavalla.',
  'clean', 0.5054296255111694),
 ('In agree with the notion about social butterflies. And I think the same '
  'mentality also results in that building a friendship is usually a bit '
  "longer process than you're probably accustomed to - I would even say that "
  "you can't really break the ice, you need to melt it away :). Eventually "
  'when you get to know people, they open up a lot and the shyness kinda fades '
  'away.\r\n'
  '\r\n'
  'One point as general advice: pick a hobby where you get to meet new '
  'people. ',
  'clean', 0.5009346604347229),
 ('Kepu pettää aina.', 'clean', 0.500115156173706),
 ('Kepu pettää aina.', 'clean', 0.500115156173706),
 ('Kepu pettää aina.', 'clean', 0.500115156173706)]
[('Jutun kirjoittajahan on Yle Hämeen päällikkö (entinen Nelosen uutisten '
  'päätoimittaja). En jotenkin jaksa/halua uskoa, että olisi huijaukseen itse '
  'suoraan haksahtanut. Olihan se "Yle Häme ei tavoittanut Mark Wilsonia eikä '
  'Regina Chilubaa kommentoimaan asiaa" aika hupaisa, vaikkakin tässä '
  'yhteydessä lähinnä pakollinen muodollisuus.',
  'clean', 0.9998384714126587),
 ('Tässä on Patomäen vastine kyseiselle kirjoitukselle: '
  'http://patomaki.fi/2015/02/kuinka-kay-sivistynyt-keskustelu-taloustieteilijalta-2/ \n'
  '\n'
  'Mielestäni ja tietääkseni Patomäki ei ole onnistunut vastaamaan mihinkään '
  'yksityiskohtaisempaan kritiikkiin, vaan keskittyy vastaamaan paljon '
  'yleisluontoisempiin väittämiin, jättäen kuvan siitä, että esimerkiksi tuo '
  'Asiattoman lehdistökatsauksen kritiikki osuu. Tuostakin vastineesta vain '
  'pieni osa keskittyi itse asiaan eikä niinkään muiden haukkumiseen, ja sekin '
  'osa oli varsin ontuva ja jätti vastaamatta esimerkiksi niihin aivan '
  'älyttömiin laskeviin (tai taisivat olla jopa aaltoilevia) tarjontakäyriin, '
  'joita kirjassa kuulema on. Osa vastineesta tuntuu menevän ihan ohi '
  'kritiikinkin. \n'
  '\n'
  'Lisäksi Patomäki vaikuttaa ainakin sosiaalisessa mediassa rakastavan '
  'mainita, että vastaukset kritiikkiin löytyy kritisoitavasta kirjasta. Niin '
  'paljon kuin tekisi mieli ostaa tuo kirja ihan jo huumorimielessäkin, sen '
  'ostaminen olisi Patomäen ja kirjan julkaisijan tukemista sen kahden kympin '
  'edestä.\n'
  '\n'
  'Pelottavaa on myös, että Patomäellä tuntuu olevan seuraajia, jotka '
  'kannattavat häntä ilmeisesti varsin sokeasti.\n'
  '\n'
  '\n'
  'Asiaton lehdistökatsaus on muuten erinomainen blogi. Suosittelen kaikille.',
  'clean', 0.9998373985290527),
 ('Kapteeni Tserepistä on sanottava sen verran että Jarla käsikirjoitti ja '
  'piirsi sitä kymmenen vuotta pöytälaatikkoon. Kun tekoaikana mies meni '
  'täysin tuntemattomasta Sarasvuon taustapiirtäjästä yhdeksi Suomen '
  'tunnetuimmista taiteilijoista, teki miehen kustannustoimittaja viisaan '
  '(rahakkaan) päätöksen ja pisti omakustanteeksi tarkoitetun 32-sivuisen '
  'sarjakuvan koviin kansiin. Lopputuloksesta kyllä näkee ettei Jarla ole '
  'realistisessa piirrostyylissä kovin harjaantunut.\n'
  '\n'
  'Leppäsen piirrostyylin jäykkyydestä voi olla montaa mieltä. Mielestäni '
  'Achilles Wiggen on kuitenkin paljon notkeampaa kuin Mustanaamio. Edeltävä '
  'lienee hänelle jonkinlainen elämäntyö ja jälkimmäinen se josta maksetaan '
  'vuokra. Tekstimäärä lienee tietoinen valinta. Kuitenkin kun katsoo Leppäsen '
  'töitä (aivan *Aurinkoaluksesta* asti) niin huomattavasti vähemmän '
  'tekstipainotteisia ne ovat kuin saman ajanjakson amerikkalaissarjakuvat tai '
  'edes modernit Aku Ankat. Tyylillisesti ne sopivat kyllä hyvin yhteen '
  'nuorempienkin*Fantomen*issa julkaistujen käsikirjoitusten kanssa (nyt tuli '
  'mieleen että kirjoittaako Leppänen omat Mustis-tarinansa? Vai ainoastaan '
  'scifinsä?). \n'
  '\n'
  'Mitä tulee Leppäsen siltojenpolttelun, niin ydinongelmana ei ole moderni '
  'hapatus kuten Kiroileva siili tai Viivi ja Wagner. Muistelen miehen olleen '
  'yksi ensimmäisistä joille Suomen Sarjakuvaseura 70-luvulla tarjosi '
  'Puupäähattua, mutta Leppänen ei halunnut tarjota järjestölle minkäänlaista '
  'vakiinnuttamista sillä että olisi palkinnon ottanut vastaan. Kun lähes '
  'kaikki muut suomalaiset sarjakuvatoimijat (kuvittajat, käsikirjoittajat, '
  "kriitikot, toimittajat, hulluimmat fanit) SS'ään kuuluvat tai sen "
  'tapahtumiin osallistuvat, niin tuo teko aika vahvasti väritti ja värittää '
  'kanssakäymistä suomalaisissa ammattipiireissä. Mitä nämä jatkuvat uudet '
  'ulostulot ylläpitävät uusien aktiivisukupolvien iloksi. \n'
  '\n'
  'EDIT: [Kari Leppäsen oma näkemys '
  'puupäähattu-skandaalista.](http://karileppanencomics.fi/hatpage.htm)',
  'clean', 0.9998370409011841),
 ('Onkohan Ismo Soukola vasta tällä viikolla havahtunut siihen, että ensi '
  'keväänä pitäisi jotenkin tulla uudestaan valituksi eduskuntaan, ja päätti '
  'sitten pistää vaalivankkurit töräytyksellä liikkeelle.\n'
  '\n'
  'Oletan, että mitään tuollaisia tietoja pääministeristä ei saisi julkisesti '
  'kyllä kertoa. Kymppiuutisissa Soukola selitti klassisesti, että olisi asia '
  'pitänyt muotoilla erilailla, mutta eiköhän hän ihan tietoisesti rikkonut '
  'luottamuksen.',
  'clean', 0.999836802482605),
 ('Tuo oikaisu koski vain tuota rahanpesuepäilyä jonka vuoksi nuo "33 '
  'miljoonaa" olisivat jumissa. YLE uutisoi tästä viikko sitten perustuen '
  'ilmeisesti Sambialaiselta verkkosivulta ja Ritaluomalta saamaansa tietoon. '
  'Ritaluoma puolestaan uskoi kaiken minkä kätevän geneerisellä nimellä '
  'varustettu Mark Wilson kertoi. Rahoja tuskin on olemassakaan, siksi siis '
  'oikaisu.',
  'clean', 0.9998363256454468)]
END: ma 15.8.2022 11.54.32 +0300
