START: ma 15.8.2022 13.49.35 +0300
Namespace(data='data/reddit-Suomi.jsonl', model='models/binary-toxic', threshold=0.6, type='binary')
        text
0  [deleted]
1  [deleted]
2  [deleted]
3  [deleted]
4  [deleted]
200000
tensor([[9.9979e-01, 2.0997e-04],
        [9.9979e-01, 2.0997e-04],
        [9.9979e-01, 2.0997e-04],
        [9.9979e-01, 2.0997e-04],
        [9.9979e-01, 2.0997e-04],
        [9.9980e-01, 2.0484e-04],
        [9.9979e-01, 2.0997e-04],
        [9.9971e-01, 2.9134e-04],
        [9.9980e-01, 1.9758e-04],
        [9.9976e-01, 2.4473e-04]])
[[ 4.5118346 -3.9564803]
 [ 4.5118346 -3.9564803]
 [ 4.5118346 -3.9564803]
 [ 4.5118346 -3.9564803]
 [ 4.5118346 -3.9564803]
 [ 4.47543   -4.0176463]
 [ 4.5118346 -3.9564803]
 [ 4.405279  -3.7354598]
 [ 4.4695406 -4.0596266]
 [ 4.4546742 -3.8604476]]
[('Kukas se tämäkin idiootti taas on', 'toxic', 0.9992644190788269),
 ('Voi pyhä helvetti mikä paskavideo. Ihan oikeastiko on pakko tuollaista '
  'helvetin sontaa linkata tänne?',
  'toxic', 0.999263346195221),
 ('Ei saatana mitä paskaa taas.', 'toxic', 0.9992632269859314),
 ('Oi vittu näitä komulkauutisten typeryyksiä. Suomessa ei ole '
  'oikeistolaisesta talouspolitiikasta tietoakaan',
  'toxic', 0.9992625117301941),
 ('On vittu huomattu. 3g toimii sentään jotenkin joskin aika huterasti. '
  'Saatanan tunarit. ',
  'toxic', 0.9992615580558777),
 ('Bravo! Bravo! Lisää! Lisää!\n'
  '\n'
  'Vitun idiootit, ettekö te ikinä opi? Kenkää koko lössille.',
  'toxic', 0.9992606043815613),
 ('Voi jumalauta mitä paskaa.', 'toxic', 0.9992606043815613),
 ('Vittu, mitkä ongelmat ihmisillä.', 'toxic', 0.9992606043815613),
 ('Haista vittu. Tää oli yksi idiootti eikä kaikki pyöräilijät. \n'
  ' \n'
  '\n'
  'Ihan samanlaista aivokuollutta soopaa voisin suoltaa autoilijoistakin, '
  'mutta kun en ole täysi idiootti, niin taidanpa jättää väliin. ',
  'toxic', 0.999259889125824),
 ('Mikä vittu siinä on, että ei mee kalloon, et eräät ihmisryhmät ihan '
  'oikeasti vain perseilee täällä? En ole itse ikinä nähnyt töissä olevaa '
  'romaniakaan. Ei savua ilman tulta.',
  'toxic', 0.9992597699165344)]
[('Ei, Ei EI EI , mitä helvettiä?!', 'toxic', 0.8526930809020996),
 ('Tosimiehenä^tm teen mokkapaloja. Syön itseni lihavaksi, pelaan armaa ja '
  'juon kaljaa.',
  'toxic', 0.8526222705841064),
 ('Menin armeijaan Pohjoi-Karjalan prikaatiin Kontiorantaan '
  'kranaatinheitinkomppaniaan saapumiserässä II/92, tupa Kollaa. Lähdin '
  'muutaman viikon jälkeen sivariin koska kokelaana ollut lukioaikainen tuttu '
  'otti minut silmätikukseen ja hoiti kaikki paska- ja extranakit minulle. '
  'Kantelin siitä ensin kessuille, sit komppanien vääpelille ja lopulta '
  'varuskunnan komentajalle. Eivät saaneet kuriin, joten totesin, että kerho '
  'jossa ei saada yhtä kusipäätä kuriin ei kaipaa varmaan minun jäsenyyttä. '
  'Sivarin suoritin Kuopion aikuiskoulutuskeskuksessa maahanmuuttajia '
  'kouluttavassa yksikössä opettajien apulaisena.\n'
  '\n'
  'Ei ole vaikuttanut työnsaanteihin, tosin kun on kysytty armeijasta vastaan '
  'aina "olen suorittanut asevelvollisuuden" ja tarkentavia kysymykiä harva '
  'älyää kysyä [LPT kaikille, jotka haluaa sivariuttaan peitellä]. Sivariaika '
  'avarti kummasti parikymppisen maailmankuvaa kun jutteli miinojen silpomien '
  'ja viidakkoveitsellä hakattujen pakolaisten kanssa elämästä. Siinä mielessä '
  'varmaan parempi kokemus kuin mitä varusmiespalvelus olisi ollut.',
  'toxic', 0.8515700697898865),
 ('"Jumala käyttää sinua" kuulostaa kyllä ihanan likaiselta.', 'toxic',
  0.8506463170051575),
 ('väkisin vängätty aasinsilta homosaatioon: 10 pistettä\n'
  '\n'
  'ad hominemit: 20 pistettä\n'
  '\n'
  'raivoaminen verkkofoorumeilla: 20 pistettä\n'
  '\n'
  '"lihavuus ei ole oma vika, vaan yhteiskunnan": 120 pistettä\n'
  '\n'
  '*yhteispisteesi ovat 170! Onneksi olkoon, olet todellinen SJW!*\n',
  'toxic', 0.8504295945167542),
 ('Ei ole dosentti ensimmäistä kertaa asialla ja mielelläni jätän kovimmat '
  'negatiiviset mielipiteeni hänestä laukomatta.\n'
  '\n'
  'Tämä "virallinen suositus" lausunto on niin hyvin taiteiltu kasaan ja '
  'lyömään lisää löylyä koko kiistaan että hänen paskanpuhumiseen on nyt '
  'vaikea puuttua tai pahin mahdollinen olisikin jos hän saisi itsestään '
  'tehtyä marttyyrin tuolla rajan takana. Venäjällä hänen uskottavuutensa ei '
  'himmene näillä meidän uutisoinnilla ja lausunnoilla.\n'
  '\n'
  'Joku (Tuomioja?) voisi varmaan herätellä väkeä ulkoministeriössä tai '
  'Venäjän suurlähetystössä että hoitaisivat tiedotuksen ja suhteet Venäjän '
  'mediaan sille mallille ettei tämä dosentti pääse rajattomasti perseilemään.',
  'toxic', 0.8491907715797424),
 ('Joo rukkailin DNS paskaa kotiboxissa ja koneen puolelta melkeen pari tuntia '
  'hämmentyneenä ja sarvi otassa, joko sain asetukset kuntoon tai elisan '
  'puolelta saatin homma kuntoon.',
  'toxic', 0.8454582691192627),
 ('Onnistui kiteyttämään mun reaktion kun selailin tuota äreuroopan Pariisin '
  'ammuskelun megathreadia.\n'
  '\n'
  'Ite en kattonut videoita aiheesta, kuten en ole kattonutkaan yhtään '
  'päänsahausvideota. Uutiset masentaa ja vituttaa jo tarpeeksi muutenkin.',
  'toxic', 0.8449915647506714),
 ('Ei, mutta aika lähellä paskinta ikinä.', 'toxic', 0.8410888314247131),
 ('Jälleen kerran patriarkia pilaa kaiken.\n'
  '\n'
  'Tarkistan etuoikeuteni ja annan itselleni 10 raipaniskua.',
  'toxic', 0.8407862186431885),
 ('Senkin sovinisti, kyllä sitä moderni mies saa tykätä kukista. Älä tuo '
  'vanhehtunutta mieskäsitystäsi tänne 2010-luvulle. =)',
  'toxic', 0.8385345935821533),
 ('Hitler-tekoviiksiä!', 'toxic', 0.8382222652435303),
 ('En tiedä kuka olen tai mitä haluan. Vihaan itseäni. Muuten hyvää.', 'toxic',
  0.8370422124862671),
 ('Vihaajat vihaa, puolin ja toisin.', 'toxic', 0.8357385396957397),
 ('&gt;Nopeusrajoitus oli 80 kilometriä tunnissa, ja Kuisla ajoi 103:a '
  'kilometriä tunnissa.\n'
  '\n'
  'Tuollaista ylinopeutta ei aja vahingossa. Ajakoot hiljempaa jos ei mieli '
  'saada sakkoja tulevaisuudessa.\n'
  '\n'
  '&gt;Kuislan mukaan Suomen tuloihin perustuva sakotusjärjestelmä on '
  'epäoikeudenmukainen ja syrjii varakkaita.\n'
  '\n'
  ':---D\n'
  '\n'
  'Sakkojen kuuluu kai olla jonkinlainen rangaistus. Jos sakot ei tunnu '
  'missään, niin eihän se silloin ole mikään rangaistus. 54 tonnia on toki '
  'ihan hitosti rahaa, mutta jos mies on oikeasti miljonääri, niin tuskin nuo '
  'rapsut häntä mihinkään kahden kuukauden nuudeli- ja näkkileipäkuurille '
  'aja.\n'
  '\n'
  'Jos olen itse saanut sakot, jotka ovat olleet 10-15 prosenttia käteen '
  'jäävistä kuukausituloista, joilla muutenkin on eletty kädestä suuhun '
  '-periaatteella, niin en mä niistä ole käynyt kenellekään itkemässä.\n'
  '\n'
  'Ihme vässykkä.',
  'toxic', 0.835242509841919),
 ('Ota kiinni mandariini, osuuskaupan tissiliivi. Pentuna taisi tulla '
  'huudeltua.',
  'toxic', 0.8263547420501709),
 ("Lithuanian speaking. That's why we do not dislike Hitler, unlike "
  'communists/ussr and their lovers.',
  'toxic', 0.8166065812110901),
 ('Oksensin arvolibeeraalina oikeistolaisena suuhuni.', 'toxic',
  0.8102244734764099),
 ('Mistä voin ostaa matkalipun kullisafarille? Relevant to my interests.',
  'toxic', 0.8053783178329468),
 ('Oksensin hieman suuhuni ', 'toxic', 0.7969148755073547)]
[('Nettikäyttäytyminen: kutsuu AP:tä homoksi.', 'clean', 0.13156208395957947),
 ('Mitä helkuttia, eihän toi ees oo... eiku hetkonen...', 'clean',
  0.13125966489315033),
 ('WoWia lähinnä. 10/10 (raidaamiselle), muuten helvetin tylsää. Pelin suola '
  'on hyvä kaveriporukka ja yli 10 vuotta pystyssä pysynyt suomikilta.',
  'clean', 0.13075301051139832),
 ('Kissani on lähempänä sohvalla päivät makaavaa pummia kuin kumpaakaan '
  'noista. ',
  'clean', 0.13027746975421906),
 ('Suomessa on vähän vammasta tuo työttömien paimentaminen. Itse haluan olla '
  'työnhakijana ja haen työtä mutta landella on vähän niukassa paikat. '
  'Työkkäri on sitä mieltä että pitää käydä kurssi missä opetellaan hakemaan '
  'työtä. Ihan niinkuin se olisi tässä ongelma. No käydään sitten 2 viikkoa '
  'kurssia missä ei opi yhtään mitään, 99% ajasta jauhetaan ihan turhaa paskaa '
  'ja tilastot kaunistuu jälleen. Sitten pakotetaan menemään kerran viikossa '
  'rinkiin istuun käsikädessä ja hoilaan kumbayaa. Tällähän varmasti töitä '
  'löytää. Saisin sossusta työmarkkinatukien lisäksi n.250e + sähkölaskut '
  'mutta en ole hakenut kun pärjään ilman. Pitäisi kai lopettaa työnhaku ja '
  'mennä suoraan sossuun että ei kohdella kuin lasta.',
  'clean', 0.13008658587932587),
 ('Ymmärrän kyllä pointin mutta sovitaankos etten samalla joudu maksamaan '
  'televisiosta kännykässäni? Alkaa kuulostamaan vähän jenkkimallilta, en '
  'halua että kohta maksan 100/kk paskasta netistä ja 300 maksuTV kanavasta '
  'joissa suurimmassa osassa puhutaan kieltä jota en ymmärrä, 5000 tekstarista '
  'jotka whatsapp on tehnyt turhaksi ja muutamasta muusta "lisäedusta" jolla '
  'en tee mitään',
  'clean', 0.12898994982242584),
 ('Orjia. Orjia kaikkialla. Toisilla vaan menee vielä muita huonommin.',
  'clean', 0.12772230803966522),
 ('No eikö nyt ole helpompi hommaa VPN yhteys jenkeistä, ja jättää noi malware '
  'paskat omaan arvoonsa. Halvemmaksikin tulee.',
  'clean', 0.1266983300447464),
 ('Älä nyt, apinoillekin voi opettaa rahan arvon. Ja heti kun sen tajusivat '
  'niin ostivat seksiä :D\n'
  '\n'
  'http://www.zmescience.com/research/how-scientists-tught-monkeys-the-concept-of-money-not-long-after-the-first-prostitute-monkey-appeared/',
  'clean', 0.12461253255605698),
 ('So fluffy!', 'clean', 0.12385056912899017),
 ('Mut ku minun eno on freelance rumpali ja mistä se muka saa rahaa jos kaikki '
  'teininörtit vaa varettaa',
  'clean', 0.12377152591943741),
 ('&gt; yksin kaljaa \n\n^^*krhm* Tuu juomaan porukassa kaljaa Turkuun! ',
  'clean', 0.12017524242401123),
 ('Itsekin lukiossa työskentelin puhelinmyyjänä ja hirveetä kusetustahan se '
  'oli alusta loppuun. Parin kuukauden jälkeen otin loparit, kun puheiden ja '
  'palkan välinen ristiriita kävi ilmeiseksi. Toisena kuukautena sain kyllä '
  'firman logolla varustetun mukin ja jonkun askelmittarin, koska olin '
  '"kuukauden työntekijä". No kidding :D\n'
  '\n'
  'Lisäksi kyseessä on vielä kaikin puolin hyödytön ammatti, joka perustuu '
  'kusetukseen ja oikeuksistaan tietämättömien nyljentään. Tekisivät '
  'ihmiskunnalle palveluksen ja lopettaisivat.',
  'clean', 0.1170375868678093),
 ("I'll try to be there, I'll shoot you an email.", 'clean',
  0.11658746749162674),
 ('Mikä siinä on, että jokaisesta matkustajalaivasta kohkataan niin '
  'perkeleesti? Mutta naisten seksuaaliterveyteen liittyvästä liiketoiminnasta '
  'harva tietää yhtään mitään, vaikka asia koskettaa kaikkia '
  'heteropariskuntia..?',
  'clean', 0.11598560214042664),
 ('&gt;Ne pitää selittää vääriksi ja niitä pitää pilkata, jotta ihmiset '
  'ymmärtäisivät niiden typeryyden ja luopuisivat niistä.\n'
  '\n'
  'Miljoona kertaa tämä ja käsissämme on Uusi Uljas Fasistanistan.\n'
  '\n'
  'ps. Kuka haluaa asua lentokentän vieressä? Entäpä huoltoaseman takana? '
  'Miksi asunnot lähellä moottoriteiden melua ovat halvempia? Aiheuttaako '
  'rumuus syöpää? Tuulivoimala vai ydinvoimala? Oletteko kuulleet '
  'painajaisunista? Ovatko ne sähkövirtaa? Entä rätisevät teräksiset '
  'suur-jännitelinjat? Miksi te ette asu suurjännitelinjan alla? Kokeilkaapa! '
  'Olkaa vaikka makuupussissa yötä! Pelkkä maaperän imemä vesakkomyrkky on '
  'kuin hatsia polttelis! Ihq! ;)',
  'clean', 0.11473967880010605),
 ('&gt; Käytännössä siis muijaa voi pitää perunakellarissa kolme päivää. '
  'Muistakaamme, että jokainen maahanpäässyt irakilainen aiheuttaa 800.000 '
  'euron vahingon elämänsä aikana.\n'
  '\n'
  'Ei.',
  'clean', 0.1111166700720787),
 ('Niinhän se menee, osta auto jotta pääset töihin maksamaan autostasi. 800€ '
  'pelkkä liikennevakuutus vuodessa ilman bonuksia, perusvero, '
  'käyttövoimavero, bensan korkea hinta ja törkeä rangaistus jos et saa autoa '
  'vakuutukseen tietyn ajan sisällä. Onhan noita muitakin kuluja, katsastukset '
  'sun muut rempat mitä tulee... Pistää vituttamaan minkälainen taakka tulee '
  'siitä että ei tarvitse ottaa kolmea bussia päästäkseen töihin.',
  'clean', 0.1084371879696846),
 ('*Pornosta (tavallisesta, tiedätte kyllä mitä tarkoitan) ei ole haittaa '
  'muille kuin telaketjuilla kulkeville feministeille ja tärähtäneistön '
  'ammattiloukkaantujille.\n'
  'Itsetyydytyskin on nykylääketieteen puolesta todettu jo vuosikymmeniä '
  'sitten hyväksi niin keholle kuin mielelle. Se niistä traumoista saakeli.*\n'
  '\n'
  '* nimim. *Nuivake* Hommafoorumilla\n',
  'clean', 0.09636662900447845),
 ('Suksibokseja?', 'clean', 0.09214209765195847)]
[('Jutun kirjoittajahan on Yle Hämeen päällikkö (entinen Nelosen uutisten '
  'päätoimittaja). En jotenkin jaksa/halua uskoa, että olisi huijaukseen itse '
  'suoraan haksahtanut. Olihan se "Yle Häme ei tavoittanut Mark Wilsonia eikä '
  'Regina Chilubaa kommentoimaan asiaa" aika hupaisa, vaikkakin tässä '
  'yhteydessä lähinnä pakollinen muodollisuus.',
  'clean', 0.9998384714126587),
 ('Lusikallinen, jonka jälkeen Vesa vastaa, ettei tiennyt vastaajan kuulevan. '
  'Mutta huomaan nyt erheeni, joten selitänpäs tarkemmin. V For Vendetta on '
  'alkuperäisessä muodossaan aika mielenkiintoinen teos, joka kertoo '
  'anarkismin ja fasismin taistosta 90-luvun fasistisessa Englannissa vieläpä '
  'varsin mielenkiintoisasti ja jopa joissain määrin opettavaisesti. Mikä '
  'tietenkin johtuu sarjakuvan luojan Alan Mooren äärivasemmistolaisesta '
  'ajatusmaailmasta. Edit: Onpas kielioppini tänään siellä huonomman puolella '
  'ja toinen lisäys on sanat joissain määrin. Kolmantena lisäyksenä tuleekin '
  'alkuperäinen kohta, mistä kyseinen sitaatti kokonaisuudessaan on peräisin. '
  'http://i.imgur.com/xli7aj5.jpg',
  'clean', 0.9998376369476318),
 ('Tässä on Patomäen vastine kyseiselle kirjoitukselle: '
  'http://patomaki.fi/2015/02/kuinka-kay-sivistynyt-keskustelu-taloustieteilijalta-2/ \n'
  '\n'
  'Mielestäni ja tietääkseni Patomäki ei ole onnistunut vastaamaan mihinkään '
  'yksityiskohtaisempaan kritiikkiin, vaan keskittyy vastaamaan paljon '
  'yleisluontoisempiin väittämiin, jättäen kuvan siitä, että esimerkiksi tuo '
  'Asiattoman lehdistökatsauksen kritiikki osuu. Tuostakin vastineesta vain '
  'pieni osa keskittyi itse asiaan eikä niinkään muiden haukkumiseen, ja sekin '
  'osa oli varsin ontuva ja jätti vastaamatta esimerkiksi niihin aivan '
  'älyttömiin laskeviin (tai taisivat olla jopa aaltoilevia) tarjontakäyriin, '
  'joita kirjassa kuulema on. Osa vastineesta tuntuu menevän ihan ohi '
  'kritiikinkin. \n'
  '\n'
  'Lisäksi Patomäki vaikuttaa ainakin sosiaalisessa mediassa rakastavan '
  'mainita, että vastaukset kritiikkiin löytyy kritisoitavasta kirjasta. Niin '
  'paljon kuin tekisi mieli ostaa tuo kirja ihan jo huumorimielessäkin, sen '
  'ostaminen olisi Patomäen ja kirjan julkaisijan tukemista sen kahden kympin '
  'edestä.\n'
  '\n'
  'Pelottavaa on myös, että Patomäellä tuntuu olevan seuraajia, jotka '
  'kannattavat häntä ilmeisesti varsin sokeasti.\n'
  '\n'
  '\n'
  'Asiaton lehdistökatsaus on muuten erinomainen blogi. Suosittelen kaikille.',
  'clean', 0.9998373985290527),
 ('&gt; Olenpa sellaiseenkin väitteeseen törmännyt, että maanviljelijöillä oli '
  'itse asiassa aika hyvin asiat keskiajan lämpöisinä vuosisatoina ennen kuin '
  'paavi ja paikalliset kunkut alkoivat pistää kaikkia ojennukseen.\n'
  '\n'
  'Taisi olla keskiajan ihminen jopa keskimäärin terveempikin ja paremmin '
  'ravittu kuin 1500-1600-lukujen ihminen, ainakin täällä pohjoisessa. Ei '
  'sillä, että rima olisi tuolloin ollut kovinkaan korkealla...\n'
  '\n'
  'Ja oikeassa olet muutenkin. Käsite pimeästä keskiajasta taisi muotoutua '
  'enemmänkin renesanssina, jolloin haluttiin tehdä pesäero keskiaikaan. (?) '
  'Joten en tiedä kuinka validi väite se enää on. \n'
  '\n'
  'Sitten siitä artikkelista:\n'
  '\n'
  '&gt; \n'
  'Eurovaalien alla Perussuomalainen-lehti julkaisi satiirisen Kansalaisen '
  'direktiivioppaan.\n'
  '[-]\n'
  '&gt;Suomessa mikään suuri puolue ei ole aiemmin esittänyt niin rankkoja '
  'tieteenvastaisia väitteitä kuin perussuomalaiset vitsikkääksi tarkoitetussa '
  'kampanjassaan. \n'
  '\n'
  'En ole lukenu tuota "opasta", mutta onko nyt satiiristakin aihetta '
  'huolestua?\n'
  '\n'
  'Edit: Jaa, oliko sittenkin kyseessä satiiria tiedettä vastaan tms...',
  'clean', 0.9998371601104736),
 ('Kapteeni Tserepistä on sanottava sen verran että Jarla käsikirjoitti ja '
  'piirsi sitä kymmenen vuotta pöytälaatikkoon. Kun tekoaikana mies meni '
  'täysin tuntemattomasta Sarasvuon taustapiirtäjästä yhdeksi Suomen '
  'tunnetuimmista taiteilijoista, teki miehen kustannustoimittaja viisaan '
  '(rahakkaan) päätöksen ja pisti omakustanteeksi tarkoitetun 32-sivuisen '
  'sarjakuvan koviin kansiin. Lopputuloksesta kyllä näkee ettei Jarla ole '
  'realistisessa piirrostyylissä kovin harjaantunut.\n'
  '\n'
  'Leppäsen piirrostyylin jäykkyydestä voi olla montaa mieltä. Mielestäni '
  'Achilles Wiggen on kuitenkin paljon notkeampaa kuin Mustanaamio. Edeltävä '
  'lienee hänelle jonkinlainen elämäntyö ja jälkimmäinen se josta maksetaan '
  'vuokra. Tekstimäärä lienee tietoinen valinta. Kuitenkin kun katsoo Leppäsen '
  'töitä (aivan *Aurinkoaluksesta* asti) niin huomattavasti vähemmän '
  'tekstipainotteisia ne ovat kuin saman ajanjakson amerikkalaissarjakuvat tai '
  'edes modernit Aku Ankat. Tyylillisesti ne sopivat kyllä hyvin yhteen '
  'nuorempienkin*Fantomen*issa julkaistujen käsikirjoitusten kanssa (nyt tuli '
  'mieleen että kirjoittaako Leppänen omat Mustis-tarinansa? Vai ainoastaan '
  'scifinsä?). \n'
  '\n'
  'Mitä tulee Leppäsen siltojenpolttelun, niin ydinongelmana ei ole moderni '
  'hapatus kuten Kiroileva siili tai Viivi ja Wagner. Muistelen miehen olleen '
  'yksi ensimmäisistä joille Suomen Sarjakuvaseura 70-luvulla tarjosi '
  'Puupäähattua, mutta Leppänen ei halunnut tarjota järjestölle minkäänlaista '
  'vakiinnuttamista sillä että olisi palkinnon ottanut vastaan. Kun lähes '
  'kaikki muut suomalaiset sarjakuvatoimijat (kuvittajat, käsikirjoittajat, '
  "kriitikot, toimittajat, hulluimmat fanit) SS'ään kuuluvat tai sen "
  'tapahtumiin osallistuvat, niin tuo teko aika vahvasti väritti ja värittää '
  'kanssakäymistä suomalaisissa ammattipiireissä. Mitä nämä jatkuvat uudet '
  'ulostulot ylläpitävät uusien aktiivisukupolvien iloksi. \n'
  '\n'
  'EDIT: [Kari Leppäsen oma näkemys '
  'puupäähattu-skandaalista.](http://karileppanencomics.fi/hatpage.htm)',
  'clean', 0.9998370409011841),
 ('[Tämän '
  'perusteella](https://twitter.com/archiveis/status/623469280558981121) oli '
  'joku selkkaus Suomen rajalla ja hän teki tästä päätelmän että on jollakin '
  'seuranta/mustalla listalla (ihmiset tulkitsivat väärin että sivusto olisi '
  'jollain estolistalla, mutta näin hän ei tarkoittanut). '
  '[Ilmeisesti](https://www.reddit.com/r/Suomi/comments/3e2czy/archivetoday_kielletty_suomessa/ctb1fnz) '
  'koittaa olla varovainen ja välttää yhteenottoja viranomaisten ym. isojen '
  'tahojen kanssa.\n'
  '\n'
  'On myös asioita joita emme keissistä tiedä, esim. kyseisen poistopyynnön '
  'tehneen suomalaisyrityksen nimi, poistetun sivun sisältö ja mahdollinen '
  'relevanssi tähän rajajuttuun. Mielestäni ylläpitäjän julkinen viestittely '
  'on tarkoituksella niukkaa ja epäselvää, mikä on ihan ymmärrettävää jos hän '
  'koittaa olla keikuttamatta venettä.\n'
  '\n'
  'Edellisessä langassa syyteltiin äijää siitä että on foliohattu liian '
  'kireellä mutta kun sivuston käyttötarkoitukset ovat '
  '[tällaiset](https://en.wikipedia.org/wiki/Archive.is#Use_cases) niin sallin '
  'herralle ihan niin kireän lyijyvuoratun foliohatun kuin vain haluaa. Itse '
  'ainakin pelkäisin oman hyvinvointini puolesta jos ihan yksin ylläpitäisin '
  'vastaavanlaista sivustoa.',
  'clean', 0.9998370409011841),
 ('Onkohan Ismo Soukola vasta tällä viikolla havahtunut siihen, että ensi '
  'keväänä pitäisi jotenkin tulla uudestaan valituksi eduskuntaan, ja päätti '
  'sitten pistää vaalivankkurit töräytyksellä liikkeelle.\n'
  '\n'
  'Oletan, että mitään tuollaisia tietoja pääministeristä ei saisi julkisesti '
  'kyllä kertoa. Kymppiuutisissa Soukola selitti klassisesti, että olisi asia '
  'pitänyt muotoilla erilailla, mutta eiköhän hän ihan tietoisesti rikkonut '
  'luottamuksen.',
  'clean', 0.999836802482605),
 ('Tuo oikaisu koski vain tuota rahanpesuepäilyä jonka vuoksi nuo "33 '
  'miljoonaa" olisivat jumissa. YLE uutisoi tästä viikko sitten perustuen '
  'ilmeisesti Sambialaiselta verkkosivulta ja Ritaluomalta saamaansa tietoon. '
  'Ritaluoma puolestaan uskoi kaiken minkä kätevän geneerisellä nimellä '
  'varustettu Mark Wilson kertoi. Rahoja tuskin on olemassakaan, siksi siis '
  'oikaisu.',
  'clean', 0.9998363256454468),
 ('Oho. Äärimmäisen hyvä huomautus. Tuli vähän huijattu olo, kun ehdin jo '
  'kommentoida käsityksessä, että olisi tuore uutinen kyseessä. Jos vanhoja '
  'postailee, niin sopii se tehdä selväksi. Toki ihan kiinnostavaa ja tärkeää '
  'tämmöisestä puolesta muistuttaa kun tulee ihmisiä ilman juuri minkäänlaista '
  'valvontaa, mutta anteeksiantamatonta propagandaa jättää kertomatta, että '
  'kyseessä vuoden vanha juttu. ',
  'clean', 0.9998363256454468),
 ('&gt;Siis oliko tämä koraanin lukemista vai tutkimista? Tulkitseeko '
  'Hämeen-Anttila koraania? Jos tulkitsee, kuinka takaat että hän esittää '
  'tulkintansa puolueettomalta pohjalta?\n'
  '\n'
  'Se, että sinun eksegeettiset näkemyksesi (lol) eroavat Hämeen-Anttilan '
  'näkemyksistä ei tarkoita etteikö Hämeen-Anttila olisi tehnyt pitkää ja '
  'menestyksekästä uraa nimenomaan lähi-idän kulttuureita tutkien. '
  'Hämeen-Anttila on siis oletettavasti perehtynyt Koraanin eksegetiikkaan ja '
  'siihen liittyviin perinteisiin. Täten hän varmastikin tietää asiasta '
  'jotakin.\n'
  ' \n'
  'Lässytys siitä, ettei Hämeen-Anttila olisi puolueeton tutkija ja ties mitä '
  'muuta on lähinnä hämmentävää. Sinä kyseenalaistat hänen asiantuntijuutensa '
  '- sinun tulisi selittää että miksi sinä sen kyseenalaistat.\n'
  '\n'
  'Minusta vähän tuntuu että ainoa tapa jolla Hämeen-Anttila voisi saada '
  'tutkimuksellensa sinulta hyväksyntää olisi että hän vouhkaisi kovaan ääneen '
  'siitä kuinka hirveän paha ja vaarallinen uskonto islam on, kuinka '
  "jok'ikinen muslimi kannattaa ISIStä ja al-Qaidaa, ja ties mitä "
  'liirum-laarumia.\n'
  '\n'
  '\n'
  '&gt;Mutta tuleeko Raamatun lukua?\n'
  '\n'
  'Ilmeisesti kyllä, ja mikäli ei nyt niin myöhemmin. Kysyit että oliko '
  'kristinuskosta tehty vastaavia sarjoja. Vastaus siihen on kyllä.\n'
  '\n'
  '&gt;Laita lähde äläkä muistele.\n'
  '\n'
  'http://www.hs.fi/kulttuuri/a1424839149747\n'
  '\n'
  '"Myös Raamattua luetaan radiossa päivittäin, juuri nyt selkokielisenä. '
  'Silti Ylen kulttuuriohjelmien suunnitelmissa on myös Raamatun läpiluku."\n'
  '\n'
  '"Sitä ennen on ilmeisesti kuitenkin juutalaisten Tooran eli hepreasta '
  'käännettyjen Raamatun viiden ensimmäisen kirjan ja Mooseksen lain vuoro."',
  'clean', 0.9998360872268677)]
END: ma 15.8.2022 14.28.30 +0300
