START: ma 15.8.2022 15.26.43 +0300
Namespace(data='data/reddit-Suomi.jsonl', model='models/multi-toxic', threshold=0.765, type='multi')
        text
0  [deleted]
1  [deleted]
2  [deleted]
3  [deleted]
4  [deleted]
200000
[[0.0003497153811622411, 0.0005716662271879613, 0.0008507528691552579, 0.00022854589042253792, 0.0003584376536309719, 0.003066040575504303], [0.0003497153811622411, 0.0005716662271879613, 0.0008507528691552579, 0.00022854589042253792, 0.0003584376536309719, 0.003066040575504303], [0.0003497153811622411, 0.0005716662271879613, 0.0008507528691552579, 0.00022854589042253792, 0.0003584376536309719, 0.003066040575504303], [0.0003497153811622411, 0.0005716662271879613, 0.0008507528691552579, 0.00022854589042253792, 0.0003584376536309719, 0.003066040575504303], [0.0003497153811622411, 0.0005716662271879613, 0.0008507528691552579, 0.00022854589042253792, 0.0003584376536309719, 0.003066040575504303], [0.0003897532296832651, 0.0004632089694496244, 0.000721478252671659, 0.0002836358326021582, 0.00035105267306789756, 0.0022771540097892284], [0.0003497153811622411, 0.0005716662271879613, 0.0008507528691552579, 0.00022854589042253792, 0.0003584376536309719, 0.003066040575504303], [0.00045404903357848525, 0.00048304488882422447, 0.0007229059701785445, 0.00036631355760619044, 0.00040300682303495705, 0.0018954221159219742], [0.00043031148379668593, 0.0004691947251558304, 0.000716006790753454, 0.0003431848017498851, 0.0003935889108106494, 0.0019802208989858627], [0.0004548829747363925, 0.0004805800272151828, 0.0007240900886245072, 0.00037598892231471837, 0.000416283291997388, 0.0019155126065015793]]
[array([0., 0., 0., 0., 0., 0.]), array([0., 0., 0., 0., 0., 0.]), array([0., 0., 0., 0., 0., 0.]), array([0., 0., 0., 0., 0., 0.]), array([0., 0., 0., 0., 0., 0.]), array([0., 0., 0., 0., 0., 0.]), array([0., 0., 0., 0., 0., 0.]), array([0., 0., 0., 0., 0., 0.]), array([0., 0., 0., 0., 0., 0.]), array([0., 0., 0., 0., 0., 0.])]
[(), (), (), (), (), (), (), (), (), (), (), (), (('label_toxicity', 0.822920560836792),), (), (), (), (), (), (), ()]
(('clean', 0.003066040575504303), ('clean', 0.003066040575504303), ('clean', 0.003066040575504303), ('clean', 0.003066040575504303), ('clean', 0.003066040575504303))
TOXIC
[('mies oli murhannut yliopisto-opiskelijan katkaisemalla tältä pään.\n'
  '\n'
  'miettii mitä nämäkin siellä ajattelevat kun joku suomalainen alkaa '
  'ulisemaan kuolemantuomiota vastaan...\n'
  'SE KATKAISI JOLTAIN VITTU PÄÄN!!!!',
  ((0.9021283984184265, 'label_identity_attack'),
   (0.9851440787315369, 'label_insult'), (0.993707001209259, 'label_obscene'),
   (0.9575767517089844, 'label_severe_toxicity'),
   (0.844318151473999, 'label_threat'),
   (0.9968066215515137, 'label_toxicity')),
  ('toxic', 0.9968066215515137),
  (('label_identity_attack', 0.9021283984184265),
   ('label_insult', 0.9851440787315369), ('label_obscene', 0.993707001209259),
   ('label_severe_toxicity', 0.9575767517089844),
   ('label_threat', 0.844318151473999),
   ('label_toxicity', 0.9968066215515137))),
 ('Vitun teini homot, tapetaan ne kaikki ja poltetaan roviolla.\n'
  'Saatanan anarkisti vajakit pitäis hirttää korkeimmista kuusista.\n',
  ((0.740723729133606, 'label_identity_attack'),
   (0.8841119408607483, 'label_insult'), (0.9657445549964905, 'label_obscene'),
   (0.9383057355880737, 'label_severe_toxicity'),
   (0.9964262843132019, 'label_threat'),
   (0.9872894883155823, 'label_toxicity')),
  ('toxic', 0.9964262843132019),
  (('label_insult', 0.8841119408607483), ('label_obscene', 0.9657445549964905),
   ('label_severe_toxicity', 0.9383057355880737),
   ('label_threat', 0.9964262843132019),
   ('label_toxicity', 0.9872894883155823))),
 ('vittu tuo ämmä oli niin vittumainen marmattaja tekis mieli lyödä jos tulis '
  'mua haastattelemaan...',
  ((0.2944364845752716, 'label_identity_attack'),
   (0.9786014556884766, 'label_insult'), (0.9950867295265198, 'label_obscene'),
   (0.9656839966773987, 'label_severe_toxicity'),
   (0.23505239188671112, 'label_threat'),
   (0.9963808655738831, 'label_toxicity')),
  ('toxic', 0.9963808655738831),
  (('label_insult', 0.9786014556884766), ('label_obscene', 0.9950867295265198),
   ('label_severe_toxicity', 0.9656839966773987),
   ('label_toxicity', 0.9963808655738831))),
 ('Vitun sivarit. Selkärangattomia apinoita.',
  ((0.8118101358413696, 'label_identity_attack'),
   (0.9924827218055725, 'label_insult'), (0.9952211976051331, 'label_obscene'),
   (0.9585286974906921, 'label_severe_toxicity'),
   (0.07388512790203094, 'label_threat'),
   (0.9963244795799255, 'label_toxicity')),
  ('toxic', 0.9963244795799255),
  (('label_identity_attack', 0.8118101358413696),
   ('label_insult', 0.9924827218055725), ('label_obscene', 0.9952211976051331),
   ('label_severe_toxicity', 0.9585286974906921),
   ('label_toxicity', 0.9963244795799255))),
 ('Sitä mä en tajua, että minkälainen vitun cuckold nyhverö ton perheen isä '
  'on. Antaa porukan hakata pieniä lapsiaan ja uhata tappaa ja raiskata vaimon '
  'eikä tee yhtään mitään asialle. 2 vuotta jossain pelle oikeudessa pyöritty '
  'ja sitten tulee, että joo vakava rikos, mutta ei rangaistusta. Kun '
  'väkivalta on noin halpaa ja kaikki tietää sen niin sitä saa hei käyttää '
  'itekkin. Vitun nössö, pistää vituttamaan noiden lapsien puolesta.',
  ((0.24898111820220947, 'label_identity_attack'),
   (0.9770081043243408, 'label_insult'), (0.9941891431808472, 'label_obscene'),
   (0.9238898754119873, 'label_severe_toxicity'),
   (0.33585891127586365, 'label_threat'),
   (0.9960351586341858, 'label_toxicity')),
  ('toxic', 0.9960351586341858),
  (('label_insult', 0.9770081043243408), ('label_obscene', 0.9941891431808472),
   ('label_severe_toxicity', 0.9238898754119873),
   ('label_toxicity', 0.9960351586341858))),
 ('Vitun narkkari. Tyrmään tuollaiset. Mun kaveri piikitti kerran kolme '
  'cappuccinoa suoneen ja kuoli.',
  ((0.23425765335559845, 'label_identity_attack'),
   (0.9812209606170654, 'label_insult'), (0.9945486187934875, 'label_obscene'),
   (0.9150055646896362, 'label_severe_toxicity'),
   (0.24052542448043823, 'label_threat'),
   (0.9959483742713928, 'label_toxicity')),
  ('toxic', 0.9959483742713928),
  (('label_insult', 0.9812209606170654), ('label_obscene', 0.9945486187934875),
   ('label_severe_toxicity', 0.9150055646896362),
   ('label_toxicity', 0.9959483742713928))),
 ('No nyt vitun munattomat paskat esittäkää edes että teillä on selkärankaa! '
  'Vai vittu kärsisikö kannatus vai olisiko veli venäläinen liian pelottava? '
  'Saatanan pelkurit.',
  ((0.8382212519645691, 'label_identity_attack'),
   (0.9873690009117126, 'label_insult'), (0.9950287938117981, 'label_obscene'),
   (0.916032612323761, 'label_severe_toxicity'),
   (0.058467622846364975, 'label_threat'),
   (0.9959321618080139, 'label_toxicity')),
  ('toxic', 0.9959321618080139),
  (('label_identity_attack', 0.8382212519645691),
   ('label_insult', 0.9873690009117126), ('label_obscene', 0.9950287938117981),
   ('label_severe_toxicity', 0.916032612323761),
   ('label_toxicity', 0.9959321618080139))),
 ('Vitun hihhulit.',
  ((0.8148094415664673, 'label_identity_attack'),
   (0.9905647039413452, 'label_insult'), (0.9950413107872009, 'label_obscene'),
   (0.9586357474327087, 'label_severe_toxicity'),
   (0.04685322940349579, 'label_threat'),
   (0.9958945512771606, 'label_toxicity')),
  ('toxic', 0.9958945512771606),
  (('label_identity_attack', 0.8148094415664673),
   ('label_insult', 0.9905647039413452), ('label_obscene', 0.9950413107872009),
   ('label_severe_toxicity', 0.9586357474327087),
   ('label_toxicity', 0.9958945512771606))),
 ('Saatanan inisevät verenimijä vittu paskiaiset. ',
  ((0.4376361072063446, 'label_identity_attack'),
   (0.9844464659690857, 'label_insult'), (0.9951738715171814, 'label_obscene'),
   (0.9525755643844604, 'label_severe_toxicity'),
   (0.04285138472914696, 'label_threat'),
   (0.9957939386367798, 'label_toxicity')),
  ('toxic', 0.9957939386367798),
  (('label_insult', 0.9844464659690857), ('label_obscene', 0.9951738715171814),
   ('label_severe_toxicity', 0.9525755643844604),
   ('label_toxicity', 0.9957939386367798))),
 ('Saatana tämä olla pikku Neuvostoliitto VIELÄKIN perkkele vitun '
  'piulun-nussijat lähdetn pois jääkkä tänne mätänemään kukkojenne  kansa. '
  'HUVASTI.',
  ((0.9243878722190857, 'label_identity_attack'),
   (0.989096462726593, 'label_insult'), (0.9930998086929321, 'label_obscene'),
   (0.9198811650276184, 'label_severe_toxicity'),
   (0.08367034792900085, 'label_threat'),
   (0.9957656860351562, 'label_toxicity')),
  ('toxic', 0.9957656860351562),
  (('label_identity_attack', 0.9243878722190857),
   ('label_insult', 0.989096462726593), ('label_obscene', 0.9930998086929321),
   ('label_severe_toxicity', 0.9198811650276184),
   ('label_toxicity', 0.9957656860351562)))]
NEUTRAL
[('Jos saisi revittyä kaupassa tuommoisen halpislukon paskaksi, niin '
  'joutuisikohan korvaamaan kauppiaalle sen.',
  ((0.006751151289790869, 'label_identity_attack'),
   (0.1801384836435318, 'label_insult'), (0.6051627397537231, 'label_obscene'),
   (0.007500660605728626, 'label_severe_toxicity'),
   (0.0060080052353441715, 'label_threat'),
   (0.7659910917282104, 'label_toxicity')),
  ('toxic', 0.7659910917282104), (('label_toxicity', 0.7659910917282104),)),
 ('Ei saatana, taasko sitä joutuu olemaan sosiaalinen.',
  ((0.006880479399114847, 'label_identity_attack'),
   (0.10777425020933151, 'label_insult'), (0.5614047050476074, 'label_obscene'),
   (0.00610151095315814, 'label_severe_toxicity'),
   (0.005842737853527069, 'label_threat'),
   (0.7659213542938232, 'label_toxicity')),
  ('toxic', 0.7659213542938232), (('label_toxicity', 0.7659213542938232),)),
 ('Nainen varmaan teki jotain ikävää tälle kovia kokeneelle pakolaiselle. '
  'Harmillista että tämä herrasmies näin pahasti joutui aggression valtaan ja '
  'päätti harjoittaa yllätysseksiä kantaväestön kanssa. \n'
  '\n'
  'Ehkä voisimme tarjota psykiatrin hoitoa tälle yksilölle ettei hän enää '
  'harjoittaisi yllätysseksiä? Naisen pitäisi hävetä että on näin rasisti ja '
  'kuvaillut raiskaajaa tumma ihoiseksi, tästä saa vielä sen kuvan että ihon '
  'värillä olisi jotakin väliä.',
  ((0.050274159759283066, 'label_identity_attack'),
   (0.3390576243400574, 'label_insult'), (0.406791627407074, 'label_obscene'),
   (0.005915121641010046, 'label_severe_toxicity'),
   (0.0038700602017343044, 'label_threat'),
   (0.76584792137146, 'label_toxicity')),
  ('toxic', 0.76584792137146), (('label_toxicity', 0.76584792137146),)),
 ('Israelia vihaavat vihervasemmistolaiset taas vauhdissa. Byhyy, paha '
  'monikansallinen firma tekee bisnestä siionistien kanssa, emme tykkää. Kas '
  'kun eivät valtaa yliopistoa ja vaadi lakolla "Israelin kätyreitä" pois '
  'yliopistolta. Sama paskaporukka jättää israelilaiset appelsiinitkin '
  'kauppoihin, kun ne on kuitenkin vääryydellä kasvatettu palestiinalaisilta '
  'ressukoilta varastetuilla mailla.\n'
  '\n'
  'Tällaisilla boikoteilla ei ole mitään merkitystä maailmanmenolle, tai '
  'Israelin valtion harrastamaan politiikkaan. Pieni poliittisesti valveutunut '
  'yliopistoliberaalien rinkirunkkuporukka saa taas pörröiset fiilikset, kun '
  'on parannettu maailmaa ja saatu lyötyä siionisteja näpeille oikein '
  'kunnolla.',
  ((0.43470460176467896, 'label_identity_attack'),
   (0.4058164060115814, 'label_insult'), (0.20146405696868896, 'label_obscene'),
   (0.006832951679825783, 'label_severe_toxicity'),
   (0.007572119124233723, 'label_threat'),
   (0.7657910585403442, 'label_toxicity')),
  ('toxic', 0.7657910585403442), (('label_toxicity', 0.7657910585403442),)),
 ('Stalkkaajallas seisoo ajatuksesta sun miestisseistä heilumassa pururadalla.',
  ((0.018046725541353226, 'label_identity_attack'),
   (0.23067881166934967, 'label_insult'),
   (0.35473090410232544, 'label_obscene'),
   (0.008615650236606598, 'label_severe_toxicity'),
   (0.002771482104435563, 'label_threat'),
   (0.7657609581947327, 'label_toxicity')),
  ('toxic', 0.7657609581947327), (('label_toxicity', 0.7657609581947327),)),
 ('Toimii se toisinkin päin, nainen sentään saa tukea. Keski-ikäinen kuoppaan '
  'joutunut mieshenkilö ei sossusta saa muuta kuin vittuilua. Sossun tädillä '
  'on harvinaisen täydellinen valta-asema heikoilla olevaan ihmiseen nähden ja '
  'kuka tahansa sosiaalipalveluiden kanssa tekemisiin joutunut tietää että '
  'päätökset tehdään pitkältikin sen perusteella sattuuko naama miellyttämään '
  'virkailijaa. Monelle miehelle sossuun meno on jo itsessään valtavan '
  'kynnyksen takana ja kohtelu juurikin niin nöyryyttävää kuin voisi '
  'kuvitella.',
  ((0.007567905820906162, 'label_identity_attack'),
   (0.19245342910289764, 'label_insult'), (0.5996760129928589, 'label_obscene'),
   (0.005622390192002058, 'label_severe_toxicity'),
   (0.0036970165092498064, 'label_threat'),
   (0.765754759311676, 'label_toxicity')),
  ('toxic', 0.765754759311676), (('label_toxicity', 0.765754759311676),)),
 ('Niinhän se riittää, jos jätkä järjestää natsilarppeja, on '
  'määritelmällisesti natsilarppaaja. Duh. ',
  ((0.6208901405334473, 'label_identity_attack'),
   (0.4552079141139984, 'label_insult'), (0.22543379664421082, 'label_obscene'),
   (0.011367215774953365, 'label_severe_toxicity'),
   (0.006262583192437887, 'label_threat'),
   (0.7657366394996643, 'label_toxicity')),
  ('toxic', 0.7657366394996643), (('label_toxicity', 0.7657366394996643),)),
 ('Onneksi ei ole vielä tullut vastaan ketään tämän luokan idioottia.',
  ((0.01348281092941761, 'label_identity_attack'),
   (0.6797908544540405, 'label_insult'), (0.3939482569694519, 'label_obscene'),
   (0.006639234721660614, 'label_severe_toxicity'),
   (0.0031084201764315367, 'label_threat'),
   (0.7657190561294556, 'label_toxicity')),
  ('toxic', 0.7657190561294556), (('label_toxicity', 0.7657190561294556),)),
 ('&gt; Kiukkuset kääkät ja niiden muijat istuu himassa ja valittaa, että '
  'seinäpaneleita ei saa vaihtaa. Sopivat niin hyvin sen ruskeatiilisen '
  'avotakan kanssa yhteenkin.\n'
  '\n'
  'Suosittelen lämpimästi ulkona käymistä joskus.',
  ((0.020295899361371994, 'label_identity_attack'),
   (0.3361755311489105, 'label_insult'), (0.3978517949581146, 'label_obscene'),
   (0.0059286016039550304, 'label_severe_toxicity'),
   (0.00292203645221889, 'label_threat'),
   (0.7657115459442139, 'label_toxicity')),
  ('toxic', 0.7657115459442139), (('label_toxicity', 0.7657115459442139),)),
 ('Katsoin kaverien kanssa porukalla The Conjuring. Koko lössi paskoi housuun '
  'antaumuksella.',
  ((0.008259902708232403, 'label_identity_attack'),
   (0.26903417706489563, 'label_insult'), (0.4773748815059662, 'label_obscene'),
   (0.005893934518098831, 'label_severe_toxicity'),
   (0.003848034655675292, 'label_threat'),
   (0.765679657459259, 'label_toxicity')),
  ('toxic', 0.765679657459259), (('label_toxicity', 0.765679657459259),)),
 ('Jännää. Itse ajattelen juuri päinvastoin. Mielestäni lapsille pitäisi '
  'alusta asti opettaa millainen paskaluukku tämä maapallo on ihmisten takia. '
  'Muuten saadaan vain nykyisen kaltaisia tynnyrissä kasvaneita ihmisiä, jotka '
  'tietävät että ainoastaan natsit on paha juttu ja jos natsit tuhottaisiin, '
  'niin kaikki olisi hyvin',
  ((0.043408993631601334, 'label_identity_attack'),
   (0.37028682231903076, 'label_insult'), (0.4903958737850189, 'label_obscene'),
   (0.005678597837686539, 'label_severe_toxicity'),
   (0.004384704865515232, 'label_threat'),
   (0.7656716108322144, 'label_toxicity')),
  ('toxic', 0.7656716108322144), (('label_toxicity', 0.7656716108322144),)),
 ('Linkkiä uutiseen? Murhatapa on joko nerokas tai äärimmäisen tyhmä.',
  ((0.016363773494958878, 'label_identity_attack'),
   (0.47148582339286804, 'label_insult'),
   (0.14054478704929352, 'label_obscene'),
   (0.005591391120105982, 'label_severe_toxicity'),
   (0.01531397458165884, 'label_threat'),
   (0.7655481100082397, 'label_toxicity')),
  ('toxic', 0.7655481100082397), (('label_toxicity', 0.7655481100082397),)),
 ('Muidenko se näiden adrealiininarkkien mokailut pitäisi maksaa? Itte on '
  'sinne menny, tulkoon poiskin. Aivan varmasti jo nyt menny monta sataa '
  'tonnia näiden pelleilyyn. \n'
  '\n'
  'Kaikki moiset avut pois, että idiootit molemmilta puolelta tajuaisi ettei '
  'turistien kaappaminen ole kannattavaa / ei tartte apua tulla vinkumaan jos '
  'jossain pahaa tapahtuu.  Hommatkoon sellaisen vakuutuksen joka kattaa '
  'taisteluosaston lähettämisen, jos on tarvis, aina ***tana yhteiskunta '
  'pistetään maksamaan näiden perseilyt. Kumpi on sitten tärkeämpää? 100 000 '
  'köyhän lääkkeet kuukaudeksi vai parin urpon pelastaminen Jemenistä. '
  'Mjaa-a. ',
  ((0.016355562955141068, 'label_identity_attack'),
   (0.32763007283210754, 'label_insult'), (0.3307149112224579, 'label_obscene'),
   (0.005070959217846394, 'label_severe_toxicity'),
   (0.005790188442915678, 'label_threat'),
   (0.7655091285705566, 'label_toxicity')),
  ('toxic', 0.7655091285705566), (('label_toxicity', 0.7655091285705566),)),
 ('Jännä äijä\n'
  '\n'
  'Joko vetää imagonsa niin loppuu kun voi, tässäkin haastattelussa, ja vain '
  'omat lemmikit kuulee kuinka paskaisesti nauraa ihmisten tyhmyydelle. Olit '
  'puolesta tai vastaan, Janitsi hyötyy. Ainoa tapa olla heittämättä rahaa '
  'hänelle on pysyä aiheesta erossa, ja sekään ei menoa kyllä haittaa.\n'
  '\n'
  'Tai sitten: äijä oikeasti uskoo juttuihinsa, mitä kumminkin epäilen '
  'syvästi, ihan vain tuosta kusetuksen määrästä.\n'
  '\n'
  'Tämäkin juttu, tai siis Janitskin vastaukset ovat selvästi täyttä paskaa. '
  'Kuulemma juhlinut koko ikänsä, ties keiden kaikkien kanssa, ja on '
  'kansainvälisesti tunnettu yöeläin euroopan kermaperseiden keskuudessa. Huh '
  'huh. Ekan lehtijutun ja linnatuomiot uskon kyllä, mutta muuta en. Ainoa '
  'totuuden siemen löpinöissä on herran motiivi ylipäätänsä tehdä asioita: '
  'otsikoihin pääseminen ja medialla ratsastaminen.\n'
  '\n'
  'Kai se on pakko nostaa hattua herralle. Olkoon kusipää, mutta ainakin yksi '
  'onnistuneimmista kusipäistä',
  ((0.010259054601192474, 'label_identity_attack'),
   (0.3999488055706024, 'label_insult'), (0.5310444235801697, 'label_obscene'),
   (0.005430771503597498, 'label_severe_toxicity'),
   (0.0032809816766530275, 'label_threat'),
   (0.7654068470001221, 'label_toxicity')),
  ('toxic', 0.7654068470001221), (('label_toxicity', 0.7654068470001221),)),
 ('&gt; kuin vahingossa.\n'
  '\n'
  '*elokuva alkaa* ...   "...Voi paska."\n'
  '\n'
  'Osaan asettua tilanteeseen.',
  ((0.005387104116380215, 'label_identity_attack'),
   (0.13489337265491486, 'label_insult'), (0.6260784864425659, 'label_obscene'),
   (0.006579519249498844, 'label_severe_toxicity'),
   (0.004485607147216797, 'label_threat'),
   (0.7653889656066895, 'label_toxicity')),
  ('toxic', 0.7653889656066895), (('label_toxicity', 0.7653889656066895),)),
 ('Kesätöissä 17v Helsingin kaupungilla. Allekirjoitin työsopparin pomon '
  'sijaisen kanssa koska pomo oli lomilla. Sovittiin palkaks vissiin joku '
  '8,90/h, eli aika perus duuniin nähden.\n'
  '\n'
  'Saan työsopparin takas ja ne on vetäny siihen samaiseen allekirjoitettuun '
  'paperiin numero 9 PÄÄLLE 0. :D\n'
  '\n'
  'Siitä sit vaa kysymään että mitähän helvettiä tää nyt on olevinaan '
  '(kohteliaasti) johon toteaa että valitettavasti kävi virhe eikä pomon '
  'sijainen ois saanu luvata mulle sitä aluks luvattua palkkaa ja oon nyt sit '
  'töissä 8.00/h.\n'
  '\n'
  'Totean ettei tää nyt ihan tällein toimi, johon pomo toteaa välittömästi '
  'erittäin yllättyneellä ilmeellä (ei oo kovin montaa nuorta jolla MITÄÄN '
  'käsitystä oikeuksistaan ja vaikka oiskin niin ei todellakaan monella munaa '
  'käydä valittamaan tämmösestä) että tähän mennessä tehty työ on tehty '
  'korkeammalla palkalla mutta tästä eteenpäin uudella, matalammalla.\n'
  '\n'
  'No ei tää nyt edelleenkään mennyt ihan ku Strömsössä ja päädytään sitten '
  'juttelemaan pomon toimistolle jossa se selittää siitä että toi oli virhe ja '
  'kuinka työnantajalla on oikeuksia kans ja blaa fucking blaa blaa. Teki '
  'mieli siin sit sanoo että mitä mieltä se ois ku joku sen bossi toteis et '
  '"Sori, annettiin sulle 12% liian korkee liksa, mut hei tää oli inhimillinen '
  'virhe ni kyl sä ymmärrät. Tästä lähtien teet duunii matalammal liksa. '
  'Kiitti." Mutta jätin sit tommosen vittuilun sikseen koska ei ois ollu kovin '
  'kehittävää. Se sitten siinä rupee bosseilemaan kuinka joutuu ottamaan '
  'yhteyttä niiden johonkin asianajajiin jossa pyydän lupaa soittaa omalleni '
  '(joo, tein ton ehkä 95% sen takia että pääsisin näkee sen ilmeen ja kyllä, '
  'ymmärrän olevani ehkä hieman etuoikeutetussa asemassa pystyäkseni tekemään '
  'tämmöstä). Asianajajani toteaa että jos se ei ole kirjoitusvirhe, eli esim. '
  'mulle ois myönnetty 80.0e/h tjs niin mulla ei mitään muuta sanottavaa '
  'asiasta kuin vaatia sovittua liksaa.\n'
  '\n'
  'Saan ku saankin liksan oikeukseni mukaisesti pidettyä sovitussa, mutta '
  'paskamyrskyhän ei tähän vielä lopu. :D\n'
  '\n'
  'Liksa tulee JOKA kerta liian pienenä ja pomo kertoo että jos haluan muuttaa '
  'asiaa joudun ite soittamaan palkanlaskentaan, johon pohdin että ihan '
  'silleinkö ne on mulle lähettämässä ylimääräset rahat? No sinne soitettuani '
  'sitten ne on ihan ulapalla ku perus kaupungin duunarit nyt muutenkin ja '
  'menee siihen että ne sitten joutuu kuitenkin soittamaan mun pomolle. Vittu '
  'jee.\n'
  '\n'
  'Tähän sit yhdistettynä kaiken näkönen hajoilu suvulta siitä miten ei oo '
  'kohteliasta ruveta riitelemään tommosista ja kun duuni on suvun mulle '
  'hommaama, niinku jokaisella muullakin tuolla, niin muutama sukulainen '
  'toteaa maksavansa mulle ton liksaerotuksen josta tietenkin vedin karmeimmat '
  'teiniraivarit ever koska vitutus siihen että noi oikeesti ois pääsemässä '
  'vaa polkemaan tyhmien ja munattomien nuorten yli ihan miten sattuu sen '
  'takia ettei osaa kertoa sijaisilleen mitä niiden pitäis tehä. Tuli sitten '
  'lupauduttua että jos pomo ottaa ton vielä puheeks niin joudun vaan '
  'myöntymään siihen ja selittämään miks ollut niin jyrkkä asiasta, pomolla '
  'nyt ei sattunut olemaan munaa ottaa asiaa enään puheeks ja ei pahemmin sit '
  'jubailtu enää sinä kesänä. Olin joka liksan jälkeen yhteydessä '
  'palkanlaskentaan että ettekö te nyt jumalauta ymmärrä vaan lisätä siihen '
  'liksaan ton ylimääräsen ja ekstrakivaks se muuttu kun tuli loppuliksa ja ne '
  'pääs maksamaan mulle sen viimesen (varmaan 100e) ylimäärästä siten että '
  'joutuvat avaamaan uusiks kaikki mun accountit siellä koska olivat jo '
  'sulkeneet mun tilit, eli aiheutin niille periaatteeni vuoks aivan '
  'naurettavan määrän ylimäärästä työtä (niiden mukaan).\n'
  '\n'
  'Kyllä noi ton sit sen jälkeen ku olivat ymmärtäneet että ymmärrän oikeuteni '
  'ja en ois myöntymässä niiden kusetukseen hoiti ihan ammattimaisesti. '
  'Kertoivat että mulla on oikeus valittaa asiasta eteenpäin oikeusteitä ja '
  'sanoivat suoraan että lähes varmasti voittaisin asian, myönsivät '
  'rikkoneensa lakia toimissaan ja kaikkee tämmöstä. Kerroin suoraan että ei '
  'mitään oikeutta alkaa niiden kanssa asiasta enempää riitelemään ja hoidin '
  'hommani siellä loppuun hyvällä asenteella kunnolla duunia tehden. '
  'Tarjosivat siinä kanssa lopussa mahollisuutta jatkaa tai tulla takas '
  'seuraavana vuonna josta tosin kieltäydyin koska halusin lähtee reissaamaan '
  'ens kesänä tai jotain muuta tämmöstä. Intti? En muista.\n'
  '\n'
  'TL;DR: Kesäduunipomoni yksipuoleisesti koitti leikata sovittua liksaani n. '
  '12% koska "virhe" ja oletus ettei alaikäinen kesäduunari tiedä oikeuksiaan.',
  ((0.00721977511420846, 'label_identity_attack'),
   (0.15071816742420197, 'label_insult'), (0.643404483795166, 'label_obscene'),
   (0.0069455839693546295, 'label_severe_toxicity'),
   (0.004756843205541372, 'label_threat'),
   (0.7652113437652588, 'label_toxicity')),
  ('toxic', 0.7652113437652588), (('label_toxicity', 0.7652113437652588),)),
 ('Tuo lolivertaus kuulostaa aika paskapuheelta. Oletko ikinä edes tavannut '
  'cosplayeriä? Saa tuosta tekstistä vaikutelman että naiset ovat uhreja '
  'tässäkin kun vapaaehtoisesti pukeutuvat joksikin hahmoksi.',
  ((0.006485202349722385, 'label_identity_attack'),
   (0.15796269476413727, 'label_insult'), (0.6632611751556396, 'label_obscene'),
   (0.006456129718571901, 'label_severe_toxicity'),
   (0.003604733385145664, 'label_threat'),
   (0.7651966214179993, 'label_toxicity')),
  ('toxic', 0.7651966214179993), (('label_toxicity', 0.7651966214179993),)),
 ('"Tyhmä ei ole se joka pyytää, vaan se joka maksaa." I\'m not even mad.',
  ((0.009588993154466152, 'label_identity_attack'),
   (0.46869105100631714, 'label_insult'),
   (0.22359983623027802, 'label_obscene'),
   (0.005170440301299095, 'label_severe_toxicity'),
   (0.004227357916533947, 'label_threat'),
   (0.7651951313018799, 'label_toxicity')),
  ('toxic', 0.7651951313018799), (('label_toxicity', 0.7651951313018799),)),
 ('Ei mitään vissyjä tai vesiä väliin tulee vaan laskuhumala nopeammin. Sitten '
  'kun rönöliä ei enää laiteta pönttöön kuin höpinää tötteröön, alkaa '
  'valmistautuminen siihen että Koistinen on tulossa kylään. \n'
  '\n'
  'Poistu baarista noin 20 minuuttia ennen pilkkua niin vältät pahimmat '
  'ruuhkat siinä hiton hyvässä kebulassa tai nakkikiskalla. Baarista '
  'poistuessa varmistetaan että mahdollisilla kavereilla on yöpaikat ja että '
  'ne ei oo niin kännissä etteikö pääsis sinne omin avuin. Jos kaveri on niin '
  'taikinassa että se ei pääse kuin putkaan yöksi, kato sen perään ja raahaa '
  'mukanasi paikkaan mistä saa ruokaa(ja sohvalles kotiis sit sen jälkeen). '
  'Ruokapolitiikassa kannattaa noudattaa linjaa "mieluummin överit ku '
  'vajarit". Jos kämpillä ei oo jaffaa niin otat sitä ison pullon. Safkat '
  'muovipussiin/pitsalaatikkoon, katsot tiskin takana seisovaa Kemalia/Ritvaa '
  'silmiin ja huikkaat kiitokset ja yöt. \n'
  '\n'
  'Ja hei aina, aina takeawayta, vaikka olisi kuinka nälkä just nyt. Vaikka '
  'ootkin tosi joviaali jätkä ja kaikkea niin jos joku laskuhumalainen matalaa '
  'verensokeria poteva Jesse-Joakim Lippatukkanen tulee vittuilemaan niin '
  'saatat sanoa pahasti sen mutsista. Ei pitäis sanoa, Leena Lippatukkanen on '
  'kovia kokenut yh-mutsi joka on tehnyt paljon lastensa eteen. Eikä '
  'Jesse-Joakimkaan paha ole, vain vähän näköalaton ja paikkailee  huonoa '
  'itsetuntoa kun varhaisteininä tuli kiusatuksi tultuaan vähän köyhemmistä '
  'oloista. Mutta kun haet sen safkan vähän baarien sulkeutumista aikaisemmin '
  'niin ei tartte jonottaa pitsaa Jesse-Joakimin kanssa. Ei tuu nenä '
  'kipeeksi. \n'
  '\n'
  'Jalkaa toisen eteen ja kotio. Jos on oikeen rahoissaan niin taksillakin voi '
  'mennä. Mut varataan mieluummin niihin kertoihin kun sieltä baarista on '
  'isketty mukaan joku mirkku jonka peffaan haluat upottaa hampaasi mieluummin '
  'hetikohta. Kyllä terve mies jaksaa kännissäkin vähän kävellä. Ja hiljaa '
  'siellä rappukäytävässä, vastapäisen asunnon ukko on menossa aamuvuoroon. '
  'Ovesta sisään, turhat vaatteet veke ja kantamusten kanssa pöydän ääreen. '
  'Nauti hitaasti ja juo vähintään litra vettä safkan kanssa. Saat ottaa '
  'kanssa jaffaa, mutta se litra vettä pitää juoda. Jos ei jaksa syödä kaikkea '
  'niin sitten ei jaksa, mutta ihan turhaa on aamuksi mitään säästellä. \n'
  '\n'
  'Jos on nihkeä olo niin käy suihkussa, älä sammu lattiakaivon päälle tai '
  'sitten vituttaa sinua, taloyhtiön hallitusta, sun mutsia, alakerran '
  'naapuria, naapurin mutsia ja naapurin kissoja jotka joutuvat '
  'kosteusvaurioremontin takia muuttamaan. Kissat kiintyvät paikkaan. Ajattele '
  'kissoja. Kuse pönttöön, älä suihkuun. Aikunen mies hemmetti ei pitäis '
  'joutua huomauttamaan. Ja hampaat peset muuten kanssa, kurlaa sillä Lidlin '
  'Dentaluxilla. Taputa itseäsi olalle kun ostit sitä etkä Listerineä joka '
  'maksaa jotain kolme kertaa enemmän.\n'
  '\n'
  'Sälekaihtimet tahi verhot kiinni, et halua herätä kaheksalta siihen kun '
  'aamuaurinko paistaa just siihen spottiin sun naamaan. Ennenkö menet sänkyyn '
  'käyt vielä kaapista kaivamassa kuussatasen buranan niin onnistut ehkä '
  'itsesuggestion kautta välttämään jysärin aamulla. Ja se jaffa minkä ostit '
  'sieltä kebulasta/grilliltä? Kato että se on jääkaapissa tai lupaava '
  'krapula-aamu on pilalla. Pullollinen vettä tai tosi laimeaa mehua sängyn '
  'viereen.  Kello herättämään puoliltapäivin. Tää on tärkeetä. Jos heräät '
  'puol kolmelta iltapäivällä sulle tulee morkkis ja pidät itseäsi velttona '
  'nuorisoalkoholistina. Kaheltatoista saa kyllä viikonloppuaamuna herätä '
  'vielä ilman krapulaakin. Pöyhi vähän tyynyä ja sit unta palloon.\n'
  '\n'
  'Suussa maistuu paska vaikka purskuttelit illalla Dentaluxilla. Ulkona '
  'sataa. Puhelulogien mukaan et ole soittanut exälle yöllä. Laita '
  'whatsappissa viestiä kavereille ja kysy että millaset olot. Josko menis '
  'vaikka leffaan illalla. Leffat on kivoja. Sosiaalista mut ei tartte(saa) '
  'puhua kenenkään kanssa. Ui jumalauta, jääkaapissa on jaffaa. Kaada siihen '
  '0,33L kokislasiin minkä sait mäkkäristä joskus olympialaisten aikaan. Mene '
  'sohvalle mutta älä läikytä sitä jaffaa vaikka kädet vähän tärisisikin. Kone '
  'ja telkkari auki. Telkkarista ei tule mitään, mutta koneelta avaat '
  'netflixin ja katot luontodokkareita. Ota burana. \n'
  '\n'
  'Vähän huono olo, mut silti jotenkin perverssillä tavalla tekee mieli syödä '
  'vittu ihan kaikki. Pizzaonlinen kautta tilaat sen lätyn. Et ota '
  'rullakebabia kun et osaa saatana kuitenkaan syödä sitä sotkematta. Alkaa '
  'vaan vituttaa ja masentaa ihmisen elo täällä maan päällä kun on kastikkeet '
  'paidalla. Maksa kortilla tai tilisiirrolla, ei sulla oo kuitenkaan mitään '
  'käteistä. Helvetin noloa sitten sössöttää siinä ovella että ai eiks sulla '
  'ookkaan kortinlukijaa mukana. Kiitä pizzakuskia ja vedä ovi kiinni. Jatka '
  'luontodokkarien katselua, syö pitsaa. \n'
  '\n'
  'David Attenboroughilla on kyllä aika rauhoittava ääni. Sillä avaran luonnon '
  'sedällä oli kanssa. Leijonalauman vanhan uroksen syrjäyttää nuorempi uros. '
  'Kertoja toteaa että nuorempi uros tulee tappamaan vanhemman uroksen pennut. '
  'Kuivaa hihalla kostunutta oikeaa silmäkulmaa. Vitun leijonat. Keitä vähän '
  'kahvia niin leijonien aiheuttama mielipaha hälvenee. Juo kahvi terassilla '
  'ja polta yksi tupakka jos olo antaa myöten. Yritä olla miettimättä sitä '
  'miksi meni poikki exän kanssa tai sitä miksi on joskus aivan helvetin '
  'vaikeaa tehdä töitä tavoitteidensa eteen, ja vielä vaikeampaa kun niiden '
  'eteen ei tee töitä. Tumppaa tupakka ja kato onko tullut yhtään viestejä '
  'kännykkään. On tullu, fb:ssä ja whatsappissa. Toinen on youtubelinkki, joku '
  'autovideo. Et kato, sanot itelles että katot myöhemmin. Vastaat hymiöllä. '
  'Whatsappin puolella leffa-ajatus ei saanut vastakaikua, sen sijaan niillä '
  'kavereiksi miellettävillä ihmisillä ois kiinnostusta lähtä keilaamaan. '
  'Vähän hirvittää ajatuskin, mutta suostut. Ei tartte ees vaihtaa kollareita '
  'pois. Keilahallilla et osta kaljaa, ostat Pommacin. Olo on vähän '
  'epäsosiaalinen mutta et ole ainoa krapulainen. Väsynyttä naureskelua. Ei '
  'okseta, päänsärkyäkään ei ole. Selvisit. ',
  ((0.01010946650058031, 'label_identity_attack'),
   (0.2342654913663864, 'label_insult'), (0.42112839221954346, 'label_obscene'),
   (0.005686823278665543, 'label_severe_toxicity'),
   (0.006003499496728182, 'label_threat'),
   (0.7650426030158997, 'label_toxicity')),
  ('toxic', 0.7650426030158997), (('label_toxicity', 0.7650426030158997),)),
 ('Tällä hetkellä aika lailla päin vittua. Edit: Olin kirjoittamassa siitä '
  'miten tili näyttää miinusta ja pitäisi keksiä miten saisi maksettua '
  'bussilipun Jyväskylään. Lisäksi vaikka vanhemmat laittavat rahaa '
  'talvivaatteisiin yms niin ne menevät opintotuen perintään saati sitten '
  'ruokaan. Päivät menee sohvaa kuluttaen ja ulkona tarvitsee käydä kahdesti '
  'viikossa kun näkee terapeuttia tai jos kaapissa ei ole ruokaa. Vaihdossa '
  'oleva tyttöystävä suunnittelee että ei halua jatkaa enää viiden vuoden '
  'jälkeen. En tunne tästä kaupungista kuin yhden ihmisen ketä näkee aika '
  'harvoin, mutta sekin on lievästi ahdistavaa välillä. Ilmoittauduin '
  'masentuneille nuorille soveltuvalle kurssille, jotta tapaisin ihmisiä. '
  'Kurssia kohden oli siis kovat odotukset. Tämä kurssi sitten olikin jo '
  'täynnä ja minut siirrettiin toiselle vastaavalle kurssille jossa olen ainoa '
  'ja kurssin olisi tarkoitus alkaa ensi viikolla. Juuri kun olin aloittamassa '
  'tätä tekstiä niin minulle tuli soitto että kurssilla on ollut peruutus ja '
  'pääsen siihen ensimmäiseen ryhmään. On tämä kyllä melkoista vuoristorataa. '
  'Nyt vähän turhautunut ettei voinut luovuttaa kurssin suhteen ja masentua. '
  'Mutta ihan hyvin tässä taitaa kaikin puolin mennä, kunhan bussiliput saan '
  'jostain taiottua vielä.',
  ((0.005976439453661442, 'label_identity_attack'),
   (0.13701999187469482, 'label_insult'), (0.7011836767196655, 'label_obscene'),
   (0.007103750016540289, 'label_severe_toxicity'),
   (0.0032200573477894068, 'label_threat'),
   (0.7650048136711121, 'label_toxicity')),
  ('toxic', 0.7650048136711121), (('label_toxicity', 0.7650048136711121),))]
[('Yksi suurimmista lafkoista jenkeissä, Wicked Pictures on käyttänyt kaikissa '
  'leffoissaa kortsuja jo pitkään. Se taitaa kyllä olla ainoa. Tekee '
  'suurimmaksi osaksi suht vaniljaa parisuhde-pornoa. ',
  ((0.023027123883366585, 'label_identity_attack'),
   (0.20025762915611267, 'label_insult'), (0.631872296333313, 'label_obscene'),
   (0.007298696786165237, 'label_severe_toxicity'),
   (0.002674736548215151, 'label_threat'),
   (0.7648828029632568, 'label_toxicity')),
  ('clean', 0.7648828029632568), ()),
 ('"Ajatelkaa kuinka tyhmä keskiverto ihminen on ja tajutkaa, että 50% '
  'ihmisistä on vielä tyhmempiä." -George Carlin',
  ((0.016786960884928703, 'label_identity_attack'),
   (0.5639072060585022, 'label_insult'), (0.15266771614551544, 'label_obscene'),
   (0.005619266536086798, 'label_severe_toxicity'),
   (0.0039415801875293255, 'label_threat'),
   (0.7647971510887146, 'label_toxicity')),
  ('clean', 0.7647971510887146), ()),
 ('Tulikohan meiän kessulle sit tupla bonukset kun se juoksi molempien ryhmien '
  'mukana yli 3000m. Kävi vaan välissä oksentamassa ja kiskas röökin. Ihme '
  'äijä.',
  ((0.008377276360988617, 'label_identity_attack'),
   (0.3394976258277893, 'label_insult'), (0.38213348388671875, 'label_obscene'),
   (0.005490094423294067, 'label_severe_toxicity'),
   (0.0039776465855538845, 'label_threat'),
   (0.7647488117218018, 'label_toxicity')),
  ('clean', 0.7647488117218018), ()),
 ('Ilta-Yle taas vauhdissa.\n'
  '\n'
  'Kirjoittaisivat välillä vaikka siitä kuinka valtion budjetista elätettävä '
  'mediatalo suoltaa ulos samantasoista kommenttisorsattua paskaa kuin '
  'keltainen lehdistö.\n',
  ((0.006948291324079037, 'label_identity_attack'),
   (0.18508891761302948, 'label_insult'), (0.5317203998565674, 'label_obscene'),
   (0.006067012436687946, 'label_severe_toxicity'),
   (0.003970836289227009, 'label_threat'),
   (0.7647313475608826, 'label_toxicity')),
  ('clean', 0.7647313475608826), ()),
 ('Miksi leikkaaminen on ainoa vaihtoehto? Voi myös hamuta lisää tuloja, plus '
  'elvyttäminen on tehokkaampaa kuin paska ja toimimaton austerity. '
  'Erityisesti kun köyhimmiltä leikkaaminen vähentää suoraan '
  'päivittäiskauppaan ja -palveluihin menevää rahaa. \n'
  '\n'
  '* Pakkoruotsista luopuminen toisi säästöjä pitkällä aikavälillä.\n'
  '* Palauttaisin asteittain työnantajamaksut, mistä luovuttiin. \n'
  '* Syrjäseutujen ylläpitämisestä valtion rahoin voi luopua; kuolevat kunnat '
  'ansaitsevat saattohoitoa. \n'
  '* Alkaisin ajamaan läpi perustuloa ja samalla poistamaan kaikki muut tuet '
  'tarveharkintaista sosiaalitukea lukuunottamatta. \n'
  '* Yrittäjille sosiaaliturva samalla kun ylläolevaa valmistellaan ja '
  'tehdään. \n'
  '* Tempputyöllistäminen kirveen alle, se on vain rahan siirtämistä valtiolta '
  'kouluttajien taskuun. \n'
  '* Orjatyövoima eli työkokeilut suurimmaksi osaksi pois, samaa kuin yllä. \n'
  '* Vihannesten ALV alas, leivonnaisten, karkkien, sipsien ja valmisruuan '
  'ylös. \n'
  '* Tulovero ja osinkojen sekä muiden tulonlähteiden verotus samantasoiseksi '
  'ja progressiiviseksi - mitä väliä on saako tulot palkkana vai muualta? \n'
  '* Panostaisin talousrikollisuuden tutkintaan, se maksaa itsensä takaisin ja '
  'rankaisin verorikollisia rahallisesti ankarammin.\n'
  '* Niinikään ekstrahuomiota kuntien, kaupunkien ja valtion kilpailutuksiin, '
  'missä menee hyville veljille kalliita ja paskoja diilejä. (Köh Tieto '
  'köh.) \n'
  '* Lääkärien koulutusmäärät ylös, stoppi keikkalääkäriperseilylle ja '
  'terveydenhuollon yksityistämiselle -&gt; pitkän aikavälin säästöjä. \n'
  '* Ruotsin tyylinen eläkekatto.\n'
  '* Oisin valmis kokeilemaan uhkapelien ja alkoholin osittaista vapauttamista '
  'niin, että lisenssinhaltijan tms maksavat tiukkaa hintaa valtiolle -&gt; '
  'saisiko tällä korvattua Alkon ja Veikkauksen yms. Samalla valmistaisi '
  'infrastruktuuria mahdollista kannabislegalisaatiota varten, minkä suhteen '
  'olen neutraali.\n'
  '* Kasettimaksut ja muut vastaavat reliikit pois.   \n'
  '* Populistisena sivujuonteena sitoisin kansanedustajien palkan kansallisen '
  'keskipalkkaan + kulukorvaukset päälle kuitteja vastaan. \n'
  '* Toisena rahaan liittyvänä sivujuonteena asettaisin absoluuttisen '
  'kampanjakaton vaaleihin.\n'
  '* Ihan vaan vittuillakseni sitoisin valtionyhtiöiden johdon palkkiot '
  'yhtiöiden tulokseen, että pääsisi eroon perseilystä mitä mm. Finnairin '
  'johto on harrastanut. Ei oikeaa vaikutusta talouteen, mutta nauttisin kuin '
  'Lauri Tähkä.  \n'
  '\n'
  'Pakolaisjuttujen suhteen pitäisin kiintiön samana kuin nykyään, mutta '
  'joidenkin Finnfund-perseilyjen sijaan suuntaiisn rahaa pakolaisongelman '
  'alkulähteille. Kyse on yksinkertaisesta matematiikasta; samalla rahalla saa '
  'perustarpeet monelle pakolaiselle Lähi-Idässä vs yhdelle täällä. '
  'Korruptionvastaisia mekanismeja tulisi kehittää. \n'
  '\n'
  'Keskittäisin turvapaikat erityisesti vainottuihin yksilöihin, jotka ovat '
  'esim. uskonnollisen tai poliittisen vakaumuksen takia fundamentalistien '
  'tähtäimessä. Esimerkiksi joku syyrialainen homopari kaipaa ihan eri tavalla '
  'suojelua kuin Ahmed Keskinkertainen. \n'
  '\n'
  'Huomauttaisin myös, ettei koko EU:n laajuisessa lamassa voi nostaa vientiä '
  'leikkaamalla Suomessa, jos ette tahdo tuotantokustannuksia Kiinan tasolle. '
  'Mä en halua asua halpatuotantomaassa, haluatteko te? Jos valtio alkaa kusta '
  'tarpeeksi köyhimpien niskaan, itse ainakin otan exitin maahan missä tunnen '
  'veroeurojeni menevän parempaan käyttöön. Varsinkin sitten jos vaihtoehtona '
  'alkaa olla kalterien laittaminen omiin ikkunoihin Etelä-Afrikan malliin. ',
  ((0.008435103110969067, 'label_identity_attack'),
   (0.2059718519449234, 'label_insult'), (0.583207905292511, 'label_obscene'),
   (0.006052178796380758, 'label_severe_toxicity'),
   (0.004638971760869026, 'label_threat'),
   (0.7647260427474976, 'label_toxicity')),
  ('clean', 0.7647260427474976), ()),
 ('On muuten helvetin hieno. Siinä on ollut työtä.',
  ((0.0056205508299171925, 'label_identity_attack'),
   (0.09938059747219086, 'label_insult'), (0.6576724052429199, 'label_obscene'),
   (0.009153987281024456, 'label_severe_toxicity'),
   (0.00584587175399065, 'label_threat'),
   (0.764664351940155, 'label_toxicity')),
  ('clean', 0.764664351940155), ()),
 ('Tuo on ihan kämppäni nurkalla, enkä mielelläni pasko sinne missä syön.',
  ((0.0059709856286644936, 'label_identity_attack'),
   (0.14507964253425598, 'label_insult'), (0.4963037967681885, 'label_obscene'),
   (0.0065092723816633224, 'label_severe_toxicity'),
   (0.006840644404292107, 'label_threat'),
   (0.7646185755729675, 'label_toxicity')),
  ('clean', 0.7646185755729675), ()),
 ('Tällä hetkellä tuijottelen mitä '
  '[BABA:lle](https://www.google.com/finance?q=NYSE%3ABABA) käy kun kauppa '
  'aukeaa. Ja lipsuttelen kaljaa, koira on tylsistynyt. Paskiainen, just '
  'käytiin juoksentelemassa pellolla.',
  ((0.010226941667497158, 'label_identity_attack'),
   (0.27459460496902466, 'label_insult'), (0.5482173562049866, 'label_obscene'),
   (0.005664251744747162, 'label_severe_toxicity'),
   (0.003190134884789586, 'label_threat'),
   (0.7646060585975647, 'label_toxicity')),
  ('clean', 0.7646060585975647), ()),
 ('Nyt ne lisäsi sinne väliin "torjunnan"\n^Ovelat ^paskiaiset ^:D',
  ((0.012556083500385284, 'label_identity_attack'),
   (0.544048011302948, 'label_insult'), (0.5191367268562317, 'label_obscene'),
   (0.006652414798736572, 'label_severe_toxicity'),
   (0.0026397891342639923, 'label_threat'),
   (0.7645885348320007, 'label_toxicity')),
  ('clean', 0.7645885348320007), ()),
 ('Kommenteissa:\n'
  '"Ei tuo kuitenkaan tunnu kovin pitkälle päässeen elämässä huolimatta '
  'ylivertaisista manipulaattorin kyvyistään..."\n'
  '\n'
  'Aika usein nää ns. narsistit onkin just jotain luusereita jotka eivät pysty '
  'elättämään itseään paitsi pikkurikoksilla tai vastaavilla. Saa olla päässä '
  'jotain vialla muutenkin jos kokee että olis ylpeyden aihe että huoraa '
  'itseään henkisesti vastakkaiselle sukupuolelle päästäkseen etelän lomille '
  'yms.\n'
  'Ennenvanhaan tuollaisia ihmisiä kai kutsuttiin ihan luusereiksi ja '
  'kusipäiksi.',
  ((0.01704256981611252, 'label_identity_attack'),
   (0.46605852246284485, 'label_insult'), (0.3994353711605072, 'label_obscene'),
   (0.005160890985280275, 'label_severe_toxicity'),
   (0.0030019329860806465, 'label_threat'),
   (0.7645107507705688, 'label_toxicity')),
  ('clean', 0.7645107507705688), ()),
 ('Huh, ajattelin vaan mainita jonkun melko satunnaisen semi-klassikon koska '
  'halusin leikkiä uniikkia vitun lumihiutaletta. Kiva nähdä että sille löytyy '
  'rakkautta! :D\n'
  '\n'
  'Asiallinen peli kyllä kaikin puolin. Ja ilman nostalgiaakin. Ostin '
  'ensimmäistä kertaa sen noin vuosi sitten. Laadukasta tavaraa! Viime aikoina '
  'kutkuttanut aika paljon nämä puoli-open-world NES-pelit jotka Zeldaa ja '
  'Metroidia kopioi aikoinaan. Hauska pikku alagenre. Battle of Olympus, '
  'Blaster Master jne.',
  ((0.007338118273764849, 'label_identity_attack'),
   (0.13809095323085785, 'label_insult'), (0.69297194480896, 'label_obscene'),
   (0.007104977499693632, 'label_severe_toxicity'),
   (0.0033808208536356688, 'label_threat'),
   (0.7644615769386292, 'label_toxicity')),
  ('clean', 0.7644615769386292), ()),
 ('Mies veti toista turpaan. Mitäs sitten?',
  ((0.004523578565567732, 'label_identity_attack'),
   (0.18421338498592377, 'label_insult'), (0.609362006187439, 'label_obscene'),
   (0.00705660181120038, 'label_severe_toxicity'),
   (0.004236573353409767, 'label_threat'),
   (0.7644598484039307, 'label_toxicity')),
  ('clean', 0.7644598484039307), ()),
 ('Tällaiset työryhmät ovat viime aikoina suoltaneet toinen toistaan '
  'karmeampia ehdotuksia. Suomessa paskaa fiilistä viljelee lähinnä eliitin '
  'erkaantuminen kansalaisten arjesta.',
  ((0.013863935135304928, 'label_identity_attack'),
   (0.22763429582118988, 'label_insult'), (0.554972231388092, 'label_obscene'),
   (0.005498426966369152, 'label_severe_toxicity'),
   (0.004773248918354511, 'label_threat'),
   (0.7643358111381531, 'label_toxicity')),
  ('clean', 0.7643358111381531), ()),
 ('Järjestän sitte perkele :D',
  ((0.00469958083704114, 'label_identity_attack'),
   (0.0900762528181076, 'label_insult'), (0.6312118768692017, 'label_obscene'),
   (0.009725705720484257, 'label_severe_toxicity'),
   (0.011705017648637295, 'label_threat'),
   (0.7642500996589661, 'label_toxicity')),
  ('clean', 0.7642500996589661), ()),
 ('Kuten sanoin, useimmat eivät jaksa tehdä töitä sen eteen ja tyytyvät '
  'paskaduuniin.',
  ((0.006487900856882334, 'label_identity_attack'),
   (0.22230127453804016, 'label_insult'), (0.6136859059333801, 'label_obscene'),
   (0.00632404163479805, 'label_severe_toxicity'),
   (0.0035816007293760777, 'label_threat'),
   (0.7642180323600769, 'label_toxicity')),
  ('clean', 0.7642180323600769), ()),
 ('Jaa tarjoat kaljaa vai? ',
  ((0.008510208688676357, 'label_identity_attack'),
   (0.15360593795776367, 'label_insult'), (0.5102208852767944, 'label_obscene'),
   (0.006229130085557699, 'label_severe_toxicity'),
   (0.005288816522806883, 'label_threat'),
   (0.7641856670379639, 'label_toxicity')),
  ('clean', 0.7641856670379639), ()),
 ('mamukuiskaaja?',
  ((0.754900336265564, 'label_identity_attack'),
   (0.4473399519920349, 'label_insult'), (0.22290535271167755, 'label_obscene'),
   (0.014164308086037636, 'label_severe_toxicity'),
   (0.006665921304374933, 'label_threat'),
   (0.7641592025756836, 'label_toxicity')),
  ('clean', 0.7641592025756836), ()),
 ('Kävin Lapinjärvellä, voin vahvistaa vaikka/koska en muista paskaakaan koko '
  'kuukaudesta.',
  ((0.00461513502523303, 'label_identity_attack'),
   (0.11152242869138718, 'label_insult'), (0.6828344464302063, 'label_obscene'),
   (0.007859759032726288, 'label_severe_toxicity'),
   (0.004957776051014662, 'label_threat'),
   (0.7640978693962097, 'label_toxicity')),
  ('clean', 0.7640978693962097), ()),
 ('Hyi helvetti tuota argumenttipankkia. Oksennuksenmaku suussa yritin pari '
  'sivua lukea mutta ei vaan pysty. Jotenkin haisee aika kauas tuon tasoinen '
  'omien kannattajien aliarviointi. Kukapa haluaisi faktaa muodostaakseen oman '
  'mielipiteensä jos voi lusikoida aivoonsa kätevästi valmiiksimärehdittyä ja '
  'kertaalleenpureskeltua hassunhauskaa soundbite-scheissea.',
  ((0.008505960926413536, 'label_identity_attack'),
   (0.16872882843017578, 'label_insult'), (0.5414259433746338, 'label_obscene'),
   (0.006780895404517651, 'label_severe_toxicity'),
   (0.005724845454096794, 'label_threat'),
   (0.764045000076294, 'label_toxicity')),
  ('clean', 0.764045000076294), ()),
 ('Olisipa hauska nähdä putin-nuorten reaktiot jonkun Saksalaisen suoltaessa '
  'vastaavaa paskaa.\n'
  '\n'
  'Kiva juttu että näitä löytyy rajan takaa.',
  ((0.009313919581472874, 'label_identity_attack'),
   (0.1805994212627411, 'label_insult'), (0.5925447940826416, 'label_obscene'),
   (0.006139954552054405, 'label_severe_toxicity'),
   (0.0043099625036120415, 'label_threat'),
   (0.7639833092689514, 'label_toxicity')),
  ('clean', 0.7639833092689514), ())]
CLEAN
[('&gt; Uskoisin monen maahanmuuttajan haluavan integroitua muutettavaan '
  'yhteiskuntaan. Maahanmuuttajien näkemyksistä on luultavasti tehty '
  'tutkimuksia. Pikaisella googlauksella löytyi ainakin tällainen "How '
  'immigrants experience integration" (2012), jossa todetaan seuraavasti: \n'
  '\n'
  'Tämä on ilmeisesti kulttuuritaustasta riippuvainen asia, on helpompaa '
  'kotoutua maahan jos muuttaa esim. Euroopasta verrattuna tilanteeseen, jossa '
  'tulija tulee vaikkapa Afrikasta. Se, miten tämä eroavaisuus johtuu esim. '
  'lähtökulttuurista ja toisaalta kohdemaassa koetusta kohtelusta (lue: esim. '
  'rasismista) on taas oma kysymyksensä. Käsitykseni mukaan esim. nimenomaan '
  'somalit ja kurdit edustavat sitä porukkaa, jotka tarvitsevat enemmän a) '
  'tukea kotoutumiselle b) aktiivista osallistumista yhteiskunnalliseen '
  'toimintaan onnistuneen kotoutumisen aikaansaamiseksi. \n'
  '\n'
  '&gt; Se, miten omasta kulttuurista "luopuminen" on suotavaa, on '
  'monimutkaisempi kysymys. \n'
  '\n'
  'Ei se ole monimutkaista ollenkaan siinä tilanteessa, jossa lähtökulttuuri '
  'pistää napit vastakkain kohdemaan kulttuurin kanssa. Esimerkkinä vaikkapa '
  'naisten tai seksuaalivähemistöjen asema ja kohtelu, tai ääriesimerkkinä '
  'Sharia-lain kannattaminen. Toisaalta, kyllähän monimuotoisuus ja erilaisuus '
  'tuo/luo arvoa ja rikkautta, mutta jossain menee se raja, kun liiallisesta '
  'sotkemisesta ja yhdistämisestä kulttuurierot sumentuvat ja seurauksena on '
  'yhtä harmaata massaa. Tämä ei toki ole käytännönläheinen tai '
  'merkityksellinen pointti nykytilanteessa, mutta enemmänkin '
  'teoreettinen/filosofinen vasta-argumentti sille, että kaikenlainen '
  'yhdistely ja sekoittaminen olisi silkkaa rikkautta aina ja kaikissa '
  'tapauksissa.\n'
  '\n'
  '&gt; Ns. elintasopakolaisuus on luultavasti hyvin vähäistä. Vai onko '
  'sinulla siitä tutkimuksia?\n'
  '\n'
  'Viittaan tuolla sanalla sellaiseen maahanmuuttoon jonka motiivina on '
  'parempi elintaaso, toisinsanoen se, että lähdetään hakemaan parempaa elämää '
  'toisesta maasta, koska kotimaassa elintaso on heikompi mitä toivotaan '
  'vieraassa maassa olevan. Tämän mukaan siis laajasti tulkittuna lähestulkoon '
  'kaikki ei-humanitaarinen maahanmuutto olisi elintasopakolaisuutta. Se ei '
  'siis varsinaisesti (välttämättä) liity siihen, että oltaisiin pakolaisia, '
  'vaan enemmänkin siihen, että ruoho aidan toisella puolen on vihreämpää, '
  'joten mennään laiduntamaan sinne. Ääritapauksessa "ruoholla" '
  'tarkoitettaisiin esim. sosiaaliturvaa, jonka toivossa pyritään '
  'pohjoismaisen hyvinvointiyhteiskunnan sosiaaliturvan piiriin. Minulla on se '
  'käsitys, että maahanmuuttohakemuksien määrä on ollut jossain suhteessa '
  'esim. nimenomaan sosiaaliturvan määrään. Toki korrelaatio itsessään ei '
  'näytä kausaalisuutta.\n'
  '\n'
  '(En kykene juurikaan kaivelemaan mitään tilastoja tai muitakaan käytössä '
  'olevasta tietokoneesta johtuen; giga muistia ja Firefox johtaa jo yhden '
  'PDF:n avaamisen seurauksena armottomaan swappaamiseen, eikä kahden megan '
  '3G-yhteys toki auta asiaa. Tästä johtuen koitankin painottaa sitä omaa '
  'nykyistä käsitystäni, joten suolan kera kaikki.)',
  ((0.0009127915254794061, 'label_identity_attack'),
   (0.0007395856082439423, 'label_insult'),
   (0.0010135212214663625, 'label_obscene'),
   (0.0008487832965329289, 'label_severe_toxicity'),
   (0.0007963856915012002, 'label_threat'),
   (0.00152980734128505, 'label_toxicity')),
  ('clean', 0.00152980734128505), ()),
 ('"Vastike kyllä nousee, mutta vuokranantajalla ei ole mahdollisuutta siirtää '
  'sitä vuokraan koska muuten vuokralainen muuttaa pois."\n'
  '\n'
  'En itse usko, että tämä on näin yksinkertaista käytännössä. Väljällä '
  'alueella, jossa maa on edullista ja asuntoja on paljon tyhjänä tilanne voi '
  'olla tuo: omistajat voidaan pakottaa maksamaan kasvava osa kuluista, kunnes '
  'heidän on pakko myydä täysin tuottamaton sijoitus. \n'
  '\n'
  'Tontista peritään jo nyt veroa ja se nousee jatkuvasti ja ainakin itse '
  'siirrän kaikki nostot vuokriin. Yleensäottaen sellainen 3-5% vuodessa on '
  'keskimäärin kattanut veroista johtuneet nousut kustannuksissa (tämä '
  'tietysti riippuu taloyhtiöstä, nyt yhdessä nousi vastike 4.2%, vuokra '
  'nousee n. 3.0%). \n'
  '\n'
  'Sitten 2008 ei palkoista johtuvia korotuksia ei ole entiseen tapaan '
  'aiheutunut. Tämä tietysti tarkoittaa sitä, että vuokraajalle jää vähemmän '
  'käteen asumisen jälkeen, koska hänen palkkansa ei ole noussut, mutta verot '
  'pitää kuitenkin maksaa. Tilat ovat tietysti kysytyillä alueilla. '
  'Vuokralaiset eivät myöskään ole häipyneet sillä vuokrataso on '
  'kilpailukykyinen. Uudemmat kohteet, jotka on rakennettu tiheämpään '
  'pärjäävät pienemmällä verorasituksella, mutta ovat rakennuskustannuksiltaan '
  'merkittävästi korkeampia. Tässä hieman tietoa: '
  'http://www.taloyhtio.net/talous/taloustiedotteet/48851.aspx Huomaa, että '
  'vaikka palkat lähes junnaavat paikallaan niin kustannustaso nousee silti '
  'mm. verotuksen vuoksi.\n'
  '\n'
  'On tietysti oleellista, että vuokrat nousevat samaa tahtia, jos itse nostan '
  '7% ja muut vain 2%, niin silloin on vaara että vuokralainen lähtee '
  'lipettiin. Kun kaikki nostellaan sopivan indeksin mukaan, niin ei synny '
  'turhaa kuohuntaa. Omistaja ei kuitenkaan tingi tuotosta ennenkuin '
  'äärimmäisen pakon edessä, joten vuokratarkistuksia ei ole jäädytetty. '
  'Vuokralaiselle on paras, jos löytää laiskan vuokraisännän, joka ei edes '
  'sovi tarkistuksista. Tietysti joku vuosi hän voi sitten ehdottaa lain '
  'sallimaa maksimi 15% ottaakseen tappion kiinni. Toisaalta tässä tilanteessa '
  'moni sitten lähtee, kun korotus on kerralla noin suuri ja kilpailevilla '
  'kohteilla tälläistä korotusta ei ole samaan aikaan.\n'
  '\n'
  'Asumistuella elävät vastuulliset vuokralaiset ovat parhaita, sillä he '
  'saavat kuitenkin 80% vuokrastaan valtiolta. Heihin kohdistuu vuokran '
  'korotuksestakin vain 20%, joten se ei monia edes juuri kiinnosta. Ihmiset '
  'eivät tykkää jatkuvasta muuttamisesta - he haluavat olla kodissaan.\n'
  '\n'
  'Tämän vuoksi uskon, että ainakin kysytyillä alueilla kulujen nousu '
  'maapohjasta voidaan siirtää vuokriin. Kuiva teoria voi tietysti sanoa '
  'toisin ja ehkä systeemi voikin valtakunnallisella tasolla toimia kuten '
  'kuvailit. En usko, että se on kuitenkaan mikään taikaratkaisu esimerkiksi '
  'Helsingin vuokratasoon.',
  ((0.0008690414251759648, 'label_identity_attack'),
   (0.0007141518290154636, 'label_insult'),
   (0.000988781568594277, 'label_obscene'),
   (0.0008065450820140541, 'label_severe_toxicity'),
   (0.000753423199057579, 'label_threat'),
   (0.0015297702047973871, 'label_toxicity')),
  ('clean', 0.0015297702047973871), ()),
 ('Voisin tätä vähän kommentoida, ns. kuvataiteilijana.\n'
  '\n'
  'Taiteilijoille suunniteltu korvaus työstään tulee taidemuseon kautta eikä '
  'siinä siis tarvitse pelätä, että verorahat lähtevät näille '
  '/r/delusionalartists tyyppisille tai edes niistä vähän taitavimmille. '
  'Taidemuseon näyttelyyn pääsee ainoastaan "oikeat taiteilijat". Voitte olla '
  'eri mieltä museon valinnoista, mutta onhan siellä kuitenkin alalle '
  'koulutetut ihmiset tekemässä taidevalintoja. En minäkään kannata, että '
  'palkkaa aletaan jokaiselle kuvataiteilija-nimikkeen hankkineelle jakamaan. '
  'Kuvataiteilijoita on myös itseoppineita, joilta virallinen koulutuspaperi '
  'alalta puuttuu. Tämä suunniteltu museopalkka ei elätä kuvataiteilijaa. '
  'Siinä saa ainoastaan korvauksen siitä työstä, minkä on tehnyt taidemuseossa '
  '(oman työn ripustus). Uutisessakin luki, et alimmillaan yksi taiteilija sai '
  'vain 250e korvauksen työstään. Eihän sillä elä.\n'
  '\n'
  'Taiteen ostamisesta. Nykytaide on usein sellaista, ettei se varsinaisesti '
  'kuluttajan kodille (tai lompakolle) ole sopiva - ja vaikka olisi, ihmiset '
  'nykyään hyvin nuivasti ostavat taidetta. Taiteen ostaminen ei tuo '
  'samanlaista ostamisen tyydytystä kuin toisen, konkreettisemman asian '
  'ostaminen (uusi tv, kännykkä, pelit) eikä sen pidempiaikaista iloa ja '
  'hyötyä nähdä (on toki muitakin syitä, miksi taide ei myy). Moni taiteilija '
  'myy julisteita, kortteja yms. sälää, mutta kaikki mikä hinnaltaan ylittää '
  '10e ei mene kaupaksi helpolla. Siinä tulee joku reaktio "Onko tämä nyt '
  'hintansa väärti?". Taidefrafiikka myy suhteellisen hyvin, koska niitä voi '
  'painaa monta samanlaista ja myydä alhaisemmalla hinnalla kuin vaikkapa '
  'maalausta. Suurimmaksi osaksi taidetta ostaa säätiöt ja valtio (esim. '
  'julkisiin tiloihin) kokoelmiinsa. Ostot koskee kuitenkin hyvin '
  'marginaalista osaa taiteilijoista.\n'
  '\n'
  '"Oikeaksi taiteilijaksi" tuleminen on myös melkoinen noidankehäruljanssi. '
  'On pidettävä yksityisnäyttelyitä ennen kuin voi saada apurahoja tai että '
  'valtio/säätiö haluaa taiteilijalta jotain ostaa tai tuoda näyttelyynsä. '
  'Yksityisnäyttely maksaa helposti 1000e ylöspäin kaikkine kuluineen: "En voi '
  'pitää näyttelyä ilman apurahaa, en saa apurahaa ilman näyttelyä". Näitä '
  'omakustanteisia näyttelyitä on lisäksi pidettävä useampi, mielellään '
  'tasaisin väliajoin, jotta oma nimi ei piireissä ehdi unohtua. Jos '
  'yksityisnäyttelyn yhteydessä onnistuu töitään myymään, galleria vetää '
  'välistä keskimäärin 25% (sen lisäksi että taiteilija jo maksaa '
  'vuokraamastaan tilasta). \n'
  '\n'
  'Taiteilijaseuraan on hyvä liittyä, se näyttää näyttelyiden lisäksi hyvältä '
  'CV:ssä ja lisää mahdollisuuksia saada apurahaa. Seuran jäsenyys maksaa. '
  'Seuraan ei pääse ennen kuin on näyttöä taiteilijuudesta (pidetyt näyttelyt, '
  'saadut apurahat) eli taas: "En voi liittyä taideseuraan ilman näyttöä '
  'saaduista apurahoista, en saa apurahaa ilman taideseuran jäsenyyttä".\n'
  '\n'
  'Homma ei ihan näin mustavalkoinen tietenkään ole.\n'
  '\n'
  'Taiteilija toki tietää tämän kaiken ryhtyessään taiteilijaksi. Olisi '
  'kuitenkin *ihan kiva* jos työn tekeminen ei ihan näin hankalaa ole. '
  'Taiteilijuus on myös enemmän juurikin näitä kutsumusammatteja. Jos oikeasti '
  'haluaa tehdä töitä taiteilijana niin silloin tekee, kaikista vaikeuksista '
  'huolimatta. Siitä on pakko olla intohimonen eikä se saa tuntua '
  'varsinaisesti työltä. Ei siinä muuten pärjää.\n'
  '\n'
  '\n'
  '\n',
  ((0.0009251618175767362, 'label_identity_attack'),
   (0.0007435926818288863, 'label_insult'),
   (0.0010221555130556226, 'label_obscene'),
   (0.00085973902605474, 'label_severe_toxicity'),
   (0.000801479269284755, 'label_threat'),
   (0.0015293173491954803, 'label_toxicity')),
  ('clean', 0.0015293173491954803), ()),
 ('Totta, hyvä kirjoitus! Ja kyllä, Patomäki ja sinä ymmärrette '
  '(ymmärtääkseni) tämän eri tavalla. \n'
  '\n'
  '&gt;Investoinnit pitää tehsä yrityksiin, jotka luovat tuotteita ja '
  'palveluita erityisesti vientiin.\n'
  '\n'
  'Patomäki viittaa tässä julkisiin investoihin, joita hän laittaa seuraavasti '
  'tärkeysjärjestykseen: \n'
  '\n'
  '"Julkiset investoinnit pitää suunnata ennen muuta\n'
  '\n'
  '1. koulutukseen ja uuden oppimiseen,\n'
  '2. perusrakenteisiin, \n'
  '3. valikoitujen olemassa olevien teollisuuden alojen tukemiseen ja '
  'kehittämiseen, ja\n'
  '4. riskisijoituksiin uusiin yrityksiin ja osuuskuntiin nousevilla '
  'alueilla."\n'
  '\n'
  'Mitä tulee väittämääsi siitä, että valtio ei voi tuottaa mitään uutta '
  '(myytti), niin lue seuraava kohta uudestaan:\n'
  '\n'
  '&gt;Mariana Mazzucato on esittänyt laajaa huomiota herättäneessä uudessa '
  'kirjassaan The Entrepreneurial State. Debunking Public vs. Private Sector '
  'Myths (2014), että jopa Yhdysvalloissa valtio on aktiivisesti osallistunut '
  'uusien teollisuuden alojen ja menestystuotteiden luomiseen lentokoneista ja '
  'lääkeuutuuksista aina IPhoneen saakka. Valtio ei sunkaan ole ollut vain '
  'markkinavirheiden korjaaja tai edes pelkkä innovaatioiden edellytysten '
  'luoja, vaan julkisvalta on itse aktiivisesti ottanut taloudellisia riskejä, '
  'osallistunut kehittämistoimintaan ja muokannut tulevaisuuden markkinoita. '
  'Usein menee 15-20 vuotta ennen kuin yrittäjät tai kapitalistit toden teolla '
  'kiinnostuvat alasta. Valtio voi siis itse olla schumpeterilainen yrittäjä. '
  'Olennaista on osaako julkisvalta tukea uuden syntymistä ja oppimista, vai '
  'lähteekö se puolustamaan jo laskussa olevia teollisuuden aloja yhtiöiden '
  'ehdoilla?\n'
  '\n'
  'Peruste siitä, miksi valtion ei kannata luottaa täysin yksityisen sektorin '
  'voimaan "luoda uutta" tulee tässä:\n'
  '\n'
  '&gt;"Sosialisoidut riskit ovat aivan liian usein päätyneet tukemaan '
  'yksityisiä voittoja ja – mikä vielä pahempaa – varallisuuden kasautumista '
  'harvoihin käsiin, varsinkin viime vuosikymmenten aikana."\n'
  '\n'
  'Eli esim. yritystuet voivat mennä vain ylipalkattujen toimitusjohtajien ja '
  'suursijoittajien käsiin. Ne eivät hyödytä yhteiskuntaa, vaan hyödyttävät '
  'vain yksittäisiä toimijoita. Esimerkiksi tuetut yritykset käyttävät '
  'veroparatiiseja.\n'
  '\n'
  '&gt;vasemmisto demonisoi yrittämistä ja yrittäjiä järjestään.\n'
  '\n'
  'Mielestäni tämä on kärjistys ja ei pidä paikkaansa. Tuskin tarvitsee edes '
  'perustella.',
  ((0.0009164254879578948, 'label_identity_attack'),
   (0.0007408303208649158, 'label_insult'),
   (0.0010072264121845365, 'label_obscene'),
   (0.000856888887938112, 'label_severe_toxicity'),
   (0.0007991136517375708, 'label_threat'),
   (0.0015292795142158866, 'label_toxicity')),
  ('clean', 0.0015292795142158866), ()),
 ('&gt;Ihmiset väittävät havaitsevansa sähkömagneettisia kenttiä hyvin '
  'nopeasti. Tästä huolimatta he eivät tuplasokko-kokeissa havaitse näitä '
  'kenttiä oikeasti.\n'
  '\n'
  'Ainoastaan he, jotka väittävät altistuneensa pahasti "sähkölle" tai '
  '"säteilylle". Tuplasokko-kokeissa on testattu yleensä vain lyhytkestoista '
  'sähkömagneettista säteilyä kännykkätaajuuksilla ja niihin reagointi '
  'tietoisella tasolla näyttää satunnaiselta tai huonommalta. Sähkökenttiä ja '
  'magneettikenttiä välillä 50 Hz - 30 MHz ei yleensä olla testattu '
  '"sähköherkkyyden" yhteydessä ja esim. useamman päivän kestäviä altistuksia '
  'ei ole tullut vastaan netissä missään.\n'
  '\n'
  '&gt;On periaatteessa mahdollista, että on olemassa jonkinlainen joukko '
  'aidosti sähkömagneettisia kenttiä huomaavia ihmisiä, mutta käytännössä '
  'sellaista ei ole yksilöity\n'
  '\n'
  'Yksittäistapauksia on testattu, mutta ainakaan lyhytkestoisessa '
  'altistuksessa tulokset eivät ole olleet kovinkaan järkeviä. Tulokset '
  'liikkuvat linjalla "huonompi tunnistus kuin satunnainen" ja "jonkin verran '
  'tilastollisesti merkittävä". Voisin kuvitella, että asian tutkiminen on jo '
  'koejärjestelyjen puolesta erittäin haastava, ja asiasta tekee '
  'mielenkiintoisen se, miten suuri hajonta noissa kokeissa näyttää olevan, '
  'mihin Röösli viittaa ja hänen viitteensä viittaavat. Epämääräinen ongelma, '
  'epämääräiset tutkimukset ja epämääräiset tulokset, ei vaikuta kauhean '
  'rohkaisevalta.\n'
  '\n'
  '&gt;Biofyysisiä eli kansanomaisemmin "todellisia" efektejä ei voi '
  'nykytutkimuksen valosssa erottaa nocebosta eli ihmisten kuvittelemasta '
  'negatiivisesta efektistä.\n'
  '\n'
  'Heikolta näyttää. Siinä vaiheessa, kun ihminen on syystä tai toisesta '
  'sairas ja voi huonosti, niin psykologinen komponentti tulee joka '
  'tapauksessa erittäin vahvaksi. Tässä vaiheessa on mahdotonta odottaa '
  'moneltakaan potilaalta mitään objektiivista analyysiä tilastaan. Vaikka '
  'oireet olisivat alunperin olleetkin sähkölaitteesta, niin siinä vaiheessa, '
  'kun olo on hirveä ja on vakuuttunut asiasta laidasta, niin on aika '
  'mahdotonta kuvitella, että potilas suhtautuisi mitenkään järkevästi oireen '
  'kuviteltuun lähteeseen (vaikka se olisi jossain määrin todellistakin).\n'
  '\n'
  '&gt;Rööslin muihin tutkimusten kokooma siis kertoo seuraavat fakta, joita '
  'voinee pitää tieteellisenä konsensuksena aiheesta\n'
  '\n'
  'Huuhaata tai ei, niin huomionarvoinen seikka lienee myös se, että näitä '
  'tutkimuksia on hyvin vähän ja tutkijoitakin on harvassa. Jos rupeaa '
  'seuraamaan Rööslin viitteitä, niin hyvin äkkiä ne rupeavat kiertämään '
  'kehää. Sairasen on hiukan vaarallista puhua tieteellisestä konsensuksesta '
  'aiheesta, jossa on näin vähän vakavasti julkaistua tutkimusta, ja muutamat '
  'selvät tutkimusryhmät ovat vastuussa suurimmasta osasta materiaalia.',
  ((0.0009835626697167754, 'label_identity_attack'),
   (0.000784662610385567, 'label_insult'),
   (0.001053661573678255, 'label_obscene'),
   (0.0009289516601711512, 'label_severe_toxicity'),
   (0.0008573653758503497, 'label_threat'),
   (0.0015291135059669614, 'label_toxicity')),
  ('clean', 0.0015291135059669614), ()),
 ('Tässä ohjelmassa on monta ylevää kohtaa, mutta monen toteutus on täysin '
  'auki. Jotkut kohdat ovat ihan selviä, kuten oppivelvollisuuden muutokset '
  'jne. mutta isommista kuvioista puhutaan aivan ylimalkaisesti ja näistä '
  'monesta tulee vielä lihava riita. Puhutaan esim. kolmikannoista ja ties '
  'mistä yhteistyöelimistä jne. mutta todellisuudessa nämä tulevat tappelemaan '
  'verissä päin.\n'
  '\n'
  'Otin tähän joitakin kohtia markkinoiden kehittämiseen liittyvästä osasta: \n'
  '\n'
  '&gt;2.2 Puretaan kaavoitukseen liittyviä kaupan kilpailun esteitä eheää\n'
  'yhdyskuntarakennetta vaarantamatta.(YM)\n'
  '\n'
  'Mitä tämäkin muka tarkoittaa? Monet kunnallispoliitikot ja kaupan edustajat '
  'eivät tule hyväksymään K:n  ja S:n kartellin tukijalan nakertamista ilman '
  'kovaa taistelua.\n'
  '\n'
  '&gt;2.3 Lisätään rakentamisen kilpailua purkamallamarkkinoille pääsyn '
  'esteitä. Vähennetään rakentamisen sääntelyä rakentamisen laatua '
  'heikentämättä meneillään olevan rakentamismääräysten uudistamisen '
  'yhteydessä.(YM)\n'
  '\n'
  'Rakentamisen laatu on hupaisa vitsi. Ei niitä määräyksiä nytkään '
  'noudateta.\n'
  '\n'
  '&gt;2.4 Terveen kilpailun ohjelman linjaustenmukaisesti valmistellaan '
  'ehdotukset sääntelyn vähentämiseksi eri aloilla, kuten vähittäiskaupassa, '
  'lääkehuoltojärjestelmässä ja energia‐alalla, joissa sääntely rajoittaa '
  'kilpailua. (TEM, STM, LVM, YM)\n'
  '\n'
  'Eli Suomeksi ne aikova avata ties mitä suljettuja piirejä avoimelle '
  'kilpailulle. Saas nähdä, miten esim. sähköverkkojen ja apteekkien kanssa '
  'käy. \n'
  '\n'
  '&gt;2.6 Valmistellaan toimenpidekokonaisuus, jolla vahvistetaan teollisen '
  'tuotannon perustaa. Tämän tavoitteen tukemiseksi hallitus on sitoutunut '
  'päätöksissään loppuvaalikauden aikana välttämään teollisuudelle aiheutuvien '
  'kustannusten tai sääntelytaakan lisäämistä. (TEM)\n'
  '\n'
  'Eli pyritään olemaan *lisäämättä* teollisuuden sääntelytaakkaa? Entä se '
  'nykyisen sääntelyn ja byrokratian purkaminen? \n'
  '\n'
  '    \n'
  '\n'
  'Yksi kaikkein masentavimmista kohdista on TE-keskus - KELA -kombinaatin '
  'pomputusvallan lisääminen ja höpötykset vajaakuntoisten käyttämisestä '
  'julkisissa töissä. En tajua, miten tämä tulee lisäämään kestävää '
  'työllistymistä ja "ansiokehitystä". Monelle pientuloiselle on nykyään '
  '"positiivinen ansiokehitys" sitä, että duuni säilyy alla ja palkka ei '
  'laske. Aivan absurdia puhua ansiokehityksestä jonain kattavana '
  'periaatteena. Isolla osalla suomalaisista ei ole mitään uraa, missä voisi '
  'tapahtua tätä ansiokehitystä.\n'
  '\n'
  'Ja totta kai sokerina pohjalla: Kielellisten oikeuksien toteutuminen '
  'varmistetaan. Tämä piti siis oikein erikseen mainita, vaikka se on selvää '
  'nykyisen perustuslain ja erilaisten kieliasioita koskevien lakien puolesta. '
  'Taisi olla RKP:n ehto osallistua tähän työhön.',
  ((0.0009204197558574378, 'label_identity_attack'),
   (0.0007468213443644345, 'label_insult'),
   (0.001016712747514248, 'label_obscene'),
   (0.0008601384470239282, 'label_severe_toxicity'),
   (0.0008037182269617915, 'label_threat'),
   (0.0015291135059669614, 'label_toxicity')),
  ('clean', 0.0015291135059669614), ()),
 ('&gt; Oma näkökulmani tähän kaikkeen muuten on että kun käyn '
  'yhteiskuntapolitiikan (fokus: työ ja työvoimapolitiikka) ja '
  'taloussosiologian aineopintoja lävitse niin mm. Keynes ja Schumpeter saivat '
  'ihan hemmetisti sivuja osakseen. Jälkimmäistä opettaja taisi vielä kehua '
  'yhdeksi kolmesta suurimmasta taloustieteilijästä menneellä vuosisadalla. '
  'Sinänsä jännä että hän on tuntematon -- luulisi että hän olisi sopinut '
  'hyvin komplementiksi uusklassisen kylkeen jos "kokoomus-salaliittoni" olisi '
  'pitänyt.\n'
  '\n'
  'Schumpeter nimenä ei ole minulle mitenkään uutta, vaan Schumpeterin '
  'ajatusten niputtaminen talousteoriaksi (uus)keynesiläisen ja uusklassisen '
  'taloustieteen rinnalle on minulle uutta. Schumpeterin niputtaminen yhdeksi '
  'kolmesta suurimmasta viime vuosisadan taloustieteilijästä on kyllä myös '
  'mielenkiintoista, koska tuolle listalle on melkein pakko pistää Keynes ja '
  'Friedman, ja kolmannelle paikallehan löytyy suuri määrä kilpailijoita. Ei '
  'siis siinä mitään, eiköhän kyseinen herra tärkeämmästä päästä ole. \n'
  '\n'
  'Sinänsä voi olla ihan perusteltuakin keskittyä niihin uusklassisiin '
  'malleihin - ja vieläpä ihan erittäin yksinkertaisiin sellaisiin - kun '
  'makrotaloustieteestä puhutaan käytännön mielessä. Asiaa on kuitenkin '
  'todella paljon käytävänä jo siinä ja toisaalta jos kurssit ovat yhtään '
  'matemaattisia, antavat ne hyvin osaamista myöhemmin sovellettavaksi myös '
  'toisenlaiseen teoriaan. Toisaalta vähemmän matemaattisilla kursseilla '
  'varmaan olisi hyvä antaa katsaus sinänsä relevanttiin toiseenkin teoriaan. '
  'Aika paljon uuskeynesiläisyyttä ehtisi käymään läpi kuitenkin jo parissa '
  'luennossa. Mene ja tiedä, itseäni kiinnostaa enemmän muutenkin mikro kuin '
  'makro, joten siihen on tullut tutustuttua paremmin.\n'
  '\n'
  'Sinänsä muuten luulisi mikrotaloustieteenkin olevan ihan yhteiskuntatieteen '
  'tiedekunnalle merkitystä. Kuulema Turussa sosiologia on kuin '
  'mikrotaloustiedettä, mutta siinä missä taloustieteessä regression '
  'vasemmalla puolella on tulot, sosiologiassa sieltä löytyy tulojen ohella '
  'jotain muutakin elämänlaatua kuvaavaa muuttujaa, joille voisi löytää '
  'taloustieteellisiäkin perusteluita. Eikös sosiologiassa kuitenkin ihmisten '
  'tai ihmisryhmien käyttäytymistä tutkita? Sitähän se mikrotaloustiedekkin '
  'pitkälti on. \n'
  '\n'
  '&gt; Juu, on siellä ainakin rahoitus ja johtaminen :D\n'
  '\n'
  'Jyväskylässä myös markkinointi ja yrittäjyys!',
  ((0.0009492076351307333, 'label_identity_attack'),
   (0.0007634545327164233, 'label_insult'),
   (0.001025668578222394, 'label_obscene'),
   (0.0008949003531597555, 'label_severe_toxicity'),
   (0.0008357995538972318, 'label_threat'),
   (0.001528318040072918, 'label_toxicity')),
  ('clean', 0.001528318040072918), ()),
 ('Avioliitolla on useita funktioita eikä ilmoitusluontoisessa avioliitossa '
  'tarvitse mennä muinaiseen Kreikkaan. Suurimman osan historiastaan '
  'avioliitto on ollut vain kahden ihmisen keskinäinen vala [EDIT: josta on '
  'sitten ilmoitettu yhteisölle (ja kirkolle) joka on ottanut tämän '
  'annettuna]. Muistaakseni menivät muodista melko myöhään: [Yhdysvalloissakin '
  '1800-luvun puolivälissä](http://en.wikipedia.org/wiki/Common-law_marriage). '
  'Toisaalta Suomessakin 1900-luvun alun säätyläisnaisten elinikäiset '
  'kumppanuudet rinnastettiin usein avioliittoon (jossa toinen osapuoli otti '
  '"julkisen" ja toinen "yksityisen" osan). \n'
  ' \n'
  'Mutta niin. Avioliitto ei ole vain pariskunnan keskinäinen sopimus vaan '
  'siinä on mukana aina yhteisö: avioliitto muuttaa yhteisön näkökulman '
  'pariskuntaan (esimerkiksi miten suhtaudutaan naisen raskauteen). Toisaalta '
  'Suomessa oli (ja Saksassa on vieläkin) avioparin yhteisverotus. \n'
  '\n'
  'Mutta mikä sinua varmaan eniten kiinnostaa on nykyinen laillinen asema: '
  'avioliitto ja avoliittohan eivät ole sama asia. Kuten tuosta Tahdon '
  '2013-kampanjasta tiedämme niin liiton tyyppi vaikuttaa laillisiin '
  'oikeuksiin: onko puolisolla päätäntävaltaa toisen asioihin tai '
  'edustusoikeutta lapsiin? Miten perimys tapahtuu? Ruotsista saamme helpon '
  'esimerkin: kun Millenium-trilogian kirjoittaja kuoli niin tämän kanssa koko '
  'aikuiselämän jakanut (ja kirjoittamisessa auttanut) avopuoliso jäi vaille '
  'mitään ja miljoonien eurojen arvoiset tekijänoikeudet siirtyivät '
  'kirjailijan isälle ja veljelle joiden kanssa kuollut ei ollut puhunut '
  'vuosikymmeneen. Naiselle jäi vain tämän oman koneen kovalevyllä (!) ollut '
  'neljännen kirjan luonnos josta suku sitten haastoi hänet oikeuteen.  \n'
  '\n'
  'Avioliiton merkitys on tietenkin vähentynyt kun Kela ei ole tehnyt enää '
  'niin eroa saman osoitteen ja avioliiton välillä mutta käsittääkseni '
  'vaikuttaa edelleen esimerkiksi sellaisiin asioihin kuin kuinka kaukaa '
  'työttömän on velvoitettu ottamaan työpaikka vastaan.\n'
  '\n'
  'TLDR: Avioliiton voi nähdä "bundle-pakettina" jossa yhdellä '
  'allekirjoituksella pariskunta antaa toisilleen suuren määrän oikeuksia (ja '
  'velvollisuuksia). Samalla se on ilmoitus yhteiskunnalle että pariskuntaa '
  'pitää kohdella kokonaisuutena eikä samassa elintilassa asuvina yksilöinä. '
  'Avoliitto nähdään edelleen jotenkin toistaiseksi voimassaolevana '
  'järjestelynä kun avioliitto on enemminkin pysyvä vetäytymisklasuurilla. ',
  ((0.0008967667235992849, 'label_identity_attack'),
   (0.000733097258489579, 'label_insult'),
   (0.000999198411591351, 'label_obscene'),
   (0.0008409462170675397, 'label_severe_toxicity'),
   (0.0007851543487049639, 'label_threat'),
   (0.0015276821795850992, 'label_toxicity')),
  ('clean', 0.0015276821795850992), ()),
 ('Tarve hyville opettajille ei varmasti kokonaan katoa ennenkuin oikea '
  'tekoäly saadaan aikaiseksi, mutta erilaiset verkkokurssit ja opettavaiset '
  'pelit tulevat vähentämään tarvetta opettajille melko paljon. Maailmankuvan '
  'ja käsitysten luomiseen kuitenkin aina tarvitaan myös puhdasta '
  'tiedonsiirtoa. Tämä voidaan tehdä ilman opettaijakin. Opetusmateriaalin '
  'muokkaaminen myös helpottuu kun saadaan raakaa helposti analysoitavaa dataa '
  'koneen avulla tehdystä oppimisesta. Opettajat voisivat sitten '
  'komplementoida tätä esimerkiksi noilla Sokrateen opetusmetodin kaltaisilla '
  'tavoilla, joihin koneet eivät vielä pysty. Tosin jotain tuon kaltaista '
  'voisi olla pelien avulla mahdollista tehdäkin. Esitetään pelaajille '
  'kysymyksiä ja heitetään johonkin virtuaalimaailmaan josta saavat etsiä '
  'ratkaisut.\n'
  '\n'
  'Lääkärien työstä en paljonkaan tiedä, mutta uskoisin että hyvin suuri osa '
  'on vain kysymysten esittämistä ja vastausten perusteella hoitopäätöksen '
  'tekemistä. Kyllähän siinä vielä pitkän aikaa joutuu olemaan myös ihminen '
  'mukana tutkimassa fyysisesti, mutta hänen ei välttämättä tarvitse enää olla '
  '6 vuotta kouluttautunut lääkäri, vaan sen voi tehdä esim. sairaanhoitaja. '
  'Tutkimuksen automatisoinnista olen samaa mieltä, sitä on hankala '
  'automatisoida (joku laboratoriotyö poislukien) ennekuin meillä on oikea '
  'tekoäly. Kirurgiaan ei kuitenkaan tarvita kunnollista tekoälyä. Riittää '
  'että koneella on tarpeeksi tasainen käsi (helpohko), hyvä konenäkö '
  '(kehittyy kokoajan hurjaa vauhtia) sekä kyky tehdä tuohon konenäköön '
  'perustuen päätöksiä, joka on periaatteessa sama asia kuin diagnosointi.\n'
  '\n'
  'Tilanne on kuitenkin se, että suurin osa työpaikoista on jo lähiaikoina '
  'automatisoitavissa. Kysymys onkin että miten hoidamme tuon tilanteen. '
  'Vaihtoehdot ovat:\n'
  '\n'
  '1. Keksimme ihmisille uusia tehtäviä niin, että työllisyys pysyy '
  'jatkossakin järkevällä tasolla (mielestäni epätodennäköistä)\n'
  '\n'
  '2. Vain pieni osa väestöstä tekee kaiken työn ja ottaa samalla myös '
  'suurimman osan automatisaation hyödyistä. \n'
  '\n'
  '3. Jaamme vähentyneen työn kaikkien kesken jolloin hyödyt ja vapaa-aika '
  'jakautuvat tasaisesti.\n'
  '\n'
  'Toivoisin tietenkin vaihtoehtoa 3, mutta sitä ei ole tähän mennessä '
  'kauheasti tapahtunut vaikka olisi ollut mahdollisuus. Todennäköisesti '
  'työttömyys lisääntyy ja samalla yritetään keksiä uutta "turhaa" tekemistä '
  'ihmisille. ',
  ((0.0009252015152014792, 'label_identity_attack'),
   (0.0007509019342251122, 'label_insult'),
   (0.0010125470580533147, 'label_obscene'),
   (0.0008692063274793327, 'label_severe_toxicity'),
   (0.0008163634920492768, 'label_threat'),
   (0.00152765738312155, 'label_toxicity')),
  ('clean', 0.00152765738312155), ()),
 ("Mikä on 'taloudellinen' sijoitus ja mikä ei, sen kun tietäis. Edes "
  'luonnontieteellisen perustutkimuksen rahoittajille tulee hyvin harvoin '
  '*suoraa* sijoitushyötyä Nobeleista. Suomessa on harrastettu korkeakouluissa '
  'rahoitusta tällä strategialla niin kauan kuin muistan, ja tulokset eivät '
  'ole erityisen kehuttavia.\n'
  '\n'
  'Toisaalta kun puhutaan peruskoulutuksesta, on selkeästi olemassa sivistystä '
  'joka jokaisella kansalaisella tulisi olla jotta yhteiskunta olisi '
  'siedettävämpi paikka elää, kuten jonkinlainen paikkansa pitävä ymmärrys '
  'maailman luonnontieteellistä historiasta ja hieman yksityiskohtaisemmin '
  'ihmisen historiasta, käsitys kaikenlaisten tieteiden perusteista ja mistä '
  'etsiä jos tulee tarve / mielenkiinto tietää enemmän, yleisiä '
  'ajattelutaitoja ja tiedonkäsitystä. Moraalifilosofian, onnellisuuden, mitä '
  'kaikkea ihmiskunta on saanut olemassaolonsa aikana aikaan ja muun '
  'syvällisen pohdiskelu ottaen huomioon mitä ihmiskunnan kirjoitetun '
  'historian aikana asioiden tiimoilta on saatu aikaiseksi olisi hyödyksi '
  'useimmille ihmisille arkipäivän elämän onnellisuuden kannalta.\n'
  '\n'
  'Edellä mainitut tiedot ja taidot eivät *välttämättä* hyödytä kovinkaan '
  'paljon yksittäistä ihmistä hänen taloudellisen tulevaisuutensa kannalta, '
  'mutta puolestaan ovat hyvin olennaisia monella muulla tavalla, kuten sen '
  'kannalta miten itse kukin vaikuttaa siihen millaisessa yhteiskunnassa '
  'elämme (millaista politiikkaa teemme) tai millainen on käsityksemme '
  'luonnosta ja millä eri tavoin osaamme valjastaa sen taloudelliseen '
  'hyötykäyttöön (tai edes yrittää pitää sen asuttavana edellisten '
  'valjastusyritysten jäljiltä). Ylipäätään ihmisaivot ovat paras tuntemamme '
  'ajatteluväline, ja on sääli jos kaikki ihmiset hukkaavat sen täysin '
  'merkityksettömään nysväilyyn.\n'
  '\n'
  '(Lisätään vielä etten väitä että nykymuotoinen suomalainen '
  'koulutusjärjestelmä kaikkeen ylläkuvattuun kykenisi. Mutta vielä vähemmän '
  'uskon että siihen kykenee. En usko että teollista vallankumousta ja siihen '
  'liittyvää elintasoharppausta olisi tapahtunut ellei sukupolvi toisensa '
  "jälkeen yläluokkaisia 'harrastelijoita' olisi käyttänyt eläämänsä pohtimaan "
  'mitä oikeastaan on tietää asioita ja hiekkaan piirrettyjä ympyröitä, tai '
  'myöhempiä variaatioita samalta alalata. En tiedä kuinka Galilein '
  'luonnonfilosofiset pohdiskelut ja kokeilut hyödyttivät ... kuka sitten '
  'rahoittikaan Padovan yliopistoa 1500-luvun lopulla, mutta ihmiskunnan saama '
  'hyötyä on vaikea mitata rahassa. Nykyään ammattimainen harrastelu on käynyt '
  'todella kalliiksi, mutta taivas varjele mitä sieltä *vielä* tulee, etenkin '
  'jos kaikille kykeneville voidaan tarjota siihen mahdollisuus?)',
  ((0.000869797426275909, 'label_identity_attack'),
   (0.0007166833383962512, 'label_insult'),
   (0.0009825661545619369, 'label_obscene'),
   (0.0008148425258696079, 'label_severe_toxicity'),
   (0.0007689829799346626, 'label_threat'),
   (0.0015272734453901649, 'label_toxicity')),
  ('clean', 0.0015272734453901649), ())]
END: ma 15.8.2022 16.05.32 +0300
