START: ke 17.8.2022 16.30.02 +0300
Namespace(data='data/reddit-Suomi.jsonl', model='models/multi-toxic-tr-optimized', threshold=0.765, type='multi')
        text
0  [deleted]
1  [deleted]
2  [deleted]
3  [deleted]
4  [deleted]
200000
(('[deleted]', 'clean'), ('[deleted]', 'clean'), ('[deleted]', 'clean'),
 ('[deleted]', 'clean'), ('[deleted]', 'clean'), ('en kommentoi', 'clean'),
 ('[deleted]', 'clean'),
 ('Matto on markkinoiden ainoa aito intialaistyylinen piikkimatto, joka on '
  'ruotsissa valmistettu ja joka sopii kaikille - omaatpa sitten korkean, '
  'matalan tai normaalin kipukynnyksen. http://www.piikkimatto.fi',
  'clean'),
 ('Hyvä kuulla, nimenomaan kun Nokia on sanonut aikovansa sulkea Jyväskylässä '
  'olevan toimipisteen.  Ihmisiä siirtynee Nokiasta suoraan tähän uuteen '
  'paikkaan.',
  'clean'),
 ('Miksi en voi pelata online tilassa muita vastaan?', 'clean'),
 ('täällä ei näytä olevan mitään', 'clean'), ('Jeesus? Spam?', 'clean'),
 ('etsiin seksin seura joka päivä', 'toxic'),
 ("Sell Others' eBooks. Skip The Writing Process!", 'clean'),
 ('Parallax View is a classic.', 'clean'), ('exelente game', 'clean'),
 ('Heh, onkin näköjään downvote antajia.', 'clean'),
 ('Tervehdys, tunnus rekisteröity tänne pari päivää sitten =)\n'
  '\n'
  'Aiemmin seuraillut vain Diggiä, ajattelin että pakkohan tätä on koittaa ja '
  'paljon laajempi kyllä tämä on.',
  'clean'),
 ('Onkohan Redditiin laitettu tänään päälle joku maakohtainen juttujen nosto. '
  'Ihmettelin aamulla, kun joku Jyrki J. Kasvi linkki oli etusivulla pitkän '
  'aikaa..',
  'clean'),
 ('Ihmettelin samaa. Oli n. 5 sekunnin WTF-elämys.', 'clean'),
 ('Tervetuloa! Downvote Diggin mainitsemisesta.', 'clean'), ('Hö ;(', 'clean'),
 ('Jotain on todellakin taphtunut. Itse en edes tiennyt koko Suomi-redditistä '
  'ennenkuin se tänään ilmaantui yläreunan rivistöön, yhdessä Finnish, '
  'Teknologia, Spaceman(‽) ja Suvi -redditien kanssa. \n'
  '\n',
  'clean'),
 ('Jollain koneilla (yliopisto) on käynyt niinkin, että reddit on ohjannut '
  'minut täysin suomettuneelle reddit-sivulle jolla on vain Suomi-juttuja (tai '
  'siis ei ole). Riippuu vissiin selaimestakin tjsp.',
  'clean'),
 ('Downvote Downvottien mainitsemisesta.', 'clean'),
 ('Ei jaksa jatkaa.', 'clean'),
 ('kyyl. ja lukeehan tuolla jo oikealla jotta 54 tilaajaa.', 'clean'),
 ('Kunnon redditjätkät tietää että "upvote if" -postaukset downvotetetaan '
  'aina.\n'
  '\n'
  'Onpa muuten jännää puhua suomea täällä.\n'
  '\n'
  'Edit: ylöspäin painoin silti, koska olisi kiva saada vähän eloa tähän '
  'Suomireddittiin.',
  'clean'),
 ('Onpa jännää!\n'
  '\n'
  'Huomasin myös, että Redditissa on virolaisiakin.  Kävi ilmi jonkun videon '
  'postatessa videon Redittiin, jossa virolaiset tytöt sanovat viroksi '
  '"kaksitoista kuukautta" (\'kaksteist kuud\' -- kuulostaa huonolta '
  'englanninkielisille korville).',
  'clean'),
 ('Downvote hymiöstä.', 'clean'),
 ('Aika kuiva on Suomi-reddit vielä tässä vaiheessa.', 'clean'),
 ('I *wish* I could read the Suomi-reddit, but minä puhun vain vähän Suomea...',
  'clean'),
 ('Ite väittäisin, että se kuulostaa melko hyvältä englanninkielisille '
  'korville...',
  'clean'),
 ('C-C-COMBO BREAKER\n\nSori, oli ihan pakko.', 'clean'), ('Kappas!', 'clean'),
 ('Reddit suomeks? Perin hämmentävää. \n'
  '\n'
  'Meitähän on täällä aika monta. Luulin, että oon suunnilleen ainoa, hehe.',
  'clean'),
 ('[deleted]', 'clean'), ('Valehtelija. Noita on jo ainakin 59.', 'toxic'),
 ('Kappas vain, sanoi kasvain ja kasvoi vain.', 'clean'),
 ('kasvainhan se :(\n', 'clean'),
 ('Suomalaisia? Minun Redditissäni? Se on yleisempää kuin luuletkaan.',
  'clean'),
 ('[deleted]', 'clean'),
 ('Sama kuva, eri teksti. [Käy se sarjakuva näinkin](http://www.qwantz.com/).\n'
  '\n'
  'Asiallisella taidetaan tässä tarkoittaa epäkorrektia.',
  'clean'),
 ('sarkasmi ei toimi internetissä :((', 'clean'),
 ('Valitettavasti ei olekaan sarkasmisuffiksia tai sarkasmipartikkelia, niin '
  'että sarkasmi toimiikin ilman &lt;sarcasm /&gt;-taggia.',
  'clean'),
 ('Senpä takia kannattaakin kirjoittaa mitä tarkoittaa, vaikkapa että "Paskoja '
  'sarjakuvastrippejä - Fok_it". ',
  'clean'),
 ('&gt; Valitettavasti ei olekaan sarkasmisuffiksia tai sarkasmipartikkelia\n'
  '\n'
  'Ei vai? Asia on nopeasti korjattavissa. Heitetään seinälle vaikkapa -sar.\n'
  '\n'
  'Sarkasmin olisi tarkoitus mennä myös kontekstissa läpi. Ikävä kyllä '
  'internetissä on henkilöitä joilla luetun ymmärtäminen ontuu (lue: minä) '
  'ja/tai taustatiedot puuttuvat. Taustatietojen puuttuminen on mielestäni '
  'suurin este sarkasmin levittämiselle.',
  'clean'),
 ('&gt; Sarkasmi ei toimisar internetissä.\n'
  '\n'
  'Selvä.\n'
  '\n'
  'Minulla on helpompaa lukea sarkasmia kun luen äidinkielessä kirjoitettua '
  'tekstia (äidinkieleni on siis englanti) kun voin helposti pitää kokonaista '
  'kontekstia mielessä kun luen, mutta on vaikeampaa kun luen suomea tai '
  'jotain toista kieltä.  \n'
  '\n'
  'Onko muuten mahdollista näyttää sarkasmia -han ja -kin-partikkeleiden '
  'avulla?  Muistan Helsingin yliopiston ylioppilastalossa olevaa kylttiä, '
  'jossa luki: "Olethan kasvisten ystävä" ja sitten muistutti lukijaa, että on '
  'parempi heittää roskaa vaan roskakoriin.  Tuntuu siltä, että siinä '
  'viestissä on sarkasmin sävyä, mutta voisi olla kyllä et ma ei ummar suoumia '
  'hiuviin.\n',
  'clean'),
 ('Kai tiesit, että kuvalautojen sisältö katoaa internetin viemäreihin usein '
  'varsin nopeasti? ',
  'clean'),
 ('nopee syö hitaat', 'clean'),
 ('Algoritmia on tosiaan muuteltu. Alussa kielivalinta meni selaimen mukaan. '
  'Tässä oli paljon ongelmia. Selaimet ei antanut fi-kieltä vakiona ja '
  'defaultti-reddit joka näytettiin suomalaisille oli liian kuollut, että '
  'siinä olisi näkynyt yhtään mitään ("täällä ei näytä olevan mitään"). \n'
  '\n'
  'Nykyään fi-kielen pitäisi mennä maan mukaan defaulttina (en oo varma, en oo '
  'testannu) ja omankielisten redditien painoarvoa on nostettu niin, että ne '
  'näkyvät joskus jopa suomalaisten etusivulla. \n'
  '\n'
  'Tämä kielitoiminnon pitäisi olla universaali, eli vaihda em. pätkässä suomi '
  'toiseen kieleen ja homma toimii samalla tavalla.',
  'clean'),
 ('linkki alkuperäisiin: http://hommaforum.org/index.php/topic,6696.0.html',
  'clean'),
 ('kyllähän reddit digg.com:n voittaa.', 'clean'),
 ('kylläpä on vaikea olla sarkastinen internetissä!', 'clean'),
 ('Testasin huvikseni YLE:n ja HS:n vaalikoneita. Toisessa Vatanen oli '
  'toiseksi epäsopivin vaihtoehto allekirjoittaneelle, toisessa kaikkein '
  'epäsopivin. Hmmh.\n'
  '\n'
  'Edit: tämän kirjoituksen perusteella Vatanen alkaa vaikuttaa melkoiselta '
  'mulkulta.',
  'clean'),
 ('Eipä tuo edelleenkään ymmärrä ettei ihmisen osuus ilmastonmuutoksessa ole '
  'mielipidekysymys. Asiasta on vankka konsensus tiedemaailmassa ja '
  'mielipiteiden paikka tulee vasta sen jälkeen kun ihmetellään mitä tuolla '
  'tiedolla tehdään.',
  'clean'),
 ('Alan ihmetellä pikkuhiljaa, miksi ihmeessä kokoomus otti Vatasen '
  'ehdokkaakseen. Tuo "Oikaisuni ilmastokeskusteluun" oli jo todella omituinen '
  'kirjoitus. Erittäin epäsidosteinen teksti täynnä toisistaan irrallisia '
  'heittoja. Minulle jäi pahasti epäselväksi, mitä hän yritti oikaista. '
  'Ilmastonmuutoksella tarkoitetaan noin yleensä nykyään juurikin sitä ihmisen '
  'aiheuttamaa (nyt ja tulevaisuudessa) ilmastonmuutosta. ',
  'clean'),
 ('Minähän tämän Redditin aikoinaan perustin, mutta se jäi aika pahasti oman '
  'onnensa nojaan. Se oli hieno hetki se, kun Reddit alkoi puuhata näiden '
  'lokalisaatioiden parissa ja minä olin ehättänyt ensin muahahaha!',
  'clean'),
 ('PDF-varoitus.', 'clean'),
 ('Laitoinpahan linkin pieneksi herätteeksi lähinnä heille jotka eivät vielä '
  'ole päättäneet äänestää, en niinkään heille jotka eivät tiedä ketä '
  'äänestäisivät.',
  'clean'),
 ('&gt; Minähän tämän Redditin aikoinaan perustin\n'
  '\n'
  'Täh? ... ai niin **tämän**, Suomi-redditin siis! Hetken jo luulin, että '
  'Redditin perustajissa olisi ollut suomalainen takapiru.',
  'clean'),
 ('Ainakin hän on löytänyt käyttöä Caps Lockille.', 'clean'),
 ('Jos haluatte puolustaa Kansalaisoikeuksia tietoyhteiskunnassa, äänestäkää '
  'Jyrki Kasvia (231).  Kasvi näyttää tietävän eniten ja on aktiivinen näissä '
  'jutuissa. \n'
  '\n'
  "EU'ssa tehdään juurin nyt päätöksiä jotka voivat rajoittaa "
  'kansalaisoikeuksia ja yksityisyyttä tuntuvasti. Kaiken mailman Lex Nokioita '
  'on tulossa EU:n tasolla jos valitaan ehdokkaita jotka eivät näistä asioista '
  'piittaa. \n'
  '\n'
  '[Tavoitteet](http://www.kasvi.org/index.php?7191):\n'
  '\n'
  '    - Kansalaisoikeudet on turvattava direktiivillä myös tietoverkoissa ja '
  'tietoliikenteessä!\n'
  '    - Identiteettivarkaus on kriminalisoitava EU-tasolla!\n',
  'clean'),
 ('Hyödyntäkää: http://www.laquadrature.net/wiki/Political_Memory\n'
  '\n'
  '\n'
  'Viimeisimmän telcorävellyksen äänet: '
  'http://www.laquadrature.net/wiki/Telecoms_package_directives_2nd_reading_FI',
  'clean'),
 ('Tietoyhteiskuntaasioita ei ole käsitelty politiikassa ollenkaan tarpeeksi. '
  'Monet tärkeät asiaan liittyvät päätökset tehdään nykyään EU-tasolla ja '
  'yksikin asiantunteva meppi voisi kerätä taaksensa kriittisen massan.\r\n'
  '\r\n'
  'Itsellänihän olisi 400 Jyrki Kasvi flyeria jaettavana. Tänään ei pysty kun '
  'selkä valittaa, mutta huomenna on aika olla tehokas!',
  'clean'),
 ('Hieno sivusto, armahdin ja tuomitsin pari nykyistä meppiä tämän perusteella '
  ':)',
  'clean'),
 ('Hyvä pointti. Miksi en itse muistanut varoittaa? D´oh.', 'clean'),
 ('Masentavaa oli katsoa ylen vaalikoneen tuloksia. Hirveän paljon musta '
  'tuntuu asenteella laitettuja mielipiteitä, joita ei voi järjellä '
  'perustella. Itse varmaan äänestän kasvia, sillä johdonmukaisuudesta ja '
  'faktatiedosta tuntuu olevan politiikassa huutava pula. \n'
  '\n'
  'Ja kun äänestätte, niin älkää äänestäkö pelkojen, luulojen tai '
  'mielipiteiden mukaan vaan järkenne mukaan.',
  'clean'),
 ('Niin monta ulkomaalaisvastaista populistista ehdokasta ja vain yksi ääni...',
  'clean'),
 ('Joo joo, äänestin jo. Tosin jos se menee parlamenttiin säätämään niin on '
  'taas yksi järjen ääni pois eduskunnasta.',
  'clean'),
 ('Tuota mäkin mietin, mutta toisaalta isommat asiat on EU-tasolla. Nojoo, '
  'toisaalta, EU parlamentilla ei ole oikein mitään valtaa.',
  'clean'),
 ('Juu khyllä :D Voi kunpa joku suomalainen olisikin ollut tätä perustamassa. '
  'Voisi olla hieman eloisampi tämä reddit.',
  'clean'),
 ('Hyvin pienen otannan perusteella ehdokkaat kyllä vaikuttivat olevan eri '
  'mieltä kysymysten laadukkuudesta. Yksi jos toinenkin tuskaili sen kanssa, '
  'että osa kysymyksistä oli laadittu niin että niihin oli liki mahdotonta '
  'vastata kyllä tai ei, koska kysymyksistä ei käynyt riittävästi ilmi mitä '
  'niillä haettiin. Sinänsä on kuitenkin hienoa, että irc-galleriasta on '
  'kasvanut niin merkittävä instituutio, että sen kautta vaalien ehdokkaat '
  'saadaan vastaamaan sellaisiin erityisesti nuoria kiinnostaviin kysymyksiin, '
  'joita muut vaalikoneet tai media eivät nosta esiin.',
  'clean'),
 ('Katso myös [Suvi Lindénin* '
  'kannanotto](http://www.iltalehti.fi/viihde/200906039697501_vi.shtml) '
  'Iltalehdessä\n'
  '\n'
  '*aksentti-edit',
  'clean'),
 ('&gt; Sinänsä on kuitenkin pelottavaa, että irc-galleriasta on kasvanut niin '
  'merkittävä instituutio\n'
  '\n'
  'FTFY. \n'
  '\n'
  'Eri ryhmiin keskittyvät vaalikoneet ovat sinänsä vähän arveluttavia, koska '
  'ne antavat ehdokkaille mahdollisuuden myös muokata mielipiteitään ryhmiä '
  'suosiviksi. Esim. jos vertaa [IRC-gallerian käyttäjien vastauksia '
  'puolueiden '
  'vastauksiin](http://irc-galleria.net/vaalikone.php?page=view_stats&amp;stats0=ux&amp;stats1=p0), '
  'niin yhteneväisyys on aika ilmiömäistä. Eroa lähinnä maahanmuuttoasioissa '
  'ja huumepolitiikassa.',
  'clean'),
 ('Se olisi kyllä kamalaa jos vanhemmat joutuisivat ottamaan vastuuta '
  'lapsistaan. Kyllä se on kaikkien muiden tehtävä suojella muiden lapsia.\n'
  '\n'
  'Esimerkiksi tämänkin viestin voi joku viaton lapsi lukea ja minä olen '
  'vastuussa siitä, että viesti ei sisällä rumia sanoja kuten seksi, kives tai '
  'Suvi Lindén.',
  'clean'),
 ('Redditin otsikon automaaginen haku ilmeisesti bugaa aika pahasti ääkkösten '
  'suhteen.',
  'clean'),
 ('&gt;Käyttäjiä oli suljetuksi klubiksi luonnehditussa dc-verkossa \n'
  '\n'
  '&gt;suljettu klubi\n'
  '\n'
  '&gt;yli 500 [käyttäjää].\n'
  '\n'
  'Ha. Ha.',
  'clean'),
 ('80k€ warettamisesta ja ehdollista pedofiliasta? pedobear approves.',
  'clean'),
 ('Google Squared näkee tulevaisuuteen ja lupaa Soinille hyvää tulevaisuutta: '
  'http://www.google.com/squared/search?q=Finnish+presidents',
  'clean'),
 ('Kyllä on arvot kohdillaan.', 'clean'),
 ('En pysty käsittämään tätä moraalista paheksuntaa. Itse lähinnä nauroin '
  'makeasti kun koko touhu tuntui valtavan epäuskottavalta. Lapset, joista nyt '
  'muka ollaan huolissaan, ovat kuitenkin nähneet varmasti paljon '
  'shokeerampaavaakin tavaraa TV:stä.',
  'clean'),
 ('nyyh taitelijat lopetetaan jos tekijänoikeutta löysätään', 'clean'),
 ('oliko toi joku hauska trolli?', 'clean'),
 ('Tarkoitus oli parodioida vakiintuneen mediateollisuuden mantraa mitä '
  'piraattipuolueeseen tulee. Hauskuus on lukijan korvien välissä.',
  'clean'),
 ('[deleted]', 'clean'),
 ('Nokia Siemens Networks, eri yhtiö. Villimpää on tosin se, että [samat '
  'järjestelmät on '
  'länsimäissakin](http://news.bbc.co.uk/2/hi/technology/8112550.stm).',
  'clean'),
 ('Kuin säätiedotuksen pilvet, repeilen.', 'clean'),
 ('ja liian pieni pää', 'clean'),
 ('Hämmentävän paska quote, sehän menee "Motoristeja on kahdenlaisia, niitä '
  'jotka ovat kaatuneet ja niitä jotka tulevat kaatumaan."\n'
  '\n'
  'Hyvä vinkki kypärän sovitukseen on että jos poskitiivisteet eivät nosta '
  'poskia niin että näyttää possulta niin potta on liian löysä.',
  'toxic'),
 ('"Motoristilla usein liian iso kyrpä"\n'
  '\n'
  'Piti pari kertaa lukea että sain sen oikein.',
  'toxic'),
 ('Näin jälleen telkkarissa sen PlusTV:n mainoksen missä mainostettiin '
  'sponssaamisesta. Ei ollut muuta tekemistä joten päätin kurkata mistä on '
  'kyse. Ne sponssihakemukset tulevat julkisesti näkyville niillä sivuilla. '
  'Selailin hiukan katsotuimpien listaa missä oli hakemuksia motocrossaajilta, '
  'pyöräilijöitä ja kalastajilta. Sitten yllättäen löydän klipin jossa '
  'thumbnailissa vaikuttaisi olevan torni tulessa. Kiinnostus heräsi ja päätin '
  'klikata.\n'
  '\n'
  'Äänenlaatu aluksi laittoi arvelluttamaan mutta heti ennen ensimmäistä '
  'kohtausta tuli terminator-efekti, yllätyin.\n'
  '\n'
  'Kommenteissa ehditty väittämään kopioksi. Tottahan tuo voi olla, '
  'tutoriaaleja vähän lueskeltu. Etenkin se alussa ollut Terminator-efekti.',
  'clean'),
 ('katsotui**m**pien.', 'clean'),
 ('&gt; user for 5 hours\n\nTästä se sitten alkaa...', 'clean'),
 ('Väärä sanajärjestys? Tosin "toistaiseksi eronnut ainakin ruotsalaisesta.." '
  'ei ole yhtään parempi.\r\n'
  '\r\n'
  '\r\n'
  'Hyvä ny ettei Porrii jättäny. Toistaiseksi porilainen.',
  'clean'),
 ('Jokin on kyllä mennyt metsään.', 'clean'), ('[deleted]', 'clean'),
 ('Ainakin muutama vaihtaa tampereen saitille mutta tekee 100% jkylästä töitä.',
  'clean'),
 ('missä on se kuuluisa journalismi?', 'clean'),
 ('Mihin katosi journalismi? - Katso kuvat!', 'clean'))
END: ke 17.8.2022 17.08.42 +0300
