START: ma 29.8.2022 13.32.16 +0300
Namespace(data='data/reddit-Suomi.jsonl', model='models/xlmr-large-multi-tr', threshold=0.76, type='multi')
        text
0  [deleted]
1  [deleted]
2  [deleted]
3  [deleted]
4  [deleted]
200000
[[0.00039056999958120286, 0.0004162841069046408, 0.0006635910831391811, 0.0002930653281509876, 0.0002675213327165693, 0.0010423060739412904], [0.00039056999958120286, 0.0004162841069046408, 0.0006635910831391811, 0.0002930653281509876, 0.0002675213327165693, 0.0010423060739412904], [0.00039056999958120286, 0.0004162841069046408, 0.0006635910831391811, 0.0002930653281509876, 0.0002675213327165693, 0.0010423060739412904], [0.00039056999958120286, 0.0004162841069046408, 0.0006635910831391811, 0.0002930653281509876, 0.0002675213327165693, 0.0010423060739412904], [0.00039056999958120286, 0.0004162841069046408, 0.0006635910831391811, 0.0002930653281509876, 0.0002675213327165693, 0.0010423060739412904], [0.00036599364830181, 0.00045679527102038264, 0.000758262409362942, 0.00024249881971627474, 0.00022656504006590694, 0.0014872354222461581], [0.00039056999958120286, 0.0004162841069046408, 0.0006635910831391811, 0.0002930653281509876, 0.0002675213327165693, 0.0010423060739412904], [0.0004828596138395369, 0.0009077779832296073, 0.0016804615734145045, 0.00018853229994419962, 0.00024266118998639286, 0.006575128994882107], [0.0020895753987133503, 0.003541640006005764, 0.004165326245129108, 0.0018117590807378292, 0.001801497070118785, 0.01098610833287239], [0.00036068749614059925, 0.0004120393132325262, 0.0005966685130260885, 0.000333631644025445, 0.00028062297496944666, 0.0008827745332382619]]
[array([0., 0., 0., 0., 0., 0.]), array([0., 0., 0., 0., 0., 0.]), array([0., 0., 0., 0., 0., 0.]), array([0., 0., 0., 0., 0., 0.]), array([0., 0., 0., 0., 0., 0.]), array([0., 0., 0., 0., 0., 0.]), array([0., 0., 0., 0., 0., 0.]), array([0., 0., 0., 0., 0., 0.]), array([0., 0., 0., 0., 0., 0.]), array([0., 0., 0., 0., 0., 0.])]
[(), (), (), (), (), (), (), (), (), (), (), (), (), (), (), (), (), (), (), ()]
(('clean', 0.0010423060739412904), ('clean', 0.0010423060739412904), ('clean', 0.0010423060739412904), ('clean', 0.0010423060739412904), ('clean', 0.0010423060739412904))
TOXIC
[('Mä en ole koskaan lähettänyt työhakemusta',
  ((0.11405691504478455, 'label_identity_attack'),
   (0.962723433971405, 'label_insult'), (0.9917653203010559, 'label_obscene'),
   (0.8719615936279297, 'label_severe_toxicity'),
   (0.007009571418166161, 'label_threat'),
   (0.9900465607643127, 'label_toxicity')),
  ('toxic', 0.9917653203010559),
  (('label_insult', 0.962723433971405), ('label_obscene', 0.9917653203010559),
   ('label_severe_toxicity', 0.8719615936279297),
   ('label_toxicity', 0.9900465607643127))),
 ('5 eurolla kuussa saa Helsingissä noin neljä kuutiota vettä tai yli 100 '
  'litraa per päivä. Joko vesi on pohjoisemmassa hyvin kallista tai sitten '
  'siellä pestään koiraa niin paljon että se menee jo eläinrääkkäykseksi.\n',
  ((0.19739924371242523, 'label_identity_attack'),
   (0.9531179070472717, 'label_insult'), (0.9515141844749451, 'label_obscene'),
   (0.1362992227077484, 'label_severe_toxicity'),
   (0.02660517767071724, 'label_threat'),
   (0.9894459843635559, 'label_toxicity')),
  ('toxic', 0.9894459843635559),
  (('label_insult', 0.9531179070472717), ('label_obscene', 0.9515141844749451),
   ('label_toxicity', 0.9894459843635559))),
 ('Värinkin saa valita: Joko musta tai musta.',
  ((0.2973916232585907, 'label_identity_attack'),
   (0.9810565114021301, 'label_insult'), (0.9698486328125, 'label_obscene'),
   (0.6293579936027527, 'label_severe_toxicity'),
   (0.019403232261538506, 'label_threat'),
   (0.9890919923782349, 'label_toxicity')),
  ('toxic', 0.9890919923782349),
  (('label_insult', 0.9810565114021301), ('label_obscene', 0.9698486328125),
   ('label_toxicity', 0.9890919923782349))),
 ('Ei saa kerätä tietoja -&gt; Ei voi olla näyttöä -&gt; Ei voi saada lupaa '
  'kerätä tietoja -&gt; Ei saa kerätä tietoja',
  ((0.09692712128162384, 'label_identity_attack'),
   (0.9715963006019592, 'label_insult'), (0.9859078526496887, 'label_obscene'),
   (0.8296821117401123, 'label_severe_toxicity'),
   (0.010010644793510437, 'label_threat'),
   (0.9884600639343262, 'label_toxicity')),
  ('toxic', 0.9884600639343262),
  (('label_insult', 0.9715963006019592), ('label_obscene', 0.9859078526496887),
   ('label_severe_toxicity', 0.8296821117401123),
   ('label_toxicity', 0.9884600639343262))),
 ('Älä nyt, apinoillekin voi opettaa rahan arvon. Ja heti kun sen tajusivat '
  'niin ostivat seksiä :D\n'
  '\n'
  'http://www.zmescience.com/research/how-scientists-tught-monkeys-the-concept-of-money-not-long-after-the-first-prostitute-monkey-appeared/',
  ((0.02395225130021572, 'label_identity_attack'),
   (0.9492986798286438, 'label_insult'), (0.9834866523742676, 'label_obscene'),
   (0.19530178606510162, 'label_severe_toxicity'),
   (0.020606186240911484, 'label_threat'),
   (0.9874112010002136, 'label_toxicity')),
  ('toxic', 0.9874112010002136),
  (('label_insult', 0.9492986798286438), ('label_obscene', 0.9834866523742676),
   ('label_toxicity', 0.9874112010002136))),
 ('Mä en nää mitään',
  ((0.0747838020324707, 'label_identity_attack'),
   (0.9187073111534119, 'label_insult'), (0.9786251187324524, 'label_obscene'),
   (0.4514068365097046, 'label_severe_toxicity'),
   (0.00301730097271502, 'label_threat'),
   (0.9858078956604004, 'label_toxicity')),
  ('toxic', 0.9858078956604004),
  (('label_insult', 0.9187073111534119), ('label_obscene', 0.9786251187324524),
   ('label_toxicity', 0.9858078956604004))),
 ('Kiinanväki [on '
  'joutunut](https://www.chinadialogue.net/article/show/single/en/5193-Decline-of-bees-forces-China-s-apple-farmers-to-pollinate-by-hand) '
  'jo jonkin aikaa niihin hommiin.\n'
  '\n'
  'Katsotaan kuinka kauan naurattaa.\n'
  '\n'
  'top kek.',
  ((0.01925053261220455, 'label_identity_attack'),
   (0.9184382557868958, 'label_insult'), (0.9818036556243896, 'label_obscene'),
   (0.13914795219898224, 'label_severe_toxicity'),
   (0.0104517275467515, 'label_threat'),
   (0.9843968749046326, 'label_toxicity')),
  ('toxic', 0.9843968749046326),
  (('label_insult', 0.9184382557868958), ('label_obscene', 0.9818036556243896),
   ('label_toxicity', 0.9843968749046326))),
 ('Tyypillistä '
  '[paaterointia](http://jyrkivirolainen.blogspot.fi/2010/12/361-paatero-teki-sen-taas.html). '
  'Paatero on heti ensimmäisenä selittelemässä ettei poliisi ainakaan ole '
  'mokannut.',
  ((0.07897146791219711, 'label_identity_attack'),
   (0.8644695281982422, 'label_insult'), (0.9527460336685181, 'label_obscene'),
   (0.09080592542886734, 'label_severe_toxicity'),
   (0.012978123500943184, 'label_threat'),
   (0.9785885810852051, 'label_toxicity')),
  ('toxic', 0.9785885810852051),
  (('label_insult', 0.8644695281982422), ('label_obscene', 0.9527460336685181),
   ('label_toxicity', 0.9785885810852051))),
 ('Omatoimikassat täältä tullaan.',
  ((0.04499366506934166, 'label_identity_attack'),
   (0.7894004583358765, 'label_insult'), (0.9475809335708618, 'label_obscene'),
   (0.1854071468114853, 'label_severe_toxicity'),
   (0.002173558110371232, 'label_threat'),
   (0.9743209481239319, 'label_toxicity')),
  ('toxic', 0.9743209481239319),
  (('label_insult', 0.7894004583358765), ('label_obscene', 0.9475809335708618),
   ('label_toxicity', 0.9743209481239319))),
 ('Hä-vet-kää.',
  ((0.09200375527143478, 'label_identity_attack'),
   (0.8059054613113403, 'label_insult'), (0.9378911256790161, 'label_obscene'),
   (0.28138405084609985, 'label_severe_toxicity'),
   (0.0056740520521998405, 'label_threat'),
   (0.9739453792572021, 'label_toxicity')),
  ('toxic', 0.9739453792572021),
  (('label_insult', 0.8059054613113403), ('label_obscene', 0.9378911256790161),
   ('label_toxicity', 0.9739453792572021)))]
NEUTRAL
[('Joko kaikki menee hyvin tai sitten erittäin paskasti.',
  ((0.06270889192819595, 'label_identity_attack'),
   (0.3017626106739044, 'label_insult'), (0.5489627718925476, 'label_obscene'),
   (0.04988078400492668, 'label_severe_toxicity'),
   (0.006463906262069941, 'label_threat'),
   (0.7961730360984802, 'label_toxicity')),
  ('toxic', 0.7961730360984802), (('label_toxicity', 0.7961730360984802),)),
 ('Itse olen sitä mieltä että ainakin palomiehille ja rauhanturvatehtäviin '
  'ammattisotilaille voisi tarjota lääkärin ohjaamana ja valvomana '
  'steroidejakin. En nyt meinaa mitään 2kg testoa viikossa Mentula settejä, '
  'mutta sen verta että saisi vähäsen lisää kestävyyttä ja lihasmassaa samalla '
  'vaivalla.',
  ((0.016718855127692223, 'label_identity_attack'),
   (0.13959769904613495, 'label_insult'), (0.7239958047866821, 'label_obscene'),
   (0.01044583972543478, 'label_severe_toxicity'),
   (0.0029125562869012356, 'label_threat'),
   (0.7942840456962585, 'label_toxicity')),
  ('toxic', 0.7942840456962585), (('label_toxicity', 0.7942840456962585),)),
 ('Teillä siellä rapakon takana on selvä kaaos menossa ja sikiämässä. Joko '
  'syntyy uusi Warhammer-jumala sekoittamaan kaikki kodeekit ja Matti Wardin '
  'palikat?',
  ((0.15615004301071167, 'label_identity_attack'),
   (0.4698207378387451, 'label_insult'), (0.6291418075561523, 'label_obscene'),
   (0.15713296830654144, 'label_severe_toxicity'),
   (0.03344456106424332, 'label_threat'),
   (0.7939845323562622, 'label_toxicity')),
  ('toxic', 0.7939845323562622), (('label_toxicity', 0.7939845323562622),)),
 ('Boss makes a dollar, I make a dime.\n'
  "That's why I shit/reddit on company time.",
  ((0.168178990483284, 'label_identity_attack'),
   (0.49368903040885925, 'label_insult'),
   (0.27347123622894287, 'label_obscene'),
   (0.13146695494651794, 'label_severe_toxicity'),
   (0.12043999135494232, 'label_threat'),
   (0.7931931614875793, 'label_toxicity')),
  ('toxic', 0.7931931614875793), (('label_toxicity', 0.7931931614875793),)),
 ('Miksi Ukrainaan?',
  ((0.04201023653149605, 'label_identity_attack'),
   (0.271692156791687, 'label_insult'), (0.6763299107551575, 'label_obscene'),
   (0.07502695918083191, 'label_severe_toxicity'),
   (0.006233556661754847, 'label_threat'),
   (0.7914732098579407, 'label_toxicity')),
  ('toxic', 0.7914732098579407), (('label_toxicity', 0.7914732098579407),)),
 ('" mittaristona toimii muun muassa vakinaisten työsuhteiden solmimisen '
  'määrä”\n'
  '\n'
  'Muun muassa epäilyttää...',
  ((0.5014433860778809, 'label_identity_attack'),
   (0.410654217004776, 'label_insult'), (0.5912668704986572, 'label_obscene'),
   (0.20144061744213104, 'label_severe_toxicity'),
   (0.04235110804438591, 'label_threat'),
   (0.7902894020080566, 'label_toxicity')),
  ('toxic', 0.7902894020080566), (('label_toxicity', 0.7902894020080566),)),
 ('Mitä puoluetta nukkuvien pitäisi äänestää?\n'
  '\n'
  'Minusta nukkuvat ovat ennen kaikkea se porukka, jolle puoluepolitiikalla ei '
  'ole mitään annettavaa. Joko omat näkemykset hajoavat niin ettei yksikään '
  'puolue asetu sopivaan valoon, tai koko systeemiin ei vain luoteta. '
  'Millainen puolue voisi ylipäätään vastata näihin tarpeisiin?',
  ((0.0239776149392128, 'label_identity_attack'),
   (0.20518600940704346, 'label_insult'),
   (0.39876261353492737, 'label_obscene'),
   (0.0050946385599672794, 'label_severe_toxicity'),
   (0.0033756738994270563, 'label_threat'),
   (0.7893490195274353, 'label_toxicity')),
  ('toxic', 0.7893490195274353), (('label_toxicity', 0.7893490195274353),)),
 ('Järjestelyllä Fortumin ei tarvitse sijoittaa lisää rahaa omistamaansa '
  'vesivoimayhtiöön Venäjällä. Sen velat järjestellään uudelleen ja Fortum saa '
  'vesivoimaa läheltä Suomea yli kymmenen teravattituntia. \n'
  '\n'
  'Kyllä Rosatom ja Fortum varmaan näkivät tässä hyvin mahdollisuuden tehdä '
  'molempia hyödyttävä diili. ',
  ((0.02910729870200157, 'label_identity_attack'),
   (0.13789984583854675, 'label_insult'),
   (0.44553083181381226, 'label_obscene'),
   (0.0028294133953750134, 'label_severe_toxicity'),
   (0.0014353038277477026, 'label_threat'),
   (0.788934051990509, 'label_toxicity')),
  ('toxic', 0.788934051990509), (('label_toxicity', 0.788934051990509),)),
 ('Suomen kielen merkitys on tippunut aika paljon, kiitos netin. Ymmärrän että '
  'käännetty teksti oli arvossaan silloin kun Kekkonen kertoi totuuden ja Uusi '
  'Suomi/HS olivat ainoat "tiedon" lähteet. Nykyään taas jää oikeastaan '
  'kaikesta paitsi jos ei osaa englantia. Lukee vain sitä hesaria ja käy '
  'mtv3:n nettisivuilla.\n'
  '\n'
  'Monille englannin lukeminen on niin tuttua koska suurin osa länsimaisten '
  'ihmisten lukemasta netissä olevasta materiaalista on englanniksi. Muutaman '
  'kirjan kun lukee niin ei sitä enää tule mieleenkään ostaa suomeksi '
  'käännettyjä versioita. Poikkeuksena ehkä sellaiset kirjat joissa on paljon '
  'outoja sanoja/sanontoja.\n'
  '\n'
  'Mutta onnea kääntäjälle. Toivotaan että huonolaatuiset käännökset jäävät '
  'kauppojen hyllyihin niin ammattilaisilla riittää töitä.',
  ((0.016163120046257973, 'label_identity_attack'),
   (0.16613486409187317, 'label_insult'), (0.6237505674362183, 'label_obscene'),
   (0.009425082243978977, 'label_severe_toxicity'),
   (0.0033704466186463833, 'label_threat'),
   (0.7845224142074585, 'label_toxicity')),
  ('toxic', 0.7845224142074585), (('label_toxicity', 0.7845224142074585),)),
 ('Käypäs poliisin juttusilla. Kuulostaa aika hämärältä. Joko joku yrittää '
  'saada sinut maksamaan jostain olemattomasta virallisen näköisellä '
  'kirjeellä, tai sitten jollakin on/on ollut pääsy tietoihisi.\n'
  '\n'
  'Voi tietysti vielä olla, että joku on möhlinyt perintätoimistossa oikein '
  'helvetin urakalla ja pistänyt väärälle henkilölle laskua.',
  ((0.02556231990456581, 'label_identity_attack'),
   (0.20812253654003143, 'label_insult'), (0.5261359810829163, 'label_obscene'),
   (0.004964437801390886, 'label_severe_toxicity'),
   (0.0015511917881667614, 'label_threat'),
   (0.7803806066513062, 'label_toxicity')),
  ('toxic', 0.7803806066513062), (('label_toxicity', 0.7803806066513062),)),
 ('Elokuvateattereiden auloissahan noita on, Helsingin Kinopalatsissa ja '
  'Tennispalatsissa ainakin.\n'
  '\n'
  'Huomasin itse asiassa juuri tänään, että Kinopalatsissa on sillä '
  'metroaseman suuntaan vievällä käytävällä yhdistetty Ms. Pacman / Galaga '
  '-kone. Täytyy käydä testaamassa joku päivä.',
  ((0.15912379324436188, 'label_identity_attack'),
   (0.4791581928730011, 'label_insult'), (0.5203091502189636, 'label_obscene'),
   (0.12757228314876556, 'label_severe_toxicity'),
   (0.04201266169548035, 'label_threat'),
   (0.7777137756347656, 'label_toxicity')),
  ('toxic', 0.7777137756347656), (('label_toxicity', 0.7777137756347656),)),
 ('Kovasti on tyypillä väitteitä tapahtumasta, mutta kaikki kommentteja tukeva '
  'videomateriaali puuttuu. Harmi ettei heillä ilmeisesti vielä 2010-luvulla '
  'ole resursseja videoiden muodossa tukemaan kyseistä kahakkaa.',
  ((0.3875766396522522, 'label_identity_attack'),
   (0.4513237774372101, 'label_insult'), (0.4443974494934082, 'label_obscene'),
   (0.15220032632350922, 'label_severe_toxicity'),
   (0.05001232400536537, 'label_threat'),
   (0.7752993106842041, 'label_toxicity')),
  ('toxic', 0.7752993106842041), (('label_toxicity', 0.7752993106842041),)),
 ('Speaks perfect English, then tries to kill you with a vodka bottle. Welcome '
  'to Finland.\n'
  '\n'
  "Edit: I kid, I kid. The Finns are a lovely bunch. Don't hurt me.",
  ((0.014760381542146206, 'label_identity_attack'),
   (0.1855839490890503, 'label_insult'), (0.0720079094171524, 'label_obscene'),
   (0.003962223418056965, 'label_severe_toxicity'),
   (0.054174941033124924, 'label_threat'),
   (0.7729029059410095, 'label_toxicity')),
  ('toxic', 0.7729029059410095), (('label_toxicity', 0.7729029059410095),)),
 ('Näkevätkö haltijasilmäni Kariniemen yrtti-valkosipuli minuuttipihvit? ',
  ((0.08698629587888718, 'label_identity_attack'),
   (0.3301023542881012, 'label_insult'), (0.5946487188339233, 'label_obscene'),
   (0.09367512911558151, 'label_severe_toxicity'),
   (0.017138168215751648, 'label_threat'),
   (0.7712225317955017, 'label_toxicity')),
  ('toxic', 0.7712225317955017), (('label_toxicity', 0.7712225317955017),)),
 ('[Nyt '
  'aukesi](https://s-media-cache-ak0.pinimg.com/originals/a4/97/7a/a4977af92fb345ccca2ede3e3d495533.jpg)',
  ((0.12586507201194763, 'label_identity_attack'),
   (0.39848825335502625, 'label_insult'), (0.6039642691612244, 'label_obscene'),
   (0.14330580830574036, 'label_severe_toxicity'),
   (0.04059465602040291, 'label_threat'),
   (0.7657896876335144, 'label_toxicity')),
  ('toxic', 0.7657896876335144), (('label_toxicity', 0.7657896876335144),)),
 ('&gt;Ei tämä liity Sputnik-mediaan. \n\nJoo-ei. Muunneltua totuutta pukkaa.',
  ((0.46928277611732483, 'label_identity_attack'),
   (0.43686097860336304, 'label_insult'), (0.4817584753036499, 'label_obscene'),
   (0.18267492949962616, 'label_severe_toxicity'),
   (0.08219219744205475, 'label_threat'),
   (0.7643486261367798, 'label_toxicity')),
  ('toxic', 0.7643486261367798), (('label_toxicity', 0.7643486261367798),)),
 ('Surround sound is the tool of the devil!',
  ((0.07426775246858597, 'label_identity_attack'),
   (0.34360456466674805, 'label_insult'), (0.5298317670822144, 'label_obscene'),
   (0.08011136204004288, 'label_severe_toxicity'),
   (0.021137678995728493, 'label_threat'),
   (0.7615180015563965, 'label_toxicity')),
  ('toxic', 0.7615180015563965), (('label_toxicity', 0.7615180015563965),)),
 ('Tuomioistuin kasaan! Todisteet pöytään!',
  ((0.06185893341898918, 'label_identity_attack'),
   (0.3278152346611023, 'label_insult'), (0.6585649251937866, 'label_obscene'),
   (0.11066985130310059, 'label_severe_toxicity'),
   (0.013645028695464134, 'label_threat'),
   (0.7610133290290833, 'label_toxicity')),
  ('toxic', 0.7610133290290833), (('label_toxicity', 0.7610133290290833),)),
 ('Joko se tai sitten sinusta tulee rap-artisti.',
  ((0.11545978486537933, 'label_identity_attack'),
   (0.32289987802505493, 'label_insult'), (0.4335186183452606, 'label_obscene'),
   (0.06804469972848892, 'label_severe_toxicity'),
   (0.0144177982583642, 'label_threat'),
   (0.7606057524681091, 'label_toxicity')),
  ('toxic', 0.7606057524681091), (('label_toxicity', 0.7606057524681091),)),
 ('Heikki unohtaa sen tärkeän pointin että kaiken tämän aloitti Venäjä '
  'valtaamalla Krimin. Siitä seuranneet valmiudenkohotukset ja pakotteet ovat '
  'reagointia tähän. \n'
  '\n'
  'Toisekseen Patomäki myös kertoo näkevänsä Ukrainan kuuluvan Venäjään '
  'kolmanneksi viimeisessä kappaleessa. \n'
  '\n'
  'On myös hienoa puhua värien maailmasta. Tosin sitä geopoliittista realismia '
  'on että värifiltterit tulevat joko idästä tai lännestä. ',
  ((0.02388349361717701, 'label_identity_attack'),
   (0.11450542509555817, 'label_insult'), (0.475596159696579, 'label_obscene'),
   (0.005941519979387522, 'label_severe_toxicity'),
   (0.00426150718703866, 'label_threat'),
   (0.7601895928382874, 'label_toxicity')),
  ('toxic', 0.7601895928382874), (('label_toxicity', 0.7601895928382874),))]
[('Päälle päin tuo esimerkkirakennus tosiaan näyttää enemmän 80-lukulaiselta '
  'kuin 60-lukulaiselta.\n'
  '\n'
  'Mitä vanhempiin tulee - [Helsingin '
  'näyte.](https://c2.staticflickr.com/4/3947/15533096610_73e57bbea5_b.jpg)',
  ((0.12076631933450699, 'label_identity_attack'),
   (0.39244869351387024, 'label_insult'), (0.6243526935577393, 'label_obscene'),
   (0.15746930241584778, 'label_severe_toxicity'),
   (0.04802568629384041, 'label_threat'),
   (0.7585909962654114, 'label_toxicity')),
  ('clean', 0.7585909962654114), ()),
 ('Virhe on tapahtunut jo siinä vaiheessa jos odottaa Iltalehdeltä '
  'laatujournalismia. Protip: suomalaisia iltapäivälehtiä ei tarvitse lukea.',
  ((0.1312454491853714, 'label_identity_attack'),
   (0.42190203070640564, 'label_insult'), (0.618897557258606, 'label_obscene'),
   (0.15853887796401978, 'label_severe_toxicity'),
   (0.03664332628250122, 'label_threat'),
   (0.7570556402206421, 'label_toxicity')),
  ('clean', 0.7570556402206421), ()),
 ('On se sentään kiva, että kaupan alan lakko peruuntui ja kaupat pysyvät auki '
  '- harmi vaan ettei niistä kohta enää saa mitään! ',
  ((0.11102524399757385, 'label_identity_attack'),
   (0.3599839508533478, 'label_insult'), (0.5905229449272156, 'label_obscene'),
   (0.1303056925535202, 'label_severe_toxicity'),
   (0.03280166536569595, 'label_threat'),
   (0.7568918466567993, 'label_toxicity')),
  ('clean', 0.7568918466567993), ()),
 ('ei varmasti vika, mutta kummasti epäilen että auttaisi jos ei tulisi '
  '"out-of-blue" 2500e perintöjä VALTIOLTA jonka pitäisi ehkä osata hommansa',
  ((0.07019773870706558, 'label_identity_attack'),
   (0.34891194105148315, 'label_insult'), (0.5240929126739502, 'label_obscene'),
   (0.0817832201719284, 'label_severe_toxicity'),
   (0.014738719910383224, 'label_threat'),
   (0.7536792755126953, 'label_toxicity')),
  ('clean', 0.7536792755126953), ()),
 ('Kyllä se vaan on niin, että ulkomaalaiset ei ymmärrä meidän olosuhteita. '
  'Nastarenkaista ja kalsarikänneistä aiheutuvien kulujen takia emme '
  'todellakaan voi soveltaa mitään tyhmiä ulkomaisia kysynnän ja tarjonnan '
  'lakeja. Ei täällä pohjoisen maassa ole itsestään selvää että velkaantuminen '
  'olisi muka joissain määrin hyväksyttävää jonkun "muun talouden" takia.\n'
  '\n'
  '/s',
  ((0.012952481396496296, 'label_identity_attack'),
   (0.12358488887548447, 'label_insult'),
   (0.43688300251960754, 'label_obscene'),
   (0.004251436796039343, 'label_severe_toxicity'),
   (0.00422423193231225, 'label_threat'),
   (0.7507268190383911, 'label_toxicity')),
  ('clean', 0.7507268190383911), ()),
 ('[Suomeksi käännettynä](http://www.apokalauta.org/a/res/15714.html)',
  ((0.09158206731081009, 'label_identity_attack'),
   (0.35329362750053406, 'label_insult'), (0.6563337445259094, 'label_obscene'),
   (0.13035230338573456, 'label_severe_toxicity'),
   (0.021390318870544434, 'label_threat'),
   (0.7488738298416138, 'label_toxicity')),
  ('clean', 0.7488738298416138), ()),
 ('En tiedä kumpi naurattaa enemmän. Elinkautista istuvien murhaajien '
  'vartioimattomat lomat vai 15 kuukauden vankeustuomio 4-vuotiaan '
  'raiskaamisesta.',
  ((0.19519095122814178, 'label_identity_attack'),
   (0.41214290261268616, 'label_insult'), (0.5620109438896179, 'label_obscene'),
   (0.16090881824493408, 'label_severe_toxicity'),
   (0.06947959959506989, 'label_threat'),
   (0.7462729811668396, 'label_toxicity')),
  ('clean', 0.7462729811668396), ()),
 ('&gt;jos vegaanin ja Hitlerin tekstit on riittävän samanlaiset, riippumatta '
  'sisällöstä\n'
  '\n'
  'Sulla on nyt ajatukset kovasti mutkalla. ',
  ((0.14780163764953613, 'label_identity_attack'),
   (0.3243824541568756, 'label_insult'), (0.5958943367004395, 'label_obscene'),
   (0.1400008648633957, 'label_severe_toxicity'),
   (0.027055542916059494, 'label_threat'),
   (0.7460530400276184, 'label_toxicity')),
  ('clean', 0.7460530400276184), ()),
 ('Vaikka Ferrarin lippu ja tyynyliina, niin silti toimittaja ei tajunnu kysyä '
  'Rumbinin mielipidettä Kimin Ferrari diilistä!?',
  ((0.10902468860149384, 'label_identity_attack'),
   (0.3643481433391571, 'label_insult'), (0.6296020150184631, 'label_obscene'),
   (0.15381622314453125, 'label_severe_toxicity'),
   (0.030609769746661186, 'label_threat'),
   (0.745978832244873, 'label_toxicity')),
  ('clean', 0.745978832244873), ()),
 ('Lääkäreitä koulutettiin 1990-luvulla liian vähän ja nyt koulutettavissa on '
  'naisia liikaa.\xa0Naiset eivät tykkää tehdä hulluna töitä, kun taas '
  'kunnissa on totuttu lääkäreihin, jotka tekevät 80 tuntia viikossa ja '
  'päivystykset päälle. Muutenkin nykyisin arvostetaan vapaa-aikaa eri tavalla '
  'ja halutaan saada siitä kunnon korvaus. Jos veroihin menee 60\xa0% tai yli, '
  'ei kiinnosta, joten lisätulot tavataan hoitaa lakialalla innovoiduilla '
  'tavoilla pääomatuloiksi.',
  ((0.011497728526592255, 'label_identity_attack'),
   (0.12782305479049683, 'label_insult'),
   (0.36853519082069397, 'label_obscene'),
   (0.006069568917155266, 'label_severe_toxicity'),
   (0.008815711364150047, 'label_threat'),
   (0.74567049741745, 'label_toxicity')),
  ('clean', 0.74567049741745), ()),
 ('Olis hienoa jos tämä saatais käännetty englanniksi. Kerrankin todella hyvä '
  'kirjoitus YLE:tä.',
  ((0.10184881091117859, 'label_identity_attack'),
   (0.3444576859474182, 'label_insult'), (0.5095411539077759, 'label_obscene'),
   (0.09499067068099976, 'label_severe_toxicity'),
   (0.04778338596224785, 'label_threat'),
   (0.7426538467407227, 'label_toxicity')),
  ('clean', 0.7426538467407227), ()),
 ('Informatiivinen sarjakuva Syyrian kuivuudesta yms: '
  'http://www.upworthy.com/trying-to-follow-what-is-going-on-in-syria-and-why-this-comic-will-get-you-there-in-5-minutes?g=7&amp;c=ufb1\n',
  ((0.026753216981887817, 'label_identity_attack'),
   (0.15993815660476685, 'label_insult'),
   (0.21838007867336273, 'label_obscene'),
   (0.010825947858393192, 'label_severe_toxicity'),
   (0.030379876494407654, 'label_threat'),
   (0.741204559803009, 'label_toxicity')),
  ('clean', 0.741204559803009), ()),
 ("Don't let your dreams be dreams.",
  ((0.14653070271015167, 'label_identity_attack'),
   (0.3589061200618744, 'label_insult'), (0.2538600265979767, 'label_obscene'),
   (0.05788719654083252, 'label_severe_toxicity'),
   (0.029685135930776596, 'label_threat'),
   (0.7409815788269043, 'label_toxicity')),
  ('clean', 0.7409815788269043), ()),
 ('Tässä vaiheessa haluaisin muistuttaa, että Michio Kaku (vaikka viihdyttävä '
  'onkin), tykkää liiotella ja muokkaa asioita oman näkemyksensä eduksi. Sen '
  'lisäksi Kaku on käsittämättömän optimistinen hyvin monista tieteessä '
  'tapahtuvista asioista. Hyvällä tarkoituksella tosin, hän yrittää vain saada '
  'ihmisiä kiinnostumaan tieteestä. Mutta kun puhutaan kovasta tieteestä, niin '
  'en hänen sanaan luottaisi.',
  ((0.013943996280431747, 'label_identity_attack'),
   (0.1178654134273529, 'label_insult'), (0.5566424131393433, 'label_obscene'),
   (0.005807650741189718, 'label_severe_toxicity'),
   (0.003233463503420353, 'label_threat'),
   (0.7382877469062805, 'label_toxicity')),
  ('clean', 0.7382877469062805), ()),
 ('Varoufakis yritti tehdä kiusaa 50 miljardin vakausjärjestelmää '
  'hallinnoivalle johdolle ja nyt ratsastaa populismin aallonharjalla '
  'keräämässä irtopisteitä sillä hiekkalaatikkoleikkimäinen paskanheittonsa ei '
  'onnistunut. Ei ihme että Kreikka on siinä tilassa kun on päättäjien ollessa '
  'tällaisia pellejä.',
  ((0.3494799733161926, 'label_identity_attack'),
   (0.17428219318389893, 'label_insult'),
   (0.24604357779026031, 'label_obscene'),
   (0.009714539162814617, 'label_severe_toxicity'),
   (0.004923136904835701, 'label_threat'),
   (0.7380852699279785, 'label_toxicity')),
  ('clean', 0.7380852699279785), ()),
 ('Wettenhovi-Aspa on mun idoli.\n',
  ((0.15447115898132324, 'label_identity_attack'),
   (0.3915642201900482, 'label_insult'), (0.4947785437107086, 'label_obscene'),
   (0.15602625906467438, 'label_severe_toxicity'),
   (0.08454283326864243, 'label_threat'),
   (0.7364546060562134, 'label_toxicity')),
  ('clean', 0.7364546060562134), ()),
 ('Sen perusteella mitä joskus jaksoin netistä kaivaa ja olen kuullut, niin en '
  'tuomiota vääryytenä koe..\n',
  ((0.13187122344970703, 'label_identity_attack'),
   (0.3646513819694519, 'label_insult'), (0.6262446045875549, 'label_obscene'),
   (0.18534795939922333, 'label_severe_toxicity'),
   (0.04724292829632759, 'label_threat'),
   (0.7360777854919434, 'label_toxicity')),
  ('clean', 0.7360777854919434), ()),
 ('The Guardianin juttu viime vuodelta sääntöjen kiristyksestä:\n'
  'http://www.theguardian.com/world/2014/aug/04/catalonia-holland-of-south-tightens-rules-barcelona-cannabis-clubs\n'
  '\n'
  'Eli hieman osuuskuntamainen systeemi jossa klubi kasvattaa tavaran '
  'jäsenilleen ja tarjoaa tilat nautiskelulle. Viime vuonna klubeja oli  '
  'reilut 700 joista yli puolet Barcelonassa. Jäseniä yhteensä 165000 ja '
  'myyntiä (arviolta) viiden miljoonan euron edestä kuussa.\n',
  ((0.012740209698677063, 'label_identity_attack'),
   (0.14233766496181488, 'label_insult'),
   (0.44889357686042786, 'label_obscene'),
   (0.0075772306881845, 'label_severe_toxicity'),
   (0.008926840499043465, 'label_threat'),
   (0.7357398271560669, 'label_toxicity')),
  ('clean', 0.7357398271560669), ()),
 ('Väyrynen on Suomen Jason Voerhees. Siitä luulee päässeensä jo eroon, kun '
  'nurkan takaa näkyy taas lähestyvä varjo... Sen voi vaikka ampua avaruuteen, '
  'mutta takaisin se tulee kuitenkin. ',
  ((0.008488725870847702, 'label_identity_attack'),
   (0.0852455273270607, 'label_insult'), (0.47650545835494995, 'label_obscene'),
   (0.0034447647631168365, 'label_severe_toxicity'),
   (0.0029615641105920076, 'label_threat'),
   (0.7312630414962769, 'label_toxicity')),
  ('clean', 0.7312630414962769), ()),
 ('Tuntuu pahalta että naurahdin käyttäjänimelles tällaisessa postauksessa',
  ((0.1785116344690323, 'label_identity_attack'),
   (0.4382478892803192, 'label_insult'), (0.3078429698944092, 'label_obscene'),
   (0.1328401416540146, 'label_severe_toxicity'),
   (0.09797701984643936, 'label_threat'),
   (0.7308986186981201, 'label_toxicity')),
  ('clean', 0.7308986186981201), ())]
CLEAN
[('Viski.\n\n\\#EnsimmäisenMaailmanAnarkisti',
  ((0.00030325312400236726, 'label_identity_attack'),
   (0.00035435930476523936, 'label_insult'),
   (0.0005247118533588946, 'label_obscene'),
   (0.0002905586443375796, 'label_severe_toxicity'),
   (0.0002453678462188691, 'label_threat'),
   (0.0007776864804327488, 'label_toxicity')),
  ('clean', 0.0007776864804327488), ()),
 ('Tuokaa molotoveja.',
  ((0.0003549743560142815, 'label_identity_attack'),
   (0.0003952796396333724, 'label_insult'),
   (0.0005680499598383904, 'label_obscene'),
   (0.0003380386915523559, 'label_severe_toxicity'),
   (0.000293442775728181, 'label_threat'),
   (0.0007764421170577407, 'label_toxicity')),
  ('clean', 0.0007764421170577407), ()),
 ('Maksoiko alle miltsin?',
  ((0.00036385777639225125, 'label_identity_attack'),
   (0.0004054205201100558, 'label_insult'),
   (0.0005546939792111516, 'label_obscene'),
   (0.00034439831506460905, 'label_severe_toxicity'),
   (0.00028460827888920903, 'label_threat'),
   (0.0007732658996246755, 'label_toxicity')),
  ('clean', 0.0007732658996246755), ()),
 ('Hieno on! \n\n',
  ((0.000376500393031165, 'label_identity_attack'),
   (0.0004038016777485609, 'label_insult'),
   (0.0005525400047190487, 'label_obscene'),
   (0.0003417031548451632, 'label_severe_toxicity'),
   (0.000308464776026085, 'label_threat'),
   (0.0007722905138507485, 'label_toxicity')),
  ('clean', 0.0007722905138507485), ()),
 ('\\#salaisuus\n\n\n\n\n\n',
  ((0.00038956914795562625, 'label_identity_attack'),
   (0.0004216556844767183, 'label_insult'),
   (0.0005876073846593499, 'label_obscene'),
   (0.0003744093992281705, 'label_severe_toxicity'),
   (0.0003065886558033526, 'label_threat'),
   (0.0007711043581366539, 'label_toxicity')),
  ('clean', 0.0007711043581366539), ()),
 ('Liberaalit eivät siis ymmärrä sinua, mutta kuka ymmärtää? Anarkistit? '
  'Kaadetaan kapitalismi varastamalla yrittäjiltä? ',
  ((0.0003305596183054149, 'label_identity_attack'),
   (0.00038113657501526177, 'label_insult'),
   (0.0005582779413089156, 'label_obscene'),
   (0.00032099371310323477, 'label_severe_toxicity'),
   (0.00028760029817931354, 'label_threat'),
   (0.0007694729720242321, 'label_toxicity')),
  ('clean', 0.0007694729720242321), ()),
 ('telnet on ihan ok, jos haluat että tililtä katoaa rahat.',
  ((0.0003363506984896958, 'label_identity_attack'),
   (0.0003890864609275013, 'label_insult'),
   (0.000540731125511229, 'label_obscene'),
   (0.0003044118348043412, 'label_severe_toxicity'),
   (0.0002679238677956164, 'label_threat'),
   (0.0007675074739381671, 'label_toxicity')),
  ('clean', 0.0007675074739381671), ()),
 ('konteksti?',
  ((0.00035719480365514755, 'label_identity_attack'),
   (0.00039619242306798697, 'label_insult'),
   (0.0005616334383375943, 'label_obscene'),
   (0.0003448124334681779, 'label_severe_toxicity'),
   (0.0002942327701020986, 'label_threat'),
   (0.0007566916756331921, 'label_toxicity')),
  ('clean', 0.0007566916756331921), ()),
 ('yhdys sana',
  ((0.0003806177119258791, 'label_identity_attack'),
   (0.0004015011654701084, 'label_insult'),
   (0.0005618583527393639, 'label_obscene'),
   (0.0003502159670460969, 'label_severe_toxicity'),
   (0.00030050030909478664, 'label_threat'),
   (0.0007527273846790195, 'label_toxicity')),
  ('clean', 0.0007527273846790195), ()),
 ('Nostavat varmaan perintöveroa',
  ((0.0002943699946627021, 'label_identity_attack'),
   (0.00035832764115184546, 'label_insult'),
   (0.0005083478754386306, 'label_obscene'),
   (0.00028834352269768715, 'label_severe_toxicity'),
   (0.00024901755386963487, 'label_threat'),
   (0.0007406552322208881, 'label_toxicity')),
  ('clean', 0.0007406552322208881), ())]
END: ma 29.8.2022 15.27.23 +0300
