START: Sun Sep  4 17:56:19 EEST 2022
Namespace(data='data/reddit-Suomi.jsonl', model='models/multilingual-multi-tr', threshold=0.76, tokenizer='xlm-roberta-base', type='multi')
        text
0  [deleted]
1  [deleted]
2  [deleted]
3  [deleted]
4  [deleted]
200000
[[0.00016616231005173177, 0.00024675624445080757, 0.00034558348124846816, 0.00012975276331417263, 0.00018715120677370578, 0.0007896244642324746], [0.00016616231005173177, 0.00024675624445080757, 0.00034558348124846816, 0.00012975276331417263, 0.00018715120677370578, 0.0007896244642324746], [0.00016616231005173177, 0.00024675624445080757, 0.00034558348124846816, 0.00012975276331417263, 0.00018715120677370578, 0.0007896244642324746], [0.00016616231005173177, 0.00024675624445080757, 0.00034558348124846816, 0.00012975276331417263, 0.00018715120677370578, 0.0007896244642324746], [0.00016616231005173177, 0.00024675624445080757, 0.00034558348124846816, 0.00012975276331417263, 0.00018715120677370578, 0.0007896244642324746], [0.00016073897131718695, 0.00024269448476843536, 0.0003474592522252351, 0.00011683374759741127, 0.00017511479381937534, 0.0008552317740395665], [0.00016616231005173177, 0.00024675624445080757, 0.00034558348124846816, 0.00012975276331417263, 0.00018715120677370578, 0.0007896244642324746], [0.00017283174383919686, 0.00026421796064823866, 0.00038813918945379555, 8.428472938248888e-05, 0.00016817533469293267, 0.0013296150136739016], [0.00017119715630542487, 0.000247337797190994, 0.0003393587248865515, 0.00013166642747819424, 0.00018940870359074324, 0.000782170332968235], [0.0001601157709956169, 0.00024304786347784102, 0.00034937410964630544, 0.00011086968152085319, 0.00017158512491732836, 0.0008973979274742305]]
[array([0., 0., 0., 0., 0., 0.]), array([0., 0., 0., 0., 0., 0.]), array([0., 0., 0., 0., 0., 0.]), array([0., 0., 0., 0., 0., 0.]), array([0., 0., 0., 0., 0., 0.]), array([0., 0., 0., 0., 0., 0.]), array([0., 0., 0., 0., 0., 0.]), array([0., 0., 0., 0., 0., 0.]), array([0., 0., 0., 0., 0., 0.]), array([0., 0., 0., 0., 0., 0.])]
[(), (), (), (), (), (), (), (), (), (), (), (), (), (), (), (), (), (), (), ()]
(('clean', 0.0007896244642324746), ('clean', 0.0007896244642324746), ('clean', 0.0007896244642324746), ('clean', 0.0007896244642324746), ('clean', 0.0007896244642324746))
TOXIC
[('Liiku vitun läski, vituttaa sitten vähemmän vanhempana kun löysää nahkaa '
  'olis vaikka nahkurille jakaa, kun se läski sitten lopulta pistettiin '
  'liikkumaan.',
  ((0.5693150758743286, 'label_identity_attack'),
   (0.9877839684486389, 'label_insult'), (0.9968696236610413, 'label_obscene'),
   (0.9630804657936096, 'label_severe_toxicity'),
   (0.22017739713191986, 'label_threat'),
   (0.9983441829681396, 'label_toxicity')),
  ('toxic', 0.9983441829681396),
  (('label_insult', 0.9877839684486389), ('label_obscene', 0.9968696236610413),
   ('label_severe_toxicity', 0.9630804657936096),
   ('label_toxicity', 0.9983441829681396))),
 ('VITUN VR VITTU! MIKÄ HELVETTI SII ON ETTÄ VIELÄKIN PERUTAAN JOKA SAATANAN '
  'TOINEN P-JUNA. SAATANAN TUNARIT, VITTU! ',
  ((0.2241610288619995, 'label_identity_attack'),
   (0.9817562103271484, 'label_insult'), (0.997413694858551, 'label_obscene'),
   (0.9813390374183655, 'label_severe_toxicity'),
   (0.14362438023090363, 'label_threat'),
   (0.9982202649116516, 'label_toxicity')),
  ('toxic', 0.9982202649116516),
  (('label_insult', 0.9817562103271484), ('label_obscene', 0.997413694858551),
   ('label_severe_toxicity', 0.9813390374183655),
   ('label_toxicity', 0.9982202649116516))),
 ('Vittu miten syvällä perseessä nämä muka kansanterveyden ystävät pitävät '
  'päitään. Imekää paskaa, korruptoituneet mulkut.',
  ((0.22117598354816437, 'label_identity_attack'),
   (0.985037624835968, 'label_insult'), (0.997204601764679, 'label_obscene'),
   (0.9566196203231812, 'label_severe_toxicity'),
   (0.08099547028541565, 'label_threat'),
   (0.9981903433799744, 'label_toxicity')),
  ('toxic', 0.9981903433799744),
  (('label_insult', 0.985037624835968), ('label_obscene', 0.997204601764679),
   ('label_severe_toxicity', 0.9566196203231812),
   ('label_toxicity', 0.9981903433799744))),
 ('Meno vitun uhmateini. "Ai kiellätte tän, NO ME VITTU TEHDÄÄN SE SITTEN '
  'PORUKALLA SUN EESSÄ". Hyvä tapa saada itsenne naurun kohteeksi edistämättä '
  'asiaanne yhtään mitenkään.',
  ((0.2487223744392395, 'label_identity_attack'),
   (0.9827281832695007, 'label_insult'), (0.9972127079963684, 'label_obscene'),
   (0.9748894572257996, 'label_severe_toxicity'),
   (0.18121829628944397, 'label_threat'),
   (0.9981663823127747, 'label_toxicity')),
  ('toxic', 0.9981663823127747),
  (('label_insult', 0.9827281832695007), ('label_obscene', 0.9972127079963684),
   ('label_severe_toxicity', 0.9748894572257996),
   ('label_toxicity', 0.9981663823127747))),
 ('Vittu tää koko paikka on täynnä näitä vitun hesehippejä, kunnon '
  'aspergereitä kaikki. \n'
  '\n'
  'Mies, 19, pönde. Jos voisin valita ni spurdo spördettäisin the fuck out of '
  'this place, mut ei, kaikenmaailman lukiofilosofit tulee tänne ja aspergeroi '
  'niinku jotaki oikeesti kiinnostais. Meno ihan vitun nelisilmähikky. Ainut '
  'syy miks oon subscribannu tänne on että vois rasautella rusinoita, tää '
  'paikka on mulle ku /r/rage, paitsi käyttäjät vituttaa. Pyörin redditissä '
  'vain koska ainut paikka mistä löytyy sopivasti oc:ta\n'
  '\n'
  'AP on homo',
  ((0.4546259045600891, 'label_identity_attack'),
   (0.9875955581665039, 'label_insult'), (0.9965008497238159, 'label_obscene'),
   (0.9450128674507141, 'label_severe_toxicity'),
   (0.13881735503673553, 'label_threat'),
   (0.9981651902198792, 'label_toxicity')),
  ('toxic', 0.9981651902198792),
  (('label_insult', 0.9875955581665039), ('label_obscene', 0.9965008497238159),
   ('label_severe_toxicity', 0.9450128674507141),
   ('label_toxicity', 0.9981651902198792))),
 ('Fuck capital, fuck the Babylon systsem! 4/21 liekitä sitä, homotin!',
  ((0.5858294367790222, 'label_identity_attack'),
   (0.9880834221839905, 'label_insult'), (0.9962109327316284, 'label_obscene'),
   (0.9310446381568909, 'label_severe_toxicity'),
   (0.11917778849601746, 'label_threat'),
   (0.9981491565704346, 'label_toxicity')),
  ('toxic', 0.9981491565704346),
  (('label_insult', 0.9880834221839905), ('label_obscene', 0.9962109327316284),
   ('label_severe_toxicity', 0.9310446381568909),
   ('label_toxicity', 0.9981491565704346))),
 ('Vitun vitun vitun vitun vitun vittu. Koitappa nyt rauhottua siellä. Pitäisi '
  'selkeästi olla jokin kypsyyskoe ajokortin saamiseksi. Kaikki eivät '
  'selkeästi ole kypsiä liikkumaan monen tonnin masiinassa muiden ihmisten '
  'joukossa.',
  ((0.18882422149181366, 'label_identity_attack'),
   (0.9783323407173157, 'label_insult'), (0.9974238872528076, 'label_obscene'),
   (0.9798740744590759, 'label_severe_toxicity'),
   (0.12613309919834137, 'label_threat'),
   (0.9981318116188049, 'label_toxicity')),
  ('toxic', 0.9981318116188049),
  (('label_insult', 0.9783323407173157), ('label_obscene', 0.9974238872528076),
   ('label_severe_toxicity', 0.9798740744590759),
   ('label_toxicity', 0.9981318116188049))),
 ('Vitun nössöt.',
  ((0.20544511079788208, 'label_identity_attack'),
   (0.9855102300643921, 'label_insult'), (0.9972445964813232, 'label_obscene'),
   (0.9622930884361267, 'label_severe_toxicity'),
   (0.048756565898656845, 'label_threat'),
   (0.9981227517127991, 'label_toxicity')),
  ('toxic', 0.9981227517127991),
  (('label_insult', 0.9855102300643921), ('label_obscene', 0.9972445964813232),
   ('label_severe_toxicity', 0.9622930884361267),
   ('label_toxicity', 0.9981227517127991))),
 ('Vitun nössöt.',
  ((0.20544511079788208, 'label_identity_attack'),
   (0.9855102300643921, 'label_insult'), (0.9972445964813232, 'label_obscene'),
   (0.9622930884361267, 'label_severe_toxicity'),
   (0.048756565898656845, 'label_threat'),
   (0.9981227517127991, 'label_toxicity')),
  ('toxic', 0.9981227517127991),
  (('label_insult', 0.9855102300643921), ('label_obscene', 0.9972445964813232),
   ('label_severe_toxicity', 0.9622930884361267),
   ('label_toxicity', 0.9981227517127991))),
 ('VITUTTAA KU LOMA LOPPUU KOHTA JA JOUTUU TAKAS TÖIHIIN SAATANA. OTTASIN HETI '
  'LOPARIT JOS OIS VITTU VARAA OOTELLA PÄIVÄRAHOJA TAI SEURAAVAA TYÖPAIKKAA, '
  'PERKELE. JA VITTU PUOLITOISTA VIIKKOA JOUTUNU JO PENNEJÄ PIHISTELEMÄÄN JA '
  'VIELÄ ENS VIIKON PUOLELLE PITÄÄ PIHISTELLÄ SAATANA, MITÄ VITUN LOMALLA '
  'OLEMISTA TÄMMÖNEN ON?',
  ((0.22281037271022797, 'label_identity_attack'),
   (0.9811598658561707, 'label_insult'), (0.9971961975097656, 'label_obscene'),
   (0.9803885221481323, 'label_severe_toxicity'),
   (0.15688864886760712, 'label_threat'),
   (0.9981163740158081, 'label_toxicity')),
  ('toxic', 0.9981163740158081),
  (('label_insult', 0.9811598658561707), ('label_obscene', 0.9971961975097656),
   ('label_severe_toxicity', 0.9803885221481323),
   ('label_toxicity', 0.9981163740158081)))]
NEUTRAL
[('käy sääliksi ihmisiä joilla on kroonisia kipuja, ',
  ((0.025299927219748497, 'label_identity_attack'),
   (0.14296245574951172, 'label_insult'), (0.0781836062669754, 'label_obscene'),
   (0.0031303209252655506, 'label_severe_toxicity'),
   (0.015173627994954586, 'label_threat'),
   (0.7609232664108276, 'label_toxicity')),
  ('toxic', 0.7609232664108276), (('label_toxicity', 0.7609232664108276),)),
 ('Kaikki vihamielisyys toisia kohtaan on väärin. Mutta idiootteja löytyy '
  'aina. Ero siinä, että viittasin Ahvenanmaalla oleviin julkisiin '
  'palveluihin, joissa ei suomenkieli kelpaa.',
  ((0.032397832721471786, 'label_identity_attack'),
   (0.19196094572544098, 'label_insult'),
   (0.05336986109614372, 'label_obscene'),
   (0.002534150378778577, 'label_severe_toxicity'),
   (0.010153254494071007, 'label_threat'),
   (0.7608894109725952, 'label_toxicity')),
  ('toxic', 0.7608894109725952), (('label_toxicity', 0.7608894109725952),)),
 ('ET LAGAA TARPEEKS VARMAAN',
  ((0.037996806204319, 'label_identity_attack'),
   (0.11006151884794235, 'label_insult'),
   (0.05919863283634186, 'label_obscene'),
   (0.0034379714634269476, 'label_severe_toxicity'),
   (0.023984624072909355, 'label_threat'),
   (0.7607779502868652, 'label_toxicity')),
  ('toxic', 0.7607779502868652), (('label_toxicity', 0.7607779502868652),)),
 ('Hyi helvetti mitä syöpää tuo r/funny, ei kai kukaan täysjärkinen sitä '
  'tilaa.\n'
  '\n'
  'http://imgur.com/s1wfzNB',
  ((0.023387286812067032, 'label_identity_attack'),
   (0.08739440143108368, 'label_insult'),
   (0.15844963490962982, 'label_obscene'),
   (0.005557480733841658, 'label_severe_toxicity'),
   (0.038377780467271805, 'label_threat'),
   (0.7607724070549011, 'label_toxicity')),
  ('toxic', 0.7607724070549011), (('label_toxicity', 0.7607724070549011),)),
 ('saas nähä kui kaua menee ennenkuin joku saa puukosta tuossa typeryydessä.',
  ((0.02469334937632084, 'label_identity_attack'),
   (0.1414347141981125, 'label_insult'), (0.07958898693323135, 'label_obscene'),
   (0.003220489015802741, 'label_severe_toxicity'),
   (0.015740470960736275, 'label_threat'),
   (0.7607686519622803, 'label_toxicity')),
  ('toxic', 0.7607686519622803), (('label_toxicity', 0.7607686519622803),)),
 ('On varmaan olemassa joku marginaalinen kourallinen ihmisiä, jotka vastustaa '
  'monikulttuurisuutta ei-rasistisista syistä... eiku hetkonen\n'
  '\n'
  'E: yhtäkkiä: persuja, persuja kaikkialla',
  ((0.006916813086718321, 'label_identity_attack'),
   (0.10210882127285004, 'label_insult'), (0.622111439704895, 'label_obscene'),
   (0.007372355554252863, 'label_severe_toxicity'),
   (0.011029491201043129, 'label_threat'),
   (0.7606887221336365, 'label_toxicity')),
  ('toxic', 0.7606887221336365), (('label_toxicity', 0.7606887221336365),)),
 ('Miten itse suhtaudut asiaan? Aiotko pidättäytyä seksistä avioliittoon asti '
  'ja aiotko harrastaa seksiä vain ilman ehkäisyä?',
  ((0.048184335231781006, 'label_identity_attack'),
   (0.07613175362348557, 'label_insult'),
   (0.09086243808269501, 'label_obscene'),
   (0.005218357779085636, 'label_severe_toxicity'),
   (0.052500974386930466, 'label_threat'),
   (0.7606803774833679, 'label_toxicity')),
  ('toxic', 0.7606803774833679), (('label_toxicity', 0.7606803774833679),)),
 ('&gt;opettele lukemaan.\n'
  '\n'
  'Tietoyhteiskuntapuolue oli käytännössä sama kuin piraattipuolue, mutta sen '
  'nimi oli paskempi. Vaikka se kuinka kuvasi puolueen tarkoitusta niin ketään '
  'ei kiinnosta. Vastaus kysymykseen "mitä ajaa tietotoyhteiskuntapuolue?" on '
  '"ei kiinnosta". Puolue ei saanut edes kannattajakortteja täyteen, koska '
  'nimi oli nössö. ',
  ((0.007892835885286331, 'label_identity_attack'),
   (0.17076197266578674, 'label_insult'),
   (0.44202131032943726, 'label_obscene'),
   (0.0057092951610684395, 'label_severe_toxicity'),
   (0.009988958947360516, 'label_threat'),
   (0.7605764865875244, 'label_toxicity')),
  ('toxic', 0.7605764865875244), (('label_toxicity', 0.7605764865875244),)),
 ('&gt;Paskaahan sinä väännät. Homoja on 1 %, mikä jo sinällään kielii '
  'erittäin poikkeavasta seksuaalisuudesta.\n'
  '\n'
  '[Jo vuonna 1948 tiedettiin, että näin ei '
  'ole.](http://www.psmag.com/culture/gay-population-lgbt-homosexual-sex-kinsey-68670/)\n'
  '\n'
  '&gt;Muslimit eivät suvaitse homoutta, vaan ovat valmiita tappamaan '
  'heidät. \n'
  '\n'
  'Ei kaikki muslimit. Ei todellakaan. Et tunne yhtäkään muslimia, niin et voi '
  'tietää. \n'
  '\n'
  '&gt;Jos oletat, että minulle homot ovat jotakin mystistä ja tuntematonta, '
  'niin kai minä voin olettaa, että sinulle homous on erittäinkin tuttua? '
  'Lienet siis homo.\n'
  '\n'
  'En edelleenkään ole homo, mutta ei haittaisi jos olisin. Mutta kyllä, on '
  'tuttua. Tunnen vaikka mitä vähemmistöjä ja pohjimmiltaan hyviä tyypejä '
  'kaikki. \n'
  '\n'
  '&gt; jos et salli KAIKILLE seksuaaliperferensseille samaa. Eikö pedofiili '
  'saa rakastaa lapsia? \n'
  '\n'
  'Pedofiilit ovat nekin ihmisiä, ja on harmillista, etteivät he saa täyttä '
  'tyydytystä satuttamatta muita. Rakkaus on upea asia, mutta siihen tarvitaan '
  'molempien puolien suostumus. Hyväksikäyttö ja raiskaus eivät ole koskaan '
  'hyväksyttäviä. Toivon pedofiileille kaikkea hyvää, toivottavasti eivät '
  'retkahda ja löytävät elämästä iloisia puolia. \n'
  '\n'
  '&gt;Mikä sinä olet määrittämään miten kypsä kukin on missä iässä?\n'
  '\n'
  'Ei sitä voikaan määrittää. Kenenkään toisen pään sisään ei voi (ainakaan '
  'vielä) kurkistaa. Sitä paitsi jotkut ovat valmiina 10-vuotiaina ja jotkut '
  'eivät ole valmiita vielä parikymppisinäkään. 15-16 on kuitenkin mielestäni '
  'ihan hyvä keskitie. \n'
  '\n'
  '&gt;. Lapsella on oikeus ensisijaisesti saada malli naiselta ja mieheltä '
  'normaaliin elämään\n'
  '\n'
  'Ei ole. Eikä sitä paitsi ole "normaalia".\n'
  '\n'
  '&gt;Olet naurettava ja todella kypsymätön väitteissäsi. Tuskin olet edes '
  'täysi-ikäinen. Täytä ensin 18 kunnes itselläsi on oikeudet etkä ole '
  'holhottava, ennen kuin alat toimia tuomarina ja oikeuksien jakelijana. Jopa '
  'noin nuoren pitäisi ymmärtää, että evoluutio on valinnut heteroparin elämän '
  'jatkuvuudelle.\n'
  '\n'
  'Olen kuule ihan yliopistoikäinen, ajokortin hankkinut (ei ollut muuten '
  'hauskaa liikenteessä tuossa äsken), töissä käynyt ja veroja maksanut, '
  'vaaleissa yms. äänestänyt, yksin maailmaa matkannut (niin Havaijit kuin '
  'Huippuvuoretkin) laillinen aikuinen. Ja jos olet ollenkaan evoluutiota '
  'tutkinut, niin tietäisit, että nyt näyttäisi käyvän niin, että miehet '
  'kuolevat ennen pitkään sukupuuttoon ja naiset kykenevät tulevaisuudessa '
  'jatkamaan sukua yksin. \n'
  '\n'
  '**Edit:** Sain kultaa, mutta sitä ei kai liitetty mihinkään yksittäiseen '
  'kommenttiin. Siinä kuitenkin luki "Ihana ihminen, jatka samaan malliin!", '
  'joten oletettavasti se tuli tästä konvosta. Kiitos paljon! Jouduin '
  'heräämään 6:30 lauantaiaamuna kokeeseen ja tämä todella pelasti '
  'viikonloppuni. =)',
  ((0.12190081924200058, 'label_identity_attack'),
   (0.09407734870910645, 'label_insult'),
   (0.03647134453058243, 'label_obscene'),
   (0.0035122158005833626, 'label_severe_toxicity'),
   (0.031576357781887054, 'label_threat'),
   (0.7605212330818176, 'label_toxicity')),
  ('toxic', 0.7605212330818176), (('label_toxicity', 0.7605212330818176),)),
 ('Kolme ihmistä on kuollut, tapettu. Olkoon maahanmuuttajia tai ei, niin '
  'jonkin kunnioituksen he ansaitsevat. Jonkin sortin kusipäisyyttä osoittaa '
  'nilittäminen maahanmuuttajataustoista ensimmäisenä.',
  ((0.08185943961143494, 'label_identity_attack'),
   (0.0825328603386879, 'label_insult'), (0.05561664700508118, 'label_obscene'),
   (0.005404585041105747, 'label_severe_toxicity'),
   (0.071434885263443, 'label_threat'),
   (0.7604581713676453, 'label_toxicity')),
  ('toxic', 0.7604581713676453), (('label_toxicity', 0.7604581713676453),)),
 ('Mitä? Siis, kuka helvetti? En oikeen ymmärrä, niin sekavaa. ',
  ((0.02044464834034443, 'label_identity_attack'),
   (0.10403824597597122, 'label_insult'),
   (0.15414440631866455, 'label_obscene'),
   (0.004913426004350185, 'label_severe_toxicity'),
   (0.02620827779173851, 'label_threat'),
   (0.7604326605796814, 'label_toxicity')),
  ('toxic', 0.7604326605796814), (('label_toxicity', 0.7604326605796814),)),
 ('Sodan ajan sijoitus laivastossa. Meikäläinen siis kuolee ensimmäisen '
  'joukossa. Eipä siinä, saa sitten senkin sodan nopeasti pois alta.',
  ((0.12703153491020203, 'label_identity_attack'),
   (0.09137839823961258, 'label_insult'),
   (0.07216699421405792, 'label_obscene'),
   (0.015518196858465672, 'label_severe_toxicity'),
   (0.36221370100975037, 'label_threat'),
   (0.7604173421859741, 'label_toxicity')),
  ('toxic', 0.7604173421859741), (('label_toxicity', 0.7604173421859741),)),
 ('Eikö pukukopeissa juuri ole sellaista leikkimielistä "homostelua"? Tai siis '
  'näin kuulin kavereilta, jotka olivat eräässä joukkueessa junnuna pelanneet. '
  'Kunnon runkkaustarinoita jne. mm. kaverit tulee kuselle jalkojen välistä, '
  'kun toinen on paskalla, koska "hehheh!!1". Vai onko tämä vain heteromiesten '
  'läheisyyttä, samaan tapaan kuin intissä lusikassa lämmitteleminen. '
  'Jokatapauksessa ei ole varmaan kiva olla läpässä mukana, jos oikeasti '
  'miehet kiinnostaa.',
  ((0.021312754601240158, 'label_identity_attack'),
   (0.10444758832454681, 'label_insult'),
   (0.16777725517749786, 'label_obscene'),
   (0.004927813075482845, 'label_severe_toxicity'),
   (0.024588018655776978, 'label_threat'),
   (0.7603549361228943, 'label_toxicity')),
  ('toxic', 0.7603549361228943), (('label_toxicity', 0.7603549361228943),)),
 ('Vähän varovaisemmin sen vihapuheen kanssa',
  ((0.02964823879301548, 'label_identity_attack'),
   (0.11621543765068054, 'label_insult'),
   (0.07822486758232117, 'label_obscene'),
   (0.003450942924246192, 'label_severe_toxicity'),
   (0.02015923522412777, 'label_threat'),
   (0.7602615356445312, 'label_toxicity')),
  ('toxic', 0.7602615356445312), (('label_toxicity', 0.7602615356445312),)),
 ('Miksi oletat, että sota syttyy jostain lähtölaukauksesta jonka jälkeen '
  'ammutaan kaikki paskaksi ja vyörytään koko voimalla rajan yli? Ei Venäjä '
  'esim Ukrainassa ole toiminut alkuunkaan sillä tavalla, vaan täysin '
  'päinvastoin.',
  ((0.018310457468032837, 'label_identity_attack'),
   (0.05738398805260658, 'label_insult'),
   (0.29973912239074707, 'label_obscene'),
   (0.009115463122725487, 'label_severe_toxicity'),
   (0.06505411863327026, 'label_threat'),
   (0.7602536082267761, 'label_toxicity')),
  ('toxic', 0.7602536082267761), (('label_toxicity', 0.7602536082267761),)),
 ('Hahhah, kohta syödään samaa herkkua kuin Kreikka. Saapa nähdä maksaako '
  'Saksa meidänkin typeryyden.',
  ((0.0468541644513607, 'label_identity_attack'),
   (0.11492903530597687, 'label_insult'),
   (0.05319495499134064, 'label_obscene'),
   (0.0031808065250515938, 'label_severe_toxicity'),
   (0.021414492279291153, 'label_threat'),
   (0.7602452039718628, 'label_toxicity')),
  ('toxic', 0.7602452039718628), (('label_toxicity', 0.7602452039718628),)),
 ('Mikä tässä nyt muka oli yllättävää? Kokoomus on ufoillut pari vuotta '
  'hallituksessa = niiden tappio, keskustan voitto. Persut, vaikka onkin paska '
  'puolue, tietää äänestäjänsä eikä päästä niistä irti. Called it',
  ((0.008746922016143799, 'label_identity_attack'),
   (0.09103700518608093, 'label_insult'), (0.470191091299057, 'label_obscene'),
   (0.006594605278223753, 'label_severe_toxicity'),
   (0.01554896030575037, 'label_threat'),
   (0.7601019740104675, 'label_toxicity')),
  ('toxic', 0.7601019740104675), (('label_toxicity', 0.7601019740104675),)),
 ('Homoilla on jo käytössä  [maaginen '
  'peili](https://fi.wikipedia.org/wiki/Projektio_%28psykologia%29). Kun joku '
  'Kristus-maagi  innostuu kauhistelemaan homoja, ei kestä kauaa kun jää itse '
  'kiinni homostelusta. ',
  ((0.1484805941581726, 'label_identity_attack'),
   (0.09830787032842636, 'label_insult'),
   (0.03358471393585205, 'label_obscene'),
   (0.0033227563835680485, 'label_severe_toxicity'),
   (0.027528272941708565, 'label_threat'),
   (0.7600778937339783, 'label_toxicity')),
  ('toxic', 0.7600778937339783), (('label_toxicity', 0.7600778937339783),)),
 ('Paska artikkeli, deflaatio olisi ongelma, mutta kun ei olla lähelläkään '
  'sitä.\n'
  '\n'
  'Hinnat eivät ole laskeneet, vain hintojen nousu on laskenut.',
  ((0.005295079201459885, 'label_identity_attack'),
   (0.0872674211859703, 'label_insult'), (0.6816625595092773, 'label_obscene'),
   (0.007670685648918152, 'label_severe_toxicity'),
   (0.00975874438881874, 'label_threat'),
   (0.760051429271698, 'label_toxicity')),
  ('toxic', 0.760051429271698), (('label_toxicity', 0.760051429271698),)),
 ('Otsikointi taas, pojat.\n'
  '\n'
  'Eiköhän tässä ollut taas siitä kyse että vendor lock-in on niin tiukka että '
  'toimittajan vaihto nyt vaan maksaa vitusti. \n'
  '\n'
  'Muutenkin hinnoittelu on mainittu väärin, se että Office365 maksaa '
  '200e/käyttäjä/5v tai 3e/kk viittaa ainoastaan sähköpostiin. Jos halutaan '
  'officeohjelmatkin, niin hinta nousee heti.',
  ((0.009432239457964897, 'label_identity_attack'),
   (0.09652718901634216, 'label_insult'), (0.4493400454521179, 'label_obscene'),
   (0.006686922628432512, 'label_severe_toxicity'),
   (0.016858067363500595, 'label_threat'),
   (0.7600264549255371, 'label_toxicity')),
  ('toxic', 0.7600264549255371), (('label_toxicity', 0.7600264549255371),))]
[('Veikkaan, et Breivik tosin saa enemmän tissikuvia kiimaisilta '
  'teinihoroilta. Ei ole ees läppä. Sekopäistä.',
  ((0.05691409856081009, 'label_identity_attack'),
   (0.11137519031763077, 'label_insult'),
   (0.046229176223278046, 'label_obscene'),
   (0.0031958704348653555, 'label_severe_toxicity'),
   (0.02320384420454502, 'label_threat'),
   (0.759983479976654, 'label_toxicity')),
  ('clean', 0.759983479976654), ()),
 ('&gt; paska puhetta...\n'
  '\n'
  'On muuten yhdyssana. Työkkärin kielikurssille maahanmuuttajien kanssa?',
  ((0.008221244439482689, 'label_identity_attack'),
   (0.07989917695522308, 'label_insult'), (0.5128841996192932, 'label_obscene'),
   (0.006829790771007538, 'label_severe_toxicity'),
   (0.015412990935146809, 'label_threat'),
   (0.7599799036979675, 'label_toxicity')),
  ('clean', 0.7599799036979675), ()),
 ('Se on tämä sama suvakinhuutelijaporukka joka puolustaa naisia ja lapsia - '
  'silloin kun heitä voi käyttää keppihevosena oman agendan edistämisessä.\n'
  '\n'
  'Muuten kyllä huoritellaan jokaista naista, joka uskaltaa olla eri mieltä '
  'tai yritetään käyttää tytöttelyä jonkinlaisena loukkauksena. Säälittävää '
  'touhua.',
  ((0.028380446135997772, 'label_identity_attack'),
   (0.16008347272872925, 'label_insult'),
   (0.07212820649147034, 'label_obscene'),
   (0.0030290717259049416, 'label_severe_toxicity'),
   (0.013873853720724583, 'label_threat'),
   (0.7599727511405945, 'label_toxicity')),
  ('clean', 0.7599727511405945), ()),
 ('Kylläpäs ilma haisee kevään tullen ummehtuneelta tänä vuonna. ',
  ((0.03327992931008339, 'label_identity_attack'),
   (0.12171527743339539, 'label_insult'),
   (0.06396419554948807, 'label_obscene'),
   (0.003268865868449211, 'label_severe_toxicity'),
   (0.019935471937060356, 'label_threat'),
   (0.759955108165741, 'label_toxicity')),
  ('clean', 0.759955108165741), ()),
 ('Suomi ottaa melkein aina mallia Ruotsista ja pahasti jälkijunassa. '
  'Säälittävää.',
  ((0.019292868673801422, 'label_identity_attack'),
   (0.22567245364189148, 'label_insult'),
   (0.08710204064846039, 'label_obscene'),
   (0.002843401860445738, 'label_severe_toxicity'),
   (0.008993053808808327, 'label_threat'),
   (0.7599377036094666, 'label_toxicity')),
  ('clean', 0.7599377036094666), ()),
 ('Käyt huonoilla lihatiskeillä. Vähemmän yllättäen jossain K tai S-ketjujen '
  'kaupoissa pelkkää paskaa.',
  ((0.00840380135923624, 'label_identity_attack'),
   (0.09263856709003448, 'label_insult'), (0.5000188946723938, 'label_obscene'),
   (0.007026824168860912, 'label_severe_toxicity'),
   (0.015722056850790977, 'label_threat'),
   (0.759925365447998, 'label_toxicity')),
  ('clean', 0.759925365447998), ()),
 ('Voi nyt hemmetti painus hiiteen tai keksi nyt uutta läppää. Tota '
  'rikastumista on nyt jauhettu pari vuotta, voisko ees keksii jotain uutta '
  'herjaa?',
  ((0.02811969816684723, 'label_identity_attack'),
   (0.10136271268129349, 'label_insult'),
   (0.09713178873062134, 'label_obscene'),
   (0.004151815548539162, 'label_severe_toxicity'),
   (0.027029450982809067, 'label_threat'),
   (0.759917676448822, 'label_toxicity')),
  ('clean', 0.759917676448822), ()),
 ('You mean the "Suomessa puhutaan suomea" crap?',
  ((0.014818673953413963, 'label_identity_attack'),
   (0.10927573591470718, 'label_insult'),
   (0.20834848284721375, 'label_obscene'),
   (0.004741020034998655, 'label_severe_toxicity'),
   (0.018821602687239647, 'label_threat'),
   (0.7599008679389954, 'label_toxicity')),
  ('clean', 0.7599008679389954), ()),
 ('Kepun uskissiipi keksii viedä ääniä KD:ltä ja jättää siten '
  'puutarhakaupunkilaiset kuseen.\n',
  ((0.01145982090383768, 'label_identity_attack'),
   (0.13133616745471954, 'label_insult'),
   (0.34864184260368347, 'label_obscene'),
   (0.005338197108358145, 'label_severe_toxicity'),
   (0.013840297237038612, 'label_threat'),
   (0.7598832249641418, 'label_toxicity')),
  ('clean', 0.7598832249641418), ()),
 ('Nuoret ja lapset, näiden varjolla on hyvä ratsastaa ja pistää kaikki '
  'päihteiden syyksi. Eikö alkoholi pitäisi kieltää myös tämän logiikan mukaan '
  'sillä nuoret saavat sitä myös kun joku hakee sitä heille alko:sta? Mutta '
  'jos se olisi kielletty nuoret joisivat sitä varmasti paljon enemmän sen '
  'ollessa laitonta ja nuorena oli cool tehdä kaikkea mikä oli kiellettyä.\n'
  '\n'
  'YLE:n propaganda pläjäys "ikävästä ilmiöstä", jota voidaan joka viikko '
  'uudestaan ja uudestaan ihmetellä mutta ratkaisuja ongelmiin ei haeta vaan '
  'hakataan päätä seinään uudestaan ja uudestaan. Suurin osa kansasta '
  'kannattaa edelleen rangaistuskäytäntöä, koska keskimääräinen suomalainen on '
  'vaan ihan saatanan tyhmä.',
  ((0.027247216552495956, 'label_identity_attack'),
   (0.19287100434303284, 'label_insult'),
   (0.06404492259025574, 'label_obscene'),
   (0.0026808492839336395, 'label_severe_toxicity'),
   (0.010390201583504677, 'label_threat'),
   (0.7598571181297302, 'label_toxicity')),
  ('clean', 0.7598571181297302), ()),
 ('Kuinka usein lestadiolaisperheissä, jokin teini-ikäinen/aikuinen harrastaa '
  'seksiä ennen avioliittoa vasten opetuksia?',
  ((0.08243758231401443, 'label_identity_attack'),
   (0.08427011966705322, 'label_insult'),
   (0.049261122941970825, 'label_obscene'),
   (0.004208975471556187, 'label_severe_toxicity'),
   (0.04468042403459549, 'label_threat'),
   (0.7598547339439392, 'label_toxicity')),
  ('clean', 0.7598547339439392), ()),
 ('Olin itse varma etten mene inttiin siihen asti kunnes astuin Hämeenlinnassa '
  'junasta ja sotakoirat oli odottelemassa. Siellä ollessa kyllä oli asioita '
  'jotka vitutti mutta näin jälkeenpäin katsottuna oli kyllä kaikin puolin '
  'siisti kokemus, missäs muualla täällä pääsisi ampumaan rynnäkkökivääreillä, '
  'konekivääreillä, singolla ja heittämään käsikranaatteja. Ryhmähenkikin on '
  'siellä joku mitä tuskin tulee muualla kokemaan.\n'
  '\n'
  '362 palvelleena neuvoksi vaan että ottaa kaiken irti mitä saa, aivan '
  'varmana vituttaa monessa kohtaa mutta kun muistaa vaan ottaa mahdollisimman '
  'paljon huumorilla niin pärjää helposti. ',
  ((0.011685054749250412, 'label_identity_attack'),
   (0.09147848188877106, 'label_insult'), (0.3640053868293762, 'label_obscene'),
   (0.006374168209731579, 'label_severe_toxicity'),
   (0.020071005448698997, 'label_threat'),
   (0.7598274350166321, 'label_toxicity')),
  ('clean', 0.7598274350166321), ()),
 ('Mitä? En minä ole nauranut. Tämä homovillitys on minusta hyvin surullista.',
  ((0.06675609946250916, 'label_identity_attack'),
   (0.10780911147594452, 'label_insult'),
   (0.04239339381456375, 'label_obscene'),
   (0.003200868610292673, 'label_severe_toxicity'),
   (0.024529943242669106, 'label_threat'),
   (0.7598015069961548, 'label_toxicity')),
  ('clean', 0.7598015069961548), ()),
 ('Get a bike. Go to Viikki or Lammas-\n'
  'saari. Hell, I´ll go riding with you and show you palces',
  ((0.04581974074244499, 'label_identity_attack'),
   (0.09848162531852722, 'label_insult'),
   (0.05939966067671776, 'label_obscene'),
   (0.0036563219036906958, 'label_severe_toxicity'),
   (0.029050063341856003, 'label_threat'),
   (0.7597317099571228, 'label_toxicity')),
  ('clean', 0.7597317099571228), ()),
 ('Mitä eikö junttibaareissa pyöriminen kännipäissään ole parasta viihdettä '
  'kun voi samalla katsoa kun keski-ikäiset äijät mäiskivät toisiaan turpaan? '
  'Suomen syrjäkunnat ovat kuin jenkkien eteläiset osavaltiot...Tiedetään mitä '
  'kylällä tapahtuu ja kaikki muu tieto lisää tuskaa. Meno on sen mukaista.',
  ((0.03944249451160431, 'label_identity_attack'),
   (0.10114394873380661, 'label_insult'),
   (0.07196980714797974, 'label_obscene'),
   (0.003879352705553174, 'label_severe_toxicity'),
   (0.028691155835986137, 'label_threat'),
   (0.7597180604934692, 'label_toxicity')),
  ('clean', 0.7597180604934692), ()),
 ('&gt; Aloituskynnys ja oppimiskäyrä ovat kyllä aivan liian jyrkkiä.\n'
  '\n'
  'Vaikka itselläkin meni hermot siihen nakutteluun muutamaan otteeseen, musta '
  'tuntuu että kyse on jossain määrin myös eroista pelikulttuureissa.\n'
  '\n'
  'Ihan perseestä se on nykypäivänä kyllä, sitä en kiistä, mut tuli tuossa '
  'tovi sitten hieman kylmää kyytiä kun joutessani pelailin vanhoja SSI:n '
  'kultalootaropeja läpi.',
  ((0.00887574627995491, 'label_identity_attack'),
   (0.09340974688529968, 'label_insult'), (0.47492715716362, 'label_obscene'),
   (0.006726495921611786, 'label_severe_toxicity'),
   (0.015473073348402977, 'label_threat'),
   (0.7596001029014587, 'label_toxicity')),
  ('clean', 0.7596001029014587), ()),
 ('Hommailu hommaan. Tätä paskaa saa lukea ihan tarpeeksi kaikkialta muualta.',
  ((0.006252199411392212, 'label_identity_attack'),
   (0.07951478660106659, 'label_insult'), (0.5913355350494385, 'label_obscene'),
   (0.006921688560396433, 'label_severe_toxicity'),
   (0.011866336688399315, 'label_threat'),
   (0.75946444272995, 'label_toxicity')),
  ('clean', 0.75946444272995), ()),
 ('No tuo otsikko on paskaa koska homma. Henkilökohtaisesti lähden siitä, että '
  'otsikon ja jutun pitäisi olla linjassa redditilläkin.',
  ((0.007587377913296223, 'label_identity_attack'),
   (0.09331226348876953, 'label_insult'), (0.506406843662262, 'label_obscene'),
   (0.006497143767774105, 'label_severe_toxicity'),
   (0.013343259692192078, 'label_threat'),
   (0.7593685984611511, 'label_toxicity')),
  ('clean', 0.7593685984611511), ()),
 ('Jos joku provosoi, ei saa ikinä provosoitua. Ei vaikka alaston anarkisti '
  'tulisi ja vohkisi kahvimaidot. Reaktiivisuudella pelaat vain provokaattorin '
  'pussiin.\n'
  '\n'
  'Surullista kun 300kk vanhat taaperoäijät eivät osaa hallita itseään.\n',
  ((0.011618955992162228, 'label_identity_attack'),
   (0.10639580339193344, 'label_insult'), (0.3566409647464752, 'label_obscene'),
   (0.006017064210027456, 'label_severe_toxicity'),
   (0.017264988273382187, 'label_threat'),
   (0.7593452334403992, 'label_toxicity')),
  ('clean', 0.7593452334403992), ()),
 ('Ei ole mikään mielipidekysymys. Sen sijaan Magneettimedian faktapuoli on '
  'usein ollut täysin perseestä. En kyllä jaksanut tuotakaan läpi lukea, mutta '
  'näköjään päädyttiin perinteiseen "JEWS DID IT!!" johtopäätökseen. ',
  ((0.013082575984299183, 'label_identity_attack'),
   (0.09390969574451447, 'label_insult'), (0.3098967671394348, 'label_obscene'),
   (0.005829729605466127, 'label_severe_toxicity'),
   (0.020462408661842346, 'label_threat'),
   (0.7593246102333069, 'label_toxicity')),
  ('clean', 0.7593246102333069), ())]
CLEAN
[('Ne järjestelmät ovat (julkkarilla) jo yhdistäytymässä. Homman nimi on siis '
  'Kanta ja tarkemmin eArkisto.\n'
  '\n'
  'Mutta, tutustuppa tarkemmin tähän\n'
  'http://www.kanta.fi/potilaan-oikeudet-potilastiedon-arkistossa\n'
  '&gt;Potilaalla on oikeus kieltää potilastietojensa käyttö yhteisrekisteriin '
  'kuuluvien eri toimintayksiköiden välillä. Potilas voi kieltää '
  'potilastietojensa yhteiskäytön kokonaan. Hän voi myös rajata kiellon siten, '
  'että se koskee johonkin toimintayksikköön, rekisteriin, vuodeosastojaksoon '
  'tai yksittäiseen käyntiin liittyviä tietoja.\n'
  '\n'
  '&gt;Kielto on voimassa toistaiseksi, ja sen voi perua milloin tahansa. '
  'Kiellon voi tehdä terveydenhuollon toimintayksikössä, tai Omakannan kautta '
  'mikäli yhteisrekisterin alue käyttää informointien ja kieltojen hallintaan '
  'Potilastiedon arkistoa (tiedonhallintapalvelu).',
  ((0.00017790586571209133, 'label_identity_attack'),
   (0.00026047189021483064, 'label_insult'),
   (0.0003554587601684034, 'label_obscene'),
   (0.00016512999718543142, 'label_severe_toxicity'),
   (0.00020943809067830443, 'label_threat'),
   (0.0007033008732832968, 'label_toxicity')),
  ('clean', 0.0007033008732832968), ()),
 ('2013:  \n'
  'http://newsroom.nordea.com/fi/2013/03/19/nordean-talousennuste-kaantyy-kaantyy-2/\n'
  '\n'
  '&gt;Nordean ekonomistit arvioivat Suomen talouden kasvavan 0,5 prosenttia '
  'vuonna 2013 ja 2,2 prosenttia vuonna 2014. Kummankin vuoden kasvuarviota on '
  'alennettu.\n'
  '\n'
  'Edit: Otetaan vielä 2012: '
  'http://newsroom.nordea.com/fi/2011/08/31/nordean-talousennuste-kriisin-merkeissa/?doing_wp_cron=1426078463.2082250118255615234375\n'
  '\n'
  '&gt;Nordean ekonomistit arvioivat Suomen kokonaistuotannon lisääntyvän 3,5 '
  'prosenttia vuonna 2011 ja 1,6 prosenttia vuonna 2012. Kuluvan vuoden '
  'kasvuarviota on alennettu vain vähän. Vuoden 2012 kasvuarviota on sen '
  'sijaan laskettu jyrkästi vientimaiden vaimenevan kasvunäkymän mukaisesti.\n'
  '\n'
  '[Toteutuneet '
  'täältä](http://www.stat.fi/til/vtp/2014/vtp_2014_2015-03-02_tie_001_fi.html)',
  ((0.00017756270244717598, 'label_identity_attack'),
   (0.00026040335069410503, 'label_insult'),
   (0.0003562015190254897, 'label_obscene'),
   (0.00016525978571735322, 'label_severe_toxicity'),
   (0.00021079620637465268, 'label_threat'),
   (0.0007027715328149498, 'label_toxicity')),
  ('clean', 0.0007027715328149498), ()),
 ('[Oikeuskanslerilta](http://www.oikeuskansleri.fi/fi/oikeuskansleri/tilastot/) '
  'löytyi tilastot vuodelle 2013 asti. [Poliiseja koskevia kanteluita oli '
  'tuolloin '
  '381](http://www.oikeuskansleri.fi/media/uploads/tilastot/tilastot_2013.pdf) '
  '(pdf, 71kt). Jos viime vuoden tilastossa on merkittävää kasvua poliiseista '
  'tehdyissä kanteluissa, niin kai sitä voisi sitten silleen sanoa.\n'
  '\n'
  'Toisaalta, "poiliisit tikunnokassa" voi tarkoittaa myös sitä, että '
  'poliiseista tehtyjen kanteluiden määrä on suurin siinä jaossa, jota '
  'oikeuskanslerin tilasto käyttää, mitä se onkin.\n'
  '\n'
  'Summa summarum, Ylen ei tarvitse tehdä puolueetonta, lukemiskelpoista tai '
  'ymmärettävää journalismia, koska kansa maksaa joka tapauksessa. ',
  ((0.00017641329031903297, 'label_identity_attack'),
   (0.0002608071081340313, 'label_insult'),
   (0.0003578475152608007, 'label_obscene'),
   (0.00016543903620913625, 'label_severe_toxicity'),
   (0.0002110767673002556, 'label_threat'),
   (0.0007023651269264519, 'label_toxicity')),
  ('clean', 0.0007023651269264519), ()),
 ('Nostan tässä muutaman kohdan [Suomen Kyberturvallisuusstrategia-ja '
  'taustamuistio](http://www.yhteiskunnanturvallisuus.fi/fi/materiaalit/doc_download/50-suomen-kyberturvallisuusstrategia-ja-taustamuistio)sta\n'
  '&gt; Hyvä toimintaympäristö parantaa myös\n'
  '&gt; Suomen kansainvälistä houkuttelevuutta investointikohteena. Näiden '
  'lisäksi kyberturvallisuus\n'
  '&gt; on itsessään uusi ja vahvistuva liiketoiminnan alue. Kansallinen '
  'kyberturvallisuus\n'
  '&gt; ja suomalaisten yritysten menestys ovat yhteydessä keskenään.\n'
  '\n'
  '&gt; Kyberturvallisuus ei ole tarkoitettu oikeudelliseksi käsitteeksi, joka '
  'perustaisi\n'
  '&gt; uusia toimivaltuuksia viranomaisille tai muille toimielimille. Tältä '
  'osin ei ehdoteta\n'
  '&gt; muutoksia varautumisjärjestelyjen perusteisiin, eikä eri viranomaisten '
  'toimivaltamäärittelyihin.\n'
  '\n'
  'Puolustusministeriön tyäryhmän mietinnät näyttävät menevän ristiin '
  'Valtioneuvoston strategian kanssa.\n'
  'Ja sitä paitsi hakusanoin toimiva seulonta on kovin tehoton, jos ja kun '
  'data on salattu.\n'
  '\n',
  ((0.00017751462291926146, 'label_identity_attack'),
   (0.00026094887289218605, 'label_insult'),
   (0.00035696534905582666, 'label_obscene'),
   (0.00016605683777015656, 'label_severe_toxicity'),
   (0.00020959251560270786, 'label_threat'),
   (0.0007020870689302683, 'label_toxicity')),
  ('clean', 0.0007020870689302683), ()),
 ('*"In Q2 2014, Nokia Networks achieved strong underlying operating '
  'profitability with non-IFRS operating profit of \n'
  'EUR 281 million, or 11.0% of net sales, compared to EUR 328 million, or '
  '11.8% of net sales, in Q2 2013. The \n'
  'strong level of profitability for Nokia Networks in Q2 2014 and Q2 2013 was '
  'primarily due to operational efficiency \n'
  'which benefitted both gross margin and operating profit. "*\n'
  '\n'
  'Lähde: '
  '[Tulosjulkaisu](http://company.nokia.com/en/system/files/download/investors/nokia_results_2014q2_e.pdf)',
  ((0.00018008086772169918, 'label_identity_attack'),
   (0.0002604314067866653, 'label_insult'),
   (0.0003544922510627657, 'label_obscene'),
   (0.0001655454107094556, 'label_severe_toxicity'),
   (0.00021116109564900398, 'label_threat'),
   (0.0007015266455709934, 'label_toxicity')),
  ('clean', 0.0007015266455709934), ()),
 ('Tästä julkaisusta löytyy kantavat voimat:\n'
  '\n'
  '"Ensin hankittiin yhtenä kokonaisuutena ohjelmistotuotteet,\n'
  'joiden päälle rakennetaan toiminnalliset komponentit,\n'
  'tarjouskilpailun voitti IBM."\n'
  '\n'
  'Kehitys, käyttöönotto ja käyttöpalvelut:\n'
  '\n'
  '"Accenture Oy, Ixonos Oyj ja TietoEnator Finland Oy Public Industry sekä '
  'VALDA-komponenttitoimittajana että Valtiokonttorin '
  'käyttöpalvelutoimittajana"\n'
  '\n'
  'http://www.vm.fi/vm/fi/04_julkaisut_ja_asiakirjat/03_muut_asiakirjat/20090420KutsuV/05_Salmenkivi_VALDA_tiedotustilaisuus_valtionhallinto_20090513.pdf\n'
  '\n'
  '\n'
  'Priorite muistelee alkuperäistä kilpailutusta ja sanoo että olisi päässyt '
  'parempiin tuloksiin pienemmällä rahalla. '
  'http://www.priorite.fi/web/guest/blog/-/blogs/24790\n',
  ((0.00018035770335700363, 'label_identity_attack'),
   (0.00026087075821124017, 'label_insult'),
   (0.0003548107633832842, 'label_obscene'),
   (0.00016663259884808213, 'label_severe_toxicity'),
   (0.0002093300863634795, 'label_threat'),
   (0.0007014386937953532, 'label_toxicity')),
  ('clean', 0.0007014386937953532), ()),
 ('Tämä on siis Kotoistus-projektin laatima ja Suomen standardisoimisliiton '
  'tunnuksella SFS 5966 vahvistama standardi. [Kotoistuksen '
  'sivuilla](http://kotoistus.fi/kannanotot_html/paattyneet) voi tutustua '
  'aiheeseen tarkemmin (kohdassa Suomalais-ruotsalainen monikielinen '
  'näppäimistöasettelu).\n'
  '\n'
  '[J. Korpelalla](https://www.cs.tut.fi/~jkorpela/uusinappis.html)  on '
  'luonnollisesti myös puhetta aiheesta sekä linkkejä standardin pohjalta '
  'tehtyihin toteutuksiin. (Kuten tuollakin vähän sanotaan, Microsoftin '
  'toteutus ei ainakaan mulla enää toimi Windows 7:lla, eli kannattaa valita '
  'joku muu).',
  ((0.00017739026225171983, 'label_identity_attack'),
   (0.00026128769968636334, 'label_insult'),
   (0.00035770575050264597, 'label_obscene'),
   (0.0001660223351791501, 'label_severe_toxicity'),
   (0.00021175325673539191, 'label_threat'),
   (0.0007010307163000107, 'label_toxicity')),
  ('clean', 0.0007010307163000107), ()),
 ('Eduskunnassa käsitellään lakialoite nro342 jonka mukaan kunnan '
  'elintervikeviraston tulee perustaa sen jäsenistä koostuva riippumaton '
  'elintarvikekomitea. Elintarvikekomitea nimittää tarkastajille 3 '
  'tarkastajaa, jotka tarkastavat tarkastajien tarkastuspöytäkirjat. '
  'Tarkistetut tarkistuspöytäkirjat tarkistetaan tarkastajien tarkistamissa '
  'kohteissa. Tarkistuskohteet laativat tästä tarkistuksesta raportin '
  'elintarvikekomitealle.',
  ((0.00017813111480791122, 'label_identity_attack'),
   (0.00026119480025954545, 'label_insult'),
   (0.00035808602115139365, 'label_obscene'),
   (0.0001669205812504515, 'label_severe_toxicity'),
   (0.0002106035390170291, 'label_threat'),
   (0.0007005692459642887, 'label_toxicity')),
  ('clean', 0.0007005692459642887), ()),
 ('Hyvä huomio. \n'
  '\n'
  'http://www.atea.fi/uutisia/2015/atea-on-valittu-puolustusvoimien-sopimustoimittajaksi/\n'
  '\n'
  '&gt; Atea on valittu Puolustusvoimien sopimustoimittajaksi\n'
  '\n'
  '&gt;Atea on valittu ainoaksi sopimuskumppaniksi Puolustusvoimien '
  'puitesopimusjärjestelyyn, joka liittyy tietotekniikkalaitteiden ja niihin '
  'liittyvien palvelujen toimittamiseen vuosille 2015-2018. Sopimus sisältää '
  'lisäksi kahden vuoden option. Sopimuksen kokonaisarvo optioineen on yli 50 '
  'miljoonaa euroa.\n'
  '\n'
  '&gt;”Syvennämme entisestään Atean ja Puolustusvoimien pitkäaikaista '
  'yhteistyötä. Meidän tehtävämme on toimia laajojen '
  'tietotekniikkakokonaisuuksien integraattorina ja tarjota laaja '
  'turvallisuussektorin osaamisemme asiakkaan toiminnan tehostamiseksi”, sanoo '
  'Atean toimitusjohtaja Juha Sihvonen.',
  ((0.00018092904065269977, 'label_identity_attack'),
   (0.00026131985941901803, 'label_insult'),
   (0.00035489906440488994, 'label_obscene'),
   (0.00016708254406694323, 'label_severe_toxicity'),
   (0.00020965427393093705, 'label_threat'),
   (0.0007002000929787755, 'label_toxicity')),
  ('clean', 0.0007002000929787755), ()),
 ('TEM:n mukaan innovaatio voi olla:\n'
  '\n'
  '* uuden tiedon, osaamisen tai teknologian soveltaminen \n'
  '* uusi tuote, tekninen ratkaisu, tuotantoprosessi\n'
  '* uusi asiantuntijapalvelu\n'
  '* uusi muotoilu tai brändi\n'
  '* uusi liiketoimintamalli, arvoketju tai –verkosto\n'
  '* uusi työtapa, organisaatio- tai johtamismalli\n'
  '*!uudella tavalla toteutettu julkinen palvelu\n'
  '\n'
  'Lähde: https://www.tem.fi/innovaatiot',
  ((0.000180285147507675, 'label_identity_attack'),
   (0.0002648800436872989, 'label_insult'),
   (0.00036361970705911517, 'label_obscene'),
   (0.00017416129412595183, 'label_severe_toxicity'),
   (0.00021446362370625138, 'label_threat'),
   (0.0006918915314599872, 'label_toxicity')),
  ('clean', 0.0006918915314599872), ())]
END: Sun Sep  4 18:34:13 EEST 2022
