START Fri Apr 14 15:27:31 EEST 2023
Namespace(model='../models/xlmr/xlmr-large-multi-tr', data='../annotations/all_annotations.tsv', tokenizer='xlm-roberta-base', filename='testxlmr.tsv', new_test=True, threshold=0.5)
                                                   text  ...                 labels
0     Persujen mamu-puputus kyllästyttää  mutta mamu...  ...  [0, 0, 0, 0, 0, 1, 0]
1     Suvakit ja hyysärit haluaa saada lapset omaan ...  ...  [0, 0, 0, 0, 0, 1, 0]
2     VIELÄ YKSI ASIA! NÄMÄ EI OLE HENKILÖVAALIT,VAA...  ...  [0, 0, 0, 0, 0, 0, 1]
3     Halosen aikana on lapsiin ja naisiin kohdistun...  ...  [0, 0, 0, 0, 0, 1, 0]
4     Byää! Byää! Jos tulee vammoja, byää! Saatanan ...  ...  [0, 0, 0, 0, 0, 1, 0]
...                                                 ...  ...                    ...
2255  Haista sinä vittu. Ryssähän se tänne on koko a...  ...  [0, 0, 0, 0, 0, 0, 1]
2256  Äsen Ylen uutisissa: Lapin käräjäoikeus on hyl...  ...  [0, 0, 0, 0, 0, 0, 1]
2257  mä en jaksa enää sitä haukkumista,perkele kun ...  ...  [0, 0, 0, 0, 0, 0, 1]
2258  Ei ainakaan Chrome tyrkytä. Se aina kysyy että...  ...  [0, 0, 0, 0, 0, 0, 1]
2259  Eihän noi ole ku paskapentuja 1 kaljan jälkeen...  ...  [0, 0, 0, 0, 1, 0, 0]

[2260 rows x 3 columns]
Dataset({
    features: ['text', 'id', 'labels'],
    num_rows: 2260
})
before change
[[0. 0. 1. 0. 0. 1. 0.]
 [0. 0. 0. 0. 0. 0. 1.]
 [0. 0. 0. 0. 0. 0. 1.]
 [0. 0. 0. 0. 0. 1. 0.]
 [0. 1. 1. 0. 0. 1. 0.]
 [0. 0. 0. 0. 0. 0. 1.]
 [0. 0. 0. 0. 0. 0. 1.]
 [0. 0. 0. 0. 0. 1. 0.]
 [0. 0. 0. 0. 0. 0. 1.]
 [0. 0. 0. 0. 0. 0. 1.]
 [0. 0. 0. 0. 0. 0. 1.]
 [0. 0. 0. 0. 0. 0. 1.]
 [0. 0. 0. 0. 0. 0. 1.]
 [0. 1. 1. 0. 0. 1. 0.]
 [0. 0. 0. 0. 0. 1. 0.]
 [0. 0. 0. 0. 0. 0. 0.]
 [0. 0. 0. 0. 0. 0. 1.]
 [0. 0. 0. 0. 0. 0. 0.]
 [0. 0. 0. 0. 0. 0. 1.]
 [0. 0. 0. 0. 0. 1. 0.]
 [0. 0. 0. 0. 0. 0. 1.]
 [0. 0. 1. 0. 0. 1. 0.]
 [0. 0. 0. 0. 0. 0. 1.]
 [0. 0. 0. 0. 0. 1. 0.]
 [0. 0. 0. 0. 0. 0. 1.]
 [0. 0. 0. 0. 0. 0. 0.]
 [0. 0. 0. 0. 0. 0. 0.]
 [0. 0. 0. 0. 0. 0. 1.]
 [0. 0. 0. 0. 0. 0. 1.]
 [0. 0. 0. 0. 0. 0. 0.]]
after change
[[0. 0. 0. 0. 0. 1. 0.]
 [0. 0. 0. 0. 0. 0. 1.]
 [0. 0. 0. 0. 0. 0. 1.]
 [0. 0. 0. 0. 0. 1. 0.]
 [0. 0. 0. 0. 0. 1. 0.]
 [0. 0. 0. 0. 0. 0. 1.]
 [0. 0. 0. 0. 0. 0. 1.]
 [0. 0. 0. 0. 0. 1. 0.]
 [0. 0. 0. 0. 0. 0. 1.]
 [0. 0. 0. 0. 0. 0. 1.]
 [0. 0. 0. 0. 0. 0. 1.]
 [0. 0. 0. 0. 0. 0. 1.]
 [0. 0. 0. 0. 0. 0. 1.]
 [0. 0. 0. 0. 0. 1. 0.]
 [0. 0. 0. 0. 0. 1. 0.]
 [0. 0. 0. 0. 0. 0. 1.]
 [0. 0. 0. 0. 0. 0. 1.]
 [0. 0. 0. 0. 0. 0. 1.]
 [0. 0. 0. 0. 0. 0. 1.]
 [0. 0. 0. 0. 0. 1. 0.]
 [0. 0. 0. 0. 0. 0. 1.]
 [0. 0. 0. 0. 0. 1. 0.]
 [0. 0. 0. 0. 0. 0. 1.]
 [0. 0. 0. 0. 0. 1. 0.]
 [0. 0. 0. 0. 0. 0. 1.]
 [0. 0. 0. 0. 0. 0. 1.]
 [0. 0. 0. 0. 0. 0. 1.]
 [0. 0. 0. 0. 0. 0. 1.]
 [0. 0. 0. 0. 0. 0. 1.]
 [0. 0. 0. 0. 0. 0. 1.]]
[array([0, 0, 0, 0, 0, 1]), array([0, 0, 0, 0, 0, 1]), array([0, 0, 0, 0, 0, 0]), array([0, 0, 0, 0, 0, 1]), array([0, 0, 0, 0, 0, 1]), array([0, 0, 0, 0, 0, 1]), array([0, 0, 0, 0, 0, 1]), array([0, 0, 0, 0, 0, 1]), array([0, 0, 0, 0, 0, 0]), array([0, 0, 0, 0, 0, 1]), array([0, 0, 0, 0, 0, 1]), array([0, 0, 0, 0, 0, 0]), array([0, 0, 0, 0, 0, 1]), array([0, 0, 0, 0, 0, 1]), array([0, 0, 0, 0, 0, 1]), array([0, 0, 0, 0, 0, 1]), array([0, 0, 0, 0, 0, 0]), array([0, 0, 0, 0, 0, 1]), array([0, 0, 0, 0, 0, 0]), array([0, 0, 0, 0, 0, 1]), array([0, 0, 0, 0, 0, 1]), array([0, 0, 0, 0, 0, 1]), array([0, 0, 0, 0, 0, 0]), array([0, 0, 0, 0, 0, 1]), array([0, 0, 0, 0, 0, 1]), array([0, 0, 0, 0, 0, 1]), array([0, 0, 0, 0, 0, 1]), array([0, 0, 0, 0, 0, 1]), array([0, 0, 0, 0, 0, 1]), array([0, 0, 0, 0, 0, 1])]
[array([0, 0, 0, 0, 0, 1]), array([0, 0, 0, 0, 0, 1]), array([0, 0, 0, 0, 0, 0]), array([0, 0, 0, 0, 0, 1]), array([0, 0, 0, 0, 0, 1]), array([0, 0, 0, 0, 0, 1]), array([0, 0, 0, 0, 0, 1]), array([0, 0, 0, 0, 0, 1]), array([0, 0, 0, 0, 0, 0]), array([0, 0, 0, 0, 0, 1]), array([0, 0, 0, 0, 0, 1]), array([0, 0, 0, 0, 0, 0]), array([0, 0, 0, 0, 0, 1]), array([0, 0, 0, 0, 0, 1]), array([0, 0, 0, 0, 0, 1]), array([0, 0, 0, 0, 0, 1]), array([0, 0, 0, 0, 0, 0]), array([0, 0, 0, 0, 0, 1]), array([0, 0, 0, 0, 0, 0]), array([0, 0, 0, 0, 0, 1]), array([0, 0, 0, 0, 0, 1]), array([0, 0, 0, 0, 0, 1]), array([0, 0, 0, 0, 0, 0]), array([0, 0, 0, 0, 0, 1]), array([0, 0, 0, 0, 0, 1]), array([0, 0, 0, 0, 0, 1]), array([0, 0, 0, 0, 0, 1]), array([0, 0, 0, 0, 0, 1]), array([0, 0, 0, 0, 0, 1]), array([0, 0, 0, 0, 0, 1])]
[array([0., 0., 0., 0., 0., 1.]), array([0., 0., 0., 0., 0., 0.]), array([0., 0., 0., 0., 0., 0.]), array([0., 0., 0., 0., 0., 1.]), array([0., 0., 0., 0., 0., 1.]), array([0., 0., 0., 0., 0., 0.]), array([0., 0., 0., 0., 0., 0.]), array([0., 0., 0., 0., 0., 1.]), array([0., 0., 0., 0., 0., 0.]), array([0., 0., 0., 0., 0., 0.]), array([0., 0., 0., 0., 0., 0.]), array([0., 0., 0., 0., 0., 0.]), array([0., 0., 0., 0., 0., 0.]), array([0., 0., 0., 0., 0., 1.]), array([0., 0., 0., 0., 0., 1.]), array([0., 0., 0., 0., 0., 0.]), array([0., 0., 0., 0., 0., 0.]), array([0., 0., 0., 0., 0., 0.]), array([0., 0., 0., 0., 0., 0.]), array([0., 0., 0., 0., 0., 1.]), array([0., 0., 0., 0., 0., 0.]), array([0., 0., 0., 0., 0., 1.]), array([0., 0., 0., 0., 0., 0.]), array([0., 0., 0., 0., 0., 1.]), array([0., 0., 0., 0., 0., 0.]), array([0., 0., 0., 0., 0., 0.]), array([0., 0., 0., 0., 0., 0.]), array([0., 0., 0., 0., 0., 0.]), array([0., 0., 0., 0., 0., 0.]), array([0., 0., 0., 0., 0., 0.])]
                       precision    recall  f1-score   support

label_identity_attack       0.60      0.27      0.38       131
         label_insult       0.53      0.48      0.51       145
        label_obscene       0.63      0.45      0.53       170
label_severe_toxicity       0.15      0.36      0.21        25
         label_threat       0.19      0.28      0.22        40
       label_toxicity       0.75      0.40      0.52       158

            micro avg       0.51      0.40      0.45       669
            macro avg       0.47      0.37      0.39       669
         weighted avg       0.59      0.40      0.46       669
          samples avg       0.12      0.12      0.12       669

huggingface/tokenizers: The current process just got forked, after parallelism has already been used. Disabling parallelism to avoid deadlocks...
To disable this warning, you can either:
	- Avoid using `tokenizers` before the fork if possible
	- Explicitly set the environment variable TOKENIZERS_PARALLELISM=(true | false)
huggingface/tokenizers: The current process just got forked, after parallelism has already been used. Disabling parallelism to avoid deadlocks...
To disable this warning, you can either:
	- Avoid using `tokenizers` before the fork if possible
	- Explicitly set the environment variable TOKENIZERS_PARALLELISM=(true | false)
huggingface/tokenizers: The current process just got forked, after parallelism has already been used. Disabling parallelism to avoid deadlocks...
To disable this warning, you can either:
	- Avoid using `tokenizers` before the fork if possible
	- Explicitly set the environment variable TOKENIZERS_PARALLELISM=(true | false)
huggingface/tokenizers: The current process just got forked, after parallelism has already been used. Disabling parallelism to avoid deadlocks...
To disable this warning, you can either:
	- Avoid using `tokenizers` before the fork if possible
	- Explicitly set the environment variable TOKENIZERS_PARALLELISM=(true | false)
huggingface/tokenizers: The current process just got forked, after parallelism has already been used. Disabling parallelism to avoid deadlocks...
To disable this warning, you can either:
	- Avoid using `tokenizers` before the fork if possible
	- Explicitly set the environment variable TOKENIZERS_PARALLELISM=(true | false)
huggingface/tokenizers: The current process just got forked, after parallelism has already been used. Disabling parallelism to avoid deadlocks...
To disable this warning, you can either:
	- Avoid using `tokenizers` before the fork if possible
	- Explicitly set the environment variable TOKENIZERS_PARALLELISM=(true | false)
huggingface/tokenizers: The current process just got forked, after parallelism has already been used. Disabling parallelism to avoid deadlocks...
To disable this warning, you can either:
	- Avoid using `tokenizers` before the fork if possible
	- Explicitly set the environment variable TOKENIZERS_PARALLELISM=(true | false)
huggingface/tokenizers: The current process just got forked, after parallelism has already been used. Disabling parallelism to avoid deadlocks...
To disable this warning, you can either:
	- Avoid using `tokenizers` before the fork if possible
	- Explicitly set the environment variable TOKENIZERS_PARALLELISM=(true | false)
huggingface/tokenizers: The current process just got forked, after parallelism has already been used. Disabling parallelism to avoid deadlocks...
To disable this warning, you can either:
	- Avoid using `tokenizers` before the fork if possible
	- Explicitly set the environment variable TOKENIZERS_PARALLELISM=(true | false)
{'eval_accuracy': 0.7101769911504425,
 'eval_f1': 0.44818871103622576,
 'eval_f1_macro': 0.44818871103622576,
 'eval_hamming loss': 0.04830383480825959,
 'eval_loss': 1.0138885974884033,
 'eval_macro_roc_auc': 0.6772726479297401,
 'eval_micro_roc_auc': 0.6890299242388666,
 'eval_precision': 0.5135135135135135,
 'eval_probs_roc_auc': 1.0,
 'eval_recall': 0.3976083707025411,
 'eval_runtime': 72.2505,
 'eval_samples_per_second': 31.28,
 'eval_steps_per_second': 3.917}
before change
[[0. 0. 1. 0. 0. 1. 0.]
 [0. 0. 0. 0. 0. 0. 1.]
 [0. 0. 0. 0. 0. 0. 1.]
 [0. 0. 0. 0. 0. 1. 0.]
 [0. 1. 1. 0. 0. 1. 0.]
 [0. 0. 0. 0. 0. 0. 1.]
 [0. 0. 0. 0. 0. 0. 1.]
 [0. 0. 0. 0. 0. 1. 0.]
 [0. 0. 0. 0. 0. 0. 1.]
 [0. 0. 0. 0. 0. 0. 1.]
 [0. 0. 0. 0. 0. 0. 1.]
 [0. 0. 0. 0. 0. 0. 1.]
 [0. 0. 0. 0. 0. 0. 1.]
 [0. 1. 1. 0. 0. 1. 0.]
 [0. 0. 0. 0. 0. 1. 0.]
 [0. 0. 0. 0. 0. 0. 0.]
 [0. 0. 0. 0. 0. 0. 1.]
 [0. 0. 0. 0. 0. 0. 0.]
 [0. 0. 0. 0. 0. 0. 1.]
 [0. 0. 0. 0. 0. 1. 0.]
 [0. 0. 0. 0. 0. 0. 1.]
 [0. 0. 1. 0. 0. 1. 0.]
 [0. 0. 0. 0. 0. 0. 1.]
 [0. 0. 0. 0. 0. 1. 0.]
 [0. 0. 0. 0. 0. 0. 1.]
 [0. 0. 0. 0. 0. 0. 0.]
 [0. 0. 0. 0. 0. 0. 0.]
 [0. 0. 0. 0. 0. 0. 1.]
 [0. 0. 0. 0. 0. 0. 1.]
 [0. 0. 0. 0. 0. 0. 0.]]
after change
[[0. 0. 0. 0. 0. 1. 0.]
 [0. 0. 0. 0. 0. 0. 1.]
 [0. 0. 0. 0. 0. 0. 1.]
 [0. 0. 0. 0. 0. 1. 0.]
 [0. 0. 0. 0. 0. 1. 0.]
 [0. 0. 0. 0. 0. 0. 1.]
 [0. 0. 0. 0. 0. 0. 1.]
 [0. 0. 0. 0. 0. 1. 0.]
 [0. 0. 0. 0. 0. 0. 1.]
 [0. 0. 0. 0. 0. 0. 1.]
 [0. 0. 0. 0. 0. 0. 1.]
 [0. 0. 0. 0. 0. 0. 1.]
 [0. 0. 0. 0. 0. 0. 1.]
 [0. 0. 0. 0. 0. 1. 0.]
 [0. 0. 0. 0. 0. 1. 0.]
 [0. 0. 0. 0. 0. 0. 1.]
 [0. 0. 0. 0. 0. 0. 1.]
 [0. 0. 0. 0. 0. 0. 1.]
 [0. 0. 0. 0. 0. 0. 1.]
 [0. 0. 0. 0. 0. 1. 0.]
 [0. 0. 0. 0. 0. 0. 1.]
 [0. 0. 0. 0. 0. 1. 0.]
 [0. 0. 0. 0. 0. 0. 1.]
 [0. 0. 0. 0. 0. 1. 0.]
 [0. 0. 0. 0. 0. 0. 1.]
 [0. 0. 0. 0. 0. 0. 1.]
 [0. 0. 0. 0. 0. 0. 1.]
 [0. 0. 0. 0. 0. 0. 1.]
 [0. 0. 0. 0. 0. 0. 1.]
 [0. 0. 0. 0. 0. 0. 1.]]
[array([0, 0, 0, 0, 0, 1]), array([0, 0, 0, 0, 0, 1]), array([0, 0, 0, 0, 0, 0]), array([0, 0, 0, 0, 0, 1]), array([0, 0, 0, 0, 0, 1]), array([0, 0, 0, 0, 0, 1]), array([0, 0, 0, 0, 0, 1]), array([0, 0, 0, 0, 0, 1]), array([0, 0, 0, 0, 0, 0]), array([0, 0, 0, 0, 0, 1]), array([0, 0, 0, 0, 0, 1]), array([0, 0, 0, 0, 0, 0]), array([0, 0, 0, 0, 0, 1]), array([0, 0, 0, 0, 0, 1]), array([0, 0, 0, 0, 0, 1]), array([0, 0, 0, 0, 0, 1]), array([0, 0, 0, 0, 0, 0]), array([0, 0, 0, 0, 0, 1]), array([0, 0, 0, 0, 0, 0]), array([0, 0, 0, 0, 0, 1]), array([0, 0, 0, 0, 0, 1]), array([0, 0, 0, 0, 0, 1]), array([0, 0, 0, 0, 0, 0]), array([0, 0, 0, 0, 0, 1]), array([0, 0, 0, 0, 0, 1]), array([0, 0, 0, 0, 0, 1]), array([0, 0, 0, 0, 0, 1]), array([0, 0, 0, 0, 0, 1]), array([0, 0, 0, 0, 0, 1]), array([0, 0, 0, 0, 0, 1])]
[array([0, 0, 0, 0, 0, 1]), array([0, 0, 0, 0, 0, 1]), array([0, 0, 0, 0, 0, 0]), array([0, 0, 0, 0, 0, 1]), array([0, 0, 0, 0, 0, 1]), array([0, 0, 0, 0, 0, 1]), array([0, 0, 0, 0, 0, 1]), array([0, 0, 0, 0, 0, 1]), array([0, 0, 0, 0, 0, 0]), array([0, 0, 0, 0, 0, 1]), array([0, 0, 0, 0, 0, 1]), array([0, 0, 0, 0, 0, 0]), array([0, 0, 0, 0, 0, 1]), array([0, 0, 0, 0, 0, 1]), array([0, 0, 0, 0, 0, 1]), array([0, 0, 0, 0, 0, 1]), array([0, 0, 0, 0, 0, 0]), array([0, 0, 0, 0, 0, 1]), array([0, 0, 0, 0, 0, 0]), array([0, 0, 0, 0, 0, 1]), array([0, 0, 0, 0, 0, 1]), array([0, 0, 0, 0, 0, 1]), array([0, 0, 0, 0, 0, 0]), array([0, 0, 0, 0, 0, 1]), array([0, 0, 0, 0, 0, 1]), array([0, 0, 0, 0, 0, 1]), array([0, 0, 0, 0, 0, 1]), array([0, 0, 0, 0, 0, 1]), array([0, 0, 0, 0, 0, 1]), array([0, 0, 0, 0, 0, 1])]
[array([0., 0., 0., 0., 0., 1.]), array([0., 0., 0., 0., 0., 0.]), array([0., 0., 0., 0., 0., 0.]), array([0., 0., 0., 0., 0., 1.]), array([0., 0., 0., 0., 0., 1.]), array([0., 0., 0., 0., 0., 0.]), array([0., 0., 0., 0., 0., 0.]), array([0., 0., 0., 0., 0., 1.]), array([0., 0., 0., 0., 0., 0.]), array([0., 0., 0., 0., 0., 0.]), array([0., 0., 0., 0., 0., 0.]), array([0., 0., 0., 0., 0., 0.]), array([0., 0., 0., 0., 0., 0.]), array([0., 0., 0., 0., 0., 1.]), array([0., 0., 0., 0., 0., 1.]), array([0., 0., 0., 0., 0., 0.]), array([0., 0., 0., 0., 0., 0.]), array([0., 0., 0., 0., 0., 0.]), array([0., 0., 0., 0., 0., 0.]), array([0., 0., 0., 0., 0., 1.]), array([0., 0., 0., 0., 0., 0.]), array([0., 0., 0., 0., 0., 1.]), array([0., 0., 0., 0., 0., 0.]), array([0., 0., 0., 0., 0., 1.]), array([0., 0., 0., 0., 0., 0.]), array([0., 0., 0., 0., 0., 0.]), array([0., 0., 0., 0., 0., 0.]), array([0., 0., 0., 0., 0., 0.]), array([0., 0., 0., 0., 0., 0.]), array([0., 0., 0., 0., 0., 0.])]
                       precision    recall  f1-score   support

label_identity_attack       0.60      0.27      0.38       131
         label_insult       0.53      0.48      0.51       145
        label_obscene       0.63      0.45      0.53       170
label_severe_toxicity       0.15      0.36      0.21        25
         label_threat       0.19      0.28      0.22        40
       label_toxicity       0.75      0.40      0.52       158

            micro avg       0.51      0.40      0.45       669
            macro avg       0.47      0.37      0.39       669
         weighted avg       0.59      0.40      0.46       669
          samples avg       0.12      0.12      0.12       669

[[-4.9315057  -1.2345473   1.3833534  -5.00674    -6.8513036   1.6521268
  -3.6003501 ]
 [-7.6557713  -6.9354315  -6.710324   -8.815872   -8.650288   -5.2001514
   3.577678  ]
 [-7.8796153  -7.4149566  -6.6325784  -8.586824   -8.450488   -4.991227
   3.5436175 ]
 [-1.8740674  -2.359815   -3.6707056  -6.554623   -6.3988724   0.20425244
  -1.8895152 ]
 [-2.5481272   2.6380084   2.5524998  -3.1560354  -5.4486575   3.9884448
  -6.469107  ]
 [-6.1045356  -3.9002435  -4.543409   -7.94478    -8.310647   -2.509132
   0.8290855 ]
 [-6.7236576  -5.8827434  -5.631667   -8.590842   -7.8893933  -3.8093553
   2.1222706 ]
 [-3.9311917  -2.0796802  -0.68997437 -6.4863634  -7.100934    0.6349092
  -2.7904038 ]
 [-6.799453   -5.645923   -5.265757   -8.600308   -8.04103    -3.3525147
   1.7862096 ]
 [-6.8321056  -6.263961   -6.8284035  -8.660483   -8.638985   -4.9172153
   3.1074376 ]]
before change
[[0. 1. 1. 0. 0. 1. 0.]
 [0. 1. 1. 0. 0. 1. 0.]
 [0. 1. 1. 1. 1. 1. 0.]
 [0. 1. 1. 0. 0. 1. 0.]
 [0. 0. 0. 0. 0. 0. 0.]
 [0. 0. 0. 0. 0. 0. 0.]
 [0. 0. 0. 0. 1. 1. 0.]
 [0. 0. 0. 0. 0. 0. 1.]
 [0. 0. 0. 0. 0. 0. 1.]
 [1. 1. 0. 0. 0. 1. 0.]
 [0. 1. 1. 1. 0. 1. 0.]
 [0. 1. 1. 0. 0. 1. 0.]
 [0. 1. 1. 0. 1. 1. 0.]
 [0. 0. 0. 0. 0. 1. 0.]
 [0. 1. 1. 1. 0. 1. 0.]
 [0. 0. 0. 0. 0. 0. 1.]
 [0. 1. 1. 0. 1. 1. 0.]
 [0. 0. 1. 0. 0. 1. 0.]
 [0. 0. 0. 0. 0. 0. 0.]
 [0. 0. 0. 0. 0. 0. 1.]
 [0. 0. 0. 0. 0. 1. 0.]
 [0. 0. 0. 0. 0. 0. 0.]
 [0. 0. 0. 0. 0. 0. 0.]
 [1. 1. 1. 0. 0. 1. 0.]
 [1. 1. 1. 1. 1. 1. 0.]
 [0. 0. 0. 0. 0. 0. 0.]
 [0. 1. 0. 0. 0. 1. 0.]
 [0. 0. 1. 0. 0. 1. 0.]
 [0. 0. 0. 0. 0. 0. 1.]
 [0. 0. 0. 0. 0. 0. 1.]
 [0. 0. 0. 0. 0. 1. 0.]
 [0. 1. 1. 0. 0. 1. 0.]
 [1. 1. 1. 0. 0. 1. 0.]
 [1. 1. 0. 0. 1. 1. 0.]
 [1. 1. 1. 0. 0. 1. 0.]
 [0. 0. 0. 0. 0. 0. 1.]
 [0. 0. 0. 0. 1. 1. 0.]
 [0. 0. 0. 0. 0. 0. 0.]
 [1. 1. 1. 0. 0. 1. 0.]
 [0. 1. 0. 0. 1. 1. 0.]
 [0. 0. 0. 0. 0. 0. 1.]
 [0. 1. 1. 0. 0. 1. 0.]
 [0. 0. 0. 0. 0. 0. 1.]
 [0. 0. 0. 0. 0. 0. 1.]
 [1. 1. 1. 0. 0. 1. 0.]
 [0. 1. 1. 0. 0. 1. 0.]
 [0. 0. 0. 0. 0. 0. 1.]
 [0. 0. 0. 0. 0. 1. 0.]
 [1. 1. 1. 0. 1. 1. 0.]
 [0. 1. 1. 0. 1. 1. 0.]]
tensor([[2.8336e-02, 9.7973e-01, 9.6154e-01, 7.6474e-02, 8.3992e-03, 9.7959e-01,
         1.5974e-03],
        [1.6186e-01, 8.1470e-01, 8.6008e-01, 4.4317e-02, 4.6967e-03, 9.7745e-01,
         2.2715e-03],
        [4.3441e-01, 9.8165e-01, 9.5173e-01, 8.2709e-01, 9.9441e-01, 9.9366e-01,
         2.6822e-03],
        [1.2339e-01, 9.5457e-01, 9.2034e-01, 1.4140e-01, 1.3393e-02, 9.8860e-01,
         1.0479e-03],
        [5.7643e-03, 2.8192e-02, 6.7733e-02, 1.1453e-03, 7.6629e-03, 4.6147e-01,
         1.9133e-01],
        [4.8707e-03, 4.6869e-02, 2.0649e-02, 7.6902e-04, 2.3907e-03, 2.8440e-01,
         3.4851e-01],
        [2.4962e-01, 2.4886e-01, 2.0373e-01, 4.9898e-02, 9.3362e-01, 8.9619e-01,
         4.2073e-02],
        [6.6807e-03, 4.3746e-03, 3.2454e-03, 3.3016e-04, 3.0759e-03, 4.3715e-02,
         8.1436e-01],
        [5.8319e-04, 1.3241e-03, 1.7682e-03, 1.4459e-04, 1.8708e-04, 8.8172e-03,
         9.5838e-01],
        [8.8661e-01, 5.9223e-01, 3.4833e-01, 1.4462e-01, 2.8225e-01, 9.6103e-01,
         1.1298e-02],
        [1.9952e-01, 9.9139e-01, 9.9561e-01, 7.6284e-01, 4.2858e-01, 9.9565e-01,
         1.0015e-03],
        [5.1336e-02, 9.5233e-01, 9.8699e-01, 1.9178e-01, 7.2397e-03, 9.8882e-01,
         1.4221e-03],
        [2.5856e-01, 9.4752e-01, 9.7153e-01, 4.9142e-01, 9.2750e-01, 9.8961e-01,
         2.6255e-03],
        [9.9252e-03, 5.3978e-02, 2.4282e-01, 4.1023e-03, 1.4693e-02, 6.7136e-01,
         9.8763e-02],
        [9.7724e-02, 9.7385e-01, 9.9676e-01, 9.3912e-01, 1.6600e-02, 9.9317e-01,
         2.5334e-03],
        [2.6499e-04, 3.7222e-04, 5.6405e-04, 2.2538e-04, 1.9632e-04, 9.7896e-04,
         9.9515e-01],
        [4.7389e-01, 7.8287e-01, 8.1942e-01, 2.0906e-01, 9.3605e-01, 9.7695e-01,
         5.1716e-03],
        [2.2325e-02, 4.6955e-01, 8.2705e-01, 4.2896e-02, 3.2561e-02, 9.7901e-01,
         3.8635e-03],
        [8.4375e-02, 2.5309e-02, 1.5281e-02, 1.5932e-03, 2.0500e-02, 2.9921e-01,
         3.3942e-01],
        [1.4178e-03, 1.8246e-03, 2.6575e-03, 2.0447e-04, 4.1571e-04, 1.5313e-02,
         9.2504e-01],
        [3.4073e-01, 1.9051e-01, 2.2504e-01, 7.3102e-03, 2.7796e-02, 8.1574e-01,
         3.3561e-02],
        [1.8912e-01, 2.6852e-02, 4.5128e-02, 6.4404e-03, 4.9106e-01, 4.9541e-01,
         2.3269e-01],
        [3.2855e-03, 1.4151e-02, 3.8559e-02, 5.7278e-04, 1.1841e-03, 2.1446e-01,
         4.2196e-01],
        [9.8358e-01, 9.7590e-01, 9.4041e-01, 3.6239e-01, 4.4792e-02, 9.8855e-01,
         2.3384e-03],
        [9.9621e-01, 9.6425e-01, 9.0569e-01, 5.9314e-01, 6.6614e-01, 9.9195e-01,
         3.3980e-03],
        [9.7048e-03, 1.3273e-02, 1.8880e-02, 1.1687e-03, 1.3500e-03, 2.8733e-01,
         3.3739e-01],
        [4.2773e-01, 5.4854e-01, 1.5010e-01, 1.4015e-02, 6.3693e-02, 9.3039e-01,
         1.2823e-02],
        [1.0500e-01, 2.2032e-01, 6.0454e-01, 2.8571e-02, 3.6526e-01, 8.7349e-01,
         2.5513e-02],
        [2.2919e-03, 4.2680e-03, 3.2846e-03, 2.4669e-04, 1.3190e-03, 3.8072e-02,
         8.3749e-01],
        [7.7513e-04, 2.2276e-03, 6.8811e-03, 2.3921e-04, 3.0957e-04, 1.8056e-02,
         9.2250e-01],
        [6.8430e-02, 3.4976e-02, 6.5185e-02, 6.9697e-03, 4.9517e-01, 7.0981e-01,
         1.1524e-01],
        [4.4208e-02, 8.4876e-01, 9.5980e-01, 4.0492e-02, 2.4774e-03, 9.7047e-01,
         3.0404e-03],
        [9.6174e-01, 9.6992e-01, 9.7391e-01, 4.0950e-01, 1.4748e-02, 9.8999e-01,
         2.2464e-03],
        [7.0159e-01, 7.4051e-01, 4.8393e-01, 1.4186e-01, 8.6157e-01, 9.7165e-01,
         6.1029e-03],
        [8.6441e-01, 9.2512e-01, 9.5663e-01, 2.2160e-01, 8.3474e-03, 9.8008e-01,
         3.6040e-03],
        [2.8596e-04, 3.8936e-04, 6.9397e-04, 1.8592e-04, 1.8911e-04, 1.4645e-03,
         9.9305e-01],
        [3.8403e-01, 4.7887e-01, 2.3738e-01, 1.2117e-01, 9.8734e-01, 9.2373e-01,
         3.2477e-02],
        [5.4109e-03, 1.5073e-02, 6.5806e-02, 9.8284e-04, 3.6833e-03, 2.7142e-01,
         3.9405e-01],
        [5.4220e-01, 9.4291e-01, 8.5568e-01, 6.2115e-02, 8.4855e-03, 9.8107e-01,
         1.7334e-03],
        [4.1971e-01, 7.3986e-01, 3.3289e-01, 1.8706e-01, 9.8960e-01, 9.5212e-01,
         1.7958e-02],
        [3.1438e-04, 6.5631e-04, 9.7780e-04, 1.5532e-04, 1.6580e-04, 3.4759e-03,
         9.8374e-01],
        [3.2757e-02, 9.3674e-01, 9.7628e-01, 7.7074e-02, 2.9395e-03, 9.8046e-01,
         2.0089e-03],
        [7.6764e-03, 1.1731e-02, 1.0631e-02, 2.3841e-03, 2.9393e-01, 2.0030e-01,
         5.7539e-01],
        [8.1321e-04, 2.9160e-03, 3.4281e-03, 1.7729e-04, 3.8739e-04, 2.1016e-02,
         8.9793e-01],
        [6.7854e-01, 9.8081e-01, 7.4665e-01, 1.1929e-01, 3.2373e-02, 9.8623e-01,
         2.0543e-03],
        [8.5764e-02, 8.9148e-01, 9.3074e-01, 9.5079e-02, 5.7736e-03, 9.8526e-01,
         1.4337e-03],
        [8.5755e-04, 2.6346e-03, 1.0714e-02, 2.1751e-04, 3.7399e-04, 2.5852e-02,
         8.7845e-01],
        [8.3997e-02, 4.9099e-01, 9.5035e-02, 3.5924e-03, 3.8491e-03, 8.9155e-01,
         1.9434e-02],
        [7.3030e-01, 9.3144e-01, 9.6943e-01, 4.1386e-01, 8.5698e-01, 9.8891e-01,
         1.9833e-03],
        [9.7011e-02, 7.3704e-01, 7.3326e-01, 8.1716e-02, 6.1340e-01, 9.7486e-01,
         5.2566e-03]])
[[0, 0, 0, 0, 0, 0], [0, 0, 0, 0, 0, 0], [0, 0, 0, 0, 0, 0], [0, 0, 0, 0, 0, 0], [0, 0, 0, 0, 1, 0], [0, 0, 0, 0, 0, 0], [0, 0, 0, 0, 1, 0], [0, 0, 0, 0, 0, 0], [0, 0, 0, 0, 0, 0], [0, 0, 0, 0, 0, 0], [0, 0, 0, 0, 0, 0], [0, 0, 0, 0, 0, 0], [0, 0, 0, 0, 0, 0], [0, 0, 0, 0, 0, 0], [0, 0, 0, 0, 0, 0], [0, 0, 0, 0, 0, 0], [0, 0, 0, 0, 0, 0], [0, 0, 0, 0, 0, 0], [0, 0, 0, 0, 0, 0], [0, 0, 0, 0, 0, 0], [0, 0, 0, 0, 0, 0], [0, 0, 0, 0, 1, 0], [0, 0, 0, 0, 0, 0], [0, 0, 0, 0, 0, 0], [0, 0, 0, 0, 1, 0], [0, 0, 0, 0, 0, 0], [0, 0, 0, 0, 0, 0], [0, 0, 0, 0, 0, 0], [0, 0, 0, 0, 0, 0], [0, 0, 0, 0, 0, 0], [0, 0, 0, 0, 0, 0], [0, 0, 0, 0, 0, 0], [0, 0, 0, 0, 0, 0], [0, 0, 0, 0, 1, 0], [0, 0, 0, 0, 0, 0], [0, 0, 0, 0, 0, 0], [0, 0, 0, 0, 0, 0], [0, 0, 0, 0, 0, 0], [0, 0, 0, 0, 0, 0], [0, 0, 0, 0, 0, 0], [0, 0, 0, 0, 0, 0], [0, 0, 0, 0, 0, 0], [0, 0, 0, 0, 0, 0], [0, 0, 0, 0, 0, 0], [0, 0, 0, 0, 0, 0], [0, 0, 0, 0, 0, 0], [0, 0, 0, 0, 0, 0], [0, 0, 0, 0, 0, 0], [0, 0, 0, 0, 0, 0], [0, 0, 0, 0, 1, 0]]
[array([0., 1., 1., 0., 0., 1.]), array([0., 1., 1., 0., 0., 1.]), array([0., 1., 1., 1., 1., 1.]), array([0., 1., 1., 0., 0., 1.]), array([0., 0., 0., 0., 0., 0.]), array([0., 0., 0., 0., 0., 0.]), array([0., 0., 0., 0., 1., 1.]), array([0., 0., 0., 0., 0., 0.]), array([0., 0., 0., 0., 0., 0.]), array([1., 1., 0., 0., 0., 1.]), array([0., 1., 1., 1., 0., 1.]), array([0., 1., 1., 0., 0., 1.]), array([0., 1., 1., 0., 1., 1.]), array([0., 0., 0., 0., 0., 1.]), array([0., 1., 1., 1., 0., 1.]), array([0., 0., 0., 0., 0., 0.]), array([0., 1., 1., 0., 1., 1.]), array([0., 0., 1., 0., 0., 1.]), array([0., 0., 0., 0., 0., 0.]), array([0., 0., 0., 0., 0., 0.]), array([0., 0., 0., 0., 0., 1.]), array([0., 0., 0., 0., 0., 0.]), array([0., 0., 0., 0., 0., 0.]), array([1., 1., 1., 0., 0., 1.]), array([1., 1., 1., 1., 1., 1.]), array([0., 0., 0., 0., 0., 0.]), array([0., 1., 0., 0., 0., 1.]), array([0., 0., 1., 0., 0., 1.]), array([0., 0., 0., 0., 0., 0.]), array([0., 0., 0., 0., 0., 0.]), array([0., 0., 0., 0., 0., 1.]), array([0., 1., 1., 0., 0., 1.]), array([1., 1., 1., 0., 0., 1.]), array([1., 1., 0., 0., 1., 1.]), array([1., 1., 1., 0., 0., 1.]), array([0., 0., 0., 0., 0., 0.]), array([0., 0., 0., 0., 1., 1.]), array([0., 0., 0., 0., 0., 0.]), array([1., 1., 1., 0., 0., 1.]), array([0., 1., 0., 0., 1., 1.]), array([0., 0., 0., 0., 0., 0.]), array([0., 1., 1., 0., 0., 1.]), array([0., 0., 0., 0., 0., 0.]), array([0., 0., 0., 0., 0., 0.]), array([1., 1., 1., 0., 0., 1.]), array([0., 1., 1., 0., 0., 1.]), array([0., 0., 0., 0., 0., 0.]), array([0., 0., 0., 0., 0., 1.]), array([1., 1., 1., 0., 1., 1.]), array([0., 1., 1., 0., 1., 1.])]
END: Fri Apr 14 15:30:47 EEST 2023
