epochs: 4, learning rate: 2e-5, batch size: 8, prediction treshold: 0.5, model: xlm-roberta-base 
Translated train and test
[{'id': 'ee9697785fe41ff8', 'label_identity_attack': 0, 'label_insult': 0, 'label_obscene': 0, 'label_severe_toxicity': 0, 'label_threat': 0, 'label_toxicity': 0, 'lang': 'fi-deepl', 'text': '"\nKiitos Xeno. - Talk - "'}, {'id': '29fec512f2ee929e', 'label_identity_attack': 0, 'label_insult': 0, 'label_obscene': 0, 'label_severe_toxicity': 0, 'label_threat': 0, 'label_toxicity': 0, 'lang': 'fi-deepl', 'text': '2009 (UTC)\nKorjattu 03:36, 8 kesäkuu'}, {'id': '88944b29dde50648', 'label_identity_attack': 0, 'label_insult': 0, 'label_obscene': 0, 'label_severe_toxicity': 0, 'label_threat': 0, 'label_toxicity': 0, 'lang': 'fi-deepl', 'text': 'Kysymys\nMitä vikaa tekemässäni korjauksessa oli?'}]
                 id  ...                                               text
0  ee9697785fe41ff8  ...                         "\nKiitos Xeno. - Talk - "
1  29fec512f2ee929e  ...              2009 (UTC)\nKorjattu 03:36, 8 kesäkuu
2  88944b29dde50648  ...  Kysymys\nMitä vikaa tekemässäni korjauksessa oli?
3  c7bf1f59096102f3  ...  Olen itse asiassa nyt samaa mieltä. (Uskomaton...
4  7d71ee0e8ea0794a  ...  Kisumu \n\nHuomasin, että olet osallistunut Ki...

[5 rows x 9 columns]
                 id  ...              labels
0  ee9697785fe41ff8  ...  [0, 0, 0, 0, 0, 0]
1  29fec512f2ee929e  ...  [0, 0, 0, 0, 0, 0]
2  88944b29dde50648  ...  [0, 0, 0, 0, 0, 0]
3  c7bf1f59096102f3  ...  [0, 0, 0, 0, 0, 0]
4  7d71ee0e8ea0794a  ...  [0, 0, 0, 0, 0, 0]

[5 rows x 10 columns]
                                                text              labels
0                         "\nKiitos Xeno. - Talk - "  [0, 0, 0, 0, 0, 0]
1              2009 (UTC)\nKorjattu 03:36, 8 kesäkuu  [0, 0, 0, 0, 0, 0]
2  Kysymys\nMitä vikaa tekemässäni korjauksessa oli?  [0, 0, 0, 0, 0, 0]
3  Olen itse asiassa nyt samaa mieltä. (Uskomaton...  [0, 0, 0, 0, 0, 0]
4  Kisumu \n\nHuomasin, että olet osallistunut Ki...  [0, 0, 0, 0, 0, 0]
[{'id': '879ad7bdba4cedaa', 'label_identity_attack': 0, 'label_insult': 0, 'label_obscene': 0, 'label_severe_toxicity': 0, 'label_threat': 0, 'label_toxicity': 0, 'lang': 'fi-deepl', 'text': '" \n\n Hei Pieter Pietersen, ja tervetuloa Wikipediaan!   \n\n Tervetuloa Wikipediaan! Toivottavasti viihdyt tietosanakirjassa ja haluat jäädä tänne. Ensimmäiseksi voit lukea johdannon. \n\n Jos sinulla on kysyttävää, voit kysyä minulta keskustelusivullani - autan mielelläni. Tai voit kysyä kysymyksesi Uusien avustajien ohjesivulla. \n\n - \n Seuraavassa on lisää resursseja, jotka auttavat sinua tutkimaan ja osallistumaan maailman suurinta tietosanakirjaa.... \n\n  Löydät perille:  \n\n  \n * Sisällysluettelo \n\n * Osastohakemisto \n\n  \n  Tarvitsetko apua?  \n\n  \n * Kysymykset - opas siitä, mistä voi esittää kysymyksiä. \n * Huijausluettelo - pikaohje Wikipedian merkintäkoodeista. \n\n * Wikipedian 5 pilaria - yleiskatsaus Wikipedian perustaan. \n * The Simplified Ruleset - yhteenveto Wikipedian tärkeimmistä säännöistä. \n\n  \n  Miten voit auttaa:  \n\n  \n * Wikipedian avustaminen - opas siitä, miten voit auttaa. \n\n * Yhteisöportaali - Wikipedian toiminnan keskus. \n\n  \n  Lisää vinkkejä...   \n\n  \n * Allekirjoita viestisi keskustelusivuilla neljällä tildillä (~~~~). Tämä lisää automaattisesti ""allekirjoituksesi"" (käyttäjänimesi ja päivämääräleima). Myös Wikipedian tekstinmuokkausikkunan yläpuolella olevassa työkalupalkissa oleva painike tekee tämän.  \n\n * Jos haluat leikkiä uusilla Wiki-taidoillasi, Hiekkalaatikko on sinua varten.  \n\n  \n  Onnea ja hauskaa. "'}, {'id': '8889526d5dccab4a', 'label_identity_attack': 0, 'label_insult': 0, 'label_obscene': 0, 'label_severe_toxicity': 0, 'label_threat': 0, 'label_toxicity': 0, 'lang': 'fi-deepl', 'text': '" \n\n Sinut on väliaikaisesti estetty muokkaamasta Wikipediaa ilkivallan vuoksi. Jos haluat antaa hyödyllisiä panoksia, voit palata takaisin, kun esto päättyy. 123 "'}, {'id': '3f49e23388bc4c07', 'label_identity_attack': 0, 'label_insult': 0, 'label_obscene': 1, 'label_severe_toxicity': 0, 'label_threat': 0, 'label_toxicity': 1, 'lang': 'fi-deepl', 'text': '{Tule!!!!! FUCK..... ok mies, olen todella todella todella todella todella todella todella todella............ todella todella todella todella todella todella..... (hengittää syvään).... todella todella todella todella todella pahoillani! BLING!'}]
                 id  ...                                               text
0  879ad7bdba4cedaa  ...  " \n\n Hei Pieter Pietersen, ja tervetuloa Wik...
1  8889526d5dccab4a  ...  " \n\n Sinut on väliaikaisesti estetty muokkaa...
2  3f49e23388bc4c07  ...  {Tule!!!!! FUCK..... ok mies, olen todella tod...
3  2bf685b152948de4  ...  " \n\n == Zeqin kieltäminen== \n Zeqin välimie...
4  02511a5f1990bec2  ...         . Tämä tili on Dantherocker1:n sukkanukke.

[5 rows x 9 columns]
                 id  ...              labels
0  879ad7bdba4cedaa  ...  [0, 0, 0, 0, 0, 0]
1  8889526d5dccab4a  ...  [0, 0, 0, 0, 0, 0]
2  3f49e23388bc4c07  ...  [0, 0, 1, 0, 0, 1]
3  2bf685b152948de4  ...  [0, 0, 0, 0, 0, 0]
4  02511a5f1990bec2  ...  [0, 0, 0, 0, 0, 0]

[5 rows x 10 columns]
                                                text              labels
0  " \n\n Hei Pieter Pietersen, ja tervetuloa Wik...  [0, 0, 0, 0, 0, 0]
1  " \n\n Sinut on väliaikaisesti estetty muokkaa...  [0, 0, 0, 0, 0, 0]
2  {Tule!!!!! FUCK..... ok mies, olen todella tod...  [0, 0, 1, 0, 0, 1]
3  " \n\n == Zeqin kieltäminen== \n Zeqin välimie...  [0, 0, 0, 0, 0, 0]
4         . Tämä tili on Dantherocker1:n sukkanukke.  [0, 0, 0, 0, 0, 0]
DatasetDict({
    train: Dataset({
        features: ['text', 'labels'],
        num_rows: 127656
    })
    dev: Dataset({
        features: ['text', 'labels'],
        num_rows: 31915
    })
    test: Dataset({
        features: ['text', 'labels'],
        num_rows: 63978
    })
})
huggingface/tokenizers: The current process just got forked, after parallelism has already been used. Disabling parallelism to avoid deadlocks...
To disable this warning, you can either:
	- Avoid using `tokenizers` before the fork if possible
	- Explicitly set the environment variable TOKENIZERS_PARALLELISM=(true | false)
huggingface/tokenizers: The current process just got forked, after parallelism has already been used. Disabling parallelism to avoid deadlocks...
To disable this warning, you can either:
	- Avoid using `tokenizers` before the fork if possible
	- Explicitly set the environment variable TOKENIZERS_PARALLELISM=(true | false)
huggingface/tokenizers: The current process just got forked, after parallelism has already been used. Disabling parallelism to avoid deadlocks...
To disable this warning, you can either:
	- Avoid using `tokenizers` before the fork if possible
	- Explicitly set the environment variable TOKENIZERS_PARALLELISM=(true | false)
{'loss': 0.0654, 'learning_rate': 1.5000000000000002e-05, 'epoch': 1.0}
{'eval_loss': 0.054471660405397415, 'eval_f1': 0.7152108671615858, 'eval_roc_auc': 0.8244149410919266, 'eval_accuracy': 0.9180636064546451, 'eval_runtime': 271.0114, 'eval_samples_per_second': 117.763, 'eval_steps_per_second': 3.683, 'epoch': 1.0}
{'loss': 0.0506, 'learning_rate': 1e-05, 'epoch': 2.0}
{'eval_loss': 0.055514946579933167, 'eval_f1': 0.7378783426388481, 'eval_roc_auc': 0.8589353633506244, 'eval_accuracy': 0.9178756070813098, 'eval_runtime': 270.8939, 'eval_samples_per_second': 117.814, 'eval_steps_per_second': 3.684, 'epoch': 2.0}
{'loss': 0.0431, 'learning_rate': 5e-06, 'epoch': 3.0}
{'eval_loss': 0.04954760521650314, 'eval_f1': 0.7502338634237605, 'eval_roc_auc': 0.8452904594708072, 'eval_accuracy': 0.9242989190036033, 'eval_runtime': 270.8076, 'eval_samples_per_second': 117.851, 'eval_steps_per_second': 3.685, 'epoch': 3.0}
{'loss': 0.0366, 'learning_rate': 0.0, 'epoch': 4.0}
{'eval_loss': 0.05096161365509033, 'eval_f1': 0.7589968937040685, 'eval_roc_auc': 0.8590779545793187, 'eval_accuracy': 0.9249882500391665, 'eval_runtime': 272.477, 'eval_samples_per_second': 117.129, 'eval_steps_per_second': 3.663, 'epoch': 4.0}
{'train_runtime': 12149.3818, 'train_samples_per_second': 42.029, 'train_steps_per_second': 5.254, 'train_loss': 0.048930144783637275, 'epoch': 4.0}
{'epoch': 4.0,
 'eval_accuracy': 0.8852886929882147,
 'eval_f1': 0.6556312676780663,
 'eval_loss': 0.07514640688896179,
 'eval_roc_auc': 0.8430544660958189,
 'eval_runtime': 547.665,
 'eval_samples_per_second': 116.82,
 'eval_steps_per_second': 3.652}
F1: 0.6556312676780663
                       precision    recall  f1-score   support

label_identity_attack       0.73      0.39      0.51       712
         label_insult       0.65      0.65      0.65      3427
        label_obscene       0.63      0.74      0.68      3691
label_severe_toxicity       0.41      0.25      0.31       367
         label_threat       0.00      0.00      0.00       211
       label_toxicity       0.59      0.80      0.68      6090

            micro avg       0.61      0.70      0.66     14498
            macro avg       0.50      0.47      0.47     14498
         weighted avg       0.61      0.70      0.65     14498
          samples avg       0.07      0.07      0.06     14498

{0: 'label_identity_attack', 1: 'label_insult', 2: 'label_obscene', 3: 'label_severe_toxicity', 4: 'label_threat', 5: 'label_toxicity'}
END: ke 22.6.2022 15.26.42 +0300
