epochs: 4, learning rate: 2e-5, batch size: 8, prediction treshold: 0.5, model: xlm-roberta-base 
transfer from english train to translated finnish test
DatasetDict({
    train: Dataset({
        features: ['text', 'labels'],
        num_rows: 127656
    })
    dev: Dataset({
        features: ['text', 'labels'],
        num_rows: 31915
    })
    test: Dataset({
        features: ['text', 'labels'],
        num_rows: 63978
    })
})
huggingface/tokenizers: The current process just got forked, after parallelism has already been used. Disabling parallelism to avoid deadlocks...
To disable this warning, you can either:
	- Avoid using `tokenizers` before the fork if possible
	- Explicitly set the environment variable TOKENIZERS_PARALLELISM=(true | false)
huggingface/tokenizers: The current process just got forked, after parallelism has already been used. Disabling parallelism to avoid deadlocks...
To disable this warning, you can either:
	- Avoid using `tokenizers` before the fork if possible
	- Explicitly set the environment variable TOKENIZERS_PARALLELISM=(true | false)
huggingface/tokenizers: The current process just got forked, after parallelism has already been used. Disabling parallelism to avoid deadlocks...
To disable this warning, you can either:
	- Avoid using `tokenizers` before the fork if possible
	- Explicitly set the environment variable TOKENIZERS_PARALLELISM=(true | false)
{'loss': 0.2634, 'learning_rate': 1.5000000000000002e-05, 'epoch': 1.0}
{'eval_loss': 0.24588601291179657, 'eval_f1_micro': 0.7446851049650116, 'eval_f1_weighted': 0.7426371886684093, 'eval_roc_auc': 0.8882760713002252, 'eval_accuracy': 0.9143036189879367, 'eval_runtime': 264.3936, 'eval_samples_per_second': 120.71, 'eval_steps_per_second': 3.775, 'epoch': 1.0}
{'loss': 0.2052, 'learning_rate': 1e-05, 'epoch': 2.0}
{'eval_loss': 0.17409750819206238, 'eval_f1_micro': 0.7538182759513332, 'eval_f1_weighted': 0.7689064682934976, 'eval_roc_auc': 0.9044463434420178, 'eval_accuracy': 0.9156196146012847, 'eval_runtime': 264.6537, 'eval_samples_per_second': 120.592, 'eval_steps_per_second': 3.771, 'epoch': 2.0}
{'loss': 0.1615, 'learning_rate': 5e-06, 'epoch': 3.0}
{'eval_loss': 0.17467951774597168, 'eval_f1_micro': 0.7836653386454184, 'eval_f1_weighted': 0.7869777384504023, 'eval_roc_auc': 0.9111565808345534, 'eval_accuracy': 0.9221055929813567, 'eval_runtime': 264.8118, 'eval_samples_per_second': 120.52, 'eval_steps_per_second': 3.769, 'epoch': 3.0}
{'loss': 0.1292, 'learning_rate': 0.0, 'epoch': 4.0}
{'eval_loss': 0.1823011338710785, 'eval_f1_micro': 0.7845214941989136, 'eval_f1_weighted': 0.7884940798403139, 'eval_roc_auc': 0.907746745184038, 'eval_accuracy': 0.9226382578724738, 'eval_runtime': 265.3805, 'eval_samples_per_second': 120.261, 'eval_steps_per_second': 3.761, 'epoch': 4.0}
{'train_runtime': 11715.6191, 'train_samples_per_second': 43.585, 'train_steps_per_second': 5.448, 'train_loss': 0.18983387084968587, 'epoch': 4.0}
{'epoch': 4.0,
 'eval_accuracy': 0.8839288505423739,
 'eval_f1_micro': 0.38484238137617693,
 'eval_f1_weighted': 0.367422097634504,
 'eval_loss': 0.6132376194000244,
 'eval_roc_auc': 0.6379616347271707,
 'eval_runtime': 551.1277,
 'eval_samples_per_second': 116.086,
 'eval_steps_per_second': 3.629}
F1_micro: 0.38484238137617693
F1_weighted: 0.367422097634504
                       precision    recall  f1-score   support

label_identity_attack       0.60      0.22      0.33       712
         label_insult       0.68      0.22      0.33      3427
        label_obscene       0.66      0.15      0.25      3691
label_severe_toxicity       0.23      0.07      0.11       367
         label_threat       0.44      0.02      0.04       211
       label_toxicity       0.58      0.43      0.49      6090

            micro avg       0.60      0.28      0.38     14498
            macro avg       0.53      0.19      0.26     14498
         weighted avg       0.61      0.28      0.37     14498
          samples avg       0.04      0.03      0.03     14498

{0: 'label_identity_attack', 1: 'label_insult', 2: 'label_obscene', 3: 'label_severe_toxicity', 4: 'label_threat', 5: 'label_toxicity'}
END: ti 28.6.2022 13.00.23 +0300
