epochs: 4, learning rate: 2e-5, batch size: 8, prediction treshold: 0.5, model: xlm-roberta-base 
binary evaluation
Translated train and test
Namespace(batch=8, binary=True, clean_as_label=True, dev=False, epochs=4, learning=2e-05, loss=True, model='xlm-roberta-base', test='data/test_fi_deepl.jsonl', threshold=0.5, train='data/train_fi_deepl.jsonl')
tensor([16.2248,  2.8940,  2.6981, 14.2921, 47.6901,  1.4905,  0.1590],
       device='cuda:0')
DatasetDict({
    train: Dataset({
        features: ['text', 'labels'],
        num_rows: 159571
    })
    test: Dataset({
        features: ['text', 'labels'],
        num_rows: 63978
    })
})
huggingface/tokenizers: The current process just got forked, after parallelism has already been used. Disabling parallelism to avoid deadlocks...
To disable this warning, you can either:
	- Avoid using `tokenizers` before the fork if possible
	- Explicitly set the environment variable TOKENIZERS_PARALLELISM=(true | false)
huggingface/tokenizers: The current process just got forked, after parallelism has already been used. Disabling parallelism to avoid deadlocks...
To disable this warning, you can either:
	- Avoid using `tokenizers` before the fork if possible
	- Explicitly set the environment variable TOKENIZERS_PARALLELISM=(true | false)
huggingface/tokenizers: The current process just got forked, after parallelism has already been used. Disabling parallelism to avoid deadlocks...
To disable this warning, you can either:
	- Avoid using `tokenizers` before the fork if possible
	- Explicitly set the environment variable TOKENIZERS_PARALLELISM=(true | false)
{'loss': 0.5427, 'learning_rate': 1.5000000000000002e-05, 'epoch': 1.0}
{'eval_loss': 0.4498092234134674, 'eval_accuracy': 0.91, 'eval_f1': 0.0, 'eval_precision': 0.0, 'eval_recall': 0.0, 'eval_runtime': 0.9311, 'eval_samples_per_second': 107.405, 'eval_steps_per_second': 4.296, 'epoch': 1.0}
{'loss': 0.4166, 'learning_rate': 1e-05, 'epoch': 2.0}
{'eval_loss': 0.3657088875770569, 'eval_accuracy': 0.91, 'eval_f1': 0.0, 'eval_precision': 0.0, 'eval_recall': 0.0, 'eval_runtime': 0.9248, 'eval_samples_per_second': 108.127, 'eval_steps_per_second': 4.325, 'epoch': 2.0}
{'loss': 0.3784, 'learning_rate': 5e-06, 'epoch': 3.0}
{'eval_loss': 0.2960640490055084, 'eval_accuracy': 0.91, 'eval_f1': 0.0, 'eval_precision': 0.0, 'eval_recall': 0.0, 'eval_runtime': 0.9228, 'eval_samples_per_second': 108.365, 'eval_steps_per_second': 4.335, 'epoch': 3.0}
{'loss': 0.3316, 'learning_rate': 0.0, 'epoch': 4.0}
{'eval_loss': 0.28441429138183594, 'eval_accuracy': 0.91, 'eval_f1': 0.0, 'eval_precision': 0.0, 'eval_recall': 0.0, 'eval_runtime': 0.9245, 'eval_samples_per_second': 108.164, 'eval_steps_per_second': 4.327, 'epoch': 4.0}
{'train_runtime': 52.5794, 'train_samples_per_second': 7.608, 'train_steps_per_second': 0.989, 'train_loss': 0.41730622144845814, 'epoch': 4.0}
F1: 0.0
              precision    recall  f1-score   support

       clean       0.00      0.00      0.00       0.0
       toxic       0.00      0.00      0.00     100.0

    accuracy                           0.00     100.0
   macro avg       0.00      0.00      0.00     100.0
weighted avg       0.00      0.00      0.00     100.0

                       precision    recall  f1-score   support

label_identity_attack       0.00      0.00      0.00         1
         label_insult       0.00      0.00      0.00         4
        label_obscene       0.00      0.00      0.00         4
label_severe_toxicity       0.00      0.00      0.00         0
         label_threat       0.00      0.00      0.00         0
       label_toxicity       0.00      0.00      0.00         8

            micro avg       0.00      0.00      0.00        17
            macro avg       0.00      0.00      0.00        17
         weighted avg       0.00      0.00      0.00        17
          samples avg       0.00      0.00      0.00        17

END: ti 2.8.2022 15.17.03 +0300
