epochs: 4, learning rate: 8e-6, batch size: 8, prediction treshold: 0.6, model: xlm-roberta-base 
Translated train and test
Namespace(batch=8, binary=True, clean_as_label=True, dev=False, epochs=4, learning=8e-06, loss=True, model='xlm-roberta-base', test='data/test_fi_deepl.jsonl', threshold=0.6, train='data/train_fi_deepl.jsonl')
tensor([16.2248,  2.8940,  2.6981, 14.2921, 47.6901,  1.4905,  0.1590],
       device='cuda:0')
DatasetDict({
    train: Dataset({
        features: ['text', 'labels'],
        num_rows: 159571
    })
    test: Dataset({
        features: ['text', 'labels'],
        num_rows: 63978
    })
})
huggingface/tokenizers: The current process just got forked, after parallelism has already been used. Disabling parallelism to avoid deadlocks...
To disable this warning, you can either:
	- Avoid using `tokenizers` before the fork if possible
	- Explicitly set the environment variable TOKENIZERS_PARALLELISM=(true | false)
huggingface/tokenizers: The current process just got forked, after parallelism has already been used. Disabling parallelism to avoid deadlocks...
To disable this warning, you can either:
	- Avoid using `tokenizers` before the fork if possible
	- Explicitly set the environment variable TOKENIZERS_PARALLELISM=(true | false)
huggingface/tokenizers: The current process just got forked, after parallelism has already been used. Disabling parallelism to avoid deadlocks...
To disable this warning, you can either:
	- Avoid using `tokenizers` before the fork if possible
	- Explicitly set the environment variable TOKENIZERS_PARALLELISM=(true | false)
{'loss': 0.2146, 'learning_rate': 6e-06, 'epoch': 1.0}
{'eval_loss': 0.20485073328018188, 'eval_accuracy': 0.931335771671512, 'eval_f1': 0.6883734127828617, 'eval_precision': 0.6177743824802648, 'eval_recall': 0.7771904533077046, 'eval_runtime': 539.3387, 'eval_samples_per_second': 118.623, 'eval_steps_per_second': 3.708, 'epoch': 1.0}
{'loss': 0.1572, 'learning_rate': 4e-06, 'epoch': 2.0}
{'eval_loss': 0.16602617502212524, 'eval_accuracy': 0.9193629059989371, 'eval_f1': 0.6744905041327528, 'eval_precision': 0.5564230689152613, 'eval_recall': 0.8561588979657216, 'eval_runtime': 540.5448, 'eval_samples_per_second': 118.358, 'eval_steps_per_second': 3.7, 'epoch': 2.0}
{'loss': 0.1286, 'learning_rate': 2e-06, 'epoch': 3.0}
