epochs: 4, learning rate: 8e-6, batch size: 8, prediction treshold: 0.6, model: TurkuNLP/bert-base-finnish-cased-v1 
Translated train and test
Namespace(batch=8, binary=True, clean_as_label=True, dev=False, epochs=4, learning=8e-06, loss=True, model='TurkuNLP/bert-base-finnish-cased-v1', test='data/test_fi_deepl.jsonl', threshold=0.6, train='data/train_fi_deepl.jsonl')
tensor([16.2248,  2.8940,  2.6981, 14.2921, 47.6901,  1.4905,  0.1590],
       device='cuda:0')
DatasetDict({
    train: Dataset({
        features: ['text', 'labels'],
        num_rows: 100
    })
    test: Dataset({
        features: ['text', 'labels'],
        num_rows: 100
    })
})
huggingface/tokenizers: The current process just got forked, after parallelism has already been used. Disabling parallelism to avoid deadlocks...
To disable this warning, you can either:
	- Avoid using `tokenizers` before the fork if possible
	- Explicitly set the environment variable TOKENIZERS_PARALLELISM=(true | false)
huggingface/tokenizers: The current process just got forked, after parallelism has already been used. Disabling parallelism to avoid deadlocks...
To disable this warning, you can either:
	- Avoid using `tokenizers` before the fork if possible
	- Explicitly set the environment variable TOKENIZERS_PARALLELISM=(true | false)
huggingface/tokenizers: The current process just got forked, after parallelism has already been used. Disabling parallelism to avoid deadlocks...
To disable this warning, you can either:
	- Avoid using `tokenizers` before the fork if possible
	- Explicitly set the environment variable TOKENIZERS_PARALLELISM=(true | false)
{'loss': 0.5171, 'learning_rate': 6e-06, 'epoch': 1.0}
{'eval_loss': 0.39706096053123474, 'eval_accuracy': 0.92, 'eval_roc_auc': 0.5, 'eval_f1': 0.0, 'eval_precision': 0.0, 'eval_recall': 0.0, 'eval_runtime': 0.8597, 'eval_samples_per_second': 116.326, 'eval_steps_per_second': 4.653, 'epoch': 1.0}
{'loss': 0.371, 'learning_rate': 4e-06, 'epoch': 2.0}
{'eval_loss': 0.30727338790893555, 'eval_accuracy': 0.92, 'eval_roc_auc': 0.5, 'eval_f1': 0.0, 'eval_precision': 0.0, 'eval_recall': 0.0, 'eval_runtime': 0.8534, 'eval_samples_per_second': 117.176, 'eval_steps_per_second': 4.687, 'epoch': 2.0}
{'loss': 0.2945, 'learning_rate': 2e-06, 'epoch': 3.0}
{'eval_loss': 0.2755447030067444, 'eval_accuracy': 0.92, 'eval_roc_auc': 0.5, 'eval_f1': 0.0, 'eval_precision': 0.0, 'eval_recall': 0.0, 'eval_runtime': 0.8509, 'eval_samples_per_second': 117.526, 'eval_steps_per_second': 4.701, 'epoch': 3.0}
{'loss': 0.274, 'learning_rate': 0.0, 'epoch': 4.0}
{'eval_loss': 0.2668611407279968, 'eval_accuracy': 0.92, 'eval_roc_auc': 0.5, 'eval_f1': 0.0, 'eval_precision': 0.0, 'eval_recall': 0.0, 'eval_runtime': 0.8554, 'eval_samples_per_second': 116.903, 'eval_steps_per_second': 4.676, 'epoch': 4.0}
{'train_runtime': 26.0033, 'train_samples_per_second': 15.383, 'train_steps_per_second': 2.0, 'train_loss': 0.36416075779841495, 'epoch': 4.0}
F1: 0.0
tensor([[0.1605, 0.1709, 0.2169, 0.2002, 0.1538, 0.1403, 0.4770],
        [0.1607, 0.2372, 0.2580, 0.1709, 0.1638, 0.1686, 0.4418],
        [0.2022, 0.1868, 0.2294, 0.2145, 0.1514, 0.1818, 0.4447],
        [0.1372, 0.1638, 0.2229, 0.1838, 0.1790, 0.1446, 0.4647],
        [0.1808, 0.1776, 0.2278, 0.1807, 0.1756, 0.1379, 0.4421],
        [0.1452, 0.1663, 0.1948, 0.1864, 0.1619, 0.1471, 0.4550],
        [0.1661, 0.1602, 0.2065, 0.1784, 0.1805, 0.1289, 0.4418],
        [0.1381, 0.1575, 0.2058, 0.1955, 0.1604, 0.1438, 0.4734],
        [0.2179, 0.1900, 0.2259, 0.2112, 0.1960, 0.1960, 0.4929],
        [0.2190, 0.1882, 0.2653, 0.2711, 0.1588, 0.2273, 0.4868],
        [0.1870, 0.1654, 0.2612, 0.2063, 0.1364, 0.1828, 0.4567],
        [0.1907, 0.1697, 0.2111, 0.1804, 0.1705, 0.1336, 0.5077],
        [0.1872, 0.2275, 0.2393, 0.1842, 0.1632, 0.2369, 0.5145],
        [0.2022, 0.1619, 0.2238, 0.2240, 0.1666, 0.1456, 0.4588],
        [0.1750, 0.1583, 0.2048, 0.2076, 0.1613, 0.1314, 0.5074],
        [0.1557, 0.1774, 0.2079, 0.1817, 0.1621, 0.1454, 0.4620],
        [0.1888, 0.1668, 0.2216, 0.2289, 0.1499, 0.1963, 0.4647],
        [0.2120, 0.1879, 0.2625, 0.2574, 0.1382, 0.2099, 0.5110],
        [0.1561, 0.1723, 0.2255, 0.1675, 0.1805, 0.1448, 0.4563],
        [0.1878, 0.1813, 0.2094, 0.2152, 0.1805, 0.1846, 0.4730],
        [0.1903, 0.1465, 0.2403, 0.2053, 0.1555, 0.1812, 0.4352],
        [0.2187, 0.1419, 0.2350, 0.2645, 0.1627, 0.1798, 0.4409],
        [0.1656, 0.1502, 0.2189, 0.1989, 0.1626, 0.1567, 0.4362],
        [0.1786, 0.2404, 0.2403, 0.2040, 0.1756, 0.2015, 0.4699],
        [0.1791, 0.2413, 0.2540, 0.1701, 0.1858, 0.1804, 0.4633],
        [0.1473, 0.1807, 0.1927, 0.1805, 0.1601, 0.1323, 0.4629],
        [0.1626, 0.2024, 0.2200, 0.2057, 0.1689, 0.1555, 0.5342],
        [0.1758, 0.1699, 0.2024, 0.1872, 0.1543, 0.1537, 0.4693],
        [0.1786, 0.1721, 0.2106, 0.2049, 0.1720, 0.1588, 0.4980],
        [0.2237, 0.1977, 0.2829, 0.2320, 0.1615, 0.1971, 0.4744],
        [0.1999, 0.1825, 0.2961, 0.2273, 0.2035, 0.1809, 0.5109],
        [0.1682, 0.1800, 0.2147, 0.1708, 0.1762, 0.1277, 0.4866],
        [0.1892, 0.1911, 0.2333, 0.1911, 0.1454, 0.1887, 0.4628],
        [0.1954, 0.1498, 0.2076, 0.2304, 0.1841, 0.1812, 0.5173],
        [0.2175, 0.1995, 0.2601, 0.2788, 0.1352, 0.2187, 0.4554],
        [0.1546, 0.1846, 0.2150, 0.1767, 0.1526, 0.1436, 0.4709],
        [0.2029, 0.1486, 0.2382, 0.2309, 0.1737, 0.1462, 0.4399],
        [0.1900, 0.1865, 0.2023, 0.1854, 0.1546, 0.1228, 0.4886],
        [0.2001, 0.1624, 0.2379, 0.2274, 0.1629, 0.1644, 0.4755],
        [0.1560, 0.1866, 0.2022, 0.1860, 0.1608, 0.1370, 0.5122],
        [0.1589, 0.1594, 0.1980, 0.1958, 0.1590, 0.1408, 0.4595],
        [0.1798, 0.1827, 0.2034, 0.1875, 0.1733, 0.1316, 0.4900],
        [0.1520, 0.1700, 0.2110, 0.1823, 0.1721, 0.1434, 0.4563],
        [0.2313, 0.1948, 0.3126, 0.2099, 0.1763, 0.1754, 0.4536],
        [0.1947, 0.1784, 0.2049, 0.1987, 0.1570, 0.1124, 0.4903],
        [0.1578, 0.1793, 0.2017, 0.1789, 0.1587, 0.1387, 0.4895],
        [0.1905, 0.1545, 0.2001, 0.2204, 0.1643, 0.1688, 0.4990],
        [0.1560, 0.1813, 0.2165, 0.1902, 0.1647, 0.1661, 0.4926],
        [0.1476, 0.1854, 0.1964, 0.1911, 0.1660, 0.1374, 0.4927],
        [0.1853, 0.1636, 0.2366, 0.2052, 0.2017, 0.1749, 0.4922],
        [0.1441, 0.1587, 0.2034, 0.1815, 0.1633, 0.1412, 0.4802],
        [0.1576, 0.1754, 0.2192, 0.1815, 0.1773, 0.1333, 0.4506],
        [0.1538, 0.1686, 0.2004, 0.2069, 0.1647, 0.1554, 0.4392],
        [0.1640, 0.1733, 0.2180, 0.1851, 0.1589, 0.1565, 0.4922],
        [0.1834, 0.1783, 0.1921, 0.2044, 0.1551, 0.1490, 0.4634],
        [0.2033, 0.1771, 0.2282, 0.2030, 0.1914, 0.1875, 0.5353],
        [0.1553, 0.1854, 0.2224, 0.1944, 0.1569, 0.1312, 0.4964],
        [0.1785, 0.1728, 0.2353, 0.1803, 0.1460, 0.1677, 0.4871],
        [0.1394, 0.2146, 0.2040, 0.1612, 0.1990, 0.1485, 0.4414],
        [0.1732, 0.1501, 0.2088, 0.1918, 0.1636, 0.1456, 0.4694],
        [0.1444, 0.1829, 0.2089, 0.1821, 0.1742, 0.1703, 0.4633],
        [0.2375, 0.1842, 0.2858, 0.2548, 0.1563, 0.1863, 0.4857],
        [0.1948, 0.1648, 0.2462, 0.1977, 0.1758, 0.1601, 0.4833],
        [0.2407, 0.1642, 0.3019, 0.2088, 0.1400, 0.1798, 0.4709],
        [0.2196, 0.1887, 0.2648, 0.2449, 0.1628, 0.2049, 0.4783],
        [0.1731, 0.1636, 0.2194, 0.1937, 0.1946, 0.1310, 0.4889],
        [0.1492, 0.2020, 0.2064, 0.1797, 0.2037, 0.1615, 0.4368],
        [0.1582, 0.1791, 0.2072, 0.1722, 0.1778, 0.1451, 0.4414],
        [0.1494, 0.1826, 0.2314, 0.1675, 0.1789, 0.1435, 0.4414],
        [0.1677, 0.1778, 0.2206, 0.1697, 0.1749, 0.1411, 0.4509],
        [0.1582, 0.1732, 0.2057, 0.1782, 0.1669, 0.1427, 0.4859],
        [0.1670, 0.1691, 0.2318, 0.1981, 0.1684, 0.1488, 0.4932],
        [0.1568, 0.2227, 0.2306, 0.2157, 0.2051, 0.1719, 0.4982],
        [0.1971, 0.2027, 0.2479, 0.2208, 0.1562, 0.1623, 0.4735],
        [0.1865, 0.1835, 0.2494, 0.2379, 0.1596, 0.1791, 0.4511],
        [0.2009, 0.1861, 0.2393, 0.2511, 0.1677, 0.1963, 0.4982],
        [0.1760, 0.1765, 0.2368, 0.1890, 0.1541, 0.1462, 0.4760],
        [0.1919, 0.2446, 0.2767, 0.2368, 0.1754, 0.2317, 0.4685],
        [0.2001, 0.2385, 0.3136, 0.2291, 0.1590, 0.2000, 0.4691],
        [0.2477, 0.2010, 0.2847, 0.2052, 0.1616, 0.2210, 0.4898],
        [0.1989, 0.1745, 0.2608, 0.2066, 0.1419, 0.2055, 0.4672],
        [0.1841, 0.1767, 0.2163, 0.2076, 0.1871, 0.1415, 0.4725],
        [0.1989, 0.1842, 0.2309, 0.2177, 0.1562, 0.2125, 0.5006],
        [0.1856, 0.1660, 0.2359, 0.1832, 0.1727, 0.1526, 0.4450],
        [0.2530, 0.1729, 0.2998, 0.2869, 0.1426, 0.2323, 0.4017],
        [0.1686, 0.1804, 0.2038, 0.1934, 0.1638, 0.1376, 0.4961],
        [0.1775, 0.1694, 0.2398, 0.1715, 0.1430, 0.1842, 0.5001],
        [0.1808, 0.1842, 0.2364, 0.1821, 0.1914, 0.1369, 0.4659],
        [0.1628, 0.2139, 0.2267, 0.1979, 0.1979, 0.1626, 0.4451],
        [0.2105, 0.1717, 0.2403, 0.2080, 0.1606, 0.1355, 0.5205],
        [0.1410, 0.1685, 0.1944, 0.1738, 0.1759, 0.1358, 0.4799],
        [0.1711, 0.1845, 0.2164, 0.1769, 0.1735, 0.1506, 0.4671],
        [0.1698, 0.1705, 0.2275, 0.1986, 0.1523, 0.1585, 0.4353],
        [0.2182, 0.1659, 0.2645, 0.2451, 0.1599, 0.2084, 0.4862],
        [0.1628, 0.1644, 0.2101, 0.1912, 0.1614, 0.1718, 0.4630],
        [0.1705, 0.1868, 0.2237, 0.1848, 0.1699, 0.1543, 0.4854],
        [0.1652, 0.1874, 0.2404, 0.1811, 0.1646, 0.1869, 0.4990],
        [0.1996, 0.2572, 0.3192, 0.2255, 0.1631, 0.2392, 0.4657],
        [0.2427, 0.2286, 0.2697, 0.2550, 0.2061, 0.1993, 0.5085],
        [0.1567, 0.1970, 0.2219, 0.1658, 0.1730, 0.1370, 0.4610]])
[array([0., 0., 0., 0., 0., 0.]), array([0., 0., 0., 0., 0., 0.]), array([0., 0., 0., 0., 0., 0.]), array([0., 0., 0., 0., 0., 0.]), array([0., 0., 0., 0., 0., 0.]), array([0., 0., 0., 0., 0., 0.]), array([0., 0., 0., 0., 0., 0.]), array([0., 0., 0., 0., 0., 0.]), array([0., 0., 0., 0., 0., 0.]), array([0., 0., 0., 0., 0., 0.]), array([0., 0., 0., 0., 0., 0.]), array([0., 0., 0., 0., 0., 0.]), array([0., 0., 0., 0., 0., 0.]), array([0., 0., 0., 0., 0., 0.]), array([0., 0., 0., 0., 0., 0.]), array([0., 0., 0., 0., 0., 0.]), array([0., 0., 0., 0., 0., 0.]), array([0., 0., 0., 0., 0., 0.]), array([0., 0., 0., 0., 0., 0.]), array([0., 0., 0., 0., 0., 0.]), array([0., 0., 0., 0., 0., 0.]), array([0., 0., 0., 0., 0., 0.]), array([0., 0., 0., 0., 0., 0.]), array([0., 0., 0., 0., 0., 0.]), array([0., 0., 0., 0., 0., 0.]), array([0., 0., 0., 0., 0., 0.]), array([0., 0., 0., 0., 0., 0.]), array([0., 0., 0., 0., 0., 0.]), array([0., 0., 0., 0., 0., 0.]), array([0., 0., 0., 0., 0., 0.]), array([0., 0., 0., 0., 0., 0.]), array([0., 0., 0., 0., 0., 0.]), array([0., 0., 0., 0., 0., 0.]), array([0., 0., 0., 0., 0., 0.]), array([0., 0., 0., 0., 0., 0.]), array([0., 0., 0., 0., 0., 0.]), array([0., 0., 0., 0., 0., 0.]), array([0., 0., 0., 0., 0., 0.]), array([0., 0., 0., 0., 0., 0.]), array([0., 0., 0., 0., 0., 0.]), array([0., 0., 0., 0., 0., 0.]), array([0., 0., 0., 0., 0., 0.]), array([0., 0., 0., 0., 0., 0.]), array([0., 0., 0., 0., 0., 0.]), array([0., 0., 0., 0., 0., 0.]), array([0., 0., 0., 0., 0., 0.]), array([0., 0., 0., 0., 0., 0.]), array([0., 0., 0., 0., 0., 0.]), array([0., 0., 0., 0., 0., 0.]), array([0., 0., 0., 0., 0., 0.]), array([0., 0., 0., 0., 0., 0.]), array([0., 0., 0., 0., 0., 0.]), array([0., 0., 0., 0., 0., 0.]), array([0., 0., 0., 0., 0., 0.]), array([0., 0., 0., 0., 0., 0.]), array([0., 0., 0., 0., 0., 0.]), array([0., 0., 0., 0., 0., 0.]), array([0., 0., 0., 0., 0., 0.]), array([0., 0., 0., 0., 0., 0.]), array([0., 0., 0., 0., 0., 0.]), array([0., 0., 0., 0., 0., 0.]), array([0., 0., 0., 0., 0., 0.]), array([0., 0., 0., 0., 0., 0.]), array([0., 0., 0., 0., 0., 0.]), array([0., 0., 0., 0., 0., 0.]), array([0., 0., 0., 0., 0., 0.]), array([0., 0., 0., 0., 0., 0.]), array([0., 0., 0., 0., 0., 0.]), array([0., 0., 0., 0., 0., 0.]), array([0., 0., 0., 0., 0., 0.]), array([0., 0., 0., 0., 0., 0.]), array([0., 0., 0., 0., 0., 0.]), array([0., 0., 0., 0., 0., 0.]), array([0., 0., 0., 0., 0., 0.]), array([0., 0., 0., 0., 0., 0.]), array([0., 0., 0., 0., 0., 0.]), array([0., 0., 0., 0., 0., 0.]), array([0., 0., 0., 0., 0., 0.]), array([0., 0., 0., 0., 0., 0.]), array([0., 0., 0., 0., 0., 0.]), array([0., 0., 0., 0., 0., 0.]), array([0., 0., 0., 0., 0., 0.]), array([0., 0., 0., 0., 0., 0.]), array([0., 0., 0., 0., 0., 0.]), array([0., 0., 0., 0., 0., 0.]), array([0., 0., 0., 0., 0., 0.]), array([0., 0., 0., 0., 0., 0.]), array([0., 0., 0., 0., 0., 0.]), array([0., 0., 0., 0., 0., 0.]), array([0., 0., 0., 0., 0., 0.]), array([0., 0., 0., 0., 0., 0.]), array([0., 0., 0., 0., 0., 0.]), array([0., 0., 0., 0., 0., 0.]), array([0., 0., 0., 0., 0., 0.]), array([0., 0., 0., 0., 0., 0.]), array([0., 0., 0., 0., 0., 0.]), array([0., 0., 0., 0., 0., 0.]), array([0., 0., 0., 0., 0., 0.]), array([0., 0., 0., 0., 0., 0.]), array([0., 0., 0., 0., 0., 0.])]
(('kesäkuu 2014 (UTC) \n'
  '\n'
  ' Jätin sen huomiotta, koska (1) unohdin sen nähtyäni sähköpostin ja (2) se '
  'on erittäin lähellä TBAN:n rikkomista, koska se ei täytä WP:BANEXin '
  'ehtoja.   - lokit) 05:41, 16',
  ((0.16052114963531494, 'label_identity_attack'),
   (0.17089910805225372, 'label_insult'),
   (0.21693331003189087, 'label_obscene'),
   (0.20019519329071045, 'label_severe_toxicity'),
   (0.15376505255699158, 'label_threat'),
   (0.14027653634548187, 'label_toxicity')),
  'clean'),
 ('" \n'
  '\n'
  ' Minusta artikkelin lausunto, että ""Hän joutui myös työskentelemään '
  'vähemmän kehittynyttä teknologiaa kuin oli saatavilla Yhdysvalloissa"" '
  'hieman idioottimainen, tämä mies teki teknologiaa paljon ennen USA '
  'esimerkiksi R-7 piiskasi housut sen kapitalistinen kilpailija, ei vain, '
  'että ensimmäinen ihminen avaruudessa tehtävä kesti pidempään, oli kuin '
  'suoritettu ennen USA. ""',
  ((0.16074912250041962, 'label_identity_attack'),
   (0.23717635869979858, 'label_insult'), (0.258006751537323, 'label_obscene'),
   (0.17093126475811005, 'label_severe_toxicity'),
   (0.16381390392780304, 'label_threat'),
   (0.1686079204082489, 'label_toxicity')),
  'clean'),
 ('== Inhottavaa ja törkeää == \n'
  '\n'
  ' Luetteloida puolalaiset, tšekit, saksalaiset, ryssäläiset ja unkarilaiset '
  'slovakeiksi. \n'
  '\n'
  ' Ennen vuotta 1920 ei ollut slovakkeja. \n'
  ' Slovakit ovat fiktiivinen kansa.... \n'
  '\n'
  '  \n'
  ' Vaadin, että kaikki unkarilaiset poistetaan tästä luettelosta...',
  ((0.20224441587924957, 'label_identity_attack'),
   (0.18676000833511353, 'label_insult'),
   (0.22939284145832062, 'label_obscene'),
   (0.2144894152879715, 'label_severe_toxicity'),
   (0.15139086544513702, 'label_threat'),
   (0.1818087249994278, 'label_toxicity')),
  'clean'),
 ('" \n'
  '\n'
  ' == elokuu 2012 == \n'
  '\n'
  ' Useissa viimeaikaisissa muokkauksissa olet tehnyt lähteettömiä muutoksia, '
  'kuten muuttanut ""Anti-Globalisaation"" muotoon ""Alter-Globalisaatio"" tai '
  '""Libertarian"" muotoon ""Right-Libertarian"". Sinun on esitettävä '
  'viittaukset luotettaviin lähteisiin, jotka tukevat näitä muutoksia. Katso '
  'WP:NOR.   "',
  ((0.13717499375343323, 'label_identity_attack'),
   (0.16376887261867523, 'label_insult'),
   (0.22290141880512238, 'label_obscene'),
   (0.18378928303718567, 'label_severe_toxicity'),
   (0.17896375060081482, 'label_threat'),
   (0.14461196959018707, 'label_toxicity')),
  'clean'),
 ('== Re: == \n'
  '\n'
  ' Okei, mikä tarkalleen ottaen on ongelma?  Se, että pidän ihmisiä, jotka '
  'kannattavat notabilitya ja deletionismia, idiootteina ja sanon niin?  En '
  'luettele heitä nimeltä kuten ennen.  Tarkoitatko siis, että voin kutsua '
  'uskomusjärjestelmiä tyhmiksi ja idiooteiksi, mutta en voi soveltaa samoja '
  'termejä näiden uskomusjärjestelmien kannattajiin, vaikka en nimeäisi '
  'nimeltä?',
  ((0.1807943433523178, 'label_identity_attack'),
   (0.17758311331272125, 'label_insult'),
   (0.22783158719539642, 'label_obscene'),
   (0.1806604266166687, 'label_severe_toxicity'),
   (0.17559093236923218, 'label_threat'),
   (0.13785795867443085, 'label_toxicity')),
  'clean'),
 ('" \n'
  '\n'
  ' == Ash Puriri == \n'
  '\n'
  ' Hei , halusin vain kertoa, että olen peruuttanut muokkauksesi kahdesta '
  'syystä. 1) WP:CSD-mallia ei voi poistaa ja 2) Pelkkä maininta yhdessä '
  'luotettavassa lähteessä ei tee kenestäkään merkittävää. Jos et ole samaa '
  'mieltä WP:CSD:n kanssa, riitauta poistot ohjeiden mukaan. \'\'\'\'\'\'. "',
  ((0.14521346986293793, 'label_identity_attack'),
   (0.1663036197423935, 'label_insult'), (0.19477374851703644, 'label_obscene'),
   (0.18642564117908478, 'label_severe_toxicity'),
   (0.16191290318965912, 'label_threat'),
   (0.14705215394496918, 'label_toxicity')),
  'clean'),
 ('" \n'
  '\n'
  ' == Popular Page Improvement Award == \n'
  '\n'
  '  \n'
  ' Vaikka WP:Wikicupissa ei ole virallisia bonuspisteitä, haluaisin antaa '
  'sinulle 70 kunniabonuspistettä kierroksesta 1. Kiitän ja onnittelen sinua '
  'fantastisesta työstäsi vuoden 2009 World Seriesin ja World Seriesin '
  'mestareiden luettelon parissa, jotka saavat kumpikin reilusti yli 500 '
  'sivulatausta päivässä. Vaikka olisit voinut tehdä artikkelin helposta '
  'tuntemattomasta aiheesta, valitsit vaikeamman, tärkeämmän ja suositumman '
  'artikkelin, josta on suurta hyötyä monille muille Wikipedian lukijoille. '
  'Jatka hyvää työtä!  "',
  ((0.16610875725746155, 'label_identity_attack'),
   (0.16023147106170654, 'label_insult'),
   (0.20648734271526337, 'label_obscene'),
   (0.17841027677059174, 'label_severe_toxicity'),
   (0.1805306226015091, 'label_threat'), (0.12893146276474, 'label_toxicity')),
  'clean'),
 ('" \n'
  '\n'
  ' == Viimeaikainen ylläpitäjän nimitys == \n'
  '\n'
  ' Hei Themessengerofknowledge. Halusin kertoa, että palautin äskettäisen '
  'muokkauksesi Wikipedia:Pyynnöt ylläpitäjäksi -sivulle. Tein tämän '
  'ensisijaisesti siksi, että se oli huomattavan epämuodostunut. Kannattaa '
  'lukea myös WP:NOTNOW -sivuston essee ennen kuin harkitset ylläpitäjäksi '
  'ryhtymistä. Kiitos.- "',
  ((0.13810090720653534, 'label_identity_attack'),
   (0.1575101763010025, 'label_insult'), (0.20582221448421478, 'label_obscene'),
   (0.19552870094776154, 'label_severe_toxicity'),
   (0.16035932302474976, 'label_threat'),
   (0.14381743967533112, 'label_toxicity')),
  'clean'),
 ('== Puuttuva raja == \n\n Pitäisikö Kosovon raja lisätä ? )',
  ((0.21790090203285217, 'label_identity_attack'),
   (0.18995365500450134, 'label_insult'),
   (0.22587686777114868, 'label_obscene'),
   (0.21121929585933685, 'label_severe_toxicity'),
   (0.19599764049053192, 'label_threat'),
   (0.19600945711135864, 'label_toxicity')),
  'clean'),
 ('je selo i općina u Hrvatska u Zagrebačkoj županiji. Prema popisu '
  'stanovništva iz 2001, ima 1419 stanovnika u općini, apsolutnu većinu koji '
  'su Hrvati.',
  ((0.2189696878194809, 'label_identity_attack'),
   (0.18817099928855896, 'label_insult'), (0.2653038203716278, 'label_obscene'),
   (0.27113252878189087, 'label_severe_toxicity'),
   (0.1588059812784195, 'label_threat'),
   (0.2273479402065277, 'label_toxicity')),
  'clean'))
[]
[('kesäkuu 2014 (UTC) \n'
  '\n'
  ' Jätin sen huomiotta, koska (1) unohdin sen nähtyäni sähköpostin ja (2) se '
  'on erittäin lähellä TBAN:n rikkomista, koska se ei täytä WP:BANEXin '
  'ehtoja.   - lokit) 05:41, 16',
  ((0.16052114963531494, 'label_identity_attack'),
   (0.17089910805225372, 'label_insult'),
   (0.21693331003189087, 'label_obscene'),
   (0.20019519329071045, 'label_severe_toxicity'),
   (0.15376505255699158, 'label_threat'),
   (0.14027653634548187, 'label_toxicity')),
  'clean'),
 ('" \n'
  '\n'
  ' Minusta artikkelin lausunto, että ""Hän joutui myös työskentelemään '
  'vähemmän kehittynyttä teknologiaa kuin oli saatavilla Yhdysvalloissa"" '
  'hieman idioottimainen, tämä mies teki teknologiaa paljon ennen USA '
  'esimerkiksi R-7 piiskasi housut sen kapitalistinen kilpailija, ei vain, '
  'että ensimmäinen ihminen avaruudessa tehtävä kesti pidempään, oli kuin '
  'suoritettu ennen USA. ""',
  ((0.16074912250041962, 'label_identity_attack'),
   (0.23717635869979858, 'label_insult'), (0.258006751537323, 'label_obscene'),
   (0.17093126475811005, 'label_severe_toxicity'),
   (0.16381390392780304, 'label_threat'),
   (0.1686079204082489, 'label_toxicity')),
  'clean'),
 ('== Inhottavaa ja törkeää == \n'
  '\n'
  ' Luetteloida puolalaiset, tšekit, saksalaiset, ryssäläiset ja unkarilaiset '
  'slovakeiksi. \n'
  '\n'
  ' Ennen vuotta 1920 ei ollut slovakkeja. \n'
  ' Slovakit ovat fiktiivinen kansa.... \n'
  '\n'
  '  \n'
  ' Vaadin, että kaikki unkarilaiset poistetaan tästä luettelosta...',
  ((0.20224441587924957, 'label_identity_attack'),
   (0.18676000833511353, 'label_insult'),
   (0.22939284145832062, 'label_obscene'),
   (0.2144894152879715, 'label_severe_toxicity'),
   (0.15139086544513702, 'label_threat'),
   (0.1818087249994278, 'label_toxicity')),
  'clean'),
 ('" \n'
  '\n'
  ' == elokuu 2012 == \n'
  '\n'
  ' Useissa viimeaikaisissa muokkauksissa olet tehnyt lähteettömiä muutoksia, '
  'kuten muuttanut ""Anti-Globalisaation"" muotoon ""Alter-Globalisaatio"" tai '
  '""Libertarian"" muotoon ""Right-Libertarian"". Sinun on esitettävä '
  'viittaukset luotettaviin lähteisiin, jotka tukevat näitä muutoksia. Katso '
  'WP:NOR.   "',
  ((0.13717499375343323, 'label_identity_attack'),
   (0.16376887261867523, 'label_insult'),
   (0.22290141880512238, 'label_obscene'),
   (0.18378928303718567, 'label_severe_toxicity'),
   (0.17896375060081482, 'label_threat'),
   (0.14461196959018707, 'label_toxicity')),
  'clean'),
 ('== Re: == \n'
  '\n'
  ' Okei, mikä tarkalleen ottaen on ongelma?  Se, että pidän ihmisiä, jotka '
  'kannattavat notabilitya ja deletionismia, idiootteina ja sanon niin?  En '
  'luettele heitä nimeltä kuten ennen.  Tarkoitatko siis, että voin kutsua '
  'uskomusjärjestelmiä tyhmiksi ja idiooteiksi, mutta en voi soveltaa samoja '
  'termejä näiden uskomusjärjestelmien kannattajiin, vaikka en nimeäisi '
  'nimeltä?',
  ((0.1807943433523178, 'label_identity_attack'),
   (0.17758311331272125, 'label_insult'),
   (0.22783158719539642, 'label_obscene'),
   (0.1806604266166687, 'label_severe_toxicity'),
   (0.17559093236923218, 'label_threat'),
   (0.13785795867443085, 'label_toxicity')),
  'clean')]
END: ti 9.8.2022 16.27.36 +0300
