epochs: 2, learning rate: 2e-5, batch size: 8, prediction treshold: 0.6, model: xlm-roberta-large 
Translated train and test
Namespace(batch=8, binary=True, clean_as_label=True, dev=False, epochs=2, learning=2e-05, loss=True, model='xlm-roberta-large', test='data/test_fi_deepl.jsonl', threshold=None, train=['data/train_fi_deepl.jsonl'])
['data/train_fi_deepl.jsonl']
tensor([16.2248,  2.8940,  2.6981, 14.2921, 47.6901,  1.4905,  0.1590],
       device='cuda:0')
DatasetDict({
    train: Dataset({
        features: ['text', 'labels'],
        num_rows: 159571
    })
    test: Dataset({
        features: ['text', 'labels'],
        num_rows: 63978
    })
})
huggingface/tokenizers: The current process just got forked, after parallelism has already been used. Disabling parallelism to avoid deadlocks...
To disable this warning, you can either:
	- Avoid using `tokenizers` before the fork if possible
	- Explicitly set the environment variable TOKENIZERS_PARALLELISM=(true | false)
huggingface/tokenizers: The current process just got forked, after parallelism has already been used. Disabling parallelism to avoid deadlocks...
To disable this warning, you can either:
	- Avoid using `tokenizers` before the fork if possible
	- Explicitly set the environment variable TOKENIZERS_PARALLELISM=(true | false)
huggingface/tokenizers: The current process just got forked, after parallelism has already been used. Disabling parallelism to avoid deadlocks...
To disable this warning, you can either:
	- Avoid using `tokenizers` before the fork if possible
	- Explicitly set the environment variable TOKENIZERS_PARALLELISM=(true | false)
{'loss': 0.4825, 'learning_rate': 1e-05, 'epoch': 1.0}
Best threshold: 0.3
{'eval_loss': 0.46819445490837097, 'eval_accuracy': 0.90241958173122, 'eval_roc_auc': 0.5, 'eval_f1': 0.0, 'eval_precision': 0.0, 'eval_recall': 0.0, 'eval_runtime': 1704.214, 'eval_samples_per_second': 37.541, 'eval_steps_per_second': 1.174, 'epoch': 1.0}
{'loss': 0.4766, 'learning_rate': 0.0, 'epoch': 2.0}
Best threshold: 0.3
{'eval_loss': 0.4523663818836212, 'eval_accuracy': 0.90241958173122, 'eval_roc_auc': 0.5, 'eval_f1': 0.0, 'eval_precision': 0.0, 'eval_recall': 0.0, 'eval_runtime': 1700.047, 'eval_samples_per_second': 37.633, 'eval_steps_per_second': 1.176, 'epoch': 2.0}
{'train_runtime': 23960.2584, 'train_samples_per_second': 13.32, 'train_steps_per_second': 1.665, 'train_loss': 0.47953047254913017, 'epoch': 2.0}
saved
Best threshold: 0.3
F1: 0.0
Best threshold: 0.3
Best threshold: 0.3
              precision    recall  f1-score   support

       clean       0.90      1.00      0.95     57735
       toxic       0.00      0.00      0.00      6243

    accuracy                           0.90     63978
   macro avg       0.45      0.50      0.47     63978
weighted avg       0.81      0.90      0.86     63978

                       precision    recall  f1-score   support

label_identity_attack       0.00      0.00      0.00       712
         label_insult       0.00      0.00      0.00      3427
        label_obscene       0.00      0.00      0.00      3691
label_severe_toxicity       0.00      0.00      0.00       367
         label_threat       0.00      0.00      0.00       211
       label_toxicity       0.00      0.00      0.00      6090

            micro avg       0.00      0.00      0.00     14498
            macro avg       0.00      0.00      0.00     14498
         weighted avg       0.00      0.00      0.00     14498
          samples avg       0.00      0.00      0.00     14498

END: pe 19.8.2022 16.30.39 +0300
