epochs: 4, learning rate: 8e-6, batch size: 8, prediction treshold: 0.6, model: xlm-roberta-base 
transfer from english train to translated finnish test
Namespace(batch=8, binary=True, clean_as_label=False, dev=False, epochs=4, learning=8e-06, loss=True, model='xlm-roberta-base', test='data/test_fi_deepl.jsonl', threshold=None, train=['data/train_en.jsonl'])
['data/train_en.jsonl']
tensor([18.9289,  3.3763,  3.1477, 16.6741, 55.6384,  1.7389], device='cuda:0')
DatasetDict({
    train: Dataset({
        features: ['text', 'labels'],
        num_rows: 159571
    })
    test: Dataset({
        features: ['text', 'labels'],
        num_rows: 63978
    })
})
huggingface/tokenizers: The current process just got forked, after parallelism has already been used. Disabling parallelism to avoid deadlocks...
To disable this warning, you can either:
	- Avoid using `tokenizers` before the fork if possible
	- Explicitly set the environment variable TOKENIZERS_PARALLELISM=(true | false)
huggingface/tokenizers: The current process just got forked, after parallelism has already been used. Disabling parallelism to avoid deadlocks...
To disable this warning, you can either:
	- Avoid using `tokenizers` before the fork if possible
	- Explicitly set the environment variable TOKENIZERS_PARALLELISM=(true | false)
huggingface/tokenizers: The current process just got forked, after parallelism has already been used. Disabling parallelism to avoid deadlocks...
To disable this warning, you can either:
	- Avoid using `tokenizers` before the fork if possible
	- Explicitly set the environment variable TOKENIZERS_PARALLELISM=(true | false)
{'loss': 0.2478, 'learning_rate': 6e-06, 'epoch': 1.0}
