epochs: 4, learning rate: 2e-5, batch size: 8, prediction treshold: 0.6, model: bert-base-cased 
original train and test data
Namespace(batch=8, binary=True, clean_as_label=True, dev=False, epochs=4, learning=2e-05, loss=True, model='bert-base-cased', test='data/test_en.jsonl', threshold=None, train=['data/train_en.jsonl'])
['data/train_en.jsonl']
tensor([16.2248,  2.8940,  2.6981, 14.2921, 47.6901,  1.4905,  0.1590],
       device='cuda:0')
DatasetDict({
    train: Dataset({
        features: ['text', 'labels'],
        num_rows: 159571
    })
    test: Dataset({
        features: ['text', 'labels'],
        num_rows: 63978
    })
})
huggingface/tokenizers: The current process just got forked, after parallelism has already been used. Disabling parallelism to avoid deadlocks...
To disable this warning, you can either:
	- Avoid using `tokenizers` before the fork if possible
	- Explicitly set the environment variable TOKENIZERS_PARALLELISM=(true | false)
huggingface/tokenizers: The current process just got forked, after parallelism has already been used. Disabling parallelism to avoid deadlocks...
To disable this warning, you can either:
	- Avoid using `tokenizers` before the fork if possible
	- Explicitly set the environment variable TOKENIZERS_PARALLELISM=(true | false)
huggingface/tokenizers: The current process just got forked, after parallelism has already been used. Disabling parallelism to avoid deadlocks...
To disable this warning, you can either:
	- Avoid using `tokenizers` before the fork if possible
	- Explicitly set the environment variable TOKENIZERS_PARALLELISM=(true | false)
{'loss': 0.1602, 'learning_rate': 1.5000000000000002e-05, 'epoch': 1.0}
