START: to 27.10.2022 19.21.09 +0300
start translation script
beginning translation
2022-10-27 19:22:05.189884
921 rows translated

2022-10-27 19:22:28.809163
931 rows translated

2022-10-27 19:22:42.757838
941 rows translated

2022-10-27 19:23:02.323755
951 rows translated

2022-10-27 19:23:55.795660
961 rows translated

2022-10-27 19:24:18.459559
971 rows translated

2022-10-27 19:24:52.165121
981 rows translated

2022-10-27 19:25:02.785941
991 rows translated

2022-10-27 19:25:22.950082
1001 rows translated

2022-10-27 19:25:44.314292
1011 rows translated

2022-10-27 19:25:58.055965
1021 rows translated

2022-10-27 19:26:31.979348
1031 rows translated

2022-10-27 19:26:45.054626
1041 rows translated

2022-10-27 19:27:12.267676
1051 rows translated

2022-10-27 19:27:31.109809
1061 rows translated

2022-10-27 19:27:55.243503
1071 rows translated

2022-10-27 19:28:29.119875
1081 rows translated

2022-10-27 19:28:49.383180
1091 rows translated

2022-10-27 19:29:10.649847
1101 rows translated

2022-10-27 19:29:17.441262
1111 rows translated

2022-10-27 19:29:38.028662
1121 rows translated

2022-10-27 19:29:56.208175
1131 rows translated

2022-10-27 19:30:53.715243
1141 rows translated

2022-10-27 19:31:20.383353
1151 rows translated

2022-10-27 19:31:37.581823
1161 rows translated

2022-10-27 19:31:51.832424
1171 rows translated

2022-10-27 19:32:13.071377
1181 rows translated

2022-10-27 19:32:26.606594
1191 rows translated

2022-10-27 19:32:46.521363
1201 rows translated

2022-10-27 19:33:01.164936
1211 rows translated

2022-10-27 19:33:13.419681
1221 rows translated

2022-10-27 19:33:29.990174
1231 rows translated

2022-10-27 19:33:47.922362
1241 rows translated

2022-10-27 19:34:30.998004
1251 rows translated

2022-10-27 19:34:48.523194
1261 rows translated

2022-10-27 19:35:03.551052
1271 rows translated

2022-10-27 19:35:16.971009
1281 rows translated

2022-10-27 19:35:29.793772
1291 rows translated

2022-10-27 19:35:42.646128
1301 rows translated

2022-10-27 19:36:28.197251
1311 rows translated

2022-10-27 19:36:55.174224
1321 rows translated

2022-10-27 19:37:15.600164
1331 rows translated

2022-10-27 19:37:43.129074
1341 rows translated

2022-10-27 19:38:01.043426
1351 rows translated

2022-10-27 19:38:26.578983
1361 rows translated

2022-10-27 19:38:37.909871
1371 rows translated

2022-10-27 19:38:54.286330
1381 rows translated

2022-10-27 19:39:01.835223
1391 rows translated

2022-10-27 19:39:27.155250
1401 rows translated

2022-10-27 19:39:45.864267
1411 rows translated

2022-10-27 19:40:00.694053
1421 rows translated

2022-10-27 19:40:16.810710
1431 rows translated

2022-10-27 19:40:36.797698
1441 rows translated

2022-10-27 19:40:54.346802
1451 rows translated

2022-10-27 19:41:33.418918
1461 rows translated

2022-10-27 19:41:46.919861
1471 rows translated

2022-10-27 19:42:00.293634
1481 rows translated

2022-10-27 19:42:24.433022
1491 rows translated

2022-10-27 19:43:02.459344
1501 rows translated

2022-10-27 19:43:19.498152
1511 rows translated

2022-10-27 19:43:53.094795
1521 rows translated

2022-10-27 19:44:16.816214
1531 rows translated

2022-10-27 19:44:29.468499
1541 rows translated

2022-10-27 19:44:52.987715
1551 rows translated

2022-10-27 19:45:09.775895
1561 rows translated

2022-10-27 19:45:39.750368
1571 rows translated

2022-10-27 19:46:30.605442
1581 rows translated

2022-10-27 19:46:51.042743
1591 rows translated

2022-10-27 19:47:17.627790
1601 rows translated

2022-10-27 19:47:28.571430
1611 rows translated

2022-10-27 19:47:55.953454
1621 rows translated

2022-10-27 19:48:41.780425
1631 rows translated

2022-10-27 19:48:52.460145
1641 rows translated

2022-10-27 19:49:12.807243
1651 rows translated

2022-10-27 19:49:19.849296
1661 rows translated

2022-10-27 19:49:32.365665
1671 rows translated

2022-10-27 19:49:48.904096
1681 rows translated

2022-10-27 19:50:08.592255
1691 rows translated

2022-10-27 19:50:29.425691
1701 rows translated

2022-10-27 19:50:43.431050
1711 rows translated

2022-10-27 19:50:58.300291
1721 rows translated

2022-10-27 19:51:10.918404
1731 rows translated

2022-10-27 19:51:30.668836
1741 rows translated

2022-10-27 19:51:42.387821
1751 rows translated

2022-10-27 19:51:51.334420
1761 rows translated

2022-10-27 19:52:25.238747
1771 rows translated

2022-10-27 19:52:36.443428
1781 rows translated

2022-10-27 19:52:56.049181
1791 rows translated

2022-10-27 19:53:23.347265
1801 rows translated

2022-10-27 19:53:38.050259
1811 rows translated

2022-10-27 19:53:53.251948
1821 rows translated

2022-10-27 19:54:06.718064
1831 rows translated

2022-10-27 19:54:18.640517
1841 rows translated

2022-10-27 19:54:36.794662
1851 rows translated

2022-10-27 19:54:51.431499
1861 rows translated

2022-10-27 19:55:16.562679
1871 rows translated

2022-10-27 19:55:34.396094
1881 rows translated

2022-10-27 19:56:14.293279
1891 rows translated

2022-10-27 19:56:52.843986
1901 rows translated

2022-10-27 19:57:07.654065
1911 rows translated

2022-10-27 19:57:29.656214
1921 rows translated

2022-10-27 19:57:46.694816
1931 rows translated

2022-10-27 19:58:01.894436
1941 rows translated

2022-10-27 19:58:13.077753
1951 rows translated

2022-10-27 19:58:30.505103
1961 rows translated

2022-10-27 19:58:49.902543
1971 rows translated

2022-10-27 19:59:10.092260
1981 rows translated

2022-10-27 19:59:34.658162
1991 rows translated

2022-10-27 19:59:47.733248
2001 rows translated

2022-10-27 20:00:01.796066
2011 rows translated

2022-10-27 20:00:24.442525
2021 rows translated

2022-10-27 20:00:35.726682
2031 rows translated

2022-10-27 20:00:49.454827
2041 rows translated

2022-10-27 20:01:04.835021
2051 rows translated

2022-10-27 20:01:18.409039
2061 rows translated

2022-10-27 20:01:35.281944
2071 rows translated

2022-10-27 20:01:51.475817
2081 rows translated

2022-10-27 20:02:06.282853
2091 rows translated

2022-10-27 20:02:34.794561
2101 rows translated

2022-10-27 20:02:43.901161
2111 rows translated

2022-10-27 20:03:05.440285
2121 rows translated

2022-10-27 20:03:41.796903
2131 rows translated

2022-10-27 20:04:05.404533
2141 rows translated

2022-10-27 20:04:20.928049
2151 rows translated

2022-10-27 20:04:38.963475
2161 rows translated

2022-10-27 20:04:54.129422
2171 rows translated

2022-10-27 20:06:35.011103
2181 rows translated

2022-10-27 20:07:00.132306
2191 rows translated

2022-10-27 20:07:26.163946
2201 rows translated

2022-10-27 20:07:42.490082
2211 rows translated

2022-10-27 20:07:57.578673
2221 rows translated

2022-10-27 20:08:30.324641
2231 rows translated

2022-10-27 20:09:09.486921
2241 rows translated

2022-10-27 20:09:26.928223
2251 rows translated

2022-10-27 20:09:37.526192
2261 rows translated

2022-10-27 20:09:52.028958
2271 rows translated

2022-10-27 20:10:09.720676
2281 rows translated

2022-10-27 20:10:22.817501
2291 rows translated

2022-10-27 20:10:30.656341
2301 rows translated

2022-10-27 20:10:41.620096
2311 rows translated

2022-10-27 20:11:04.398488
2321 rows translated

2022-10-27 20:11:17.945186
2331 rows translated

2022-10-27 20:11:53.052240
2341 rows translated

2022-10-27 20:12:16.155689
2351 rows translated

2022-10-27 20:12:25.285716
2361 rows translated

2022-10-27 20:12:42.465333
2371 rows translated

2022-10-27 20:12:57.914409
2381 rows translated

2022-10-27 20:13:18.110505
2391 rows translated

2022-10-27 20:13:32.633897
2401 rows translated

2022-10-27 20:13:51.432210
2411 rows translated

2022-10-27 20:14:04.766323
2421 rows translated

2022-10-27 20:14:26.756241
2431 rows translated

2022-10-27 20:14:39.521705
2441 rows translated

2022-10-27 20:15:04.783969
2451 rows translated

2022-10-27 20:15:41.552513
2461 rows translated

2022-10-27 20:15:55.658466
2471 rows translated

2022-10-27 20:16:02.786935
2481 rows translated

2022-10-27 20:16:17.813136
2491 rows translated

2022-10-27 20:16:33.005370
2501 rows translated

2022-10-27 20:16:38.933022
2511 rows translated

2022-10-27 20:16:51.238520
2521 rows translated

2022-10-27 20:17:18.680679
2531 rows translated

2022-10-27 20:18:01.520519
2541 rows translated

2022-10-27 20:18:13.976897
2551 rows translated

2022-10-27 20:18:38.968161
2561 rows translated

2022-10-27 20:18:55.558773
2571 rows translated

2022-10-27 20:19:10.516658
2581 rows translated

2022-10-27 20:19:33.180805
2591 rows translated

2022-10-27 20:19:57.396093
2601 rows translated

2022-10-27 20:20:09.984475
2611 rows translated

2022-10-27 20:20:53.178971
2621 rows translated

2022-10-27 20:21:08.226657
2631 rows translated

2022-10-27 20:21:22.284993
2641 rows translated

2022-10-27 20:22:05.570823
2651 rows translated

2022-10-27 20:22:18.287674
2661 rows translated

2022-10-27 20:22:33.934423
2671 rows translated

2022-10-27 20:23:10.416016
2681 rows translated

2022-10-27 20:23:28.914812
2691 rows translated

2022-10-27 20:23:44.982369
2701 rows translated

2022-10-27 20:24:01.916758
2711 rows translated

2022-10-27 20:24:16.747586
2721 rows translated

2022-10-27 20:24:25.063355
2731 rows translated

2022-10-27 20:24:53.319437
2741 rows translated

2022-10-27 20:25:05.716006
2751 rows translated

2022-10-27 20:25:22.954015
2761 rows translated

2022-10-27 20:25:34.009194
2771 rows translated

2022-10-27 20:26:12.459943
2781 rows translated

2022-10-27 20:26:35.409600
2791 rows translated

2022-10-27 20:26:45.307360
2801 rows translated

2022-10-27 20:27:04.298039
2811 rows translated

2022-10-27 20:27:14.483140
2821 rows translated

2022-10-27 20:27:27.984193
2831 rows translated

2022-10-27 20:27:40.843333
2841 rows translated

2022-10-27 20:28:03.810698
2851 rows translated

2022-10-27 20:28:17.660535
2861 rows translated

2022-10-27 20:28:32.726956
2871 rows translated

2022-10-27 20:29:06.663582
2881 rows translated

2022-10-27 20:29:18.654398
2891 rows translated

2022-10-27 20:29:40.311398
2901 rows translated

2022-10-27 20:30:08.697988
2911 rows translated

2022-10-27 20:30:23.961773
2921 rows translated

2022-10-27 20:30:42.240593
2931 rows translated

2022-10-27 20:31:11.370980
2941 rows translated

2022-10-27 20:31:29.838812
2951 rows translated

2022-10-27 20:31:48.712968
2961 rows translated

2022-10-27 20:32:07.501905
2971 rows translated

2022-10-27 20:32:32.639928
2981 rows translated

2022-10-27 20:32:46.668767
2991 rows translated

2022-10-27 20:33:05.515618
3001 rows translated

2022-10-27 20:33:19.764649
3011 rows translated

2022-10-27 20:33:48.666790
3021 rows translated

2022-10-27 20:34:02.102437
3031 rows translated

2022-10-27 20:34:15.683517
3041 rows translated

2022-10-27 20:34:29.873263
3051 rows translated

2022-10-27 20:34:46.312670
3061 rows translated

2022-10-27 20:35:05.666386
3071 rows translated

2022-10-27 20:35:22.602361
3081 rows translated

2022-10-27 20:35:41.588821
3091 rows translated

2022-10-27 20:35:49.963583
3101 rows translated

2022-10-27 20:36:04.968936
3111 rows translated

2022-10-27 20:36:36.675725
3121 rows translated

2022-10-27 20:36:49.023910
3131 rows translated

2022-10-27 20:37:00.975169
3141 rows translated

2022-10-27 20:37:14.927148
3151 rows translated

2022-10-27 20:37:39.265184
3161 rows translated

2022-10-27 20:37:50.703134
3171 rows translated

2022-10-27 20:38:04.036864
3181 rows translated

2022-10-27 20:38:20.578133
3191 rows translated

2022-10-27 20:38:43.484785
3201 rows translated

2022-10-27 20:39:02.043536
3211 rows translated

2022-10-27 20:39:11.743622
3221 rows translated

2022-10-27 20:40:04.991620
3231 rows translated

2022-10-27 20:40:39.112949
3241 rows translated

2022-10-27 20:40:49.011965
3251 rows translated

2022-10-27 20:41:16.750916
3261 rows translated

2022-10-27 20:41:43.757710
3271 rows translated

2022-10-27 20:42:03.553242
3281 rows translated

2022-10-27 20:42:25.021149
3291 rows translated

2022-10-27 20:42:42.172984
3301 rows translated

2022-10-27 20:43:01.573358
3311 rows translated

2022-10-27 20:43:16.038606
3321 rows translated

2022-10-27 20:43:43.162217
3331 rows translated

2022-10-27 20:44:14.167608
3341 rows translated

2022-10-27 20:44:31.256804
3351 rows translated

2022-10-27 20:44:58.217834
3361 rows translated

2022-10-27 20:45:26.952312
3371 rows translated

2022-10-27 20:45:34.952811
3381 rows translated

2022-10-27 20:45:52.874577
3391 rows translated

2022-10-27 20:46:11.385922
3401 rows translated

2022-10-27 20:46:22.897816
3411 rows translated

2022-10-27 20:46:31.161512
3421 rows translated

2022-10-27 20:46:40.480219
3431 rows translated

2022-10-27 20:46:51.903660
3441 rows translated

2022-10-27 20:47:06.176304
3451 rows translated

2022-10-27 20:47:26.012786
3461 rows translated

2022-10-27 20:47:42.665048
3471 rows translated

2022-10-27 20:47:57.902598
3481 rows translated

2022-10-27 20:48:13.677605
3491 rows translated

2022-10-27 20:48:25.189353
3501 rows translated

2022-10-27 20:48:38.556483
3511 rows translated

2022-10-27 20:48:47.916201
3521 rows translated

2022-10-27 20:49:00.860187
3531 rows translated

2022-10-27 20:49:19.516233
3541 rows translated

2022-10-27 20:49:39.311331
3551 rows translated

2022-10-27 20:50:03.124492
3561 rows translated

2022-10-27 20:50:23.606735
3571 rows translated

2022-10-27 20:50:42.224118
3581 rows translated

2022-10-27 20:51:15.038756
3591 rows translated

2022-10-27 20:51:29.107696
3601 rows translated

2022-10-27 20:52:18.690723
3611 rows translated

2022-10-27 20:52:40.548305
3621 rows translated

2022-10-27 20:52:47.408559
3631 rows translated

2022-10-27 20:53:40.041335
3641 rows translated

2022-10-27 20:54:04.528125
3651 rows translated

2022-10-27 20:54:20.748364
3661 rows translated

2022-10-27 20:55:00.611089
3671 rows translated

2022-10-27 20:55:11.428968
3681 rows translated

2022-10-27 20:55:23.834340
3691 rows translated

2022-10-27 20:55:45.215408
3701 rows translated

2022-10-27 20:55:57.821050
3711 rows translated

2022-10-27 20:56:07.818204
3721 rows translated

2022-10-27 20:56:21.514829
3731 rows translated

2022-10-27 20:56:41.918278
3741 rows translated

2022-10-27 20:57:01.666542
3751 rows translated

2022-10-27 20:57:22.112130
3761 rows translated

2022-10-27 20:57:39.194358
3771 rows translated

2022-10-27 20:58:02.452450
3781 rows translated

2022-10-27 20:58:18.033410
3791 rows translated

2022-10-27 20:58:41.532000
3801 rows translated

2022-10-27 20:58:53.705182
3811 rows translated

2022-10-27 20:59:19.200560
3821 rows translated

2022-10-27 20:59:30.409161
3831 rows translated

2022-10-27 20:59:45.834384
3841 rows translated

2022-10-27 21:00:02.860006
3851 rows translated

2022-10-27 21:00:37.590473
3861 rows translated

2022-10-27 21:00:56.370459
3871 rows translated

2022-10-27 21:01:20.225376
3881 rows translated

2022-10-27 21:01:28.734328
3891 rows translated

2022-10-27 21:01:43.098355
3901 rows translated

2022-10-27 21:02:00.815888
3911 rows translated

2022-10-27 21:02:17.078096
3921 rows translated

2022-10-27 21:02:31.318249
3931 rows translated

2022-10-27 21:02:52.651010
3941 rows translated

2022-10-27 21:03:02.362716
3951 rows translated

2022-10-27 21:03:16.391850
3961 rows translated

2022-10-27 21:03:34.463844
3971 rows translated

2022-10-27 21:03:48.783003
3981 rows translated

2022-10-27 21:04:00.667050
3991 rows translated

2022-10-27 21:04:20.105364
4001 rows translated

2022-10-27 21:04:40.393820
4011 rows translated

2022-10-27 21:04:54.552440
4021 rows translated

2022-10-27 21:05:11.646164
4031 rows translated

2022-10-27 21:05:39.269349
4041 rows translated

2022-10-27 21:05:59.180083
4051 rows translated

2022-10-27 21:06:51.339795
4061 rows translated

2022-10-27 21:07:01.148972
4071 rows translated

2022-10-27 21:07:12.977397
4081 rows translated

2022-10-27 21:07:28.062828
4091 rows translated

2022-10-27 21:07:41.677681
4101 rows translated

2022-10-27 21:07:53.062834
4111 rows translated

2022-10-27 21:08:08.974339
4121 rows translated

2022-10-27 21:08:29.271581
4131 rows translated

2022-10-27 21:09:04.396423
4141 rows translated

2022-10-27 21:09:16.770629
4151 rows translated

2022-10-27 21:09:35.365659
4161 rows translated

2022-10-27 21:10:01.107515
4171 rows translated

2022-10-27 21:10:12.258437
4181 rows translated

2022-10-27 21:10:25.370981
4191 rows translated

2022-10-27 21:10:46.558167
4201 rows translated

2022-10-27 21:11:00.002539
4211 rows translated

2022-10-27 21:11:13.810650
4221 rows translated

2022-10-27 21:11:49.340232
4231 rows translated

2022-10-27 21:12:06.518108
4241 rows translated

2022-10-27 21:12:22.004659
4251 rows translated

2022-10-27 21:12:37.289352
4261 rows translated

2022-10-27 21:12:46.235027
4271 rows translated

2022-10-27 21:13:18.861505
4281 rows translated

2022-10-27 21:13:47.728355
4291 rows translated

2022-10-27 21:14:03.672169
4301 rows translated

2022-10-27 21:14:20.973200
4311 rows translated

2022-10-27 21:14:31.732759
4321 rows translated

2022-10-27 21:14:46.885811
4331 rows translated

2022-10-27 21:14:59.985443
4341 rows translated

2022-10-27 21:15:18.667564
4351 rows translated

2022-10-27 21:15:31.820399
4361 rows translated

2022-10-27 21:15:43.582199
4371 rows translated

2022-10-27 21:15:57.787514
4381 rows translated

2022-10-27 21:16:16.374878
4391 rows translated

2022-10-27 21:16:33.426744
4401 rows translated

2022-10-27 21:16:46.971064
4411 rows translated

2022-10-27 21:17:01.347334
4421 rows translated

2022-10-27 21:17:36.208527
4431 rows translated

2022-10-27 21:18:04.275381
4441 rows translated

2022-10-27 21:18:22.667021
4451 rows translated

2022-10-27 21:18:31.126326
4461 rows translated

2022-10-27 21:18:47.475553
4471 rows translated

2022-10-27 21:19:08.826872
4481 rows translated

2022-10-27 21:19:26.121540
4491 rows translated

2022-10-27 21:19:41.362608
4501 rows translated

2022-10-27 21:19:52.340634
4511 rows translated

2022-10-27 21:20:03.277791
4521 rows translated

2022-10-27 21:20:27.876629
4531 rows translated

2022-10-27 21:20:41.182927
4541 rows translated

2022-10-27 21:21:06.429602
4551 rows translated

2022-10-27 21:21:35.571465
4561 rows translated

2022-10-27 21:21:52.890861
4571 rows translated

2022-10-27 21:22:13.928920
4581 rows translated

2022-10-27 21:22:27.739344
4591 rows translated

2022-10-27 21:23:13.573318
4601 rows translated

2022-10-27 21:23:25.705139
4611 rows translated

2022-10-27 21:23:46.099929
4621 rows translated

2022-10-27 21:24:20.884972
4631 rows translated

2022-10-27 21:24:35.637805
4641 rows translated

2022-10-27 21:25:00.234248
4651 rows translated

2022-10-27 21:25:27.425767
4661 rows translated

2022-10-27 21:25:47.260016
4671 rows translated

2022-10-27 21:26:08.299476
4681 rows translated

2022-10-27 21:26:40.721306
4691 rows translated

2022-10-27 21:26:53.335258
4701 rows translated

2022-10-27 21:27:07.361802
4711 rows translated

2022-10-27 21:27:22.372394
4721 rows translated

2022-10-27 21:27:40.593038
4731 rows translated

2022-10-27 21:28:00.871948
4741 rows translated

2022-10-27 21:28:18.967216
4751 rows translated

2022-10-27 21:28:33.696061
4761 rows translated

2022-10-27 21:28:52.964139
4771 rows translated

2022-10-27 21:29:42.225988
4781 rows translated

2022-10-27 21:30:01.251203
4791 rows translated

2022-10-27 21:30:10.772881
4801 rows translated

2022-10-27 21:30:29.051845
4811 rows translated

2022-10-27 21:30:39.466770
4821 rows translated

2022-10-27 21:31:08.478775
4831 rows translated

2022-10-27 21:31:24.533160
4841 rows translated

2022-10-27 21:32:18.708485
4851 rows translated

2022-10-27 21:32:35.017979
4861 rows translated

2022-10-27 21:32:45.811795
4871 rows translated

2022-10-27 21:33:11.618144
4881 rows translated

2022-10-27 21:33:29.496723
4891 rows translated

2022-10-27 21:34:18.380386
4901 rows translated

2022-10-27 21:34:30.786040
4911 rows translated

2022-10-27 21:34:55.683259
4921 rows translated

2022-10-27 21:35:13.661296
4931 rows translated

2022-10-27 21:35:28.627279
4941 rows translated

2022-10-27 21:35:43.298143
4951 rows translated

2022-10-27 21:36:14.949129
4961 rows translated

2022-10-27 21:36:41.571871
4971 rows translated

2022-10-27 21:36:55.841951
4981 rows translated

2022-10-27 21:37:20.989115
4991 rows translated

2022-10-27 21:37:51.854927
5001 rows translated

2022-10-27 21:38:01.035643
5011 rows translated

2022-10-27 21:38:18.328907
5021 rows translated

2022-10-27 21:38:55.690578
5031 rows translated

2022-10-27 21:39:13.571074
5041 rows translated

2022-10-27 21:39:34.565024
5051 rows translated

2022-10-27 21:39:55.441555
5061 rows translated

2022-10-27 21:40:14.420836
5071 rows translated

2022-10-27 21:40:25.480835
5081 rows translated

2022-10-27 21:40:39.285288
5091 rows translated

2022-10-27 21:40:50.742627
5101 rows translated

2022-10-27 21:41:05.460053
5111 rows translated

2022-10-27 21:41:33.439109
5121 rows translated

2022-10-27 21:41:43.712209
5131 rows translated

2022-10-27 21:42:01.098268
5141 rows translated

2022-10-27 21:42:32.774027
5151 rows translated

2022-10-27 21:43:01.492089
5161 rows translated

2022-10-27 21:43:24.820783
5171 rows translated

2022-10-27 21:43:52.809938
5181 rows translated

2022-10-27 21:44:03.111803
5191 rows translated

2022-10-27 21:44:15.829773
5201 rows translated

2022-10-27 21:44:34.897655
5211 rows translated

2022-10-27 21:44:46.687498
5221 rows translated

2022-10-27 21:45:00.245055
5231 rows translated

2022-10-27 21:45:43.442240
5241 rows translated

2022-10-27 21:46:11.852266
5251 rows translated

2022-10-27 21:46:31.963020
5261 rows translated

2022-10-27 21:46:48.955178
5271 rows translated

2022-10-27 21:47:15.214218
5281 rows translated

2022-10-27 21:47:34.720427
5291 rows translated

2022-10-27 21:47:54.449333
5301 rows translated

2022-10-27 21:48:06.742156
5311 rows translated

2022-10-27 21:48:22.444173
5321 rows translated

2022-10-27 21:48:40.503712
5331 rows translated

2022-10-27 21:48:59.827704
5341 rows translated

2022-10-27 21:49:18.494762
5351 rows translated

2022-10-27 21:50:02.978502
5361 rows translated

2022-10-27 21:50:35.660961
5371 rows translated

2022-10-27 21:51:01.116192
5381 rows translated

2022-10-27 21:51:21.276186
5391 rows translated

2022-10-27 21:51:38.808274
5401 rows translated

2022-10-27 21:51:54.244084
5411 rows translated

2022-10-27 21:52:06.755089
5421 rows translated

2022-10-27 21:52:20.784890
5431 rows translated

2022-10-27 21:53:51.126633
5441 rows translated

2022-10-27 21:54:26.272510
5451 rows translated

2022-10-27 21:54:37.967059
5461 rows translated

2022-10-27 21:54:53.406484
5471 rows translated

2022-10-27 21:55:10.844900
5481 rows translated

2022-10-27 21:55:24.620869
5491 rows translated

2022-10-27 21:55:44.595870
5501 rows translated

2022-10-27 21:55:58.974168
5511 rows translated

2022-10-27 21:56:17.768257
5521 rows translated

2022-10-27 21:56:32.470239
5531 rows translated

2022-10-27 21:56:55.517558
5541 rows translated

2022-10-27 21:57:13.788362
5551 rows translated

2022-10-27 21:58:18.251950
5561 rows translated

2022-10-27 21:58:49.011341
5571 rows translated

2022-10-27 21:59:03.478563
5581 rows translated

2022-10-27 21:59:16.580722
5591 rows translated

2022-10-27 21:59:33.396753
5601 rows translated

2022-10-27 21:59:50.991644
5611 rows translated

2022-10-27 22:00:04.239407
5621 rows translated

2022-10-27 22:00:26.389733
5631 rows translated

2022-10-27 22:00:42.179191
5641 rows translated

2022-10-27 22:01:03.441023
5651 rows translated

2022-10-27 22:01:15.903334
5661 rows translated

2022-10-27 22:01:34.012536
5671 rows translated

2022-10-27 22:02:25.227302
5681 rows translated

2022-10-27 22:02:41.865818
5691 rows translated

2022-10-27 22:03:12.550657
5701 rows translated

2022-10-27 22:03:29.883520
5711 rows translated

2022-10-27 22:03:47.142996
5721 rows translated

2022-10-27 22:04:02.362091
5731 rows translated

2022-10-27 22:04:18.783684
5741 rows translated

2022-10-27 22:04:29.582246
5751 rows translated

2022-10-27 22:05:05.400313
5761 rows translated

2022-10-27 22:05:20.554614
5771 rows translated

2022-10-27 22:05:46.844718
5781 rows translated

2022-10-27 22:06:03.795921
5791 rows translated

2022-10-27 22:06:24.369714
5801 rows translated

2022-10-27 22:06:42.395787
5811 rows translated

2022-10-27 22:06:50.055652
5821 rows translated

2022-10-27 22:07:10.660121
5831 rows translated

2022-10-27 22:07:37.593476
5841 rows translated

2022-10-27 22:07:59.375405
5851 rows translated

2022-10-27 22:08:34.694091
5861 rows translated

2022-10-27 22:08:47.409611
5871 rows translated

2022-10-27 22:09:09.959711
5881 rows translated

2022-10-27 22:09:33.570617
5891 rows translated

2022-10-27 22:09:55.474081
5901 rows translated

2022-10-27 22:10:15.081157
5911 rows translated

2022-10-27 22:10:28.199426
5921 rows translated

2022-10-27 22:10:46.199128
5931 rows translated

2022-10-27 22:11:00.655742
5941 rows translated

2022-10-27 22:11:16.550281
5951 rows translated

2022-10-27 22:11:28.247684
5961 rows translated

2022-10-27 22:11:49.095431
5971 rows translated

2022-10-27 22:12:18.704557
5981 rows translated

2022-10-27 22:12:27.765842
5991 rows translated

2022-10-27 22:12:52.072738
6001 rows translated

2022-10-27 22:13:13.130293
6011 rows translated

2022-10-27 22:13:48.059188
6021 rows translated

2022-10-27 22:14:14.353841
6031 rows translated

2022-10-27 22:14:39.259570
6041 rows translated

2022-10-27 22:14:57.396610
6051 rows translated

2022-10-27 22:15:16.106394
6061 rows translated

2022-10-27 22:15:45.800625
6071 rows translated

2022-10-27 22:16:07.013186
6081 rows translated

2022-10-27 22:16:22.265980
6091 rows translated

2022-10-27 22:16:35.319737
6101 rows translated

2022-10-27 22:17:03.862627
6111 rows translated

2022-10-27 22:17:13.572837
6121 rows translated

2022-10-27 22:17:26.939757
6131 rows translated

2022-10-27 22:17:58.859135
6141 rows translated

2022-10-27 22:18:15.420378
6151 rows translated

2022-10-27 22:18:24.405624
6161 rows translated

2022-10-27 22:18:35.070587
6171 rows translated

2022-10-27 22:18:52.793782
6181 rows translated

2022-10-27 22:19:26.668030
6191 rows translated

2022-10-27 22:19:40.232538
6201 rows translated

2022-10-27 22:19:59.678222
6211 rows translated

2022-10-27 22:20:16.980866
6221 rows translated

2022-10-27 22:20:29.637862
6231 rows translated

2022-10-27 22:20:54.222042
6241 rows translated

2022-10-27 22:21:06.001685
6251 rows translated

2022-10-27 22:21:33.468683
6261 rows translated

2022-10-27 22:21:56.885107
6271 rows translated

2022-10-27 22:22:12.603824
6281 rows translated

2022-10-27 22:22:22.806403
6291 rows translated

2022-10-27 22:22:51.728047
6301 rows translated

2022-10-27 22:23:04.484816
6311 rows translated

2022-10-27 22:23:47.121437
6321 rows translated

2022-10-27 22:24:09.619591
6331 rows translated

2022-10-27 22:24:22.009600
6341 rows translated

2022-10-27 22:24:34.760937
6351 rows translated

2022-10-27 22:24:51.138879
6361 rows translated

2022-10-27 22:25:06.226541
6371 rows translated

2022-10-27 22:25:36.053969
6381 rows translated

2022-10-27 22:25:54.947009
6391 rows translated

2022-10-27 22:26:10.875815
6401 rows translated

2022-10-27 22:26:24.816899
6411 rows translated

2022-10-27 22:26:39.121574
6421 rows translated

2022-10-27 22:27:10.667998
6431 rows translated

2022-10-27 22:27:29.312701
6441 rows translated

2022-10-27 22:27:41.044807
6451 rows translated

2022-10-27 22:27:55.518240
6461 rows translated

2022-10-27 22:28:08.250119
6471 rows translated

2022-10-27 22:28:38.161116
6481 rows translated

2022-10-27 22:28:59.712587
6491 rows translated

2022-10-27 22:29:32.984444
6501 rows translated

2022-10-27 22:29:52.596142
6511 rows translated

2022-10-27 22:30:18.082827
6521 rows translated

2022-10-27 22:30:33.988359
6531 rows translated

2022-10-27 22:30:52.455715
6541 rows translated

2022-10-27 22:31:13.276278
6551 rows translated

2022-10-27 22:31:24.380693
6561 rows translated

2022-10-27 22:31:41.668124
6571 rows translated

2022-10-27 22:32:19.577345
6581 rows translated

2022-10-27 22:32:30.938562
6591 rows translated

2022-10-27 22:32:46.071805
6601 rows translated

2022-10-27 22:33:04.007101
6611 rows translated

2022-10-27 22:33:29.775414
6621 rows translated

2022-10-27 22:33:56.013078
6631 rows translated

2022-10-27 22:34:54.389091
6641 rows translated

2022-10-27 22:35:13.388002
6651 rows translated

2022-10-27 22:35:26.071843
6661 rows translated

2022-10-27 22:35:54.630362
6671 rows translated

2022-10-27 22:36:07.477622
6681 rows translated

2022-10-27 22:36:24.215220
6691 rows translated

2022-10-27 22:36:34.988165
6701 rows translated

2022-10-27 22:36:50.317368
6711 rows translated

2022-10-27 22:37:04.441959
6721 rows translated

2022-10-27 22:37:20.568850
6731 rows translated

2022-10-27 22:37:31.776688
6741 rows translated

2022-10-27 22:37:43.464798
6751 rows translated

2022-10-27 22:38:00.604075
6761 rows translated

2022-10-27 22:38:19.350472
6771 rows translated

2022-10-27 22:38:45.221380
6781 rows translated

2022-10-27 22:39:24.977828
6791 rows translated

2022-10-27 22:39:49.078029
6801 rows translated

2022-10-27 22:40:06.481828
6811 rows translated

2022-10-27 22:40:26.499639
6821 rows translated

2022-10-27 22:40:39.021531
6831 rows translated

2022-10-27 22:40:56.118933
6841 rows translated

2022-10-27 22:41:12.104907
6851 rows translated

2022-10-27 22:41:28.851008
6861 rows translated

2022-10-27 22:41:57.528379
6871 rows translated

2022-10-27 22:42:16.308308
6881 rows translated

2022-10-27 22:42:42.221554
6891 rows translated

2022-10-27 22:42:56.076104
6901 rows translated

2022-10-27 22:43:13.409888
6911 rows translated

2022-10-27 22:43:25.701203
6921 rows translated

2022-10-27 22:43:35.008845
6931 rows translated

2022-10-27 22:43:48.852508
6941 rows translated

2022-10-27 22:44:00.501857
6951 rows translated

2022-10-27 22:44:15.755842
6961 rows translated

2022-10-27 22:44:47.025068
6971 rows translated

2022-10-27 22:45:06.296511
6981 rows translated

2022-10-27 22:45:15.175214
6991 rows translated

2022-10-27 22:45:30.401224
7001 rows translated

2022-10-27 22:45:44.442213
7011 rows translated

2022-10-27 22:46:17.249303
7021 rows translated

2022-10-27 22:46:28.655949
7031 rows translated

2022-10-27 22:46:40.414708
7041 rows translated

2022-10-27 22:46:50.905511
7051 rows translated

2022-10-27 22:47:00.635916
7061 rows translated

2022-10-27 22:47:14.180628
7071 rows translated

2022-10-27 22:47:35.318181
7081 rows translated

2022-10-27 22:48:05.496392
7091 rows translated

2022-10-27 22:48:18.876325
7101 rows translated

2022-10-27 22:48:41.714960
7111 rows translated

2022-10-27 22:48:57.480466
7121 rows translated

2022-10-27 22:49:10.966881
7131 rows translated

2022-10-27 22:49:30.525617
7141 rows translated

2022-10-27 22:50:15.775310
7151 rows translated

2022-10-27 22:50:37.086044
7161 rows translated

2022-10-27 22:50:57.385598
7171 rows translated

2022-10-27 22:51:11.588523
7181 rows translated

2022-10-27 22:51:27.323523
7191 rows translated

2022-10-27 22:51:38.461753
7201 rows translated

2022-10-27 22:51:56.819538
7211 rows translated

2022-10-27 22:52:26.629748
7221 rows translated

2022-10-27 22:52:44.572489
7231 rows translated

2022-10-27 22:53:18.920888
7241 rows translated

2022-10-27 22:53:42.335105
7251 rows translated

2022-10-27 22:54:07.582291
7261 rows translated

2022-10-27 22:54:18.801816
7271 rows translated

2022-10-27 22:54:37.822747
7281 rows translated

2022-10-27 22:55:07.846893
7291 rows translated

2022-10-27 22:55:18.097754
7301 rows translated

2022-10-27 22:55:42.456026
7311 rows translated

2022-10-27 22:55:54.862821
7321 rows translated

2022-10-27 22:56:23.374213
7331 rows translated

2022-10-27 22:56:38.036032
7341 rows translated

2022-10-27 22:57:21.646403
7351 rows translated

2022-10-27 22:57:53.626017
7361 rows translated

2022-10-27 22:58:14.671503
7371 rows translated

2022-10-27 22:58:41.557742
7381 rows translated

2022-10-27 22:58:57.936175
7391 rows translated

2022-10-27 22:59:20.952655
7401 rows translated

2022-10-27 22:59:41.571997
7411 rows translated

2022-10-27 22:59:54.749722
7421 rows translated

2022-10-27 23:00:06.812077
7431 rows translated

2022-10-27 23:00:24.048539
7441 rows translated

2022-10-27 23:00:38.920185
7451 rows translated

2022-10-27 23:00:57.789608
7461 rows translated

2022-10-27 23:01:15.872040
7471 rows translated

2022-10-27 23:01:31.841101
7481 rows translated

2022-10-27 23:02:02.385484
7491 rows translated

2022-10-27 23:02:18.559755
7501 rows translated

2022-10-27 23:02:33.455882
7511 rows translated

2022-10-27 23:02:58.509911
7521 rows translated

2022-10-27 23:03:22.173882
7531 rows translated

2022-10-27 23:03:38.996337
7541 rows translated

2022-10-27 23:04:21.366787
7551 rows translated

2022-10-27 23:04:53.456643
7561 rows translated

2022-10-27 23:05:10.109711
7571 rows translated

2022-10-27 23:05:26.395826
7581 rows translated

2022-10-27 23:05:35.151296
7591 rows translated

2022-10-27 23:05:47.907111
7601 rows translated

2022-10-27 23:06:11.299814
7611 rows translated

2022-10-27 23:06:30.884454
7621 rows translated

2022-10-27 23:06:49.506984
7631 rows translated

2022-10-27 23:07:13.651303
7641 rows translated

2022-10-27 23:07:35.313623
7651 rows translated

2022-10-27 23:07:53.331685
7661 rows translated

2022-10-27 23:08:03.292890
7671 rows translated

2022-10-27 23:08:26.296829
7681 rows translated

2022-10-27 23:08:38.326346
7691 rows translated

2022-10-27 23:09:00.809863
7701 rows translated

2022-10-27 23:09:22.120704
7711 rows translated

2022-10-27 23:09:39.663180
7721 rows translated

2022-10-27 23:09:52.141945
7731 rows translated

2022-10-27 23:10:04.354797
7741 rows translated

2022-10-27 23:10:19.001759
7751 rows translated

2022-10-27 23:10:36.815870
7761 rows translated

2022-10-27 23:10:48.598650
7771 rows translated

2022-10-27 23:11:04.133740
7781 rows translated

2022-10-27 23:11:24.413403
7791 rows translated

2022-10-27 23:11:45.789454
7801 rows translated

2022-10-27 23:11:58.612180
7811 rows translated

2022-10-27 23:12:13.067985
7821 rows translated

2022-10-27 23:12:24.576847
7831 rows translated

2022-10-27 23:12:41.807435
7841 rows translated

2022-10-27 23:13:02.367429
7851 rows translated

2022-10-27 23:13:22.014969
7861 rows translated

2022-10-27 23:13:40.714165
7871 rows translated

2022-10-27 23:14:02.969124
7881 rows translated

2022-10-27 23:14:19.816358
7891 rows translated

2022-10-27 23:14:38.468276
7901 rows translated

2022-10-27 23:14:58.184755
7911 rows translated

2022-10-27 23:15:23.980634
7921 rows translated

2022-10-27 23:15:36.605159
7931 rows translated

2022-10-27 23:16:00.827915
7941 rows translated

2022-10-27 23:16:27.936368
7951 rows translated

2022-10-27 23:16:44.540804
7961 rows translated

2022-10-27 23:17:18.021904
7971 rows translated

2022-10-27 23:17:26.009785
7981 rows translated

2022-10-27 23:17:41.911812
7991 rows translated

2022-10-27 23:18:40.859566
8001 rows translated

2022-10-27 23:18:51.596441
8011 rows translated

2022-10-27 23:19:06.247073
8021 rows translated

2022-10-27 23:19:16.405327
8031 rows translated

2022-10-27 23:19:35.536570
8041 rows translated

2022-10-27 23:20:07.497523
8051 rows translated

2022-10-27 23:20:31.971937
8061 rows translated

2022-10-27 23:20:51.652926
8071 rows translated

2022-10-27 23:21:04.326723
8081 rows translated

2022-10-27 23:21:25.823304
8091 rows translated

2022-10-27 23:21:44.216323
8101 rows translated

2022-10-27 23:22:14.643427
8111 rows translated

2022-10-27 23:22:40.267702
8121 rows translated

2022-10-27 23:23:06.434037
8131 rows translated

2022-10-27 23:24:14.503248
8141 rows translated

2022-10-27 23:24:54.610964
8151 rows translated

2022-10-27 23:25:06.945542
8161 rows translated

2022-10-27 23:25:33.825591
8171 rows translated

2022-10-27 23:25:57.605068
8181 rows translated

2022-10-27 23:26:07.204266
8191 rows translated

2022-10-27 23:26:22.802754
8201 rows translated

2022-10-27 23:26:45.175586
8211 rows translated

2022-10-27 23:27:00.428202
8221 rows translated

2022-10-27 23:27:53.140216
8231 rows translated

2022-10-27 23:28:10.922890
8241 rows translated

2022-10-27 23:28:31.905458
8251 rows translated

2022-10-27 23:28:50.043306
8261 rows translated

2022-10-27 23:29:05.800781
8271 rows translated

2022-10-27 23:29:25.812137
8281 rows translated

2022-10-27 23:29:50.326267
8291 rows translated

2022-10-27 23:30:00.405340
8301 rows translated

2022-10-27 23:30:20.597132
8311 rows translated

2022-10-27 23:30:38.416890
8321 rows translated

2022-10-27 23:31:08.847922
8331 rows translated

2022-10-27 23:31:24.348904
8341 rows translated

2022-10-27 23:31:37.977874
8351 rows translated

2022-10-27 23:32:04.589376
8361 rows translated

2022-10-27 23:32:21.391268
8371 rows translated

2022-10-27 23:32:35.287146
8381 rows translated

2022-10-27 23:32:59.638098
8391 rows translated

2022-10-27 23:33:14.076602
8401 rows translated

2022-10-27 23:33:33.957699
8411 rows translated

2022-10-27 23:34:00.370028
8421 rows translated

2022-10-27 23:34:16.864877
8431 rows translated

2022-10-27 23:34:41.624697
8441 rows translated

2022-10-27 23:34:54.330759
8451 rows translated

2022-10-27 23:35:03.564254
8461 rows translated

2022-10-27 23:35:40.321744
8471 rows translated

2022-10-27 23:36:00.865081
8481 rows translated

2022-10-27 23:36:18.970383
8491 rows translated

2022-10-27 23:36:43.293833
8501 rows translated

2022-10-27 23:36:57.165037
8511 rows translated

2022-10-27 23:37:20.476320
8521 rows translated

2022-10-27 23:37:41.981598
8531 rows translated

2022-10-27 23:38:08.785415
8541 rows translated

2022-10-27 23:38:29.360629
8551 rows translated

2022-10-27 23:39:07.740161
8561 rows translated

2022-10-27 23:39:23.939522
8571 rows translated

2022-10-27 23:39:34.379570
8581 rows translated

2022-10-27 23:39:49.311753
8591 rows translated

2022-10-27 23:40:08.562277
8601 rows translated

2022-10-27 23:40:28.139772
8611 rows translated

2022-10-27 23:40:45.920940
8621 rows translated

2022-10-27 23:40:57.505656
8631 rows translated

2022-10-27 23:41:23.433045
8641 rows translated

2022-10-27 23:41:43.874201
8651 rows translated

2022-10-27 23:42:04.616826
8661 rows translated

2022-10-27 23:42:43.801588
8671 rows translated

2022-10-27 23:43:08.846670
8681 rows translated

2022-10-27 23:43:20.211030
8691 rows translated

2022-10-27 23:43:43.816390
8701 rows translated

2022-10-27 23:43:59.840707
8711 rows translated

2022-10-27 23:44:24.552247
8721 rows translated

2022-10-27 23:44:45.121959
8731 rows translated

2022-10-27 23:45:08.216714
8741 rows translated

2022-10-27 23:45:26.139387
8751 rows translated

2022-10-27 23:45:43.623592
8761 rows translated

2022-10-27 23:46:18.100116
8771 rows translated

2022-10-27 23:46:41.721618
8781 rows translated

2022-10-27 23:47:05.341114
8791 rows translated

2022-10-27 23:47:19.633623
8801 rows translated

2022-10-27 23:47:43.329934
8811 rows translated

2022-10-27 23:47:55.977622
8821 rows translated

2022-10-27 23:48:07.159211
8831 rows translated

2022-10-27 23:48:42.389543
8841 rows translated

2022-10-27 23:49:06.121683
8851 rows translated

2022-10-27 23:49:23.104336
8861 rows translated

2022-10-27 23:49:45.384040
8871 rows translated

2022-10-27 23:50:02.944279
8881 rows translated

2022-10-27 23:50:20.709353
8891 rows translated

2022-10-27 23:50:57.237893
8901 rows translated

2022-10-27 23:51:09.847621
8911 rows translated

2022-10-27 23:51:19.893837
8921 rows translated

2022-10-27 23:51:28.079292
8931 rows translated

2022-10-27 23:51:46.947389
8941 rows translated

2022-10-27 23:52:30.357453
8951 rows translated

2022-10-27 23:52:50.633726
8961 rows translated

2022-10-27 23:53:09.575733
8971 rows translated

2022-10-27 23:53:36.392578
8981 rows translated

2022-10-27 23:53:45.573703
8991 rows translated

2022-10-27 23:54:11.389994
9001 rows translated

2022-10-27 23:54:24.095140
9011 rows translated

2022-10-27 23:54:43.244262
9021 rows translated

2022-10-27 23:55:04.914083
9031 rows translated

2022-10-27 23:55:26.453836
9041 rows translated

2022-10-27 23:55:52.469183
9051 rows translated

2022-10-27 23:56:08.622397
9061 rows translated

2022-10-27 23:56:51.369595
9071 rows translated

2022-10-27 23:57:06.272726
9081 rows translated

2022-10-27 23:57:26.779841
9091 rows translated

2022-10-27 23:57:43.810713
9101 rows translated

2022-10-27 23:58:09.236597
9111 rows translated

2022-10-27 23:58:36.694277
9121 rows translated

2022-10-27 23:59:04.865364
9131 rows translated

2022-10-27 23:59:27.106396
9141 rows translated

2022-10-27 23:59:47.695729
9151 rows translated

2022-10-28 00:00:06.940143
9161 rows translated

2022-10-28 00:00:22.681989
9171 rows translated

2022-10-28 00:00:31.637283
9181 rows translated

2022-10-28 00:00:40.717699
9191 rows translated

2022-10-28 00:01:00.299846
9201 rows translated

2022-10-28 00:01:12.449833
9211 rows translated

2022-10-28 00:01:26.103589
9221 rows translated

2022-10-28 00:01:43.596460
9231 rows translated

2022-10-28 00:01:55.464629
9241 rows translated

2022-10-28 00:02:11.322874
9251 rows translated

