START: ke 2.11.2022 12.53.13 +0200
start translation script
beginning translation
2022-11-02 12:53:59.381866
144001 rows translated

2022-11-02 12:54:04.081819
144011 rows translated

2022-11-02 12:54:07.865225
144021 rows translated

2022-11-02 12:54:09.933067
144031 rows translated

2022-11-02 12:54:13.423229
144041 rows translated

2022-11-02 12:54:19.033637
144051 rows translated

2022-11-02 12:54:23.246303
144061 rows translated

2022-11-02 12:54:25.464313
144071 rows translated

2022-11-02 12:54:28.762390
144081 rows translated

2022-11-02 12:54:33.532084
144091 rows translated

2022-11-02 12:54:35.979174
144101 rows translated

2022-11-02 12:54:39.479706
144111 rows translated

2022-11-02 12:54:42.465586
144121 rows translated

2022-11-02 12:54:46.443314
144131 rows translated

2022-11-02 12:54:50.175336
144141 rows translated

2022-11-02 12:54:53.662452
144151 rows translated

2022-11-02 12:54:59.701359
144161 rows translated

2022-11-02 12:55:02.470913
144171 rows translated

2022-11-02 12:55:05.410346
144181 rows translated

2022-11-02 12:55:09.667226
144191 rows translated

2022-11-02 12:55:12.314484
144201 rows translated

2022-11-02 12:55:16.949292
144211 rows translated

2022-11-02 12:55:22.339915
144221 rows translated

2022-11-02 12:55:27.433359
144231 rows translated

2022-11-02 12:55:31.772264
144241 rows translated

2022-11-02 12:55:34.520383
144251 rows translated

2022-11-02 12:55:39.246325
144261 rows translated

2022-11-02 12:55:45.225068
144271 rows translated

2022-11-02 12:55:49.171343
144281 rows translated

2022-11-02 12:55:51.746946
144291 rows translated

2022-11-02 12:55:54.968288
144301 rows translated

2022-11-02 12:55:59.057633
144311 rows translated

2022-11-02 12:56:02.424179
144321 rows translated

2022-11-02 12:56:04.984423
144331 rows translated

2022-11-02 12:56:08.077991
144341 rows translated

2022-11-02 12:56:13.824552
144351 rows translated

2022-11-02 12:56:17.891198
144361 rows translated

2022-11-02 12:56:23.705405
144371 rows translated

2022-11-02 12:56:26.490603
144381 rows translated

2022-11-02 12:56:30.826467
144391 rows translated

2022-11-02 12:56:34.892522
144401 rows translated

2022-11-02 12:56:38.737173
144411 rows translated

2022-11-02 12:56:41.970757
144421 rows translated

2022-11-02 12:56:44.906886
144431 rows translated

2022-11-02 12:56:48.897706
144441 rows translated

2022-11-02 12:56:52.216759
144451 rows translated

2022-11-02 12:56:57.405383
144461 rows translated

2022-11-02 12:57:02.198004
144471 rows translated

2022-11-02 12:57:07.712662
144481 rows translated

2022-11-02 12:57:11.240277
144491 rows translated

2022-11-02 12:57:15.339146
144501 rows translated

2022-11-02 12:57:19.012180
144511 rows translated

2022-11-02 12:57:25.697616
144521 rows translated

2022-11-02 12:57:30.297266
144531 rows translated

2022-11-02 12:57:34.775062
144541 rows translated

2022-11-02 12:57:40.975732
144551 rows translated

2022-11-02 12:57:45.378107
144561 rows translated

2022-11-02 12:57:48.460521
144571 rows translated

2022-11-02 12:57:55.028243
144581 rows translated

2022-11-02 12:57:57.215651
144591 rows translated

2022-11-02 12:58:01.772412
144601 rows translated

2022-11-02 12:58:04.654638
144611 rows translated

2022-11-02 12:58:07.546444
144621 rows translated

2022-11-02 12:58:10.901169
144631 rows translated

2022-11-02 12:58:12.823136
144641 rows translated

2022-11-02 12:58:18.366409
144651 rows translated

2022-11-02 12:58:20.418537
144661 rows translated

2022-11-02 12:58:23.551949
144671 rows translated

2022-11-02 12:58:26.947741
144681 rows translated

2022-11-02 12:58:30.616588
144691 rows translated

2022-11-02 12:58:34.975567
144701 rows translated

2022-11-02 12:58:37.901302
144711 rows translated

2022-11-02 12:58:41.316102
144721 rows translated

2022-11-02 12:58:43.977687
144731 rows translated

2022-11-02 12:58:48.796353
144741 rows translated

2022-11-02 12:58:54.266895
144751 rows translated

2022-11-02 12:58:58.757877
144761 rows translated

2022-11-02 12:59:01.407660
144771 rows translated

2022-11-02 12:59:05.162221
144781 rows translated

2022-11-02 12:59:08.527443
144791 rows translated

2022-11-02 12:59:10.590483
144801 rows translated

2022-11-02 12:59:12.902911
144811 rows translated

2022-11-02 12:59:15.931321
144821 rows translated

2022-11-02 12:59:18.581517
144831 rows translated

2022-11-02 12:59:23.777279
144841 rows translated

2022-11-02 12:59:25.149208
144851 rows translated

2022-11-02 12:59:30.108547
144861 rows translated

2022-11-02 12:59:32.650958
144871 rows translated

2022-11-02 12:59:37.307609
144881 rows translated

2022-11-02 12:59:40.355126
144891 rows translated

2022-11-02 12:59:42.403973
144901 rows translated

2022-11-02 12:59:46.379074
144911 rows translated

2022-11-02 12:59:50.747397
144921 rows translated

2022-11-02 12:59:55.063296
144931 rows translated

2022-11-02 12:59:59.564636
144941 rows translated

2022-11-02 13:00:02.987355
144951 rows translated

2022-11-02 13:00:06.725958
144961 rows translated

2022-11-02 13:00:08.969988
144971 rows translated

2022-11-02 13:00:13.264775
144981 rows translated

2022-11-02 13:00:16.226440
144991 rows translated

2022-11-02 13:00:19.584977
145001 rows translated

2022-11-02 13:00:22.160523
145011 rows translated

2022-11-02 13:00:28.385652
145021 rows translated

2022-11-02 13:00:33.777040
145031 rows translated

2022-11-02 13:00:36.377397
145041 rows translated

2022-11-02 13:00:41.761344
145051 rows translated

2022-11-02 13:00:46.074522
145061 rows translated

2022-11-02 13:00:50.666034
145071 rows translated

2022-11-02 13:00:54.503399
145081 rows translated

2022-11-02 13:00:58.784057
145091 rows translated

2022-11-02 13:01:04.538902
145101 rows translated

2022-11-02 13:01:07.877890
145111 rows translated

2022-11-02 13:01:13.261756
145121 rows translated

2022-11-02 13:01:17.793380
145131 rows translated

2022-11-02 13:01:23.977420
145141 rows translated

2022-11-02 13:01:27.187287
145151 rows translated

2022-11-02 13:01:30.961785
145161 rows translated

2022-11-02 13:01:34.725117
145171 rows translated

2022-11-02 13:01:38.148263
145181 rows translated

2022-11-02 13:01:43.092757
145191 rows translated

2022-11-02 13:01:46.752564
145201 rows translated

2022-11-02 13:01:49.866070
145211 rows translated

2022-11-02 13:01:53.484202
145221 rows translated

2022-11-02 13:01:57.275752
145231 rows translated

2022-11-02 13:02:01.462523
145241 rows translated

2022-11-02 13:02:06.476987
145251 rows translated

2022-11-02 13:02:11.046560
145261 rows translated

2022-11-02 13:02:14.065124
145271 rows translated

2022-11-02 13:02:18.384686
145281 rows translated

2022-11-02 13:02:21.553900
145291 rows translated

2022-11-02 13:02:25.319179
145301 rows translated

2022-11-02 13:02:28.679768
145311 rows translated

2022-11-02 13:02:31.951202
145321 rows translated

2022-11-02 13:02:35.770985
145331 rows translated

2022-11-02 13:02:40.104602
145341 rows translated

2022-11-02 13:02:44.894860
145351 rows translated

2022-11-02 13:02:48.078517
145361 rows translated

2022-11-02 13:02:51.225659
145371 rows translated

2022-11-02 13:02:54.925396
145381 rows translated

2022-11-02 13:02:58.262440
145391 rows translated

2022-11-02 13:03:00.924167
145401 rows translated

2022-11-02 13:03:05.144505
145411 rows translated

2022-11-02 13:03:07.263361
145421 rows translated

2022-11-02 13:03:10.266173
145431 rows translated

2022-11-02 13:03:13.709487
145441 rows translated

2022-11-02 13:03:18.859907
145451 rows translated

2022-11-02 13:03:21.330264
145461 rows translated

2022-11-02 13:03:26.345260
145471 rows translated

2022-11-02 13:03:28.252803
145481 rows translated

2022-11-02 13:03:31.327150
145491 rows translated

2022-11-02 13:03:35.167283
145501 rows translated

2022-11-02 13:03:37.523714
145511 rows translated

2022-11-02 13:03:43.438149
145521 rows translated

2022-11-02 13:03:47.640672
145531 rows translated

2022-11-02 13:03:50.900063
145541 rows translated

2022-11-02 13:03:54.652085
145551 rows translated

2022-11-02 13:03:58.410099
145561 rows translated

2022-11-02 13:04:01.481761
145571 rows translated

2022-11-02 13:04:03.710212
145581 rows translated

2022-11-02 13:04:07.697474
145591 rows translated

2022-11-02 13:04:11.813073
145601 rows translated

2022-11-02 13:04:14.402488
145611 rows translated

2022-11-02 13:04:20.072927
145621 rows translated

2022-11-02 13:04:23.299101
145631 rows translated

2022-11-02 13:04:28.693044
145641 rows translated

2022-11-02 13:04:34.404858
145651 rows translated

2022-11-02 13:04:40.874388
145661 rows translated

2022-11-02 13:04:44.964382
145671 rows translated

2022-11-02 13:04:48.157877
145681 rows translated

2022-11-02 13:04:50.885625
145691 rows translated

2022-11-02 13:04:53.970520
145701 rows translated

2022-11-02 13:04:58.290891
145711 rows translated

2022-11-02 13:05:01.910930
145721 rows translated

2022-11-02 13:05:05.200060
145731 rows translated

2022-11-02 13:05:08.553758
145741 rows translated

2022-11-02 13:05:11.826695
145751 rows translated

2022-11-02 13:05:16.673291
145761 rows translated

2022-11-02 13:05:19.747699
145771 rows translated

2022-11-02 13:05:22.479270
145781 rows translated

2022-11-02 13:05:29.349358
145791 rows translated

2022-11-02 13:05:33.409954
145801 rows translated

2022-11-02 13:05:36.212440
145811 rows translated

2022-11-02 13:05:39.601677
145821 rows translated

2022-11-02 13:05:44.323890
145831 rows translated

2022-11-02 13:05:52.518809
145841 rows translated

2022-11-02 13:05:54.919777
145851 rows translated

2022-11-02 13:05:58.371007
145861 rows translated

2022-11-02 13:06:01.557480
145871 rows translated

2022-11-02 13:06:04.844776
145881 rows translated

2022-11-02 13:06:10.167832
145891 rows translated

2022-11-02 13:06:13.478410
145901 rows translated

2022-11-02 13:06:19.520115
145911 rows translated

2022-11-02 13:06:22.246935
145921 rows translated

2022-11-02 13:06:26.846656
145931 rows translated

2022-11-02 13:06:29.007798
145941 rows translated

2022-11-02 13:06:32.245580
145951 rows translated

2022-11-02 13:06:38.571545
145961 rows translated

2022-11-02 13:06:42.796655
145971 rows translated

2022-11-02 13:06:45.799712
145981 rows translated

2022-11-02 13:06:51.225765
145991 rows translated

2022-11-02 13:06:54.860216
146001 rows translated

2022-11-02 13:06:58.130010
146011 rows translated

2022-11-02 13:07:03.609826
146021 rows translated

2022-11-02 13:07:05.921074
146031 rows translated

2022-11-02 13:07:08.057295
146041 rows translated

2022-11-02 13:07:11.687300
146051 rows translated

2022-11-02 13:07:14.904620
146061 rows translated

2022-11-02 13:07:17.371778
146071 rows translated

2022-11-02 13:07:20.399017
146081 rows translated

2022-11-02 13:07:24.109486
146091 rows translated

2022-11-02 13:07:27.460981
146101 rows translated

2022-11-02 13:07:30.709184
146111 rows translated

2022-11-02 13:07:34.903727
146121 rows translated

2022-11-02 13:07:41.286726
146131 rows translated

2022-11-02 13:07:45.237408
146141 rows translated

2022-11-02 13:07:47.795548
146151 rows translated

2022-11-02 13:07:50.292264
146161 rows translated

2022-11-02 13:07:54.239254
146171 rows translated

2022-11-02 13:07:56.923746
146181 rows translated

2022-11-02 13:07:59.318885
146191 rows translated

2022-11-02 13:08:01.660912
146201 rows translated

2022-11-02 13:08:07.229054
146211 rows translated

2022-11-02 13:08:10.865719
146221 rows translated

2022-11-02 13:08:14.471649
146231 rows translated

2022-11-02 13:08:18.251064
146241 rows translated

2022-11-02 13:08:24.493817
146251 rows translated

2022-11-02 13:08:28.285573
146261 rows translated

2022-11-02 13:08:32.362011
146271 rows translated

2022-11-02 13:08:37.180911
146281 rows translated

2022-11-02 13:08:40.090946
146291 rows translated

2022-11-02 13:08:47.041734
146301 rows translated

2022-11-02 13:08:50.479761
146311 rows translated

2022-11-02 13:08:55.275540
146321 rows translated

2022-11-02 13:08:58.654677
146331 rows translated

2022-11-02 13:09:03.037079
146341 rows translated

2022-11-02 13:09:08.860679
146351 rows translated

2022-11-02 13:09:12.494435
146361 rows translated

2022-11-02 13:09:15.911372
146371 rows translated

2022-11-02 13:09:19.592691
146381 rows translated

2022-11-02 13:09:25.845510
146391 rows translated

2022-11-02 13:09:30.124343
146401 rows translated

2022-11-02 13:09:36.995932
146411 rows translated

2022-11-02 13:09:40.589841
146421 rows translated

2022-11-02 13:09:45.665186
146431 rows translated

2022-11-02 13:09:48.865542
146441 rows translated

2022-11-02 13:09:51.381012
146451 rows translated

2022-11-02 13:09:54.478307
146461 rows translated

2022-11-02 13:09:57.132521
146471 rows translated

2022-11-02 13:09:59.335137
146481 rows translated

2022-11-02 13:10:02.038932
146491 rows translated

2022-11-02 13:10:04.184270
146501 rows translated

2022-11-02 13:10:09.478249
146511 rows translated

2022-11-02 13:10:14.104499
146521 rows translated

2022-11-02 13:10:16.735008
146531 rows translated

2022-11-02 13:10:19.957863
146541 rows translated

2022-11-02 13:10:23.169620
146551 rows translated

2022-11-02 13:10:26.174264
146561 rows translated

2022-11-02 13:10:32.343812
146571 rows translated

2022-11-02 13:10:35.305894
146581 rows translated

2022-11-02 13:10:38.759976
146591 rows translated

2022-11-02 13:10:41.521329
146601 rows translated

2022-11-02 13:10:43.736842
146611 rows translated

2022-11-02 13:10:48.381070
146621 rows translated

2022-11-02 13:10:51.703020
146631 rows translated

2022-11-02 13:10:55.601680
146641 rows translated

2022-11-02 13:10:57.635809
146651 rows translated

2022-11-02 13:11:00.406397
146661 rows translated

2022-11-02 13:11:04.282586
146671 rows translated

2022-11-02 13:11:06.692684
146681 rows translated

2022-11-02 13:11:11.533385
146691 rows translated

2022-11-02 13:11:17.111660
146701 rows translated

2022-11-02 13:11:23.467265
146711 rows translated

2022-11-02 13:11:25.912032
146721 rows translated

2022-11-02 13:11:28.467839
146731 rows translated

2022-11-02 13:11:31.546854
146741 rows translated

2022-11-02 13:11:35.665028
146751 rows translated

2022-11-02 13:11:42.100205
146761 rows translated

2022-11-02 13:11:48.080719
146771 rows translated

2022-11-02 13:11:54.597088
146781 rows translated

2022-11-02 13:11:59.251373
146791 rows translated

2022-11-02 13:12:02.333842
146801 rows translated

2022-11-02 13:12:07.149177
146811 rows translated

2022-11-02 13:12:10.123264
146821 rows translated

2022-11-02 13:12:12.733757
146831 rows translated

2022-11-02 13:12:15.396292
146841 rows translated

2022-11-02 13:12:20.303841
146851 rows translated

2022-11-02 13:12:25.137344
146861 rows translated

2022-11-02 13:12:29.527887
146871 rows translated

2022-11-02 13:12:32.067782
146881 rows translated

2022-11-02 13:12:35.792689
146891 rows translated

2022-11-02 13:12:38.485151
146901 rows translated

2022-11-02 13:12:42.582955
146911 rows translated

2022-11-02 13:12:45.983291
146921 rows translated

2022-11-02 13:12:50.083499
146931 rows translated

2022-11-02 13:12:54.451674
146941 rows translated

2022-11-02 13:12:56.577780
146951 rows translated

2022-11-02 13:13:01.343002
146961 rows translated

2022-11-02 13:13:05.421498
146971 rows translated

2022-11-02 13:13:11.536617
146981 rows translated

2022-11-02 13:13:15.797847
146991 rows translated

2022-11-02 13:13:17.473115
147001 rows translated

2022-11-02 13:13:19.406426
147011 rows translated

2022-11-02 13:13:21.193546
147021 rows translated

2022-11-02 13:13:24.474602
147031 rows translated

2022-11-02 13:13:30.128103
147041 rows translated

2022-11-02 13:13:34.525936
147051 rows translated

2022-11-02 13:13:38.057350
147061 rows translated

2022-11-02 13:13:40.665378
147071 rows translated

2022-11-02 13:13:46.377825
147081 rows translated

2022-11-02 13:13:49.841181
147091 rows translated

2022-11-02 13:13:55.375484
147101 rows translated

2022-11-02 13:13:57.668987
147111 rows translated

2022-11-02 13:14:03.301006
147121 rows translated

2022-11-02 13:14:08.399630
147131 rows translated

2022-11-02 13:14:11.434704
147141 rows translated

2022-11-02 13:14:13.909648
147151 rows translated

2022-11-02 13:14:19.106042
147161 rows translated

2022-11-02 13:14:23.991339
147171 rows translated

2022-11-02 13:14:27.010437
147181 rows translated

2022-11-02 13:14:29.979977
147191 rows translated

2022-11-02 13:14:32.674656
147201 rows translated

2022-11-02 13:14:35.179494
147211 rows translated

2022-11-02 13:14:40.265517
147221 rows translated

2022-11-02 13:14:44.729104
147231 rows translated

2022-11-02 13:14:48.230626
147241 rows translated

2022-11-02 13:14:49.914188
147251 rows translated

2022-11-02 13:14:53.723421
147261 rows translated

2022-11-02 13:14:57.299839
147271 rows translated

2022-11-02 13:15:00.593851
147281 rows translated

2022-11-02 13:15:03.677663
147291 rows translated

2022-11-02 13:15:05.803327
147301 rows translated

2022-11-02 13:15:10.848304
147311 rows translated

2022-11-02 13:15:13.677794
147321 rows translated

2022-11-02 13:15:20.486224
147331 rows translated

2022-11-02 13:15:23.440592
147341 rows translated

2022-11-02 13:15:25.638349
147351 rows translated

2022-11-02 13:15:29.206320
147361 rows translated

2022-11-02 13:15:36.753873
147371 rows translated

2022-11-02 13:15:41.022376
147381 rows translated

2022-11-02 13:15:44.691865
147391 rows translated

2022-11-02 13:15:48.745540
147401 rows translated

2022-11-02 13:15:52.440657
147411 rows translated

2022-11-02 13:15:55.752871
147421 rows translated

2022-11-02 13:16:00.476236
147431 rows translated

2022-11-02 13:16:03.251829
147441 rows translated

2022-11-02 13:16:06.044597
147451 rows translated

2022-11-02 13:16:10.183592
147461 rows translated

2022-11-02 13:16:14.666044
147471 rows translated

2022-11-02 13:16:19.315010
147481 rows translated

2022-11-02 13:16:23.578494
147491 rows translated

2022-11-02 13:16:27.775202
147501 rows translated

2022-11-02 13:16:29.949793
147511 rows translated

2022-11-02 13:16:33.801286
147521 rows translated

2022-11-02 13:16:36.575098
147531 rows translated

2022-11-02 13:16:38.530988
147541 rows translated

2022-11-02 13:16:42.583147
147551 rows translated

2022-11-02 13:16:45.593110
147561 rows translated

2022-11-02 13:16:49.781317
147571 rows translated

2022-11-02 13:16:53.472144
147581 rows translated

2022-11-02 13:16:56.428421
147591 rows translated

2022-11-02 13:17:01.344014
147601 rows translated

2022-11-02 13:17:05.545450
147611 rows translated

2022-11-02 13:17:09.849581
147621 rows translated

2022-11-02 13:17:15.081312
147631 rows translated

2022-11-02 13:17:18.015787
147641 rows translated

2022-11-02 13:17:21.377027
147651 rows translated

2022-11-02 13:17:23.781669
147661 rows translated

2022-11-02 13:17:26.694350
147671 rows translated

2022-11-02 13:17:31.558075
147681 rows translated

2022-11-02 13:17:36.232267
147691 rows translated

2022-11-02 13:17:38.377728
147701 rows translated

2022-11-02 13:17:43.854071
147711 rows translated

2022-11-02 13:17:47.949593
147721 rows translated

2022-11-02 13:17:50.631000
147731 rows translated

2022-11-02 13:17:53.773900
147741 rows translated

2022-11-02 13:17:56.942446
147751 rows translated

2022-11-02 13:17:59.989206
147761 rows translated

2022-11-02 13:18:03.616763
147771 rows translated

2022-11-02 13:18:07.493753
147781 rows translated

2022-11-02 13:18:10.238523
147791 rows translated

2022-11-02 13:18:13.862087
147801 rows translated

2022-11-02 13:18:17.251606
147811 rows translated

2022-11-02 13:18:20.810120
147821 rows translated

2022-11-02 13:18:23.427323
147831 rows translated

2022-11-02 13:18:26.919006
147841 rows translated

2022-11-02 13:18:31.426907
147851 rows translated

2022-11-02 13:18:34.112185
147861 rows translated

2022-11-02 13:18:38.070548
147871 rows translated

2022-11-02 13:18:42.204112
147881 rows translated

2022-11-02 13:18:45.325226
147891 rows translated

2022-11-02 13:18:47.242471
147901 rows translated

2022-11-02 13:18:50.345488
147911 rows translated

2022-11-02 13:18:53.897212
147921 rows translated

2022-11-02 13:18:56.371069
147931 rows translated

2022-11-02 13:19:01.331110
147941 rows translated

2022-11-02 13:19:05.463408
147951 rows translated

2022-11-02 13:19:08.135322
147961 rows translated

2022-11-02 13:19:10.500626
147971 rows translated

2022-11-02 13:19:13.917924
147981 rows translated

2022-11-02 13:19:16.986150
147991 rows translated

2022-11-02 13:19:22.363173
148001 rows translated

2022-11-02 13:19:27.435893
148011 rows translated

2022-11-02 13:19:30.492882
148021 rows translated

2022-11-02 13:19:38.750151
148031 rows translated

2022-11-02 13:19:40.802402
148041 rows translated

2022-11-02 13:19:45.079725
148051 rows translated

2022-11-02 13:19:50.864739
148061 rows translated

2022-11-02 13:19:53.794876
148071 rows translated

2022-11-02 13:19:57.505766
148081 rows translated

2022-11-02 13:19:59.723676
148091 rows translated

2022-11-02 13:20:01.885625
148101 rows translated

2022-11-02 13:20:05.275469
148111 rows translated

2022-11-02 13:20:09.285644
148121 rows translated

2022-11-02 13:20:17.417222
148131 rows translated

2022-11-02 13:20:19.909806
148141 rows translated

2022-11-02 13:20:23.606616
148151 rows translated

2022-11-02 13:20:27.934255
148161 rows translated

2022-11-02 13:20:33.342807
148171 rows translated

2022-11-02 13:20:36.443756
148181 rows translated

2022-11-02 13:20:39.823478
148191 rows translated

2022-11-02 13:20:44.272051
148201 rows translated

2022-11-02 13:20:48.723714
148211 rows translated

2022-11-02 13:20:50.795738
148221 rows translated

2022-11-02 13:20:53.670417
148231 rows translated

2022-11-02 13:20:58.224671
148241 rows translated

2022-11-02 13:21:00.894117
148251 rows translated

2022-11-02 13:21:06.537006
148261 rows translated

2022-11-02 13:21:09.704270
148271 rows translated

2022-11-02 13:21:15.153655
148281 rows translated

2022-11-02 13:21:17.337122
148291 rows translated

2022-11-02 13:21:22.064642
148301 rows translated

2022-11-02 13:21:24.723885
148311 rows translated

2022-11-02 13:21:28.819027
148321 rows translated

2022-11-02 13:21:34.696192
148331 rows translated

2022-11-02 13:21:37.493109
148341 rows translated

2022-11-02 13:21:40.743635
148351 rows translated

2022-11-02 13:21:44.734968
148361 rows translated

2022-11-02 13:21:47.049052
148371 rows translated

2022-11-02 13:21:49.559831
148381 rows translated

2022-11-02 13:21:53.133365
148391 rows translated

2022-11-02 13:21:55.503779
148401 rows translated

2022-11-02 13:21:59.041034
148411 rows translated

2022-11-02 13:22:00.926049
148421 rows translated

2022-11-02 13:22:07.549083
148431 rows translated

2022-11-02 13:22:09.939682
148441 rows translated

2022-11-02 13:22:12.368048
148451 rows translated

2022-11-02 13:22:15.850977
148461 rows translated

2022-11-02 13:22:18.997524
148471 rows translated

2022-11-02 13:22:25.881413
148481 rows translated

2022-11-02 13:22:30.743935
148491 rows translated

2022-11-02 13:22:34.208477
148501 rows translated

2022-11-02 13:22:37.529448
148511 rows translated

2022-11-02 13:22:41.009997
148521 rows translated

2022-11-02 13:22:43.472473
148531 rows translated

2022-11-02 13:22:46.941626
148541 rows translated

2022-11-02 13:22:50.948404
148551 rows translated

2022-11-02 13:22:55.579369
148561 rows translated

2022-11-02 13:23:00.857568
148571 rows translated

2022-11-02 13:23:03.468127
148581 rows translated

2022-11-02 13:23:06.833550
148591 rows translated

2022-11-02 13:23:12.293525
148601 rows translated

2022-11-02 13:23:16.019487
148611 rows translated

2022-11-02 13:23:19.123976
148621 rows translated

2022-11-02 13:23:23.383957
148631 rows translated

2022-11-02 13:23:26.355941
148641 rows translated

2022-11-02 13:23:28.902198
148651 rows translated

2022-11-02 13:23:32.108843
148661 rows translated

2022-11-02 13:23:36.095283
148671 rows translated

2022-11-02 13:23:39.364615
148681 rows translated

2022-11-02 13:23:42.226299
148691 rows translated

2022-11-02 13:23:47.877947
148701 rows translated

2022-11-02 13:23:52.649691
148711 rows translated

2022-11-02 13:23:56.566457
148721 rows translated

2022-11-02 13:23:59.819183
148731 rows translated

2022-11-02 13:24:04.460147
148741 rows translated

2022-11-02 13:24:11.145586
148751 rows translated

2022-11-02 13:24:15.042472
148761 rows translated

2022-11-02 13:24:19.158106
148771 rows translated

2022-11-02 13:24:24.953333
148781 rows translated

2022-11-02 13:24:29.554076
148791 rows translated

2022-11-02 13:24:32.378006
148801 rows translated

2022-11-02 13:24:36.686836
148811 rows translated

2022-11-02 13:24:39.385245
148821 rows translated

2022-11-02 13:24:46.207574
148831 rows translated

2022-11-02 13:24:48.905976
148841 rows translated

2022-11-02 13:24:51.806827
148851 rows translated

2022-11-02 13:24:56.548588
148861 rows translated

2022-11-02 13:25:01.274732
148871 rows translated

2022-11-02 13:25:04.076213
148881 rows translated

2022-11-02 13:25:06.704172
148891 rows translated

2022-11-02 13:25:10.293747
148901 rows translated

2022-11-02 13:25:12.712034
148911 rows translated

2022-11-02 13:25:15.575186
148921 rows translated

2022-11-02 13:25:19.384480
148931 rows translated

2022-11-02 13:25:23.137227
148941 rows translated

2022-11-02 13:25:27.621679
148951 rows translated

2022-11-02 13:25:31.927234
148961 rows translated

2022-11-02 13:25:36.491558
148971 rows translated

2022-11-02 13:25:39.721796
148981 rows translated

2022-11-02 13:25:43.163646
148991 rows translated

2022-11-02 13:25:45.902026
149001 rows translated

2022-11-02 13:25:52.321829
149011 rows translated

2022-11-02 13:25:54.651314
149021 rows translated

2022-11-02 13:25:57.458843
149031 rows translated

2022-11-02 13:26:02.014278
149041 rows translated

2022-11-02 13:26:04.804137
149051 rows translated

2022-11-02 13:26:07.779425
149061 rows translated

2022-11-02 13:26:10.311604
149071 rows translated

2022-11-02 13:26:14.868966
149081 rows translated

2022-11-02 13:26:20.731415
149091 rows translated

2022-11-02 13:26:27.086505
149101 rows translated

2022-11-02 13:26:29.279265
149111 rows translated

2022-11-02 13:26:31.368684
149121 rows translated

2022-11-02 13:26:37.103581
149131 rows translated

2022-11-02 13:26:41.624116
149141 rows translated

2022-11-02 13:26:44.617334
149151 rows translated

2022-11-02 13:26:47.119078
149161 rows translated

2022-11-02 13:26:52.263079
149171 rows translated

2022-11-02 13:26:55.433535
149181 rows translated

2022-11-02 13:27:00.103234
149191 rows translated

2022-11-02 13:27:01.988364
149201 rows translated

2022-11-02 13:27:08.047573
149211 rows translated

2022-11-02 13:27:11.037118
149221 rows translated

2022-11-02 13:27:13.880634
149231 rows translated

2022-11-02 13:27:17.082078
149241 rows translated

2022-11-02 13:27:19.848956
149251 rows translated

2022-11-02 13:27:23.668329
149261 rows translated

2022-11-02 13:27:28.600349
149271 rows translated

2022-11-02 13:27:30.414484
149281 rows translated

2022-11-02 13:27:33.547492
149291 rows translated

2022-11-02 13:27:35.890691
149301 rows translated

2022-11-02 13:27:39.836073
149311 rows translated

2022-11-02 13:27:42.510645
149321 rows translated

2022-11-02 13:27:45.611713
149331 rows translated

2022-11-02 13:27:50.837044
149341 rows translated

2022-11-02 13:27:54.470815
149351 rows translated

2022-11-02 13:27:59.221998
149361 rows translated

2022-11-02 13:28:03.165818
149371 rows translated

2022-11-02 13:28:06.449796
149381 rows translated

2022-11-02 13:28:11.784101
149391 rows translated

2022-11-02 13:28:14.794475
149401 rows translated

2022-11-02 13:28:17.386024
149411 rows translated

2022-11-02 13:28:22.077748
149421 rows translated

2022-11-02 13:28:24.447594
149431 rows translated

2022-11-02 13:28:28.068820
149441 rows translated

2022-11-02 13:28:29.858273
149451 rows translated

2022-11-02 13:28:31.599106
149461 rows translated

2022-11-02 13:28:34.659458
149471 rows translated

2022-11-02 13:28:37.925890
149481 rows translated

2022-11-02 13:28:40.974184
149491 rows translated

2022-11-02 13:28:46.742804
149501 rows translated

2022-11-02 13:28:51.515411
149511 rows translated

2022-11-02 13:28:54.002895
149521 rows translated

2022-11-02 13:29:00.516220
149531 rows translated

2022-11-02 13:29:04.256503
149541 rows translated

2022-11-02 13:29:07.028695
149551 rows translated

2022-11-02 13:29:12.123220
149561 rows translated

2022-11-02 13:29:15.854301
149571 rows translated

2022-11-02 13:29:18.229826
149581 rows translated

2022-11-02 13:29:20.888482
149591 rows translated

2022-11-02 13:29:23.182484
149601 rows translated

2022-11-02 13:29:25.918418
149611 rows translated

2022-11-02 13:29:29.262338
149621 rows translated

2022-11-02 13:29:32.300749
149631 rows translated

2022-11-02 13:29:34.307377
149641 rows translated

2022-11-02 13:29:36.394769
149651 rows translated

2022-11-02 13:29:41.808363
149661 rows translated

2022-11-02 13:29:47.050912
149671 rows translated

2022-11-02 13:29:52.904586
149681 rows translated

2022-11-02 13:29:56.511347
149691 rows translated

2022-11-02 13:30:00.320960
149701 rows translated

2022-11-02 13:30:02.314257
149711 rows translated

2022-11-02 13:30:07.310655
149721 rows translated

2022-11-02 13:30:10.195217
149731 rows translated

2022-11-02 13:30:15.066137
149741 rows translated

2022-11-02 13:30:20.892760
149751 rows translated

2022-11-02 13:30:25.642795
149761 rows translated

2022-11-02 13:30:29.329441
149771 rows translated

2022-11-02 13:30:35.184787
149781 rows translated

2022-11-02 13:30:38.565607
149791 rows translated

2022-11-02 13:30:43.478265
149801 rows translated

2022-11-02 13:30:47.067544
149811 rows translated

2022-11-02 13:30:50.670214
149821 rows translated

2022-11-02 13:30:53.238034
149831 rows translated

2022-11-02 13:30:56.146886
149841 rows translated

2022-11-02 13:31:00.171780
149851 rows translated

2022-11-02 13:31:04.585322
149861 rows translated

2022-11-02 13:31:08.777216
149871 rows translated

2022-11-02 13:31:10.781304
149881 rows translated

2022-11-02 13:31:13.668208
149891 rows translated

2022-11-02 13:31:16.371937
149901 rows translated

2022-11-02 13:31:20.254510
149911 rows translated

2022-11-02 13:31:23.554477
149921 rows translated

2022-11-02 13:31:29.243178
149931 rows translated

2022-11-02 13:31:32.213094
149941 rows translated

2022-11-02 13:31:36.462030
149951 rows translated

2022-11-02 13:31:40.327896
149961 rows translated

2022-11-02 13:31:43.392066
149971 rows translated

2022-11-02 13:31:48.392365
149981 rows translated

2022-11-02 13:31:51.544699
149991 rows translated

2022-11-02 13:31:57.422593
150001 rows translated

2022-11-02 13:32:01.596250
150011 rows translated

2022-11-02 13:32:07.185538
150021 rows translated

2022-11-02 13:32:12.161101
150031 rows translated

2022-11-02 13:32:13.959063
150041 rows translated

2022-11-02 13:32:17.391709
150051 rows translated

2022-11-02 13:32:19.781450
150061 rows translated

2022-11-02 13:32:26.222640
150071 rows translated

2022-11-02 13:32:31.633362
150081 rows translated

2022-11-02 13:32:33.789557
150091 rows translated

2022-11-02 13:32:37.492250
150101 rows translated

2022-11-02 13:32:44.284958
150111 rows translated

2022-11-02 13:32:48.814600
150121 rows translated

2022-11-02 13:32:55.126752
150131 rows translated

2022-11-02 13:32:59.439689
150141 rows translated

2022-11-02 13:33:01.894818
150151 rows translated

2022-11-02 13:33:05.956128
150161 rows translated

2022-11-02 13:33:10.332938
150171 rows translated

2022-11-02 13:33:13.253734
150181 rows translated

2022-11-02 13:33:17.064979
150191 rows translated

2022-11-02 13:33:19.778280
150201 rows translated

2022-11-02 13:33:24.765744
150211 rows translated

2022-11-02 13:33:27.807447
150221 rows translated

2022-11-02 13:33:32.117503
150231 rows translated

2022-11-02 13:33:34.559325
150241 rows translated

2022-11-02 13:33:39.763389
150251 rows translated

2022-11-02 13:33:43.186826
150261 rows translated

2022-11-02 13:33:47.720910
150271 rows translated

2022-11-02 13:33:53.617799
150281 rows translated

2022-11-02 13:33:58.935614
150291 rows translated

2022-11-02 13:34:04.426213
150301 rows translated

2022-11-02 13:34:07.845838
150311 rows translated

2022-11-02 13:34:14.926906
150321 rows translated

2022-11-02 13:34:20.103158
150331 rows translated

2022-11-02 13:34:22.965272
150341 rows translated

2022-11-02 13:34:29.117224
150351 rows translated

2022-11-02 13:34:32.181662
150361 rows translated

2022-11-02 13:34:35.408463
150371 rows translated

2022-11-02 13:34:38.439484
150381 rows translated

2022-11-02 13:34:42.232066
150391 rows translated

2022-11-02 13:34:44.629250
150401 rows translated

2022-11-02 13:34:48.878116
150411 rows translated

2022-11-02 13:34:52.857548
150421 rows translated

2022-11-02 13:34:56.860516
150431 rows translated

2022-11-02 13:35:01.153702
150441 rows translated

2022-11-02 13:35:05.915590
150451 rows translated

2022-11-02 13:35:11.175455
150461 rows translated

2022-11-02 13:35:14.314204
150471 rows translated

2022-11-02 13:35:16.794375
150481 rows translated

2022-11-02 13:35:21.793680
150491 rows translated

2022-11-02 13:35:24.755921
150501 rows translated

2022-11-02 13:35:28.876947
150511 rows translated

2022-11-02 13:35:32.383965
150521 rows translated

2022-11-02 13:35:35.002154
150531 rows translated

2022-11-02 13:35:38.860044
150541 rows translated

2022-11-02 13:35:43.055113
150551 rows translated

2022-11-02 13:35:47.782446
150561 rows translated

2022-11-02 13:35:51.579789
150571 rows translated

2022-11-02 13:35:53.224438
150581 rows translated

2022-11-02 13:35:59.988778
150591 rows translated

2022-11-02 13:36:03.160093
150601 rows translated

2022-11-02 13:36:06.938971
150611 rows translated

2022-11-02 13:36:11.069958
150621 rows translated

2022-11-02 13:36:13.202824
150631 rows translated

2022-11-02 13:36:16.250144
150641 rows translated

2022-11-02 13:36:18.420684
150651 rows translated

2022-11-02 13:36:21.277123
150661 rows translated

2022-11-02 13:36:24.834706
150671 rows translated

2022-11-02 13:36:30.247442
150681 rows translated

2022-11-02 13:36:32.766020
150691 rows translated

2022-11-02 13:36:36.503272
150701 rows translated

2022-11-02 13:36:40.361485
150711 rows translated

2022-11-02 13:36:41.744479
150721 rows translated

2022-11-02 13:36:45.775749
150731 rows translated

2022-11-02 13:36:47.769059
150741 rows translated

2022-11-02 13:36:50.384511
150751 rows translated

2022-11-02 13:36:54.229299
150761 rows translated

2022-11-02 13:36:55.869632
150771 rows translated

2022-11-02 13:37:00.842404
150781 rows translated

2022-11-02 13:37:04.399121
150791 rows translated

2022-11-02 13:37:09.308552
150801 rows translated

2022-11-02 13:37:12.714509
150811 rows translated

2022-11-02 13:37:14.828876
150821 rows translated

2022-11-02 13:37:21.471340
150831 rows translated

2022-11-02 13:37:26.669104
150841 rows translated

2022-11-02 13:37:29.774034
150851 rows translated

2022-11-02 13:37:33.587563
150861 rows translated

2022-11-02 13:37:35.744853
150871 rows translated

2022-11-02 13:37:40.849066
150881 rows translated

2022-11-02 13:37:43.657758
150891 rows translated

2022-11-02 13:37:46.784896
150901 rows translated

2022-11-02 13:37:51.338662
150911 rows translated

2022-11-02 13:37:53.871967
150921 rows translated

2022-11-02 13:37:57.339857
150931 rows translated

2022-11-02 13:38:00.056223
150941 rows translated

2022-11-02 13:38:04.138204
150951 rows translated

2022-11-02 13:38:06.223491
150961 rows translated

2022-11-02 13:38:08.078069
150971 rows translated

2022-11-02 13:38:11.713283
150981 rows translated

2022-11-02 13:38:16.461154
150991 rows translated

2022-11-02 13:38:20.574408
151001 rows translated

2022-11-02 13:38:24.638718
151011 rows translated

2022-11-02 13:38:31.006743
151021 rows translated

2022-11-02 13:38:35.494764
151031 rows translated

2022-11-02 13:38:40.615671
151041 rows translated

2022-11-02 13:38:44.566419
151051 rows translated

2022-11-02 13:38:46.203623
151061 rows translated

2022-11-02 13:38:48.960580
151071 rows translated

2022-11-02 13:38:51.276016
151081 rows translated

2022-11-02 13:38:54.634719
151091 rows translated

2022-11-02 13:38:58.124822
151101 rows translated

2022-11-02 13:39:01.060620
151111 rows translated

2022-11-02 13:39:06.942998
151121 rows translated

2022-11-02 13:39:12.334560
151131 rows translated

2022-11-02 13:39:16.590255
151141 rows translated

2022-11-02 13:39:18.523267
151151 rows translated

2022-11-02 13:39:22.797215
151161 rows translated

2022-11-02 13:39:28.230592
151171 rows translated

2022-11-02 13:39:30.369096
151181 rows translated

2022-11-02 13:39:32.849165
151191 rows translated

2022-11-02 13:39:36.183147
151201 rows translated

2022-11-02 13:39:40.671302
151211 rows translated

2022-11-02 13:39:44.259548
151221 rows translated

2022-11-02 13:39:49.485963
151231 rows translated

2022-11-02 13:39:52.625661
151241 rows translated

2022-11-02 13:39:58.399329
151251 rows translated

2022-11-02 13:40:02.325840
151261 rows translated

2022-11-02 13:40:06.010997
151271 rows translated

2022-11-02 13:40:08.525445
151281 rows translated

2022-11-02 13:40:13.206571
151291 rows translated

2022-11-02 13:40:15.764212
151301 rows translated

2022-11-02 13:40:19.797254
151311 rows translated

2022-11-02 13:40:23.640406
151321 rows translated

2022-11-02 13:40:29.039194
151331 rows translated

2022-11-02 13:40:32.474011
151341 rows translated

2022-11-02 13:40:34.404231
151351 rows translated

2022-11-02 13:40:38.091885
151361 rows translated

2022-11-02 13:40:40.993357
151371 rows translated

2022-11-02 13:40:44.767844
151381 rows translated

2022-11-02 13:40:50.255988
151391 rows translated

2022-11-02 13:40:54.199705
151401 rows translated

2022-11-02 13:40:57.950590
151411 rows translated

2022-11-02 13:41:00.281761
151421 rows translated

2022-11-02 13:41:04.454639
151431 rows translated

2022-11-02 13:41:09.904321
151441 rows translated

2022-11-02 13:41:12.609569
151451 rows translated

2022-11-02 13:41:15.623050
151461 rows translated

2022-11-02 13:41:17.990721
151471 rows translated

2022-11-02 13:41:23.964914
151481 rows translated

2022-11-02 13:41:28.687762
151491 rows translated

2022-11-02 13:41:30.743171
151501 rows translated

2022-11-02 13:41:34.838000
151511 rows translated

2022-11-02 13:41:40.106122
151521 rows translated

2022-11-02 13:41:44.101585
151531 rows translated

2022-11-02 13:41:46.673229
151541 rows translated

2022-11-02 13:41:49.547632
151551 rows translated

2022-11-02 13:41:52.728639
151561 rows translated

2022-11-02 13:42:00.348829
151571 rows translated

2022-11-02 13:42:06.498706
151581 rows translated

2022-11-02 13:42:11.668433
151591 rows translated

2022-11-02 13:42:15.020271
151601 rows translated

2022-11-02 13:42:20.371795
151611 rows translated

2022-11-02 13:42:22.448934
151621 rows translated

2022-11-02 13:42:25.071219
151631 rows translated

2022-11-02 13:42:28.209350
151641 rows translated

2022-11-02 13:42:34.495030
151651 rows translated

2022-11-02 13:42:37.835692
151661 rows translated

2022-11-02 13:42:40.292783
151671 rows translated

2022-11-02 13:42:43.014311
151681 rows translated

2022-11-02 13:42:46.355655
151691 rows translated

2022-11-02 13:42:50.268142
151701 rows translated

2022-11-02 13:42:51.822322
151711 rows translated

2022-11-02 13:42:55.098170
151721 rows translated

2022-11-02 13:42:58.927445
151731 rows translated

2022-11-02 13:43:03.098091
151741 rows translated

2022-11-02 13:43:05.336445
151751 rows translated

2022-11-02 13:43:08.168266
151761 rows translated

2022-11-02 13:43:11.965838
151771 rows translated

2022-11-02 13:43:15.472640
151781 rows translated

2022-11-02 13:43:22.172267
151791 rows translated

2022-11-02 13:43:25.909620
151801 rows translated

2022-11-02 13:43:29.285210
151811 rows translated

2022-11-02 13:43:33.318328
151821 rows translated

2022-11-02 13:43:36.963074
151831 rows translated

2022-11-02 13:43:39.175799
151841 rows translated

2022-11-02 13:43:41.628628
151851 rows translated

2022-11-02 13:43:46.425923
151861 rows translated

2022-11-02 13:43:51.146159
151871 rows translated

2022-11-02 13:43:54.533734
151881 rows translated

2022-11-02 13:43:59.187558
151891 rows translated

2022-11-02 13:44:02.394085
151901 rows translated

2022-11-02 13:44:05.981649
151911 rows translated

2022-11-02 13:44:10.943498
151921 rows translated

2022-11-02 13:44:14.549615
151931 rows translated

2022-11-02 13:44:17.231446
151941 rows translated

2022-11-02 13:44:21.227828
151951 rows translated

2022-11-02 13:44:23.197235
151961 rows translated

2022-11-02 13:44:28.047304
151971 rows translated

2022-11-02 13:44:32.075925
151981 rows translated

2022-11-02 13:44:34.576127
151991 rows translated

2022-11-02 13:44:39.998316
152001 rows translated

2022-11-02 13:44:43.603160
152011 rows translated

2022-11-02 13:44:46.706303
152021 rows translated

2022-11-02 13:44:51.630086
152031 rows translated

2022-11-02 13:44:55.353334
152041 rows translated

2022-11-02 13:44:58.155108
152051 rows translated

2022-11-02 13:45:01.736523
152061 rows translated

2022-11-02 13:45:05.594798
152071 rows translated

2022-11-02 13:45:08.206635
152081 rows translated

2022-11-02 13:45:11.999365
152091 rows translated

2022-11-02 13:45:14.342084
152101 rows translated

2022-11-02 13:45:17.264537
152111 rows translated

2022-11-02 13:45:20.818499
152121 rows translated

2022-11-02 13:45:26.051307
152131 rows translated

2022-11-02 13:45:31.213751
152141 rows translated

2022-11-02 13:45:35.751136
152151 rows translated

2022-11-02 13:45:37.928620
152161 rows translated

2022-11-02 13:45:40.970664
152171 rows translated

2022-11-02 13:45:43.970257
152181 rows translated

2022-11-02 13:45:49.414754
152191 rows translated

2022-11-02 13:45:52.636905
152201 rows translated

2022-11-02 13:45:57.354175
152211 rows translated

2022-11-02 13:45:59.776193
152221 rows translated

2022-11-02 13:46:02.078244
152231 rows translated

2022-11-02 13:46:06.725106
152241 rows translated

2022-11-02 13:46:08.711676
152251 rows translated

2022-11-02 13:46:13.146041
152261 rows translated

2022-11-02 13:46:18.542026
152271 rows translated

2022-11-02 13:46:22.129543
152281 rows translated

2022-11-02 13:46:28.120770
152291 rows translated

2022-11-02 13:46:31.324705
152301 rows translated

2022-11-02 13:46:34.051401
152311 rows translated

2022-11-02 13:46:38.004543
152321 rows translated

2022-11-02 13:46:42.708746
152331 rows translated

2022-11-02 13:46:45.417415
152341 rows translated

2022-11-02 13:46:47.646918
152351 rows translated

2022-11-02 13:46:50.545680
152361 rows translated

2022-11-02 13:46:55.004379
152371 rows translated

2022-11-02 13:47:00.718048
152381 rows translated

2022-11-02 13:47:03.199230
152391 rows translated

2022-11-02 13:47:06.488740
152401 rows translated

2022-11-02 13:47:10.659282
152411 rows translated

2022-11-02 13:47:16.440310
152421 rows translated

2022-11-02 13:47:21.883632
152431 rows translated

2022-11-02 13:47:24.782623
152441 rows translated

2022-11-02 13:47:27.668769
152451 rows translated

2022-11-02 13:47:31.993821
152461 rows translated

2022-11-02 13:47:35.011214
152471 rows translated

2022-11-02 13:47:37.386040
152481 rows translated

2022-11-02 13:47:42.109617
152491 rows translated

2022-11-02 13:47:44.936023
152501 rows translated

2022-11-02 13:47:47.374480
152511 rows translated

2022-11-02 13:47:49.551283
152521 rows translated

2022-11-02 13:47:54.786203
152531 rows translated

2022-11-02 13:47:59.000572
152541 rows translated

2022-11-02 13:48:02.488936
152551 rows translated

2022-11-02 13:48:05.698547
152561 rows translated

2022-11-02 13:48:08.246052
152571 rows translated

2022-11-02 13:48:11.730674
152581 rows translated

2022-11-02 13:48:14.609184
152591 rows translated

2022-11-02 13:48:20.854753
152601 rows translated

2022-11-02 13:48:25.544737
152611 rows translated

2022-11-02 13:48:28.948952
152621 rows translated

2022-11-02 13:48:34.466926
152631 rows translated

2022-11-02 13:48:38.643164
152641 rows translated

2022-11-02 13:48:42.860065
152651 rows translated

2022-11-02 13:48:47.685692
152661 rows translated

2022-11-02 13:48:50.592678
152671 rows translated

2022-11-02 13:48:53.737011
152681 rows translated

2022-11-02 13:48:56.639083
152691 rows translated

2022-11-02 13:48:59.509058
152701 rows translated

2022-11-02 13:49:02.510313
152711 rows translated

2022-11-02 13:49:05.878576
152721 rows translated

2022-11-02 13:49:11.634754
152731 rows translated

2022-11-02 13:49:15.502743
152741 rows translated

2022-11-02 13:49:18.027336
152751 rows translated

2022-11-02 13:49:23.102913
152761 rows translated

2022-11-02 13:49:28.690795
152771 rows translated

2022-11-02 13:49:30.159125
152781 rows translated

2022-11-02 13:49:34.531290
152791 rows translated

2022-11-02 13:49:36.631310
152801 rows translated

2022-11-02 13:49:41.071817
152811 rows translated

2022-11-02 13:49:43.295061
152821 rows translated

2022-11-02 13:49:50.030988
152831 rows translated

2022-11-02 13:49:55.789958
152841 rows translated

2022-11-02 13:49:59.762113
152851 rows translated

2022-11-02 13:50:02.680510
152861 rows translated

2022-11-02 13:50:06.171079
152871 rows translated

2022-11-02 13:50:10.148158
152881 rows translated

2022-11-02 13:50:14.365158
152891 rows translated

2022-11-02 13:50:17.130268
152901 rows translated

2022-11-02 13:50:22.315963
152911 rows translated

2022-11-02 13:50:24.777067
152921 rows translated

2022-11-02 13:50:29.110616
152931 rows translated

2022-11-02 13:50:33.157410
152941 rows translated

2022-11-02 13:50:36.719099
152951 rows translated

2022-11-02 13:50:39.609982
152961 rows translated

2022-11-02 13:50:43.585702
152971 rows translated

2022-11-02 13:50:48.203112
152981 rows translated

2022-11-02 13:50:51.108841
152991 rows translated

2022-11-02 13:50:55.693730
153001 rows translated

2022-11-02 13:51:00.907248
153011 rows translated

2022-11-02 13:51:05.147920
153021 rows translated

2022-11-02 13:51:07.559006
153031 rows translated

2022-11-02 13:51:10.582645
153041 rows translated

2022-11-02 13:51:14.226559
153051 rows translated

2022-11-02 13:51:18.023118
153061 rows translated

2022-11-02 13:51:20.973619
153071 rows translated

2022-11-02 13:51:24.688813
153081 rows translated

2022-11-02 13:51:28.241363
153091 rows translated

2022-11-02 13:51:31.156695
153101 rows translated

2022-11-02 13:51:35.709799
153111 rows translated

2022-11-02 13:51:38.678184
153121 rows translated

2022-11-02 13:51:42.134432
153131 rows translated

2022-11-02 13:51:45.948907
153141 rows translated

2022-11-02 13:51:49.340282
153151 rows translated

2022-11-02 13:51:53.125057
153161 rows translated

2022-11-02 13:51:58.023657
153171 rows translated

2022-11-02 13:52:00.953150
153181 rows translated

2022-11-02 13:52:06.085153
153191 rows translated

2022-11-02 13:52:09.676649
153201 rows translated

2022-11-02 13:52:18.534571
153211 rows translated

2022-11-02 13:52:22.632339
153221 rows translated

2022-11-02 13:52:26.433887
153231 rows translated

2022-11-02 13:52:28.964956
153241 rows translated

2022-11-02 13:52:32.656755
153251 rows translated

2022-11-02 13:52:34.950725
153261 rows translated

2022-11-02 13:52:38.181035
153271 rows translated

2022-11-02 13:52:40.733631
153281 rows translated

2022-11-02 13:52:45.676157
153291 rows translated

2022-11-02 13:52:48.789975
153301 rows translated

2022-11-02 13:52:52.308138
153311 rows translated

2022-11-02 13:52:55.624907
153321 rows translated

2022-11-02 13:53:00.934446
153331 rows translated

2022-11-02 13:53:06.236849
153341 rows translated

2022-11-02 13:53:09.380745
153351 rows translated

2022-11-02 13:53:13.289831
153361 rows translated

2022-11-02 13:53:16.627784
153371 rows translated

2022-11-02 13:53:21.155288
153381 rows translated

2022-11-02 13:53:25.970104
153391 rows translated

2022-11-02 13:53:32.299397
153401 rows translated

2022-11-02 13:53:34.992778
153411 rows translated

2022-11-02 13:53:38.595934
153421 rows translated

2022-11-02 13:53:42.631327
153431 rows translated

2022-11-02 13:53:45.889346
153441 rows translated

2022-11-02 13:53:48.566382
153451 rows translated

2022-11-02 13:53:51.670208
153461 rows translated

2022-11-02 13:53:55.305028
153471 rows translated

2022-11-02 13:53:58.707365
153481 rows translated

2022-11-02 13:54:03.446406
153491 rows translated

2022-11-02 13:54:08.482216
153501 rows translated

2022-11-02 13:54:11.296400
153511 rows translated

2022-11-02 13:54:18.719197
153521 rows translated

2022-11-02 13:54:22.080996
153531 rows translated

2022-11-02 13:54:24.864624
153541 rows translated

2022-11-02 13:54:27.679902
153551 rows translated

2022-11-02 13:54:32.368333
153561 rows translated

2022-11-02 13:54:39.988988
153571 rows translated

2022-11-02 13:54:43.366455
153581 rows translated

2022-11-02 13:54:46.387775
153591 rows translated

2022-11-02 13:54:50.637937
153601 rows translated

2022-11-02 13:54:54.650736
153611 rows translated

2022-11-02 13:55:00.270327
153621 rows translated

2022-11-02 13:55:02.572480
153631 rows translated

2022-11-02 13:55:06.497430
153641 rows translated

2022-11-02 13:55:09.381392
153651 rows translated

2022-11-02 13:55:13.795278
153661 rows translated

2022-11-02 13:55:18.043013
153671 rows translated

2022-11-02 13:55:22.004775
153681 rows translated

2022-11-02 13:55:26.495660
153691 rows translated

2022-11-02 13:55:29.694380
153701 rows translated

2022-11-02 13:55:36.052913
153711 rows translated

2022-11-02 13:55:39.741693
153721 rows translated

2022-11-02 13:55:44.226760
153731 rows translated

2022-11-02 13:55:46.213403
153741 rows translated

2022-11-02 13:55:49.976577
153751 rows translated

2022-11-02 13:55:53.716416
153761 rows translated

2022-11-02 13:55:58.638881
153771 rows translated

2022-11-02 13:56:02.798771
153781 rows translated

2022-11-02 13:56:05.037832
153791 rows translated

2022-11-02 13:56:07.622499
153801 rows translated

2022-11-02 13:56:11.128151
153811 rows translated

2022-11-02 13:56:17.235394
153821 rows translated

2022-11-02 13:56:20.316852
153831 rows translated

2022-11-02 13:56:24.584740
153841 rows translated

2022-11-02 13:56:27.326410
153851 rows translated

2022-11-02 13:56:33.118742
153861 rows translated

2022-11-02 13:56:36.643738
153871 rows translated

2022-11-02 13:56:39.562567
153881 rows translated

2022-11-02 13:56:43.813014
153891 rows translated

2022-11-02 13:56:48.884472
153901 rows translated

2022-11-02 13:56:51.421658
153911 rows translated

2022-11-02 13:56:55.391930
153921 rows translated

2022-11-02 13:56:58.770316
153931 rows translated

2022-11-02 13:57:03.829434
153941 rows translated

2022-11-02 13:57:05.789405
153951 rows translated

2022-11-02 13:57:10.058435
153961 rows translated

2022-11-02 13:57:14.579832
153971 rows translated

2022-11-02 13:57:19.293404
153981 rows translated

2022-11-02 13:57:22.684271
153991 rows translated

2022-11-02 13:57:28.668050
154001 rows translated

2022-11-02 13:57:32.189451
154011 rows translated

2022-11-02 13:57:35.338945
154021 rows translated

2022-11-02 13:57:39.900055
154031 rows translated

2022-11-02 13:57:43.333233
154041 rows translated

2022-11-02 13:57:46.479880
154051 rows translated

2022-11-02 13:57:49.219496
154061 rows translated

2022-11-02 13:57:52.226646
154071 rows translated

2022-11-02 13:57:56.363254
154081 rows translated

2022-11-02 13:57:58.307825
154091 rows translated

2022-11-02 13:58:02.052049
154101 rows translated

2022-11-02 13:58:03.767994
154111 rows translated

2022-11-02 13:58:05.986968
154121 rows translated

2022-11-02 13:58:09.980258
154131 rows translated

2022-11-02 13:58:14.192635
154141 rows translated

2022-11-02 13:58:19.316838
154151 rows translated

2022-11-02 13:58:22.123428
154161 rows translated

2022-11-02 13:58:24.790538
154171 rows translated

2022-11-02 13:58:30.059579
154181 rows translated

2022-11-02 13:58:33.563983
154191 rows translated

2022-11-02 13:58:36.772706
154201 rows translated

2022-11-02 13:58:40.705265
154211 rows translated

2022-11-02 13:58:44.304486
154221 rows translated

2022-11-02 13:58:48.407412
154231 rows translated

2022-11-02 13:58:51.808202
154241 rows translated

2022-11-02 13:58:57.310171
154251 rows translated

2022-11-02 13:59:01.843641
154261 rows translated

2022-11-02 13:59:04.860514
154271 rows translated

2022-11-02 13:59:07.033553
154281 rows translated

2022-11-02 13:59:12.310400
154291 rows translated

2022-11-02 13:59:14.952270
154301 rows translated

2022-11-02 13:59:24.684044
154311 rows translated

2022-11-02 13:59:31.462475
154321 rows translated

2022-11-02 13:59:34.236071
154331 rows translated

2022-11-02 13:59:39.972091
154341 rows translated

2022-11-02 13:59:43.777763
154351 rows translated

2022-11-02 13:59:47.987885
154361 rows translated

2022-11-02 13:59:50.130675
154371 rows translated

2022-11-02 13:59:55.470456
154381 rows translated

2022-11-02 13:59:58.985785
154391 rows translated

2022-11-02 14:00:02.487277
154401 rows translated

2022-11-02 14:00:05.568072
154411 rows translated

2022-11-02 14:00:13.578187
154421 rows translated

2022-11-02 14:00:15.971532
154431 rows translated

2022-11-02 14:00:21.500680
154441 rows translated

2022-11-02 14:00:24.046980
154451 rows translated

2022-11-02 14:00:27.408544
154461 rows translated

2022-11-02 14:00:34.455968
154471 rows translated

2022-11-02 14:00:41.389652
154481 rows translated

2022-11-02 14:00:45.923441
154491 rows translated

2022-11-02 14:00:49.784623
154501 rows translated

2022-11-02 14:00:56.283601
154511 rows translated

2022-11-02 14:01:00.319738
154521 rows translated

2022-11-02 14:01:01.827697
154531 rows translated

2022-11-02 14:01:05.352305
154541 rows translated

2022-11-02 14:01:09.306109
154551 rows translated

2022-11-02 14:01:13.453276
154561 rows translated

2022-11-02 14:01:17.931039
154571 rows translated

2022-11-02 14:01:26.761967
154581 rows translated

2022-11-02 14:01:29.258381
154591 rows translated

2022-11-02 14:01:33.738770
154601 rows translated

2022-11-02 14:01:36.500401
154611 rows translated

2022-11-02 14:01:39.032327
154621 rows translated

2022-11-02 14:01:42.179534
154631 rows translated

2022-11-02 14:01:47.278250
154641 rows translated

2022-11-02 14:01:49.669968
154651 rows translated

2022-11-02 14:01:54.073260
154661 rows translated

2022-11-02 14:01:57.555580
154671 rows translated

2022-11-02 14:02:00.831367
154681 rows translated

2022-11-02 14:02:06.201229
154691 rows translated

2022-11-02 14:02:10.767236
154701 rows translated

2022-11-02 14:02:14.369963
154711 rows translated

2022-11-02 14:02:17.661121
154721 rows translated

2022-11-02 14:02:20.696043
154731 rows translated

2022-11-02 14:02:28.782182
154741 rows translated

2022-11-02 14:02:32.503678
154751 rows translated

2022-11-02 14:02:35.257981
154761 rows translated

2022-11-02 14:02:37.901608
154771 rows translated

2022-11-02 14:02:42.456540
154781 rows translated

2022-11-02 14:02:46.431707
154791 rows translated

2022-11-02 14:02:49.625263
154801 rows translated

2022-11-02 14:02:53.225726
154811 rows translated

2022-11-02 14:02:55.584124
154821 rows translated

2022-11-02 14:02:59.561369
154831 rows translated

2022-11-02 14:03:01.794911
154841 rows translated

2022-11-02 14:03:08.753554
154851 rows translated

2022-11-02 14:03:13.477842
154861 rows translated

2022-11-02 14:03:17.187318
154871 rows translated

2022-11-02 14:03:20.200245
154881 rows translated

2022-11-02 14:03:22.037930
154891 rows translated

2022-11-02 14:03:25.565549
154901 rows translated

2022-11-02 14:03:28.163062
154911 rows translated

2022-11-02 14:03:31.047178
154921 rows translated

2022-11-02 14:03:36.494725
154931 rows translated

2022-11-02 14:03:40.111976
154941 rows translated

2022-11-02 14:03:44.657739
154951 rows translated

2022-11-02 14:03:46.419739
154961 rows translated

2022-11-02 14:03:48.915858
154971 rows translated

2022-11-02 14:03:53.995044
154981 rows translated

2022-11-02 14:03:58.153514
154991 rows translated

2022-11-02 14:04:02.500054
155001 rows translated

2022-11-02 14:04:04.553267
155011 rows translated

2022-11-02 14:04:07.422152
155021 rows translated

2022-11-02 14:04:10.988948
155031 rows translated

2022-11-02 14:04:15.468438
155041 rows translated

2022-11-02 14:04:17.303920
155051 rows translated

2022-11-02 14:04:21.790856
155061 rows translated

2022-11-02 14:04:27.230526
155071 rows translated

2022-11-02 14:04:32.015390
155081 rows translated

2022-11-02 14:04:34.827188
155091 rows translated

2022-11-02 14:04:38.825687
155101 rows translated

2022-11-02 14:04:42.163452
155111 rows translated

2022-11-02 14:04:45.609504
155121 rows translated

2022-11-02 14:04:49.530564
155131 rows translated

2022-11-02 14:04:53.851391
155141 rows translated

2022-11-02 14:04:57.587635
155151 rows translated

2022-11-02 14:05:00.831500
155161 rows translated

2022-11-02 14:05:05.850751
155171 rows translated

2022-11-02 14:05:09.609278
155181 rows translated

2022-11-02 14:05:13.192375
155191 rows translated

2022-11-02 14:05:15.246657
155201 rows translated

2022-11-02 14:05:19.555844
155211 rows translated

2022-11-02 14:05:24.306796
155221 rows translated

2022-11-02 14:05:29.222335
155231 rows translated

2022-11-02 14:05:34.352958
155241 rows translated

2022-11-02 14:05:38.017204
155251 rows translated

2022-11-02 14:05:41.805225
155261 rows translated

2022-11-02 14:05:43.498891
155271 rows translated

2022-11-02 14:05:48.686655
155281 rows translated

2022-11-02 14:05:52.276516
155291 rows translated

2022-11-02 14:05:54.887976
155301 rows translated

2022-11-02 14:05:57.929486
155311 rows translated

2022-11-02 14:06:02.676583
155321 rows translated

2022-11-02 14:06:04.697166
155331 rows translated

2022-11-02 14:06:08.215818
155341 rows translated

2022-11-02 14:06:13.183880
155351 rows translated

2022-11-02 14:06:23.339156
155361 rows translated

2022-11-02 14:06:29.010343
155371 rows translated

2022-11-02 14:06:31.934954
155381 rows translated

2022-11-02 14:06:36.721046
155391 rows translated

2022-11-02 14:06:41.191256
155401 rows translated

2022-11-02 14:06:47.878853
155411 rows translated

2022-11-02 14:06:50.580959
155421 rows translated

2022-11-02 14:06:52.749064
155431 rows translated

2022-11-02 14:06:56.246025
155441 rows translated

2022-11-02 14:07:00.559029
155451 rows translated

2022-11-02 14:07:03.791277
155461 rows translated

2022-11-02 14:07:06.257582
155471 rows translated

2022-11-02 14:07:09.848964
155481 rows translated

2022-11-02 14:07:12.139577
155491 rows translated

2022-11-02 14:07:15.933788
155501 rows translated

2022-11-02 14:07:19.231244
155511 rows translated

2022-11-02 14:07:23.154745
155521 rows translated

2022-11-02 14:07:25.960209
155531 rows translated

2022-11-02 14:07:29.172840
155541 rows translated

2022-11-02 14:07:31.644690
155551 rows translated

2022-11-02 14:07:36.166355
155561 rows translated

2022-11-02 14:07:39.609405
155571 rows translated

2022-11-02 14:07:42.235577
155581 rows translated

2022-11-02 14:07:46.439487
155591 rows translated

2022-11-02 14:07:48.876960
155601 rows translated

2022-11-02 14:07:52.323713
155611 rows translated

2022-11-02 14:07:54.972792
155621 rows translated

2022-11-02 14:07:59.786078
155631 rows translated

2022-11-02 14:08:03.570094
155641 rows translated

2022-11-02 14:08:06.788572
155651 rows translated

2022-11-02 14:08:09.729146
155661 rows translated

2022-11-02 14:08:12.674509
155671 rows translated

2022-11-02 14:08:16.790576
155681 rows translated

2022-11-02 14:08:20.058737
155691 rows translated

2022-11-02 14:08:24.434202
155701 rows translated

2022-11-02 14:08:29.411888
155711 rows translated

2022-11-02 14:08:32.601501
155721 rows translated

2022-11-02 14:08:35.254763
155731 rows translated

2022-11-02 14:08:38.101371
155741 rows translated

2022-11-02 14:08:41.634156
155751 rows translated

2022-11-02 14:08:45.000731
155761 rows translated

2022-11-02 14:08:51.753563
155771 rows translated

2022-11-02 14:08:54.194184
155781 rows translated

2022-11-02 14:08:56.438069
155791 rows translated

2022-11-02 14:08:59.365696
155801 rows translated

2022-11-02 14:09:01.818196
155811 rows translated

2022-11-02 14:09:06.990049
155821 rows translated

2022-11-02 14:09:09.195721
155831 rows translated

2022-11-02 14:09:12.832764
155841 rows translated

2022-11-02 14:09:17.194955
155851 rows translated

2022-11-02 14:09:22.688306
155861 rows translated

2022-11-02 14:09:27.151818
155871 rows translated

2022-11-02 14:09:29.472800
155881 rows translated

2022-11-02 14:09:37.904370
155891 rows translated

2022-11-02 14:09:41.298832
155901 rows translated

2022-11-02 14:09:45.245354
155911 rows translated

2022-11-02 14:09:49.006211
155921 rows translated

2022-11-02 14:09:51.739131
155931 rows translated

2022-11-02 14:09:56.418517
155941 rows translated

2022-11-02 14:09:58.834551
155951 rows translated

2022-11-02 14:10:02.583160
155961 rows translated

2022-11-02 14:10:06.086713
155971 rows translated

2022-11-02 14:10:08.491535
155981 rows translated

2022-11-02 14:10:11.908351
155991 rows translated

2022-11-02 14:10:16.281250
156001 rows translated

2022-11-02 14:10:18.579317
156011 rows translated

2022-11-02 14:10:22.483738
156021 rows translated

2022-11-02 14:10:25.352224
156031 rows translated

2022-11-02 14:10:28.457980
156041 rows translated

2022-11-02 14:10:33.028027
156051 rows translated

2022-11-02 14:10:36.228852
156061 rows translated

2022-11-02 14:10:39.461085
156071 rows translated

2022-11-02 14:10:43.105227
156081 rows translated

2022-11-02 14:10:46.566414
156091 rows translated

2022-11-02 14:10:49.876395
156101 rows translated

2022-11-02 14:10:53.146748
156111 rows translated

2022-11-02 14:10:56.570168
156121 rows translated

2022-11-02 14:11:00.476438
156131 rows translated

2022-11-02 14:11:04.583702
156141 rows translated

2022-11-02 14:11:07.993660
156151 rows translated

2022-11-02 14:11:11.768728
156161 rows translated

2022-11-02 14:11:17.925920
156171 rows translated

2022-11-02 14:11:20.666821
156181 rows translated

2022-11-02 14:11:23.239592
156191 rows translated

2022-11-02 14:11:29.462102
156201 rows translated

2022-11-02 14:11:32.059528
156211 rows translated

2022-11-02 14:11:35.159153
156221 rows translated

2022-11-02 14:11:37.626789
156231 rows translated

2022-11-02 14:11:39.697972
156241 rows translated

2022-11-02 14:11:43.112457
156251 rows translated

2022-11-02 14:11:50.340631
156261 rows translated

2022-11-02 14:11:55.317249
156271 rows translated

2022-11-02 14:12:00.562763
156281 rows translated

2022-11-02 14:12:06.254455
156291 rows translated

2022-11-02 14:12:11.703139
156301 rows translated

2022-11-02 14:12:14.889483
156311 rows translated

2022-11-02 14:12:18.458148
156321 rows translated

2022-11-02 14:12:24.657432
156331 rows translated

2022-11-02 14:12:27.350937
156341 rows translated

2022-11-02 14:12:30.264822
156351 rows translated

2022-11-02 14:12:36.523615
156361 rows translated

2022-11-02 14:12:39.819418
156371 rows translated

2022-11-02 14:12:42.531068
156381 rows translated

2022-11-02 14:12:45.009579
156391 rows translated

2022-11-02 14:12:47.914460
156401 rows translated

2022-11-02 14:12:53.540214
156411 rows translated

2022-11-02 14:12:57.060466
156421 rows translated

2022-11-02 14:13:01.770707
156431 rows translated

2022-11-02 14:13:05.275331
156441 rows translated

2022-11-02 14:13:08.551459
156451 rows translated

2022-11-02 14:13:12.899977
156461 rows translated

2022-11-02 14:13:17.547400
156471 rows translated

2022-11-02 14:13:19.927069
156481 rows translated

2022-11-02 14:13:24.705645
156491 rows translated

2022-11-02 14:13:27.848421
156501 rows translated

2022-11-02 14:13:31.400411
156511 rows translated

2022-11-02 14:13:34.741686
156521 rows translated

2022-11-02 14:13:40.236256
156531 rows translated

2022-11-02 14:13:44.188655
156541 rows translated

2022-11-02 14:13:47.643109
156551 rows translated

2022-11-02 14:13:54.866222
156561 rows translated

2022-11-02 14:13:57.965079
156571 rows translated

2022-11-02 14:14:00.658771
156581 rows translated

2022-11-02 14:14:06.612657
156591 rows translated

2022-11-02 14:14:10.599204
156601 rows translated

2022-11-02 14:14:14.095841
156611 rows translated

2022-11-02 14:14:19.761826
156621 rows translated

2022-11-02 14:14:22.363746
156631 rows translated

2022-11-02 14:14:25.657596
156641 rows translated

2022-11-02 14:14:30.022996
156651 rows translated

2022-11-02 14:14:33.344836
156661 rows translated

2022-11-02 14:14:38.604221
156671 rows translated

2022-11-02 14:14:42.877071
156681 rows translated

2022-11-02 14:14:46.330043
156691 rows translated

2022-11-02 14:14:51.818473
156701 rows translated

2022-11-02 14:14:55.746689
156711 rows translated

2022-11-02 14:14:59.388004
156721 rows translated

2022-11-02 14:15:02.700838
156731 rows translated

2022-11-02 14:15:07.612271
156741 rows translated

2022-11-02 14:15:11.417763
156751 rows translated

2022-11-02 14:15:14.780104
156761 rows translated

2022-11-02 14:15:17.461939
156771 rows translated

2022-11-02 14:15:20.909959
156781 rows translated

2022-11-02 14:15:25.434367
156791 rows translated

2022-11-02 14:15:28.935503
156801 rows translated

2022-11-02 14:15:31.769495
156811 rows translated

2022-11-02 14:15:33.930386
156821 rows translated

2022-11-02 14:15:35.501291
156831 rows translated

2022-11-02 14:15:39.163908
156841 rows translated

2022-11-02 14:15:43.829810
156851 rows translated

2022-11-02 14:15:47.623959
156861 rows translated

2022-11-02 14:15:53.025680
156871 rows translated

2022-11-02 14:15:56.816527
156881 rows translated

2022-11-02 14:16:02.206259
156891 rows translated

2022-11-02 14:16:04.900376
156901 rows translated

2022-11-02 14:16:10.510005
156911 rows translated

2022-11-02 14:16:15.443175
156921 rows translated

2022-11-02 14:16:20.244646
156931 rows translated

2022-11-02 14:16:23.370944
156941 rows translated

2022-11-02 14:16:28.739863
156951 rows translated

2022-11-02 14:16:32.682721
156961 rows translated

2022-11-02 14:16:35.363976
156971 rows translated

2022-11-02 14:16:38.484317
156981 rows translated

2022-11-02 14:16:41.754571
156991 rows translated

2022-11-02 14:16:44.585406
157001 rows translated

2022-11-02 14:16:49.854637
157011 rows translated

2022-11-02 14:16:52.408331
157021 rows translated

2022-11-02 14:16:56.922803
157031 rows translated

2022-11-02 14:17:00.429061
157041 rows translated

2022-11-02 14:17:02.876410
157051 rows translated

2022-11-02 14:17:04.958632
157061 rows translated

2022-11-02 14:17:08.299787
157071 rows translated

2022-11-02 14:17:10.616745
157081 rows translated

2022-11-02 14:17:14.320824
157091 rows translated

2022-11-02 14:17:18.527599
157101 rows translated

2022-11-02 14:17:21.968712
157111 rows translated

2022-11-02 14:17:25.022805
157121 rows translated

2022-11-02 14:17:29.173003
157131 rows translated

2022-11-02 14:17:31.832939
157141 rows translated

2022-11-02 14:17:35.141300
157151 rows translated

2022-11-02 14:17:38.373746
157161 rows translated

2022-11-02 14:17:41.383844
157171 rows translated

2022-11-02 14:17:46.464713
157181 rows translated

2022-11-02 14:17:51.163612
157191 rows translated

2022-11-02 14:17:54.270753
157201 rows translated

2022-11-02 14:17:57.634887
157211 rows translated

2022-11-02 14:18:00.901104
157221 rows translated

2022-11-02 14:18:04.659253
157231 rows translated

2022-11-02 14:18:08.866966
157241 rows translated

2022-11-02 14:18:13.069933
157251 rows translated

2022-11-02 14:18:17.516923
157261 rows translated

2022-11-02 14:18:20.819832
157271 rows translated

2022-11-02 14:18:24.245911
157281 rows translated

2022-11-02 14:18:26.489287
157291 rows translated

2022-11-02 14:18:31.063349
157301 rows translated

2022-11-02 14:18:33.528681
157311 rows translated

2022-11-02 14:18:36.065990
157321 rows translated

2022-11-02 14:18:39.198874
157331 rows translated

2022-11-02 14:18:44.159875
157341 rows translated

2022-11-02 14:18:46.759859
157351 rows translated

2022-11-02 14:18:51.050598
157361 rows translated

2022-11-02 14:18:53.962707
157371 rows translated

2022-11-02 14:19:01.467448
157381 rows translated

2022-11-02 14:19:05.136129
157391 rows translated

2022-11-02 14:19:08.315582
157401 rows translated

2022-11-02 14:19:11.473600
157411 rows translated

2022-11-02 14:19:15.818732
157421 rows translated

2022-11-02 14:19:20.980259
157431 rows translated

2022-11-02 14:19:24.238746
157441 rows translated

2022-11-02 14:19:27.547372
157451 rows translated

2022-11-02 14:19:32.169010
157461 rows translated

2022-11-02 14:19:36.922688
157471 rows translated

2022-11-02 14:19:39.299633
157481 rows translated

2022-11-02 14:19:41.613678
157491 rows translated

2022-11-02 14:19:46.568719
157501 rows translated

2022-11-02 14:19:49.972657
157511 rows translated

2022-11-02 14:19:56.022188
157521 rows translated

2022-11-02 14:19:57.764378
157531 rows translated

2022-11-02 14:20:00.563442
157541 rows translated

2022-11-02 14:20:03.854536
157551 rows translated

2022-11-02 14:20:08.134663
157561 rows translated

2022-11-02 14:20:13.786599
157571 rows translated

2022-11-02 14:20:18.846824
157581 rows translated

2022-11-02 14:20:21.632806
157591 rows translated

2022-11-02 14:20:26.070334
157601 rows translated

2022-11-02 14:20:29.162538
157611 rows translated

2022-11-02 14:20:31.200160
157621 rows translated

2022-11-02 14:20:36.193892
157631 rows translated

2022-11-02 14:20:38.456449
157641 rows translated

2022-11-02 14:20:41.924470
157651 rows translated

2022-11-02 14:20:46.104517
157661 rows translated

2022-11-02 14:20:49.876586
157671 rows translated

2022-11-02 14:20:54.846136
157681 rows translated

2022-11-02 14:20:56.138737
157691 rows translated

2022-11-02 14:21:00.371759
157701 rows translated

2022-11-02 14:21:02.748279
157711 rows translated

2022-11-02 14:21:09.837075
157721 rows translated

2022-11-02 14:21:14.366513
157731 rows translated

2022-11-02 14:21:20.617231
157741 rows translated

2022-11-02 14:21:26.863586
157751 rows translated

2022-11-02 14:21:31.841272
157761 rows translated

2022-11-02 14:21:36.670894
157771 rows translated

2022-11-02 14:21:39.626475
157781 rows translated

2022-11-02 14:21:43.695009
157791 rows translated

2022-11-02 14:21:45.985368
157801 rows translated

2022-11-02 14:21:48.948534
157811 rows translated

2022-11-02 14:21:52.764134
157821 rows translated

2022-11-02 14:21:56.070110
157831 rows translated

2022-11-02 14:22:00.159598
157841 rows translated

2022-11-02 14:22:02.547021
157851 rows translated

2022-11-02 14:22:06.816207
157861 rows translated

2022-11-02 14:22:11.626549
157871 rows translated

2022-11-02 14:22:15.666633
157881 rows translated

2022-11-02 14:22:21.507838
157891 rows translated

2022-11-02 14:22:26.267648
157901 rows translated

2022-11-02 14:22:27.787676
157911 rows translated

2022-11-02 14:22:33.079971
157921 rows translated

2022-11-02 14:22:37.839501
157931 rows translated

2022-11-02 14:22:40.426855
157941 rows translated

2022-11-02 14:22:43.189536
157951 rows translated

2022-11-02 14:22:48.678663
157961 rows translated

2022-11-02 14:22:52.677355
157971 rows translated

2022-11-02 14:22:56.047817
157981 rows translated

2022-11-02 14:22:58.362852
157991 rows translated

2022-11-02 14:23:00.886267
158001 rows translated

2022-11-02 14:23:04.004012
158011 rows translated

2022-11-02 14:23:06.686941
158021 rows translated

2022-11-02 14:23:10.452155
158031 rows translated

2022-11-02 14:23:12.599410
158041 rows translated

2022-11-02 14:23:17.186041
158051 rows translated

2022-11-02 14:23:22.763656
158061 rows translated

2022-11-02 14:23:26.112580
158071 rows translated

2022-11-02 14:23:28.933264
158081 rows translated

2022-11-02 14:23:31.341362
158091 rows translated

2022-11-02 14:23:36.740358
158101 rows translated

2022-11-02 14:23:41.107733
158111 rows translated

2022-11-02 14:23:44.451247
158121 rows translated

2022-11-02 14:23:49.121521
158131 rows translated

2022-11-02 14:23:54.551848
158141 rows translated

2022-11-02 14:23:56.386305
158151 rows translated

2022-11-02 14:23:59.112172
158161 rows translated

2022-11-02 14:24:02.171098
158171 rows translated

2022-11-02 14:24:07.106762
158181 rows translated

2022-11-02 14:24:10.500332
158191 rows translated

2022-11-02 14:24:14.555964
158201 rows translated

2022-11-02 14:24:18.089995
158211 rows translated

2022-11-02 14:24:20.831244
158221 rows translated

2022-11-02 14:24:26.890236
158231 rows translated

2022-11-02 14:24:29.789457
158241 rows translated

2022-11-02 14:24:31.643164
158251 rows translated

2022-11-02 14:24:38.771648
158261 rows translated

2022-11-02 14:24:41.272334
158271 rows translated

2022-11-02 14:24:45.031262
158281 rows translated

2022-11-02 14:24:50.932919
158291 rows translated

2022-11-02 14:24:54.444773
158301 rows translated

2022-11-02 14:24:58.729917
158311 rows translated

2022-11-02 14:25:01.916017
158321 rows translated

2022-11-02 14:25:05.670762
158331 rows translated

2022-11-02 14:25:11.286524
158341 rows translated

2022-11-02 14:25:15.836454
158351 rows translated

2022-11-02 14:25:18.735461
158361 rows translated

2022-11-02 14:25:22.612209
158371 rows translated

2022-11-02 14:25:24.807633
158381 rows translated

2022-11-02 14:25:28.633055
158391 rows translated

2022-11-02 14:25:33.693944
158401 rows translated

2022-11-02 14:25:40.340635
158411 rows translated

2022-11-02 14:25:43.177102
158421 rows translated

2022-11-02 14:25:45.510193
158431 rows translated

2022-11-02 14:25:51.375193
158441 rows translated

2022-11-02 14:25:54.992571
158451 rows translated

2022-11-02 14:26:00.996926
158461 rows translated

2022-11-02 14:26:03.417306
158471 rows translated

2022-11-02 14:26:08.038715
158481 rows translated

2022-11-02 14:26:12.456529
158491 rows translated

2022-11-02 14:26:14.968742
158501 rows translated

2022-11-02 14:26:20.331956
158511 rows translated

2022-11-02 14:26:22.906344
158521 rows translated

2022-11-02 14:26:26.789286
158531 rows translated

2022-11-02 14:26:29.677069
158541 rows translated

2022-11-02 14:26:33.723341
158551 rows translated

2022-11-02 14:26:38.352369
158561 rows translated

2022-11-02 14:26:43.816832
158571 rows translated

2022-11-02 14:26:47.063283
158581 rows translated

2022-11-02 14:26:49.501600
158591 rows translated

2022-11-02 14:26:51.786372
158601 rows translated

2022-11-02 14:26:54.657456
158611 rows translated

2022-11-02 14:26:59.792481
158621 rows translated

2022-11-02 14:27:03.457880
158631 rows translated

2022-11-02 14:27:07.425495
158641 rows translated

2022-11-02 14:27:11.365515
158651 rows translated

2022-11-02 14:27:15.145010
158661 rows translated

2022-11-02 14:27:19.028513
158671 rows translated

2022-11-02 14:27:22.432964
158681 rows translated

2022-11-02 14:27:28.697351
158691 rows translated

2022-11-02 14:27:31.637859
158701 rows translated

2022-11-02 14:27:34.193613
158711 rows translated

2022-11-02 14:27:38.775029
158721 rows translated

2022-11-02 14:27:42.564742
158731 rows translated

2022-11-02 14:27:44.542923
158741 rows translated

2022-11-02 14:27:48.950722
158751 rows translated

2022-11-02 14:27:53.042443
158761 rows translated

2022-11-02 14:27:59.816434
158771 rows translated

2022-11-02 14:28:01.833516
158781 rows translated

2022-11-02 14:28:07.357018
158791 rows translated

2022-11-02 14:28:12.610227
158801 rows translated

2022-11-02 14:28:14.094776
158811 rows translated

2022-11-02 14:28:23.424997
158821 rows translated

2022-11-02 14:28:27.896362
158831 rows translated

2022-11-02 14:28:30.655068
158841 rows translated

2022-11-02 14:28:33.021981
158851 rows translated

2022-11-02 14:28:38.469771
158861 rows translated

2022-11-02 14:28:43.445585
158871 rows translated

2022-11-02 14:28:48.818233
158881 rows translated

2022-11-02 14:28:52.492693
158891 rows translated

2022-11-02 14:28:57.807958
158901 rows translated

2022-11-02 14:29:00.767141
158911 rows translated

2022-11-02 14:29:03.706501
158921 rows translated

2022-11-02 14:29:07.288024
158931 rows translated

2022-11-02 14:29:11.635022
158941 rows translated

2022-11-02 14:29:15.972867
158951 rows translated

2022-11-02 14:29:21.063672
158961 rows translated

2022-11-02 14:29:23.815862
158971 rows translated

2022-11-02 14:29:28.256578
158981 rows translated

2022-11-02 14:29:33.318091
158991 rows translated

2022-11-02 14:29:37.756319
159001 rows translated

2022-11-02 14:29:42.427158
159011 rows translated

2022-11-02 14:29:46.681716
159021 rows translated

2022-11-02 14:29:50.238480
159031 rows translated

2022-11-02 14:29:53.660410
159041 rows translated

2022-11-02 14:29:56.911972
159051 rows translated

2022-11-02 14:30:01.485313
159061 rows translated

2022-11-02 14:30:04.455130
159071 rows translated

2022-11-02 14:30:10.582208
159081 rows translated

2022-11-02 14:30:13.605533
159091 rows translated

2022-11-02 14:30:15.536059
159101 rows translated

2022-11-02 14:30:22.348002
159111 rows translated

2022-11-02 14:30:24.653520
159121 rows translated

2022-11-02 14:30:27.058137
159131 rows translated

2022-11-02 14:30:31.721567
159141 rows translated

2022-11-02 14:30:33.742049
159151 rows translated

2022-11-02 14:30:38.360173
159161 rows translated

2022-11-02 14:30:41.204089
159171 rows translated

2022-11-02 14:30:44.480087
159181 rows translated

2022-11-02 14:30:48.759034
159191 rows translated

2022-11-02 14:30:55.049392
159201 rows translated

2022-11-02 14:30:58.160226
159211 rows translated

2022-11-02 14:31:00.223826
159221 rows translated

2022-11-02 14:31:03.103472
159231 rows translated

2022-11-02 14:31:06.101054
159241 rows translated

2022-11-02 14:31:11.235495
159251 rows translated

2022-11-02 14:31:16.194895
159261 rows translated

2022-11-02 14:31:18.767401
159271 rows translated

2022-11-02 14:31:21.707006
159281 rows translated

2022-11-02 14:31:25.406805
159291 rows translated

2022-11-02 14:31:29.787733
159301 rows translated

2022-11-02 14:31:35.395252
159311 rows translated

2022-11-02 14:31:40.638977
159321 rows translated

2022-11-02 14:31:45.035840
159331 rows translated

2022-11-02 14:31:50.134156
159341 rows translated

2022-11-02 14:31:52.651043
159351 rows translated

2022-11-02 14:31:55.244559
159361 rows translated

2022-11-02 14:31:59.429271
159371 rows translated

2022-11-02 14:32:03.352545
159381 rows translated

2022-11-02 14:32:07.779889
159391 rows translated

2022-11-02 14:32:09.461984
159401 rows translated

2022-11-02 14:32:11.208395
159411 rows translated

2022-11-02 14:32:12.863365
159421 rows translated

2022-11-02 14:32:18.056042
159431 rows translated

2022-11-02 14:32:22.203429
159441 rows translated

2022-11-02 14:32:26.335064
159451 rows translated

2022-11-02 14:32:29.460302
159461 rows translated

2022-11-02 14:32:32.041141
159471 rows translated

2022-11-02 14:32:38.087733
159481 rows translated

2022-11-02 14:32:40.537470
159491 rows translated

2022-11-02 14:32:44.135318
159501 rows translated

2022-11-02 14:32:52.811517
159511 rows translated

2022-11-02 14:32:55.703238
159521 rows translated

2022-11-02 14:32:58.362759
159531 rows translated

2022-11-02 14:33:01.983686
159541 rows translated

2022-11-02 14:33:05.976455
159551 rows translated

2022-11-02 14:33:09.640752
159561 rows translated

2022-11-02 14:33:13.553070
159571 rows translated

all translated

END: ke 2.11.2022 14.33.19 +0200
