epochs: 2, learning rate: 2e-5, batch size: 8, prediction treshold: 0.6, model: TurkuNLP/bert-base-finnish-cased-v1 
Translated train and test
Namespace(train=['data/train_fi_deepl.jsonl'], test='data/test_fi_deepl.jsonl', model='TurkuNLP/bert-base-finnish-cased-v1', batch=8, epochs=2, learning=2e-05, threshold=0.6, loss=True, dev=True, clean_as_label=True, binary=False)
['data/train_fi_deepl.jsonl']
tensor([16.2248,  2.8940,  2.6981, 14.2921, 47.6901,  1.4905,  0.1590],
       device='cuda:0')
DatasetDict({
    train: Dataset({
        features: ['text', 'labels'],
        num_rows: 143613
    })
    dev: Dataset({
        features: ['text', 'labels'],
        num_rows: 15958
    })
    test: Dataset({
        features: ['text', 'labels'],
        num_rows: 63978
    })
})
huggingface/tokenizers: The current process just got forked, after parallelism has already been used. Disabling parallelism to avoid deadlocks...
To disable this warning, you can either:
	- Avoid using `tokenizers` before the fork if possible
	- Explicitly set the environment variable TOKENIZERS_PARALLELISM=(true | false)
huggingface/tokenizers: The current process just got forked, after parallelism has already been used. Disabling parallelism to avoid deadlocks...
To disable this warning, you can either:
	- Avoid using `tokenizers` before the fork if possible
	- Explicitly set the environment variable TOKENIZERS_PARALLELISM=(true | false)
huggingface/tokenizers: The current process just got forked, after parallelism has already been used. Disabling parallelism to avoid deadlocks...
To disable this warning, you can either:
	- Avoid using `tokenizers` before the fork if possible
	- Explicitly set the environment variable TOKENIZERS_PARALLELISM=(true | false)
huggingface/tokenizers: The current process just got forked, after parallelism has already been used. Disabling parallelism to avoid deadlocks...
To disable this warning, you can either:
	- Avoid using `tokenizers` before the fork if possible
	- Explicitly set the environment variable TOKENIZERS_PARALLELISM=(true | false)
huggingface/tokenizers: The current process just got forked, after parallelism has already been used. Disabling parallelism to avoid deadlocks...
To disable this warning, you can either:
	- Avoid using `tokenizers` before the fork if possible
	- Explicitly set the environment variable TOKENIZERS_PARALLELISM=(true | false)
huggingface/tokenizers: The current process just got forked, after parallelism has already been used. Disabling parallelism to avoid deadlocks...
To disable this warning, you can either:
	- Avoid using `tokenizers` before the fork if possible
	- Explicitly set the environment variable TOKENIZERS_PARALLELISM=(true | false)
huggingface/tokenizers: The current process just got forked, after parallelism has already been used. Disabling parallelism to avoid deadlocks...
To disable this warning, you can either:
	- Avoid using `tokenizers` before the fork if possible
	- Explicitly set the environment variable TOKENIZERS_PARALLELISM=(true | false)
{'loss': 0.1689, 'learning_rate': 1e-05, 'epoch': 1.0}
0.019029118101683586
{'eval_loss': 0.14769108593463898, 'eval_f1': 0.7477851605758583, 'eval_f1_macro': 0.630668990320357, 'eval_precision': 0.7298027560118887, 'eval_recall': 0.7666761282997445, 'eval_roc_auc': 0.8779165407017834, 'eval_accuracy': 0.9174081965158541, 'eval_runtime': 124.2989, 'eval_samples_per_second': 128.384, 'eval_steps_per_second': 4.015, 'epoch': 1.0}
{'loss': 0.109, 'learning_rate': 0.0, 'epoch': 2.0}
0.017650499227137902
{'eval_loss': 0.1500363051891327, 'eval_f1': 0.7650166852057843, 'eval_f1_macro': 0.6565490692419406, 'eval_precision': 0.749795584627964, 'eval_recall': 0.7808685779165484, 'eval_roc_auc': 0.8854573304329285, 'eval_accuracy': 0.922108033588169, 'eval_runtime': 124.1912, 'eval_samples_per_second': 128.495, 'eval_steps_per_second': 4.018, 'epoch': 2.0}
{'train_runtime': 5270.673, 'train_samples_per_second': 54.495, 'train_steps_per_second': 6.812, 'train_loss': 0.13894396967216396, 'epoch': 2.0}
saved
0.03099502954140486
huggingface/tokenizers: The current process just got forked, after parallelism has already been used. Disabling parallelism to avoid deadlocks...
To disable this warning, you can either:
	- Avoid using `tokenizers` before the fork if possible
	- Explicitly set the environment variable TOKENIZERS_PARALLELISM=(true | false)
huggingface/tokenizers: The current process just got forked, after parallelism has already been used. Disabling parallelism to avoid deadlocks...
To disable this warning, you can either:
	- Avoid using `tokenizers` before the fork if possible
	- Explicitly set the environment variable TOKENIZERS_PARALLELISM=(true | false)
F1: 0.6588876146788991
0.03099502954140486
                       precision    recall  f1-score   support

label_identity_attack       0.53      0.73      0.62       712
         label_insult       0.61      0.75      0.67      3427
        label_obscene       0.59      0.77      0.67      3691
label_severe_toxicity       0.28      0.70      0.40       367
         label_threat       0.46      0.68      0.55       211
       label_toxicity       0.56      0.85      0.68      6090

            micro avg       0.56      0.79      0.66     14498
            macro avg       0.51      0.75      0.60     14498
         weighted avg       0.57      0.79      0.66     14498
          samples avg       0.07      0.07      0.07     14498

{0: 'label_identity_attack', 1: 'label_insult', 2: 'label_obscene', 3: 'label_severe_toxicity', 4: 'label_threat', 5: 'label_toxicity'}
63978 63978 63978
