epochs: 2, learning rate: 2e-5, batch size: 8, prediction treshold: 0.6, model: xlm-roberta-base 
transfer with xlmr
Namespace(train=['data/train_en.jsonl'], test='data/test_fi_deepl.jsonl', model='xlm-roberta-base', batch=8, epochs=2, learning=2e-05, threshold=None, loss=True, dev=True, clean_as_label=True, binary=False)
['data/train_en.jsonl']
tensor([16.2248,  2.8940,  2.6981, 14.2921, 47.6901,  1.4905,  0.1590],
       device='cuda:0')
DatasetDict({
    train: Dataset({
        features: ['text', 'labels'],
        num_rows: 159571
    })
    dev: Dataset({
        features: ['text', 'labels'],
        num_rows: 12796
    })
    test: Dataset({
        features: ['text', 'labels'],
        num_rows: 51182
    })
})
huggingface/tokenizers: The current process just got forked, after parallelism has already been used. Disabling parallelism to avoid deadlocks...
To disable this warning, you can either:
	- Avoid using `tokenizers` before the fork if possible
	- Explicitly set the environment variable TOKENIZERS_PARALLELISM=(true | false)
huggingface/tokenizers: The current process just got forked, after parallelism has already been used. Disabling parallelism to avoid deadlocks...
To disable this warning, you can either:
	- Avoid using `tokenizers` before the fork if possible
	- Explicitly set the environment variable TOKENIZERS_PARALLELISM=(true | false)
huggingface/tokenizers: The current process just got forked, after parallelism has already been used. Disabling parallelism to avoid deadlocks...
To disable this warning, you can either:
	- Avoid using `tokenizers` before the fork if possible
	- Explicitly set the environment variable TOKENIZERS_PARALLELISM=(true | false)
huggingface/tokenizers: The current process just got forked, after parallelism has already been used. Disabling parallelism to avoid deadlocks...
To disable this warning, you can either:
	- Avoid using `tokenizers` before the fork if possible
	- Explicitly set the environment variable TOKENIZERS_PARALLELISM=(true | false)
huggingface/tokenizers: The current process just got forked, after parallelism has already been used. Disabling parallelism to avoid deadlocks...
To disable this warning, you can either:
	- Avoid using `tokenizers` before the fork if possible
	- Explicitly set the environment variable TOKENIZERS_PARALLELISM=(true | false)
huggingface/tokenizers: The current process just got forked, after parallelism has already been used. Disabling parallelism to avoid deadlocks...
To disable this warning, you can either:
	- Avoid using `tokenizers` before the fork if possible
	- Explicitly set the environment variable TOKENIZERS_PARALLELISM=(true | false)
huggingface/tokenizers: The current process just got forked, after parallelism has already been used. Disabling parallelism to avoid deadlocks...
To disable this warning, you can either:
	- Avoid using `tokenizers` before the fork if possible
	- Explicitly set the environment variable TOKENIZERS_PARALLELISM=(true | false)
{'loss': 0.2009, 'learning_rate': 1e-05, 'epoch': 1.0}
Best threshold: 0.49999999999999994
hamming loss 0.03745962279879129
{'eval_loss': 0.4300430715084076, 'eval_f1': 0.4125816993464052, 'eval_f1_macro': 0.28265344396696207, 'eval_precision': 0.5116514690982776, 'eval_recall': 0.3456536618754278, 'eval_roc_auc': 0.6663004410333079, 'eval_accuracy': 0.8844170053141607, 'eval_runtime': 105.1754, 'eval_samples_per_second': 121.663, 'eval_steps_per_second': 3.803, 'epoch': 1.0}
{'loss': 0.1532, 'learning_rate': 0.0, 'epoch': 2.0}
Best threshold: 0.3
hamming loss 0.03684745232885277
{'eval_loss': 0.3885212242603302, 'eval_f1': 0.4663271080928127, 'eval_f1_macro': 0.3250875750798566, 'eval_precision': 0.519546027742749, 'eval_recall': 0.42299794661190965, 'eval_roc_auc': 0.703760732993988, 'eval_accuracy': 0.8692560175054704, 'eval_runtime': 105.2632, 'eval_samples_per_second': 121.562, 'eval_steps_per_second': 3.8, 'epoch': 2.0}
{'train_runtime': 6830.8744, 'train_samples_per_second': 46.721, 'train_steps_per_second': 5.84, 'train_loss': 0.17705091098833783, 'epoch': 2.0}
saved
Best threshold: 0.3
hamming loss 0.03748062469878733
huggingface/tokenizers: The current process just got forked, after parallelism has already been used. Disabling parallelism to avoid deadlocks...
To disable this warning, you can either:
	- Avoid using `tokenizers` before the fork if possible
	- Explicitly set the environment variable TOKENIZERS_PARALLELISM=(true | false)
huggingface/tokenizers: The current process just got forked, after parallelism has already been used. Disabling parallelism to avoid deadlocks...
To disable this warning, you can either:
	- Avoid using `tokenizers` before the fork if possible
	- Explicitly set the environment variable TOKENIZERS_PARALLELISM=(true | false)
F1: 0.4577915960052761
Best threshold: 0.3
hamming loss 0.03748062469878733
Best threshold: 0.3
                       precision    recall  f1-score   support

label_identity_attack       0.45      0.32      0.37       571
         label_insult       0.52      0.39      0.45      2716
        label_obscene       0.56      0.29      0.38      2931
label_severe_toxicity       0.22      0.17      0.20       304
         label_threat       0.11      0.04      0.06       180
       label_toxicity       0.50      0.56      0.53      4874

            micro avg       0.50      0.42      0.46     11576
            macro avg       0.40      0.29      0.33     11576
         weighted avg       0.51      0.42      0.45     11576
          samples avg       0.05      0.04      0.04     11576

{0: 'label_identity_attack', 1: 'label_insult', 2: 'label_obscene', 3: 'label_severe_toxicity', 4: 'label_threat', 5: 'label_toxicity'}
51182 51182 51182
