epochs: 2, learning rate: 2e-5, batch size: 8, prediction treshold: 0.6, model: bert-large-cased 
backtranslation using original english test set
Namespace(train=['data/train_en_backtr_deepl.jsonl'], test='data/test_en.jsonl', model='bert-large-cased', batch=8, epochs=2, learning=2e-05, threshold=None, loss=True, dev=True, clean_as_label=True, binary=False, save=None)
['data/train_en_backtr_deepl.jsonl']
text      object
labels    object
dtype: object
text      object
labels    object
dtype: object
tensor([16.2248,  2.8940,  2.6981, 14.2921, 47.6901,  1.4905,  0.1590],
       device='cuda:0')
DatasetDict({
    train: Dataset({
        features: ['text', 'labels'],
        num_rows: 127656
    })
    dev: Dataset({
        features: ['text', 'labels'],
        num_rows: 31915
    })
    test: Dataset({
        features: ['text', 'labels'],
        num_rows: 63978
    })
})
huggingface/tokenizers: The current process just got forked, after parallelism has already been used. Disabling parallelism to avoid deadlocks...
To disable this warning, you can either:
	- Avoid using `tokenizers` before the fork if possible
	- Explicitly set the environment variable TOKENIZERS_PARALLELISM=(true | false)
huggingface/tokenizers: The current process just got forked, after parallelism has already been used. Disabling parallelism to avoid deadlocks...
To disable this warning, you can either:
	- Avoid using `tokenizers` before the fork if possible
	- Explicitly set the environment variable TOKENIZERS_PARALLELISM=(true | false)
huggingface/tokenizers: The current process just got forked, after parallelism has already been used. Disabling parallelism to avoid deadlocks...
To disable this warning, you can either:
	- Avoid using `tokenizers` before the fork if possible
	- Explicitly set the environment variable TOKENIZERS_PARALLELISM=(true | false)
huggingface/tokenizers: The current process just got forked, after parallelism has already been used. Disabling parallelism to avoid deadlocks...
To disable this warning, you can either:
	- Avoid using `tokenizers` before the fork if possible
	- Explicitly set the environment variable TOKENIZERS_PARALLELISM=(true | false)
huggingface/tokenizers: The current process just got forked, after parallelism has already been used. Disabling parallelism to avoid deadlocks...
To disable this warning, you can either:
	- Avoid using `tokenizers` before the fork if possible
	- Explicitly set the environment variable TOKENIZERS_PARALLELISM=(true | false)
huggingface/tokenizers: The current process just got forked, after parallelism has already been used. Disabling parallelism to avoid deadlocks...
To disable this warning, you can either:
	- Avoid using `tokenizers` before the fork if possible
	- Explicitly set the environment variable TOKENIZERS_PARALLELISM=(true | false)
huggingface/tokenizers: The current process just got forked, after parallelism has already been used. Disabling parallelism to avoid deadlocks...
To disable this warning, you can either:
	- Avoid using `tokenizers` before the fork if possible
	- Explicitly set the environment variable TOKENIZERS_PARALLELISM=(true | false)
huggingface/tokenizers: The current process just got forked, after parallelism has already been used. Disabling parallelism to avoid deadlocks...
To disable this warning, you can either:
	- Avoid using `tokenizers` before the fork if possible
	- Explicitly set the environment variable TOKENIZERS_PARALLELISM=(true | false)
{'loss': 0.1831, 'learning_rate': 1e-05, 'epoch': 1.0}
Best threshold: 0.5999999999999999
                       precision    recall  f1-score   support

label_identity_attack       0.53      0.47      0.50       269
         label_insult       0.70      0.77      0.74      1580
        label_obscene       0.72      0.85      0.78      1690
label_severe_toxicity       0.40      0.61      0.48       296
         label_threat       0.75      0.28      0.40        87
       label_toxicity       0.83      0.78      0.80      3005

            micro avg       0.73      0.77      0.75      6927
            macro avg       0.66      0.63      0.62      6927
         weighted avg       0.74      0.77      0.75      6927
          samples avg       0.06      0.07      0.06      6927

{'eval_loss': 0.154254749417305, 'eval_f1': 0.7492957746478872, 'eval_f1_macro': 0.616975555320507, 'eval_precision': 0.7314725697786333, 'eval_recall': 0.7680092392088927, 'eval_roc_auc': 0.8787137433183002, 'eval_accuracy': 0.9185649381168729, 'eval_hamming loss': 0.018591049140947308, 'eval_runtime': 803.5954, 'eval_samples_per_second': 39.715, 'eval_steps_per_second': 1.242, 'epoch': 1.0}
{'loss': 0.1231, 'learning_rate': 0.0, 'epoch': 2.0}
Best threshold: 0.44999999999999996
                       precision    recall  f1-score   support

label_identity_attack       0.49      0.55      0.51       269
         label_insult       0.71      0.80      0.75      1580
        label_obscene       0.75      0.85      0.80      1690
label_severe_toxicity       0.40      0.65      0.49       296
         label_threat       0.53      0.56      0.54        87
       label_toxicity       0.80      0.82      0.81      3005

            micro avg       0.72      0.80      0.76      6927
            macro avg       0.61      0.70      0.65      6927
         weighted avg       0.73      0.80      0.77      6927
          samples avg       0.07      0.07      0.07      6927

{'eval_loss': 0.14822407066822052, 'eval_f1': 0.7614282777054349, 'eval_f1_macro': 0.651182603279464, 'eval_precision': 0.7248173277661796, 'eval_recall': 0.8019344593619171, 'eval_roc_auc': 0.8952537334764106, 'eval_accuracy': 0.9196616011279962, 'eval_hamming loss': 0.018178494960572354, 'eval_runtime': 802.9256, 'eval_samples_per_second': 39.748, 'eval_steps_per_second': 1.243, 'epoch': 2.0}
{'train_runtime': 15452.1125, 'train_samples_per_second': 16.523, 'train_steps_per_second': 2.065, 'train_loss': 0.15309900316206249, 'epoch': 2.0}
Best threshold: 0.5499999999999999
                       precision    recall  f1-score   support

label_identity_attack       0.61      0.61      0.61       712
         label_insult       0.65      0.74      0.69      3427
        label_obscene       0.61      0.81      0.70      3691
label_severe_toxicity       0.31      0.70      0.43       367
         label_threat       0.51      0.64      0.57       211
       label_toxicity       0.55      0.88      0.68      6090

            micro avg       0.58      0.81      0.67     14498
            macro avg       0.54      0.73      0.61     14498
         weighted avg       0.59      0.81      0.68     14498
          samples avg       0.07      0.08      0.07     14498

metrics not loaded to comet-ml
huggingface/tokenizers: The current process just got forked, after parallelism has already been used. Disabling parallelism to avoid deadlocks...
To disable this warning, you can either:
	- Avoid using `tokenizers` before the fork if possible
	- Explicitly set the environment variable TOKENIZERS_PARALLELISM=(true | false)
huggingface/tokenizers: The current process just got forked, after parallelism has already been used. Disabling parallelism to avoid deadlocks...
To disable this warning, you can either:
	- Avoid using `tokenizers` before the fork if possible
	- Explicitly set the environment variable TOKENIZERS_PARALLELISM=(true | false)
{'epoch': 2.0,
 'eval_accuracy': 0.8746287786426584,
 'eval_f1': 0.6730945821854911,
 'eval_f1_macro': 0.612300894951481,
 'eval_hamming loss': 0.02967686809007263,
 'eval_loss': 0.1554170697927475,
 'eval_precision': 0.5763144963144963,
 'eval_recall': 0.8089391640226238,
 'eval_roc_auc': 0.8927983580353529,
 'eval_runtime': 1632.8954,
 'eval_samples_per_second': 39.181,
 'eval_steps_per_second': 1.225}
F1: 0.6730945821854911
Best threshold: 0.5499999999999999
                       precision    recall  f1-score   support

label_identity_attack       0.61      0.61      0.61       712
         label_insult       0.65      0.74      0.69      3427
        label_obscene       0.61      0.81      0.70      3691
label_severe_toxicity       0.31      0.70      0.43       367
         label_threat       0.51      0.64      0.57       211
       label_toxicity       0.55      0.88      0.68      6090

            micro avg       0.58      0.81      0.67     14498
            macro avg       0.54      0.73      0.61     14498
         weighted avg       0.59      0.81      0.68     14498
          samples avg       0.07      0.08      0.07     14498

Best threshold: 0.3
                       precision    recall  f1-score   support

label_identity_attack       0.55      0.69      0.61       712
         label_insult       0.58      0.81      0.67      3427
        label_obscene       0.54      0.87      0.67      3691
label_severe_toxicity       0.23      0.79      0.36       367
         label_threat       0.47      0.69      0.56       211
       label_toxicity       0.51      0.91      0.66      6090

            micro avg       0.52      0.86      0.65     14498
            macro avg       0.48      0.79      0.59     14498
         weighted avg       0.53      0.86      0.65     14498
          samples avg       0.07      0.08      0.07     14498

{0: 'label_identity_attack', 1: 'label_insult', 2: 'label_obscene', 3: 'label_severe_toxicity', 4: 'label_threat', 5: 'label_toxicity'}
63978 63978 63978
