Namespace(model='models/finbert-large-deepl', data='data/test_fi_deepl.jsonl', tokenizer='TurkuNLP/bert-base-finnish-cased-v1', filename='test.tsv')
                                                text  ...              labels
0  Persujen mamu-puputus kyllästyttää  mutta mamu...  ...  [0, 0, 0, 0, 0, 1]
1  Suvakit ja hyysärit haluaa saada lapset omaan ...  ...  [0, 0, 0, 0, 0, 1]
2  VIELÄ YKSI ASIA! NÄMÄ EI OLE HENKILÖVAALIT,VAA...  ...  [0, 0, 0, 0, 0, 0]
3  Halosen aikana on lapsiin ja naisiin kohdistun...  ...  [0, 0, 0, 0, 0, 1]
4  Byää! Byää! Jos tulee vammoja, byää! Saatanan ...  ...  [0, 0, 0, 0, 0, 1]

[5 rows x 3 columns]
Best threshold: 0.3
[[0. 0. 0. 0. 0. 1.]
 [0. 0. 0. 0. 0. 1.]
 [0. 0. 0. 0. 0. 0.]
 ...
 [0. 0. 0. 0. 0. 0.]
 [0. 0. 0. 0. 0. 0.]
 [0. 0. 0. 0. 0. 0.]]
[[0 0 0 0 0 1]
 [0 0 0 0 0 1]
 [0 0 0 0 0 0]
 [0 0 0 0 0 1]
 [0 0 0 0 0 1]]
[[0. 0. 0. 0. 0. 1.]
 [0. 0. 0. 0. 0. 1.]
 [0. 0. 0. 0. 0. 0.]
 [0. 0. 0. 0. 0. 1.]
 [0. 0. 0. 0. 0. 1.]]
                       precision    recall  f1-score   support

label_identity_attack       1.00      0.40      0.57       131
         label_insult       1.00      0.52      0.68       141
        label_obscene       1.00      0.88      0.93       170
label_severe_toxicity       1.00      0.44      0.61        25
         label_threat       1.00      0.40      0.57        40
       label_toxicity       1.00      0.83      0.91       158

            micro avg       1.00      0.65      0.79       665
            macro avg       1.00      0.58      0.71       665
         weighted avg       1.00      0.65      0.77       665
          samples avg       0.19      0.19      0.19       665

huggingface/tokenizers: The current process just got forked, after parallelism has already been used. Disabling parallelism to avoid deadlocks...
To disable this warning, you can either:
	- Avoid using `tokenizers` before the fork if possible
	- Explicitly set the environment variable TOKENIZERS_PARALLELISM=(true | false)
huggingface/tokenizers: The current process just got forked, after parallelism has already been used. Disabling parallelism to avoid deadlocks...
To disable this warning, you can either:
	- Avoid using `tokenizers` before the fork if possible
	- Explicitly set the environment variable TOKENIZERS_PARALLELISM=(true | false)
huggingface/tokenizers: The current process just got forked, after parallelism has already been used. Disabling parallelism to avoid deadlocks...
To disable this warning, you can either:
	- Avoid using `tokenizers` before the fork if possible
	- Explicitly set the environment variable TOKENIZERS_PARALLELISM=(true | false)
huggingface/tokenizers: The current process just got forked, after parallelism has already been used. Disabling parallelism to avoid deadlocks...
To disable this warning, you can either:
	- Avoid using `tokenizers` before the fork if possible
	- Explicitly set the environment variable TOKENIZERS_PARALLELISM=(true | false)
huggingface/tokenizers: The current process just got forked, after parallelism has already been used. Disabling parallelism to avoid deadlocks...
To disable this warning, you can either:
	- Avoid using `tokenizers` before the fork if possible
	- Explicitly set the environment variable TOKENIZERS_PARALLELISM=(true | false)
huggingface/tokenizers: The current process just got forked, after parallelism has already been used. Disabling parallelism to avoid deadlocks...
To disable this warning, you can either:
	- Avoid using `tokenizers` before the fork if possible
	- Explicitly set the environment variable TOKENIZERS_PARALLELISM=(true | false)
huggingface/tokenizers: The current process just got forked, after parallelism has already been used. Disabling parallelism to avoid deadlocks...
To disable this warning, you can either:
	- Avoid using `tokenizers` before the fork if possible
	- Explicitly set the environment variable TOKENIZERS_PARALLELISM=(true | false)
huggingface/tokenizers: The current process just got forked, after parallelism has already been used. Disabling parallelism to avoid deadlocks...
To disable this warning, you can either:
	- Avoid using `tokenizers` before the fork if possible
	- Explicitly set the environment variable TOKENIZERS_PARALLELISM=(true | false)
huggingface/tokenizers: The current process just got forked, after parallelism has already been used. Disabling parallelism to avoid deadlocks...
To disable this warning, you can either:
	- Avoid using `tokenizers` before the fork if possible
	- Explicitly set the environment variable TOKENIZERS_PARALLELISM=(true | false)
{'eval_accuracy': 0.8965364120781527,
 'eval_f1': 0.7876025524156791,
 'eval_f1_macro': 0.7123053929305638,
 'eval_hamming loss': 0.017243931320307875,
 'eval_loss': 1.3107070922851562,
 'eval_macro_roc_auc': 0.7883551311354436,
 'eval_micro_roc_auc': 0.824812030075188,
 'eval_precision': 1.0,
 'eval_probs_roc_auc': 0.7003364227113725,
 'eval_recall': 0.649624060150376,
 'eval_runtime': 75.8569,
 'eval_samples_per_second': 29.687,
 'eval_steps_per_second': 3.718}
