START ti 7.2.2023 11.48.32 +0200
Namespace(model='models/good_finbert_based_model', data='data/test_fi_deepl.jsonl', tokenizer='TurkuNLP/bert-base-finnish-cased-v1', filename='testgoodfinbertfix.tsv', new_test=True, threshold=0.5)
                                                   text  ...                 labels
0     Persujen mamu-puputus kyllästyttää  mutta mamu...  ...  [0, 0, 0, 0, 0, 1, 0]
1     Suvakit ja hyysärit haluaa saada lapset omaan ...  ...  [0, 0, 0, 0, 0, 1, 0]
2     VIELÄ YKSI ASIA! NÄMÄ EI OLE HENKILÖVAALIT,VAA...  ...  [0, 0, 0, 0, 0, 0, 1]
3     Halosen aikana on lapsiin ja naisiin kohdistun...  ...  [0, 0, 0, 0, 0, 1, 0]
4     Byää! Byää! Jos tulee vammoja, byää! Saatanan ...  ...  [0, 0, 0, 0, 0, 1, 0]
...                                                 ...  ...                    ...
2255  Haista sinä vittu. Ryssähän se tänne on koko a...  ...  [0, 0, 0, 0, 0, 0, 1]
2256  Äsen Ylen uutisissa: Lapin käräjäoikeus on hyl...  ...  [0, 0, 0, 0, 0, 0, 1]
2257  mä en jaksa enää sitä haukkumista,perkele kun ...  ...  [0, 0, 0, 0, 0, 0, 1]
2258  Ei ainakaan Chrome tyrkytä. Se aina kysyy että...  ...  [0, 0, 0, 0, 0, 0, 1]
2259  Eihän noi ole ku paskapentuja 1 kaljan jälkeen...  ...  [0, 0, 0, 0, 1, 0, 0]

[2260 rows x 3 columns]
Dataset({
    features: ['text', 'id', 'labels'],
    num_rows: 2260
})
before change
[[0. 0. 0. 0. 0. 1. 0.]
 [0. 0. 0. 0. 0. 0. 0.]
 [0. 0. 0. 0. 0. 0. 1.]
 [0. 0. 0. 0. 0. 1. 0.]
 [1. 1. 1. 0. 0. 1. 0.]
 [0. 0. 0. 0. 0. 0. 1.]
 [0. 0. 0. 0. 0. 1. 0.]
 [0. 0. 0. 0. 0. 1. 0.]
 [0. 0. 0. 0. 0. 1. 0.]
 [0. 0. 0. 0. 0. 0. 0.]
 [0. 0. 0. 0. 0. 0. 1.]
 [0. 0. 0. 0. 0. 0. 0.]
 [0. 0. 0. 0. 0. 0. 0.]
 [0. 1. 1. 0. 0. 1. 0.]
 [0. 0. 0. 0. 0. 1. 0.]
 [0. 0. 0. 0. 0. 0. 1.]
 [0. 0. 0. 0. 0. 0. 1.]
 [0. 0. 0. 0. 0. 1. 0.]
 [0. 0. 0. 0. 0. 0. 1.]
 [0. 0. 0. 0. 0. 1. 0.]
 [0. 0. 0. 0. 0. 0. 1.]
 [0. 0. 1. 0. 0. 1. 0.]
 [0. 0. 0. 0. 0. 0. 1.]
 [0. 0. 0. 0. 0. 1. 0.]
 [0. 0. 0. 0. 0. 1. 0.]
 [0. 0. 0. 0. 0. 0. 0.]
 [0. 0. 0. 0. 0. 0. 0.]
 [0. 0. 0. 0. 0. 1. 0.]
 [0. 0. 0. 0. 0. 0. 0.]
 [0. 0. 1. 0. 0. 1. 0.]]
tensor([[3.3179e-01, 5.7473e-02, 8.8422e-02, 3.9735e-03, 3.0139e-03, 8.0527e-01,
         4.6743e-02],
        [9.9903e-02, 2.0122e-02, 1.0501e-02, 1.5696e-03, 2.6113e-03, 4.3851e-01,
         2.3515e-01],
        [2.9656e-03, 6.9872e-03, 1.2759e-02, 1.1924e-03, 1.8767e-03, 1.5613e-01,
         6.1321e-01],
        [1.9189e-01, 9.2663e-02, 2.0223e-02, 2.1679e-03, 2.7403e-03, 7.2968e-01,
         5.9018e-02],
        [7.7994e-01, 9.3901e-01, 8.6069e-01, 1.1637e-01, 1.4544e-02, 9.8708e-01,
         1.3221e-03],
        [4.9249e-03, 1.0395e-02, 4.9005e-03, 3.3124e-04, 4.9234e-04, 9.0962e-02,
         7.0388e-01],
        [8.1537e-03, 6.0281e-02, 3.7090e-02, 3.3116e-03, 1.2209e-02, 7.1297e-01,
         7.2226e-02],
        [4.5061e-03, 4.0090e-02, 3.6305e-01, 2.0898e-03, 1.2395e-03, 7.0174e-01,
         5.4594e-02],
        [3.2188e-03, 3.4176e-02, 1.8139e-01, 2.6115e-03, 2.2924e-03, 6.3795e-01,
         1.0367e-01],
        [1.3110e-02, 3.8686e-02, 4.7749e-03, 6.2443e-04, 8.5153e-04, 2.7914e-01,
         4.1353e-01]])
[[0. 0. 0. ... 0. 1. 0.]
 [0. 0. 0. ... 0. 0. 0.]
 [0. 0. 0. ... 0. 0. 1.]
 ...
 [0. 1. 1. ... 0. 1. 0.]
 [0. 0. 0. ... 0. 0. 1.]
 [0. 0. 0. ... 1. 0. 0.]]
[array([0, 0, 0, 0, 0, 1]), array([0, 0, 0, 0, 0, 1]), array([0, 0, 0, 0, 0, 0]), array([0, 0, 0, 0, 0, 1]), array([0, 0, 0, 0, 0, 1]), array([0, 0, 0, 0, 0, 1]), array([0, 0, 0, 0, 0, 1]), array([0, 0, 0, 0, 0, 1]), array([0, 0, 0, 0, 0, 0]), array([0, 0, 0, 0, 0, 1]), array([0, 0, 0, 0, 0, 1]), array([0, 0, 0, 0, 0, 0]), array([0, 0, 0, 0, 0, 1]), array([0, 0, 0, 0, 0, 1]), array([0, 0, 0, 0, 0, 1]), array([0, 0, 0, 0, 0, 1]), array([0, 0, 0, 0, 0, 0]), array([0, 0, 0, 0, 0, 1]), array([0, 0, 0, 0, 0, 0]), array([0, 0, 0, 0, 0, 1]), array([0, 0, 0, 0, 0, 1]), array([0, 0, 0, 0, 0, 1]), array([0, 0, 0, 0, 0, 0]), array([0, 0, 0, 0, 0, 1]), array([0, 0, 0, 0, 0, 1]), array([0, 0, 0, 0, 0, 1]), array([0, 0, 0, 0, 0, 1]), array([0, 0, 0, 0, 0, 1]), array([0, 0, 0, 0, 0, 1]), array([0, 0, 0, 0, 0, 1])]
[array([0, 0, 0, 0, 0, 1]), array([0, 0, 0, 0, 0, 1]), array([0, 0, 0, 0, 0, 0]), array([0, 0, 0, 0, 0, 1]), array([0, 0, 0, 0, 0, 1]), array([0, 0, 0, 0, 0, 1]), array([0, 0, 0, 0, 0, 1]), array([0, 0, 0, 0, 0, 1]), array([0, 0, 0, 0, 0, 0]), array([0, 0, 0, 0, 0, 1]), array([0, 0, 0, 0, 0, 1]), array([0, 0, 0, 0, 0, 0]), array([0, 0, 0, 0, 0, 1]), array([0, 0, 0, 0, 0, 1]), array([0, 0, 0, 0, 0, 1]), array([0, 0, 0, 0, 0, 1]), array([0, 0, 0, 0, 0, 0]), array([0, 0, 0, 0, 0, 1]), array([0, 0, 0, 0, 0, 0]), array([0, 0, 0, 0, 0, 1]), array([0, 0, 0, 0, 0, 1]), array([0, 0, 0, 0, 0, 1]), array([0, 0, 0, 0, 0, 0]), array([0, 0, 0, 0, 0, 1]), array([0, 0, 0, 0, 0, 1]), array([0, 0, 0, 0, 0, 1]), array([0, 0, 0, 0, 0, 1]), array([0, 0, 0, 0, 0, 1]), array([0, 0, 0, 0, 0, 1]), array([0, 0, 0, 0, 0, 1])]
[array([0., 0., 0., 0., 0., 1.]), array([0., 0., 0., 0., 0., 0.]), array([0., 0., 0., 0., 0., 0.]), array([0., 0., 0., 0., 0., 1.]), array([0., 0., 0., 0., 0., 1.]), array([0., 0., 0., 0., 0., 0.]), array([0., 0., 0., 0., 0., 1.]), array([0., 0., 0., 0., 0., 1.]), array([0., 0., 0., 0., 0., 1.]), array([0., 0., 0., 0., 0., 0.]), array([0., 0., 0., 0., 0., 0.]), array([0., 0., 0., 0., 0., 0.]), array([0., 0., 0., 0., 0., 0.]), array([0., 0., 0., 0., 0., 1.]), array([0., 0., 0., 0., 0., 1.]), array([0., 0., 0., 0., 0., 0.]), array([0., 0., 0., 0., 0., 0.]), array([0., 0., 0., 0., 0., 1.]), array([0., 0., 0., 0., 0., 0.]), array([0., 0., 0., 0., 0., 1.]), array([0., 0., 0., 0., 0., 0.]), array([0., 0., 0., 0., 0., 1.]), array([0., 0., 0., 0., 0., 0.]), array([0., 0., 0., 0., 0., 1.]), array([0., 0., 0., 0., 0., 1.]), array([0., 0., 0., 0., 0., 0.]), array([0., 0., 0., 0., 0., 0.]), array([0., 0., 0., 0., 0., 1.]), array([0., 0., 0., 0., 0., 0.]), array([0., 0., 0., 0., 0., 1.])]
                       precision    recall  f1-score   support

label_identity_attack       0.28      0.56      0.37       131
         label_insult       0.14      0.55      0.22       145
        label_obscene       0.16      0.62      0.25       170
label_severe_toxicity       0.08      0.36      0.13        25
         label_threat       0.27      0.53      0.35        40
       label_toxicity       0.09      0.68      0.16       158

            micro avg       0.14      0.59      0.22       669
            macro avg       0.17      0.55      0.25       669
         weighted avg       0.16      0.59      0.25       669
          samples avg       0.17      0.17      0.17       669

huggingface/tokenizers: The current process just got forked, after parallelism has already been used. Disabling parallelism to avoid deadlocks...
To disable this warning, you can either:
	- Avoid using `tokenizers` before the fork if possible
	- Explicitly set the environment variable TOKENIZERS_PARALLELISM=(true | false)
huggingface/tokenizers: The current process just got forked, after parallelism has already been used. Disabling parallelism to avoid deadlocks...
To disable this warning, you can either:
	- Avoid using `tokenizers` before the fork if possible
	- Explicitly set the environment variable TOKENIZERS_PARALLELISM=(true | false)
huggingface/tokenizers: The current process just got forked, after parallelism has already been used. Disabling parallelism to avoid deadlocks...
To disable this warning, you can either:
	- Avoid using `tokenizers` before the fork if possible
	- Explicitly set the environment variable TOKENIZERS_PARALLELISM=(true | false)
huggingface/tokenizers: The current process just got forked, after parallelism has already been used. Disabling parallelism to avoid deadlocks...
To disable this warning, you can either:
	- Avoid using `tokenizers` before the fork if possible
	- Explicitly set the environment variable TOKENIZERS_PARALLELISM=(true | false)
huggingface/tokenizers: The current process just got forked, after parallelism has already been used. Disabling parallelism to avoid deadlocks...
To disable this warning, you can either:
	- Avoid using `tokenizers` before the fork if possible
	- Explicitly set the environment variable TOKENIZERS_PARALLELISM=(true | false)
huggingface/tokenizers: The current process just got forked, after parallelism has already been used. Disabling parallelism to avoid deadlocks...
To disable this warning, you can either:
	- Avoid using `tokenizers` before the fork if possible
	- Explicitly set the environment variable TOKENIZERS_PARALLELISM=(true | false)
huggingface/tokenizers: The current process just got forked, after parallelism has already been used. Disabling parallelism to avoid deadlocks...
To disable this warning, you can either:
	- Avoid using `tokenizers` before the fork if possible
	- Explicitly set the environment variable TOKENIZERS_PARALLELISM=(true | false)
huggingface/tokenizers: The current process just got forked, after parallelism has already been used. Disabling parallelism to avoid deadlocks...
To disable this warning, you can either:
	- Avoid using `tokenizers` before the fork if possible
	- Explicitly set the environment variable TOKENIZERS_PARALLELISM=(true | false)
huggingface/tokenizers: The current process just got forked, after parallelism has already been used. Disabling parallelism to avoid deadlocks...
To disable this warning, you can either:
	- Avoid using `tokenizers` before the fork if possible
	- Explicitly set the environment variable TOKENIZERS_PARALLELISM=(true | false)
{'eval_accuracy': 0.37079646017699114,
 'eval_f1': 0.22122654718566223,
 'eval_f1_macro': 0.2469020805096176,
 'eval_hamming loss': 0.20508849557522124,
 'eval_loss': 1.118625283241272,
 'eval_macro_roc_auc': 0.6751476891841616,
 'eval_micro_roc_auc': 0.6979783580368407,
 'eval_precision': 0.1361130254996554,
 'eval_probs_roc_auc': 1.0,
 'eval_recall': 0.5904334828101644,
 'eval_runtime': 27.0472,
 'eval_samples_per_second': 83.558,
 'eval_steps_per_second': 10.463}
before change
[[0. 0. 0. 0. 0. 1. 0.]
 [0. 0. 0. 0. 0. 0. 0.]
 [0. 0. 0. 0. 0. 0. 1.]
 [0. 0. 0. 0. 0. 1. 0.]
 [1. 1. 1. 0. 0. 1. 0.]
 [0. 0. 0. 0. 0. 0. 1.]
 [0. 0. 0. 0. 0. 1. 0.]
 [0. 0. 0. 0. 0. 1. 0.]
 [0. 0. 0. 0. 0. 1. 0.]
 [0. 0. 0. 0. 0. 0. 0.]
 [0. 0. 0. 0. 0. 0. 1.]
 [0. 0. 0. 0. 0. 0. 0.]
 [0. 0. 0. 0. 0. 0. 0.]
 [0. 1. 1. 0. 0. 1. 0.]
 [0. 0. 0. 0. 0. 1. 0.]
 [0. 0. 0. 0. 0. 0. 1.]
 [0. 0. 0. 0. 0. 0. 1.]
 [0. 0. 0. 0. 0. 1. 0.]
 [0. 0. 0. 0. 0. 0. 1.]
 [0. 0. 0. 0. 0. 1. 0.]
 [0. 0. 0. 0. 0. 0. 1.]
 [0. 0. 1. 0. 0. 1. 0.]
 [0. 0. 0. 0. 0. 0. 1.]
 [0. 0. 0. 0. 0. 1. 0.]
 [0. 0. 0. 0. 0. 1. 0.]
 [0. 0. 0. 0. 0. 0. 0.]
 [0. 0. 0. 0. 0. 0. 0.]
 [0. 0. 0. 0. 0. 1. 0.]
 [0. 0. 0. 0. 0. 0. 0.]
 [0. 0. 1. 0. 0. 1. 0.]]
tensor([[3.3179e-01, 5.7473e-02, 8.8422e-02, 3.9735e-03, 3.0139e-03, 8.0527e-01,
         4.6743e-02],
        [9.9903e-02, 2.0122e-02, 1.0501e-02, 1.5696e-03, 2.6113e-03, 4.3851e-01,
         2.3515e-01],
        [2.9656e-03, 6.9872e-03, 1.2759e-02, 1.1924e-03, 1.8767e-03, 1.5613e-01,
         6.1321e-01],
        [1.9189e-01, 9.2663e-02, 2.0223e-02, 2.1679e-03, 2.7403e-03, 7.2968e-01,
         5.9018e-02],
        [7.7994e-01, 9.3901e-01, 8.6069e-01, 1.1637e-01, 1.4544e-02, 9.8708e-01,
         1.3221e-03],
        [4.9249e-03, 1.0395e-02, 4.9005e-03, 3.3124e-04, 4.9234e-04, 9.0962e-02,
         7.0388e-01],
        [8.1537e-03, 6.0281e-02, 3.7090e-02, 3.3116e-03, 1.2209e-02, 7.1297e-01,
         7.2226e-02],
        [4.5061e-03, 4.0090e-02, 3.6305e-01, 2.0898e-03, 1.2395e-03, 7.0174e-01,
         5.4594e-02],
        [3.2188e-03, 3.4176e-02, 1.8139e-01, 2.6115e-03, 2.2924e-03, 6.3795e-01,
         1.0367e-01],
        [1.3110e-02, 3.8686e-02, 4.7749e-03, 6.2443e-04, 8.5153e-04, 2.7914e-01,
         4.1353e-01]])
[[0. 0. 0. ... 0. 1. 0.]
 [0. 0. 0. ... 0. 0. 0.]
 [0. 0. 0. ... 0. 0. 1.]
 ...
 [0. 1. 1. ... 0. 1. 0.]
 [0. 0. 0. ... 0. 0. 1.]
 [0. 0. 0. ... 1. 0. 0.]]
[array([0, 0, 0, 0, 0, 1]), array([0, 0, 0, 0, 0, 1]), array([0, 0, 0, 0, 0, 0]), array([0, 0, 0, 0, 0, 1]), array([0, 0, 0, 0, 0, 1]), array([0, 0, 0, 0, 0, 1]), array([0, 0, 0, 0, 0, 1]), array([0, 0, 0, 0, 0, 1]), array([0, 0, 0, 0, 0, 0]), array([0, 0, 0, 0, 0, 1]), array([0, 0, 0, 0, 0, 1]), array([0, 0, 0, 0, 0, 0]), array([0, 0, 0, 0, 0, 1]), array([0, 0, 0, 0, 0, 1]), array([0, 0, 0, 0, 0, 1]), array([0, 0, 0, 0, 0, 1]), array([0, 0, 0, 0, 0, 0]), array([0, 0, 0, 0, 0, 1]), array([0, 0, 0, 0, 0, 0]), array([0, 0, 0, 0, 0, 1]), array([0, 0, 0, 0, 0, 1]), array([0, 0, 0, 0, 0, 1]), array([0, 0, 0, 0, 0, 0]), array([0, 0, 0, 0, 0, 1]), array([0, 0, 0, 0, 0, 1]), array([0, 0, 0, 0, 0, 1]), array([0, 0, 0, 0, 0, 1]), array([0, 0, 0, 0, 0, 1]), array([0, 0, 0, 0, 0, 1]), array([0, 0, 0, 0, 0, 1])]
[array([0, 0, 0, 0, 0, 1]), array([0, 0, 0, 0, 0, 1]), array([0, 0, 0, 0, 0, 0]), array([0, 0, 0, 0, 0, 1]), array([0, 0, 0, 0, 0, 1]), array([0, 0, 0, 0, 0, 1]), array([0, 0, 0, 0, 0, 1]), array([0, 0, 0, 0, 0, 1]), array([0, 0, 0, 0, 0, 0]), array([0, 0, 0, 0, 0, 1]), array([0, 0, 0, 0, 0, 1]), array([0, 0, 0, 0, 0, 0]), array([0, 0, 0, 0, 0, 1]), array([0, 0, 0, 0, 0, 1]), array([0, 0, 0, 0, 0, 1]), array([0, 0, 0, 0, 0, 1]), array([0, 0, 0, 0, 0, 0]), array([0, 0, 0, 0, 0, 1]), array([0, 0, 0, 0, 0, 0]), array([0, 0, 0, 0, 0, 1]), array([0, 0, 0, 0, 0, 1]), array([0, 0, 0, 0, 0, 1]), array([0, 0, 0, 0, 0, 0]), array([0, 0, 0, 0, 0, 1]), array([0, 0, 0, 0, 0, 1]), array([0, 0, 0, 0, 0, 1]), array([0, 0, 0, 0, 0, 1]), array([0, 0, 0, 0, 0, 1]), array([0, 0, 0, 0, 0, 1]), array([0, 0, 0, 0, 0, 1])]
[array([0., 0., 0., 0., 0., 1.]), array([0., 0., 0., 0., 0., 0.]), array([0., 0., 0., 0., 0., 0.]), array([0., 0., 0., 0., 0., 1.]), array([0., 0., 0., 0., 0., 1.]), array([0., 0., 0., 0., 0., 0.]), array([0., 0., 0., 0., 0., 1.]), array([0., 0., 0., 0., 0., 1.]), array([0., 0., 0., 0., 0., 1.]), array([0., 0., 0., 0., 0., 0.]), array([0., 0., 0., 0., 0., 0.]), array([0., 0., 0., 0., 0., 0.]), array([0., 0., 0., 0., 0., 0.]), array([0., 0., 0., 0., 0., 1.]), array([0., 0., 0., 0., 0., 1.]), array([0., 0., 0., 0., 0., 0.]), array([0., 0., 0., 0., 0., 0.]), array([0., 0., 0., 0., 0., 1.]), array([0., 0., 0., 0., 0., 0.]), array([0., 0., 0., 0., 0., 1.]), array([0., 0., 0., 0., 0., 0.]), array([0., 0., 0., 0., 0., 1.]), array([0., 0., 0., 0., 0., 0.]), array([0., 0., 0., 0., 0., 1.]), array([0., 0., 0., 0., 0., 1.]), array([0., 0., 0., 0., 0., 0.]), array([0., 0., 0., 0., 0., 0.]), array([0., 0., 0., 0., 0., 1.]), array([0., 0., 0., 0., 0., 0.]), array([0., 0., 0., 0., 0., 1.])]
                       precision    recall  f1-score   support

label_identity_attack       0.28      0.56      0.37       131
         label_insult       0.14      0.55      0.22       145
        label_obscene       0.16      0.62      0.25       170
label_severe_toxicity       0.08      0.36      0.13        25
         label_threat       0.27      0.53      0.35        40
       label_toxicity       0.09      0.68      0.16       158

            micro avg       0.14      0.59      0.22       669
            macro avg       0.17      0.55      0.25       669
         weighted avg       0.16      0.59      0.25       669
          samples avg       0.17      0.17      0.17       669

[[-0.7001025  -2.7972488  -2.3330586  -5.5241294  -5.801499    1.4195578
  -3.0152137 ]
 [-2.1982987  -3.8856387  -4.5456915  -6.4553475  -5.9452953  -0.24720658
  -1.1794487 ]
 [-5.817723   -4.956667   -4.348669   -6.730557   -6.276357   -1.6872939
   0.46082985]
 [-1.4377443  -2.2815418  -3.8805296  -6.131844   -5.8969326   0.99298227
  -2.7690744 ]
 [ 1.2653177   2.7340662   1.8210615  -2.0272896  -4.215947    4.336047
  -6.6271753 ]
 [-5.308517   -4.55602    -5.3135114  -8.0123415  -7.6158395  -2.301942
   0.86586154]
 [-4.8011003  -2.7465634  -3.2566037  -5.7069917  -4.393291    0.90983987
  -2.5529926 ]
 [-5.3978086  -3.1756997  -0.5621619  -6.1686063  -6.6918097   0.8555879
  -2.8517    ]
 [-5.735529   -3.3414493  -1.5069536  -5.94522    -6.0758753   0.5664735
  -2.1570816 ]
 [-4.3211937  -3.2128117  -5.3395886  -7.3780518  -7.0676274  -0.94874907
  -0.34937426]]
before change
[[0. 1. 1. 0. 0. 1. 0.]
 [0. 0. 1. 0. 0. 1. 0.]
 [0. 1. 1. 1. 1. 1. 0.]
 [0. 1. 1. 0. 0. 1. 0.]
 [0. 0. 1. 0. 0. 1. 0.]
 [0. 0. 0. 0. 0. 1. 0.]
 [0. 0. 0. 0. 1. 1. 0.]
 [1. 0. 0. 0. 0. 1. 0.]
 [0. 0. 0. 0. 0. 0. 1.]
 [1. 0. 0. 0. 0. 1. 0.]
 [0. 1. 1. 1. 0. 1. 0.]
 [0. 1. 1. 0. 0. 1. 0.]
 [0. 1. 1. 1. 1. 1. 0.]
 [0. 0. 1. 0. 0. 1. 0.]
 [0. 1. 1. 1. 0. 1. 0.]
 [0. 0. 0. 0. 0. 0. 1.]
 [1. 1. 1. 0. 0. 1. 0.]
 [0. 0. 1. 0. 0. 1. 0.]
 [1. 0. 0. 0. 0. 1. 0.]
 [0. 0. 0. 0. 0. 1. 0.]
 [1. 1. 1. 0. 0. 1. 0.]
 [0. 0. 0. 0. 1. 1. 0.]
 [0. 0. 1. 0. 0. 1. 0.]
 [1. 1. 1. 0. 0. 1. 0.]
 [1. 1. 1. 1. 1. 1. 0.]
 [0. 0. 0. 0. 0. 1. 0.]
 [0. 1. 1. 0. 0. 1. 0.]
 [0. 1. 1. 0. 0. 1. 0.]
 [1. 0. 0. 0. 0. 1. 0.]
 [0. 0. 0. 0. 0. 0. 1.]
 [0. 0. 0. 0. 0. 1. 0.]
 [1. 1. 1. 0. 0. 1. 0.]
 [1. 1. 1. 0. 0. 1. 0.]
 [1. 1. 1. 0. 1. 1. 0.]
 [1. 1. 1. 1. 0. 1. 0.]
 [0. 0. 0. 0. 0. 0. 1.]
 [0. 1. 0. 0. 1. 1. 0.]
 [0. 0. 1. 0. 0. 1. 0.]
 [1. 1. 1. 0. 0. 1. 0.]
 [0. 0. 0. 0. 1. 1. 0.]
 [0. 0. 0. 0. 0. 0. 1.]
 [0. 1. 1. 0. 0. 1. 0.]
 [0. 0. 0. 0. 1. 1. 0.]
 [0. 0. 0. 0. 0. 1. 0.]
 [1. 1. 0. 0. 0. 1. 0.]
 [0. 0. 0. 0. 0. 1. 0.]
 [0. 0. 0. 0. 0. 0. 1.]
 [1. 1. 1. 0. 0. 1. 0.]
 [0. 1. 1. 0. 0. 1. 0.]
 [0. 1. 1. 0. 0. 1. 0.]]
tensor([[4.2303e-02, 9.3452e-01, 8.1187e-01, 6.8615e-02, 3.2691e-02, 9.8453e-01,
         1.8209e-03],
        [3.4362e-02, 4.3293e-01, 6.5843e-01, 6.6862e-02, 1.4092e-02, 9.7472e-01,
         3.9962e-03],
        [1.1475e-01, 9.2863e-01, 9.5213e-01, 8.0341e-01, 9.9130e-01, 9.9551e-01,
         2.6053e-03],
        [3.9563e-02, 6.4220e-01, 6.4375e-01, 6.3336e-02, 1.6468e-02, 9.7695e-01,
         2.6494e-03],
        [8.2408e-03, 4.3381e-01, 9.3451e-01, 8.8184e-02, 5.0000e-02, 9.8513e-01,
         2.9980e-03],
        [5.5943e-03, 1.2355e-01, 6.9199e-02, 5.3296e-03, 5.4591e-03, 7.7917e-01,
         6.4906e-02],
        [1.1635e-01, 2.3404e-01, 7.5531e-02, 5.4054e-02, 8.3438e-01, 9.6252e-01,
         2.1284e-02],
        [9.1785e-01, 2.7836e-01, 1.3179e-01, 1.8609e-02, 4.8078e-02, 9.3770e-01,
         1.3179e-02],
        [1.0833e-03, 1.6893e-03, 3.4694e-03, 2.2183e-04, 4.6679e-04, 1.8078e-02,
         9.2941e-01],
        [5.5940e-01, 2.4634e-01, 6.8781e-02, 3.6299e-02, 3.3624e-01, 9.5514e-01,
         1.4843e-02],
        [4.5464e-02, 9.7381e-01, 9.8997e-01, 5.5325e-01, 2.3568e-01, 9.9664e-01,
         9.6269e-04],
        [5.6011e-02, 9.2016e-01, 9.7194e-01, 2.0417e-01, 5.2439e-03, 9.8924e-01,
         1.2173e-03],
        [5.0784e-02, 8.6784e-01, 8.9668e-01, 5.0003e-01, 9.6779e-01, 9.9288e-01,
         3.0123e-03],
        [1.9744e-02, 3.2902e-01, 9.0634e-01, 9.1054e-02, 1.0380e-01, 9.8473e-01,
         2.8848e-03],
        [9.9600e-02, 9.5813e-01, 9.9596e-01, 9.8696e-01, 3.4581e-01, 9.9693e-01,
         2.3562e-03],
        [2.3792e-04, 3.2723e-04, 5.8614e-04, 1.7847e-04, 1.4849e-04, 8.4427e-04,
         9.9635e-01],
        [8.3974e-01, 7.2203e-01, 5.9935e-01, 6.2900e-02, 2.8089e-01, 9.8505e-01,
         2.8857e-03],
        [2.9288e-02, 2.8015e-01, 9.4457e-01, 3.4285e-01, 1.2721e-01, 9.8916e-01,
         3.1511e-03],
        [7.6913e-01, 1.7909e-01, 1.2019e-01, 8.1926e-03, 1.3973e-02, 9.0859e-01,
         1.8061e-02],
        [8.2737e-03, 2.7331e-02, 2.4901e-01, 1.0279e-02, 3.5572e-02, 8.4169e-01,
         4.7819e-02],
        [5.4686e-01, 5.9397e-01, 8.4800e-01, 6.4520e-02, 3.4420e-02, 9.8896e-01,
         1.4716e-03],
        [8.4491e-02, 8.5356e-02, 2.1535e-02, 1.4987e-02, 7.4461e-01, 8.5286e-01,
         7.5281e-02],
        [8.9226e-03, 1.2269e-01, 8.0366e-01, 1.9319e-02, 1.5068e-02, 9.4851e-01,
         8.4560e-03],
        [9.3649e-01, 8.5046e-01, 7.2124e-01, 7.9635e-02, 1.4857e-02, 9.7898e-01,
         2.3070e-03],
        [9.9298e-01, 9.8695e-01, 9.8837e-01, 9.2930e-01, 8.9313e-01, 9.9799e-01,
         1.7873e-03],
        [1.0049e-01, 1.0616e-01, 1.2155e-01, 4.3665e-02, 6.8827e-02, 9.4426e-01,
         1.8195e-02],
        [3.6058e-01, 9.4920e-01, 7.0796e-01, 2.5475e-01, 3.8721e-01, 9.9280e-01,
         1.7402e-03],
        [5.1380e-02, 5.4631e-01, 8.6995e-01, 2.3388e-01, 3.7032e-01, 9.9019e-01,
         1.9854e-03],
        [5.5997e-01, 6.7711e-02, 3.7866e-02, 7.5231e-03, 3.1479e-02, 8.5224e-01,
         4.0926e-02],
        [1.3898e-03, 6.4420e-03, 7.9744e-02, 4.1542e-04, 3.3353e-04, 9.2914e-02,
         6.5518e-01],
        [1.2769e-01, 1.6062e-01, 2.2456e-01, 3.7030e-02, 1.2301e-01, 9.7085e-01,
         8.9477e-03],
        [5.8604e-01, 9.1864e-01, 9.8371e-01, 2.3655e-01, 1.1443e-02, 9.9229e-01,
         1.2688e-03],
        [9.1437e-01, 9.1620e-01, 9.4379e-01, 4.6883e-01, 1.4493e-01, 9.9517e-01,
         1.2841e-03],
        [9.9506e-01, 9.3608e-01, 8.6664e-01, 4.2377e-01, 5.1450e-01, 9.9138e-01,
         4.0034e-03],
        [5.9571e-01, 9.4385e-01, 9.9330e-01, 5.7388e-01, 2.1733e-02, 9.9616e-01,
         1.0862e-03],
        [3.6667e-04, 7.2150e-04, 1.4760e-03, 1.3070e-04, 1.8019e-04, 3.8654e-03,
         9.8384e-01],
        [6.8299e-02, 5.1173e-01, 2.5678e-01, 2.0500e-01, 9.8562e-01, 9.7424e-01,
         1.7401e-02],
        [6.9645e-03, 1.1412e-01, 8.8309e-01, 2.4549e-02, 9.1102e-03, 9.5065e-01,
         8.4024e-03],
        [9.8630e-01, 9.6357e-01, 9.5148e-01, 2.7334e-01, 2.6225e-02, 9.8589e-01,
         2.7517e-03],
        [4.0722e-02, 1.7685e-01, 3.1262e-02, 2.5996e-02, 6.7496e-01, 9.2818e-01,
         4.0606e-02],
        [6.0488e-04, 2.2042e-03, 1.0841e-02, 1.7077e-04, 2.5802e-04, 2.1311e-02,
         8.9519e-01],
        [2.1061e-02, 8.7081e-01, 9.6339e-01, 7.1667e-02, 3.9339e-03, 9.8242e-01,
         1.6857e-03],
        [3.6281e-02, 9.6649e-02, 6.9301e-02, 8.0015e-02, 9.7469e-01, 8.9620e-01,
         7.8229e-02],
        [1.1799e-02, 6.6912e-02, 7.7487e-02, 1.5196e-02, 2.9245e-01, 8.7637e-01,
         4.1246e-02],
        [7.1874e-01, 9.1331e-01, 3.0641e-01, 2.8562e-02, 1.3271e-02, 9.7213e-01,
         4.0637e-03],
        [7.8841e-02, 1.3685e-01, 7.9511e-02, 4.8448e-02, 2.9040e-02, 8.4433e-01,
         4.7223e-02],
        [7.0697e-04, 1.4670e-03, 2.4211e-03, 1.6624e-04, 3.3895e-04, 9.9071e-03,
         9.5509e-01],
        [9.8730e-01, 8.3702e-01, 6.5770e-01, 1.3202e-01, 7.7139e-02, 9.8418e-01,
         5.3479e-03],
        [9.3201e-02, 8.2685e-01, 9.2227e-01, 2.3215e-01, 4.5401e-01, 9.9321e-01,
         1.4073e-03],
        [4.7215e-01, 9.2622e-01, 9.0178e-01, 1.3705e-01, 1.2919e-02, 9.9128e-01,
         9.8864e-04]])
[[0, 0, 0, 0, 0, 0], [0, 0, 0, 0, 0, 0], [0, 0, 0, 0, 0, 0], [0, 0, 0, 0, 0, 0], [0, 0, 0, 0, 1, 0], [0, 0, 0, 0, 0, 0], [0, 0, 0, 0, 1, 0], [0, 0, 0, 0, 0, 0], [0, 0, 0, 0, 0, 0], [0, 0, 0, 0, 0, 0], [0, 0, 0, 0, 0, 0], [0, 0, 0, 0, 0, 0], [0, 0, 0, 0, 0, 0], [0, 0, 0, 0, 0, 0], [0, 0, 0, 0, 0, 0], [0, 0, 0, 0, 0, 0], [0, 0, 0, 0, 0, 0], [0, 0, 0, 0, 0, 0], [0, 0, 0, 0, 0, 0], [0, 0, 0, 0, 0, 0], [0, 0, 0, 0, 0, 0], [0, 0, 0, 0, 1, 0], [0, 0, 0, 0, 0, 0], [0, 0, 0, 0, 0, 0], [0, 0, 0, 0, 1, 0], [0, 0, 0, 0, 0, 0], [0, 0, 0, 0, 0, 0], [0, 0, 0, 0, 0, 0], [0, 0, 0, 0, 0, 0], [0, 0, 0, 0, 0, 0], [0, 0, 0, 0, 0, 0], [0, 0, 0, 0, 0, 0], [0, 0, 0, 0, 0, 0], [0, 0, 0, 0, 1, 0], [0, 0, 0, 0, 0, 0], [0, 0, 0, 0, 0, 0], [0, 0, 0, 0, 0, 0], [0, 0, 0, 0, 0, 0], [0, 0, 0, 0, 0, 0], [0, 0, 0, 0, 0, 0], [0, 0, 0, 0, 0, 0], [0, 0, 0, 0, 0, 0], [0, 0, 0, 0, 0, 0], [0, 0, 0, 0, 0, 0], [0, 0, 0, 0, 0, 0], [0, 0, 0, 0, 0, 0], [0, 0, 0, 0, 0, 0], [0, 0, 0, 0, 0, 0], [0, 0, 0, 0, 0, 0], [0, 0, 0, 0, 1, 0]]
[array([0., 1., 1., 0., 0., 1.]), array([0., 0., 1., 0., 0., 1.]), array([0., 1., 1., 1., 1., 1.]), array([0., 1., 1., 0., 0., 1.]), array([0., 0., 1., 0., 0., 1.]), array([0., 0., 0., 0., 0., 1.]), array([0., 0., 0., 0., 1., 1.]), array([1., 0., 0., 0., 0., 1.]), array([0., 0., 0., 0., 0., 0.]), array([1., 0., 0., 0., 0., 1.]), array([0., 1., 1., 1., 0., 1.]), array([0., 1., 1., 0., 0., 1.]), array([0., 1., 1., 1., 1., 1.]), array([0., 0., 1., 0., 0., 1.]), array([0., 1., 1., 1., 0., 1.]), array([0., 0., 0., 0., 0., 0.]), array([1., 1., 1., 0., 0., 1.]), array([0., 0., 1., 0., 0., 1.]), array([1., 0., 0., 0., 0., 1.]), array([0., 0., 0., 0., 0., 1.]), array([1., 1., 1., 0., 0., 1.]), array([0., 0., 0., 0., 1., 1.]), array([0., 0., 1., 0., 0., 1.]), array([1., 1., 1., 0., 0., 1.]), array([1., 1., 1., 1., 1., 1.]), array([0., 0., 0., 0., 0., 1.]), array([0., 1., 1., 0., 0., 1.]), array([0., 1., 1., 0., 0., 1.]), array([1., 0., 0., 0., 0., 1.]), array([0., 0., 0., 0., 0., 0.]), array([0., 0., 0., 0., 0., 1.]), array([1., 1., 1., 0., 0., 1.]), array([1., 1., 1., 0., 0., 1.]), array([1., 1., 1., 0., 1., 1.]), array([1., 1., 1., 1., 0., 1.]), array([0., 0., 0., 0., 0., 0.]), array([0., 1., 0., 0., 1., 1.]), array([0., 0., 1., 0., 0., 1.]), array([1., 1., 1., 0., 0., 1.]), array([0., 0., 0., 0., 1., 1.]), array([0., 0., 0., 0., 0., 0.]), array([0., 1., 1., 0., 0., 1.]), array([0., 0., 0., 0., 1., 1.]), array([0., 0., 0., 0., 0., 1.]), array([1., 1., 0., 0., 0., 1.]), array([0., 0., 0., 0., 0., 1.]), array([0., 0., 0., 0., 0., 0.]), array([1., 1., 1., 0., 0., 1.]), array([0., 1., 1., 0., 0., 1.]), array([0., 1., 1., 0., 0., 1.])]
