START ti 7.2.2023 11.41.36 +0200
Namespace(model='models/multi-toxic-tr-optimized', data='data/test_fi_deepl.jsonl', tokenizer='TurkuNLP/bert-base-finnish-cased-v1', filename='testogmodel2.tsv', new_test=True, threshold=0.5)
                                                   text  ...                 labels
0     Persujen mamu-puputus kyllästyttää  mutta mamu...  ...  [0, 0, 0, 0, 0, 1, 0]
1     Suvakit ja hyysärit haluaa saada lapset omaan ...  ...  [0, 0, 0, 0, 0, 1, 0]
2     VIELÄ YKSI ASIA! NÄMÄ EI OLE HENKILÖVAALIT,VAA...  ...  [0, 0, 0, 0, 0, 0, 1]
3     Halosen aikana on lapsiin ja naisiin kohdistun...  ...  [0, 0, 0, 0, 0, 1, 0]
4     Byää! Byää! Jos tulee vammoja, byää! Saatanan ...  ...  [0, 0, 0, 0, 0, 1, 0]
...                                                 ...  ...                    ...
2255  Haista sinä vittu. Ryssähän se tänne on koko a...  ...  [0, 0, 0, 0, 0, 0, 1]
2256  Äsen Ylen uutisissa: Lapin käräjäoikeus on hyl...  ...  [0, 0, 0, 0, 0, 0, 1]
2257  mä en jaksa enää sitä haukkumista,perkele kun ...  ...  [0, 0, 0, 0, 0, 0, 1]
2258  Ei ainakaan Chrome tyrkytä. Se aina kysyy että...  ...  [0, 0, 0, 0, 0, 0, 1]
2259  Eihän noi ole ku paskapentuja 1 kaljan jälkeen...  ...  [0, 0, 0, 0, 1, 0, 0]

[2260 rows x 3 columns]
Dataset({
    features: ['text', 'id', 'labels'],
    num_rows: 2260
})
before change
[[0. 0. 0. 0. 0. 0. 0.]
 [0. 0. 0. 0. 0. 1. 0.]
 [0. 0. 0. 0. 0. 0. 0.]
 [0. 0. 0. 0. 0. 1. 0.]
 [0. 1. 1. 0. 0. 1. 0.]
 [0. 0. 0. 0. 0. 0. 1.]
 [0. 0. 0. 0. 0. 1. 0.]
 [0. 0. 0. 0. 0. 0. 0.]
 [0. 0. 0. 0. 0. 0. 0.]
 [0. 0. 0. 0. 0. 1. 0.]
 [0. 0. 0. 0. 0. 0. 0.]
 [0. 0. 0. 0. 0. 0. 0.]
 [0. 0. 0. 0. 0. 1. 0.]
 [0. 1. 1. 0. 0. 1. 0.]
 [0. 0. 0. 0. 0. 1. 0.]
 [0. 0. 0. 0. 0. 0. 0.]
 [0. 0. 0. 0. 0. 0. 1.]
 [0. 0. 0. 0. 0. 1. 0.]
 [0. 0. 0. 0. 0. 0. 1.]
 [0. 1. 1. 0. 0. 1. 0.]
 [0. 0. 0. 0. 0. 0. 0.]
 [0. 0. 1. 0. 0. 1. 0.]
 [0. 0. 0. 0. 0. 1. 0.]
 [0. 0. 0. 0. 0. 0. 0.]
 [0. 0. 0. 0. 0. 0. 1.]
 [0. 0. 0. 0. 0. 1. 0.]
 [0. 0. 0. 0. 0. 0. 0.]
 [0. 0. 0. 0. 0. 1. 0.]
 [0. 0. 0. 0. 0. 1. 0.]
 [0. 0. 1. 0. 0. 1. 0.]]
tensor([[4.2977e-02, 1.7197e-02, 2.3321e-02, 7.1981e-04, 2.0047e-03, 1.7958e-01,
         4.8201e-01],
        [2.3566e-01, 1.0966e-01, 2.3579e-02, 2.0906e-03, 3.5504e-03, 6.8944e-01,
         8.2383e-02],
        [1.6424e-02, 2.6459e-02, 2.0242e-02, 4.5068e-03, 1.9947e-02, 3.1808e-01,
         2.8351e-01],
        [9.7495e-02, 1.3056e-01, 3.0897e-02, 2.0133e-03, 4.0623e-03, 6.6862e-01,
         7.6762e-02],
        [3.8586e-01, 9.4728e-01, 9.6140e-01, 3.9758e-01, 1.5014e-01, 9.9311e-01,
         8.6799e-04],
        [4.1229e-03, 1.4713e-02, 3.9176e-03, 3.7415e-04, 6.6498e-04, 5.0425e-02,
         7.9362e-01],
        [5.8374e-02, 7.1675e-02, 4.2650e-02, 2.8028e-03, 1.1007e-02, 6.4872e-01,
         8.2827e-02],
        [2.8404e-03, 2.7128e-02, 1.9212e-01, 1.3066e-03, 1.4500e-03, 3.6273e-01,
         2.6331e-01],
        [1.2131e-02, 3.5067e-02, 1.8160e-02, 2.2591e-03, 7.7565e-03, 3.4752e-01,
         2.8249e-01],
        [2.6454e-02, 1.8354e-01, 2.1151e-02, 1.2168e-03, 1.3890e-03, 5.8450e-01,
         1.0783e-01]])
[[0. 0. 0. ... 0. 0. 0.]
 [0. 0. 0. ... 0. 1. 0.]
 [0. 0. 0. ... 0. 0. 0.]
 ...
 [0. 1. 1. ... 0. 1. 0.]
 [0. 0. 0. ... 0. 0. 1.]
 [0. 0. 0. ... 1. 0. 0.]]
[array([0, 0, 0, 0, 0, 1]), array([0, 0, 0, 0, 0, 1]), array([0, 0, 0, 0, 0, 0]), array([0, 0, 0, 0, 0, 1]), array([0, 0, 0, 0, 0, 1]), array([0, 0, 0, 0, 0, 1]), array([0, 0, 0, 0, 0, 1]), array([0, 0, 0, 0, 0, 1]), array([0, 0, 0, 0, 0, 0]), array([0, 0, 0, 0, 0, 1]), array([0, 0, 0, 0, 0, 1]), array([0, 0, 0, 0, 0, 0]), array([0, 0, 0, 0, 0, 1]), array([0, 0, 0, 0, 0, 1]), array([0, 0, 0, 0, 0, 1]), array([0, 0, 0, 0, 0, 1]), array([0, 0, 0, 0, 0, 0]), array([0, 0, 0, 0, 0, 1]), array([0, 0, 0, 0, 0, 0]), array([0, 0, 0, 0, 0, 1]), array([0, 0, 0, 0, 0, 1]), array([0, 0, 0, 0, 0, 1]), array([0, 0, 0, 0, 0, 0]), array([0, 0, 0, 0, 0, 1]), array([0, 0, 0, 0, 0, 1]), array([0, 0, 0, 0, 0, 1]), array([0, 0, 0, 0, 0, 1]), array([0, 0, 0, 0, 0, 1]), array([0, 0, 0, 0, 0, 1]), array([0, 0, 0, 0, 0, 1])]
[array([0, 0, 0, 0, 0, 1]), array([0, 0, 0, 0, 0, 1]), array([0, 0, 0, 0, 0, 0]), array([0, 0, 0, 0, 0, 1]), array([0, 0, 0, 0, 0, 1]), array([0, 0, 0, 0, 0, 1]), array([0, 0, 0, 0, 0, 1]), array([0, 0, 0, 0, 0, 1]), array([0, 0, 0, 0, 0, 0]), array([0, 0, 0, 0, 0, 1]), array([0, 0, 0, 0, 0, 1]), array([0, 0, 0, 0, 0, 0]), array([0, 0, 0, 0, 0, 1]), array([0, 0, 0, 0, 0, 1]), array([0, 0, 0, 0, 0, 1]), array([0, 0, 0, 0, 0, 1]), array([0, 0, 0, 0, 0, 0]), array([0, 0, 0, 0, 0, 1]), array([0, 0, 0, 0, 0, 0]), array([0, 0, 0, 0, 0, 1]), array([0, 0, 0, 0, 0, 1]), array([0, 0, 0, 0, 0, 1]), array([0, 0, 0, 0, 0, 0]), array([0, 0, 0, 0, 0, 1]), array([0, 0, 0, 0, 0, 1]), array([0, 0, 0, 0, 0, 1]), array([0, 0, 0, 0, 0, 1]), array([0, 0, 0, 0, 0, 1]), array([0, 0, 0, 0, 0, 1]), array([0, 0, 0, 0, 0, 1])]
[array([0., 0., 0., 0., 0., 0.]), array([0., 0., 0., 0., 0., 1.]), array([0., 0., 0., 0., 0., 0.]), array([0., 0., 0., 0., 0., 1.]), array([0., 0., 0., 0., 0., 1.]), array([0., 0., 0., 0., 0., 0.]), array([0., 0., 0., 0., 0., 1.]), array([0., 0., 0., 0., 0., 0.]), array([0., 0., 0., 0., 0., 0.]), array([0., 0., 0., 0., 0., 1.]), array([0., 0., 0., 0., 0., 0.]), array([0., 0., 0., 0., 0., 0.]), array([0., 0., 0., 0., 0., 1.]), array([0., 0., 0., 0., 0., 1.]), array([0., 0., 0., 0., 0., 1.]), array([0., 0., 0., 0., 0., 0.]), array([0., 0., 0., 0., 0., 0.]), array([0., 0., 0., 0., 0., 1.]), array([0., 0., 0., 0., 0., 0.]), array([0., 0., 0., 0., 0., 1.]), array([0., 0., 0., 0., 0., 0.]), array([0., 0., 0., 0., 0., 1.]), array([0., 0., 0., 0., 0., 1.]), array([0., 0., 0., 0., 0., 0.]), array([0., 0., 0., 0., 0., 0.]), array([0., 0., 0., 0., 0., 1.]), array([0., 0., 0., 0., 0., 0.]), array([0., 0., 0., 0., 0., 1.]), array([0., 0., 0., 0., 0., 1.]), array([0., 0., 0., 0., 0., 1.])]
                       precision    recall  f1-score   support

label_identity_attack       0.28      0.65      0.39       131
         label_insult       0.15      0.61      0.25       145
        label_obscene       0.21      0.71      0.32       170
label_severe_toxicity       0.08      0.76      0.15        25
         label_threat       0.15      0.80      0.25        40
       label_toxicity       0.11      0.64      0.18       158

            micro avg       0.16      0.67      0.25       669
            macro avg       0.16      0.69      0.26       669
         weighted avg       0.18      0.67      0.28       669
          samples avg       0.20      0.20      0.20       669

huggingface/tokenizers: The current process just got forked, after parallelism has already been used. Disabling parallelism to avoid deadlocks...
To disable this warning, you can either:
	- Avoid using `tokenizers` before the fork if possible
	- Explicitly set the environment variable TOKENIZERS_PARALLELISM=(true | false)
huggingface/tokenizers: The current process just got forked, after parallelism has already been used. Disabling parallelism to avoid deadlocks...
To disable this warning, you can either:
	- Avoid using `tokenizers` before the fork if possible
	- Explicitly set the environment variable TOKENIZERS_PARALLELISM=(true | false)
huggingface/tokenizers: The current process just got forked, after parallelism has already been used. Disabling parallelism to avoid deadlocks...
To disable this warning, you can either:
	- Avoid using `tokenizers` before the fork if possible
	- Explicitly set the environment variable TOKENIZERS_PARALLELISM=(true | false)
huggingface/tokenizers: The current process just got forked, after parallelism has already been used. Disabling parallelism to avoid deadlocks...
To disable this warning, you can either:
	- Avoid using `tokenizers` before the fork if possible
	- Explicitly set the environment variable TOKENIZERS_PARALLELISM=(true | false)
huggingface/tokenizers: The current process just got forked, after parallelism has already been used. Disabling parallelism to avoid deadlocks...
To disable this warning, you can either:
	- Avoid using `tokenizers` before the fork if possible
	- Explicitly set the environment variable TOKENIZERS_PARALLELISM=(true | false)
huggingface/tokenizers: The current process just got forked, after parallelism has already been used. Disabling parallelism to avoid deadlocks...
To disable this warning, you can either:
	- Avoid using `tokenizers` before the fork if possible
	- Explicitly set the environment variable TOKENIZERS_PARALLELISM=(true | false)
huggingface/tokenizers: The current process just got forked, after parallelism has already been used. Disabling parallelism to avoid deadlocks...
To disable this warning, you can either:
	- Avoid using `tokenizers` before the fork if possible
	- Explicitly set the environment variable TOKENIZERS_PARALLELISM=(true | false)
huggingface/tokenizers: The current process just got forked, after parallelism has already been used. Disabling parallelism to avoid deadlocks...
To disable this warning, you can either:
	- Avoid using `tokenizers` before the fork if possible
	- Explicitly set the environment variable TOKENIZERS_PARALLELISM=(true | false)
huggingface/tokenizers: The current process just got forked, after parallelism has already been used. Disabling parallelism to avoid deadlocks...
To disable this warning, you can either:
	- Avoid using `tokenizers` before the fork if possible
	- Explicitly set the environment variable TOKENIZERS_PARALLELISM=(true | false)
{'eval_accuracy': 0.35398230088495575,
 'eval_f1': 0.2540679417642021,
 'eval_f1_macro': 0.2575316834258448,
 'eval_hamming loss': 0.19269911504424778,
 'eval_loss': 1.3187918663024902,
 'eval_macro_roc_auc': 0.7530228312081418,
 'eval_micro_roc_auc': 0.7399244023622696,
 'eval_precision': 0.15702187720536345,
 'eval_probs_roc_auc': 1.0,
 'eval_recall': 0.6651718983557549,
 'eval_runtime': 27.1821,
 'eval_samples_per_second': 83.143,
 'eval_steps_per_second': 10.411}
before change
[[0. 0. 0. 0. 0. 0. 0.]
 [0. 0. 0. 0. 0. 1. 0.]
 [0. 0. 0. 0. 0. 0. 0.]
 [0. 0. 0. 0. 0. 1. 0.]
 [0. 1. 1. 0. 0. 1. 0.]
 [0. 0. 0. 0. 0. 0. 1.]
 [0. 0. 0. 0. 0. 1. 0.]
 [0. 0. 0. 0. 0. 0. 0.]
 [0. 0. 0. 0. 0. 0. 0.]
 [0. 0. 0. 0. 0. 1. 0.]
 [0. 0. 0. 0. 0. 0. 0.]
 [0. 0. 0. 0. 0. 0. 0.]
 [0. 0. 0. 0. 0. 1. 0.]
 [0. 1. 1. 0. 0. 1. 0.]
 [0. 0. 0. 0. 0. 1. 0.]
 [0. 0. 0. 0. 0. 0. 0.]
 [0. 0. 0. 0. 0. 0. 1.]
 [0. 0. 0. 0. 0. 1. 0.]
 [0. 0. 0. 0. 0. 0. 1.]
 [0. 1. 1. 0. 0. 1. 0.]
 [0. 0. 0. 0. 0. 0. 0.]
 [0. 0. 1. 0. 0. 1. 0.]
 [0. 0. 0. 0. 0. 1. 0.]
 [0. 0. 0. 0. 0. 0. 0.]
 [0. 0. 0. 0. 0. 0. 1.]
 [0. 0. 0. 0. 0. 1. 0.]
 [0. 0. 0. 0. 0. 0. 0.]
 [0. 0. 0. 0. 0. 1. 0.]
 [0. 0. 0. 0. 0. 1. 0.]
 [0. 0. 1. 0. 0. 1. 0.]]
tensor([[4.2977e-02, 1.7197e-02, 2.3321e-02, 7.1981e-04, 2.0047e-03, 1.7958e-01,
         4.8201e-01],
        [2.3566e-01, 1.0966e-01, 2.3579e-02, 2.0906e-03, 3.5504e-03, 6.8944e-01,
         8.2383e-02],
        [1.6424e-02, 2.6459e-02, 2.0242e-02, 4.5068e-03, 1.9947e-02, 3.1808e-01,
         2.8351e-01],
        [9.7495e-02, 1.3056e-01, 3.0897e-02, 2.0133e-03, 4.0623e-03, 6.6862e-01,
         7.6762e-02],
        [3.8586e-01, 9.4728e-01, 9.6140e-01, 3.9758e-01, 1.5014e-01, 9.9311e-01,
         8.6799e-04],
        [4.1229e-03, 1.4713e-02, 3.9176e-03, 3.7415e-04, 6.6498e-04, 5.0425e-02,
         7.9362e-01],
        [5.8374e-02, 7.1675e-02, 4.2650e-02, 2.8028e-03, 1.1007e-02, 6.4872e-01,
         8.2827e-02],
        [2.8404e-03, 2.7128e-02, 1.9212e-01, 1.3066e-03, 1.4500e-03, 3.6273e-01,
         2.6331e-01],
        [1.2131e-02, 3.5067e-02, 1.8160e-02, 2.2591e-03, 7.7565e-03, 3.4752e-01,
         2.8249e-01],
        [2.6454e-02, 1.8354e-01, 2.1151e-02, 1.2168e-03, 1.3890e-03, 5.8450e-01,
         1.0783e-01]])
[[0. 0. 0. ... 0. 0. 0.]
 [0. 0. 0. ... 0. 1. 0.]
 [0. 0. 0. ... 0. 0. 0.]
 ...
 [0. 1. 1. ... 0. 1. 0.]
 [0. 0. 0. ... 0. 0. 1.]
 [0. 0. 0. ... 1. 0. 0.]]
[array([0, 0, 0, 0, 0, 1]), array([0, 0, 0, 0, 0, 1]), array([0, 0, 0, 0, 0, 0]), array([0, 0, 0, 0, 0, 1]), array([0, 0, 0, 0, 0, 1]), array([0, 0, 0, 0, 0, 1]), array([0, 0, 0, 0, 0, 1]), array([0, 0, 0, 0, 0, 1]), array([0, 0, 0, 0, 0, 0]), array([0, 0, 0, 0, 0, 1]), array([0, 0, 0, 0, 0, 1]), array([0, 0, 0, 0, 0, 0]), array([0, 0, 0, 0, 0, 1]), array([0, 0, 0, 0, 0, 1]), array([0, 0, 0, 0, 0, 1]), array([0, 0, 0, 0, 0, 1]), array([0, 0, 0, 0, 0, 0]), array([0, 0, 0, 0, 0, 1]), array([0, 0, 0, 0, 0, 0]), array([0, 0, 0, 0, 0, 1]), array([0, 0, 0, 0, 0, 1]), array([0, 0, 0, 0, 0, 1]), array([0, 0, 0, 0, 0, 0]), array([0, 0, 0, 0, 0, 1]), array([0, 0, 0, 0, 0, 1]), array([0, 0, 0, 0, 0, 1]), array([0, 0, 0, 0, 0, 1]), array([0, 0, 0, 0, 0, 1]), array([0, 0, 0, 0, 0, 1]), array([0, 0, 0, 0, 0, 1])]
[array([0, 0, 0, 0, 0, 1]), array([0, 0, 0, 0, 0, 1]), array([0, 0, 0, 0, 0, 0]), array([0, 0, 0, 0, 0, 1]), array([0, 0, 0, 0, 0, 1]), array([0, 0, 0, 0, 0, 1]), array([0, 0, 0, 0, 0, 1]), array([0, 0, 0, 0, 0, 1]), array([0, 0, 0, 0, 0, 0]), array([0, 0, 0, 0, 0, 1]), array([0, 0, 0, 0, 0, 1]), array([0, 0, 0, 0, 0, 0]), array([0, 0, 0, 0, 0, 1]), array([0, 0, 0, 0, 0, 1]), array([0, 0, 0, 0, 0, 1]), array([0, 0, 0, 0, 0, 1]), array([0, 0, 0, 0, 0, 0]), array([0, 0, 0, 0, 0, 1]), array([0, 0, 0, 0, 0, 0]), array([0, 0, 0, 0, 0, 1]), array([0, 0, 0, 0, 0, 1]), array([0, 0, 0, 0, 0, 1]), array([0, 0, 0, 0, 0, 0]), array([0, 0, 0, 0, 0, 1]), array([0, 0, 0, 0, 0, 1]), array([0, 0, 0, 0, 0, 1]), array([0, 0, 0, 0, 0, 1]), array([0, 0, 0, 0, 0, 1]), array([0, 0, 0, 0, 0, 1]), array([0, 0, 0, 0, 0, 1])]
[array([0., 0., 0., 0., 0., 0.]), array([0., 0., 0., 0., 0., 1.]), array([0., 0., 0., 0., 0., 0.]), array([0., 0., 0., 0., 0., 1.]), array([0., 0., 0., 0., 0., 1.]), array([0., 0., 0., 0., 0., 0.]), array([0., 0., 0., 0., 0., 1.]), array([0., 0., 0., 0., 0., 0.]), array([0., 0., 0., 0., 0., 0.]), array([0., 0., 0., 0., 0., 1.]), array([0., 0., 0., 0., 0., 0.]), array([0., 0., 0., 0., 0., 0.]), array([0., 0., 0., 0., 0., 1.]), array([0., 0., 0., 0., 0., 1.]), array([0., 0., 0., 0., 0., 1.]), array([0., 0., 0., 0., 0., 0.]), array([0., 0., 0., 0., 0., 0.]), array([0., 0., 0., 0., 0., 1.]), array([0., 0., 0., 0., 0., 0.]), array([0., 0., 0., 0., 0., 1.]), array([0., 0., 0., 0., 0., 0.]), array([0., 0., 0., 0., 0., 1.]), array([0., 0., 0., 0., 0., 1.]), array([0., 0., 0., 0., 0., 0.]), array([0., 0., 0., 0., 0., 0.]), array([0., 0., 0., 0., 0., 1.]), array([0., 0., 0., 0., 0., 0.]), array([0., 0., 0., 0., 0., 1.]), array([0., 0., 0., 0., 0., 1.]), array([0., 0., 0., 0., 0., 1.])]
                       precision    recall  f1-score   support

label_identity_attack       0.28      0.65      0.39       131
         label_insult       0.15      0.61      0.25       145
        label_obscene       0.21      0.71      0.32       170
label_severe_toxicity       0.08      0.76      0.15        25
         label_threat       0.15      0.80      0.25        40
       label_toxicity       0.11      0.64      0.18       158

            micro avg       0.16      0.67      0.25       669
            macro avg       0.16      0.69      0.26       669
         weighted avg       0.18      0.67      0.28       669
          samples avg       0.20      0.20      0.20       669

[[-3.103169   -4.0456805  -3.7348244  -7.235802   -6.210245   -1.5192262
  -0.07199208]
 [-1.1766376  -2.094181   -3.7235456  -6.1682105  -5.6371365   0.7974968
  -2.4104016 ]
 [-4.0924277  -3.6053343  -3.8795319  -5.3976474  -3.894523   -0.7626004
  -0.9270957 ]
 [-2.225374   -1.8960406  -3.445705   -6.205967   -5.501932    0.70194453
  -2.4871788 ]
 [-0.46474642  2.8885493   3.2151647  -0.41553903 -1.733525    4.971209
  -7.048467  ]
 [-5.4870553  -4.204182   -5.538347   -7.89049    -7.3150845  -2.9355254
   1.3468819 ]
 [-2.7807367  -2.5612388  -3.1111495  -5.8743153  -4.498201    0.613426
  -2.4045403 ]
 [-5.8609624  -3.5796988  -1.4362862  -6.63902    -6.534719   -0.56353176
  -1.0288374 ]
 [-4.399783   -3.314794   -3.9902337  -6.090531   -4.851432   -0.62994164
  -0.93216497]
 [-3.6055198  -1.4925206  -3.8346665  -6.7103505  -6.57775     0.3412554
  -2.1131222 ]]
before change
[[1. 1. 1. 0. 1. 1. 0.]
 [1. 1. 1. 0. 0. 1. 0.]
 [0. 1. 1. 1. 1. 1. 0.]
 [0. 0. 1. 1. 1. 1. 0.]
 [0. 0. 1. 0. 1. 1. 0.]
 [0. 0. 1. 0. 1. 1. 0.]
 [0. 0. 0. 0. 1. 1. 0.]
 [1. 0. 0. 0. 1. 1. 0.]
 [0. 0. 0. 0. 0. 0. 1.]
 [0. 0. 0. 0. 1. 1. 0.]
 [0. 1. 1. 1. 0. 1. 0.]
 [0. 1. 1. 1. 0. 1. 0.]
 [0. 1. 1. 0. 1. 1. 0.]
 [0. 0. 1. 0. 1. 1. 0.]
 [0. 1. 1. 1. 0. 1. 0.]
 [0. 0. 0. 0. 0. 0. 1.]
 [1. 0. 0. 0. 1. 1. 0.]
 [0. 1. 1. 1. 0. 1. 0.]
 [1. 1. 1. 0. 0. 1. 0.]
 [0. 0. 0. 0. 0. 1. 0.]
 [1. 1. 0. 0. 0. 1. 0.]
 [0. 0. 0. 0. 1. 1. 0.]
 [0. 0. 1. 0. 1. 1. 0.]
 [1. 1. 1. 0. 0. 1. 0.]
 [1. 1. 1. 1. 1. 1. 0.]
 [0. 1. 1. 1. 0. 1. 0.]
 [0. 1. 1. 1. 1. 1. 0.]
 [0. 1. 1. 0. 1. 1. 0.]
 [1. 0. 0. 0. 0. 1. 0.]
 [0. 0. 0. 0. 0. 0. 1.]
 [0. 0. 0. 0. 0. 1. 0.]
 [1. 1. 1. 1. 0. 1. 0.]
 [1. 1. 1. 1. 0. 1. 0.]
 [1. 1. 1. 1. 1. 1. 0.]
 [1. 1. 1. 1. 0. 1. 0.]
 [0. 0. 0. 0. 0. 0. 1.]
 [0. 0. 0. 0. 1. 1. 0.]
 [0. 0. 1. 0. 1. 1. 0.]
 [1. 1. 1. 0. 0. 1. 0.]
 [0. 0. 0. 0. 1. 1. 0.]
 [0. 0. 0. 0. 0. 0. 0.]
 [1. 1. 1. 1. 0. 1. 0.]
 [0. 0. 0. 0. 1. 1. 0.]
 [0. 0. 0. 0. 1. 1. 0.]
 [1. 1. 1. 0. 1. 1. 0.]
 [0. 1. 1. 1. 0. 1. 0.]
 [0. 0. 0. 0. 0. 0. 1.]
 [1. 1. 1. 0. 0. 1. 0.]
 [0. 1. 1. 0. 1. 1. 0.]
 [1. 1. 1. 1. 1. 1. 0.]]
tensor([[8.9062e-01, 9.2293e-01, 8.6483e-01, 3.5039e-01, 7.5892e-01, 9.9103e-01,
         1.7072e-03],
        [5.7375e-01, 6.5260e-01, 7.8189e-01, 2.9799e-01, 2.7907e-01, 9.7708e-01,
         2.9318e-03],
        [1.4400e-01, 8.7439e-01, 9.6669e-01, 9.0440e-01, 9.9132e-01, 9.9586e-01,
         4.0468e-03],
        [1.1585e-01, 4.6784e-01, 7.9068e-01, 5.1792e-01, 6.1068e-01, 9.7837e-01,
         5.5390e-03],
        [2.9959e-02, 3.2120e-01, 9.0912e-01, 3.5710e-01, 8.6270e-01, 9.8733e-01,
         5.7144e-03],
        [1.0101e-01, 4.8779e-01, 5.9472e-01, 1.7064e-01, 7.9647e-01, 9.7808e-01,
         4.9414e-03],
        [2.6328e-01, 2.9161e-01, 4.4706e-01, 3.7036e-01, 9.9308e-01, 9.7068e-01,
         1.7168e-02],
        [8.5714e-01, 3.1629e-01, 2.1859e-01, 4.7304e-02, 6.2786e-01, 9.4089e-01,
         1.5652e-02],
        [7.4088e-04, 1.7068e-03, 2.4082e-03, 1.7645e-04, 4.6037e-04, 1.3916e-02,
         9.3950e-01],
        [3.6934e-01, 1.6345e-01, 1.2578e-01, 9.0360e-02, 5.5471e-01, 9.0308e-01,
         2.5125e-02],
        [7.1485e-02, 9.6482e-01, 9.8956e-01, 5.6365e-01, 8.1787e-02, 9.9719e-01,
         8.7038e-04],
        [1.5819e-01, 9.5601e-01, 9.8748e-01, 6.7697e-01, 4.7142e-02, 9.9584e-01,
         8.6187e-04],
        [7.7579e-02, 7.6334e-01, 9.4606e-01, 3.9623e-01, 7.8915e-01, 9.9030e-01,
         2.4281e-03],
        [3.1732e-02, 1.3199e-01, 8.1365e-01, 2.4960e-01, 8.9766e-01, 9.7554e-01,
         1.2799e-02],
        [8.3151e-02, 9.2810e-01, 9.9201e-01, 9.7682e-01, 2.4550e-01, 9.9704e-01,
         3.0373e-03],
        [2.1302e-04, 2.7461e-04, 5.0422e-04, 1.7365e-04, 1.1418e-04, 9.3376e-04,
         9.9607e-01],
        [5.8848e-01, 2.4149e-01, 3.3277e-01, 1.6277e-01, 9.8610e-01, 9.5410e-01,
         1.9025e-02],
        [9.8291e-02, 8.2835e-01, 9.7932e-01, 8.9502e-01, 3.4926e-01, 9.9571e-01,
         2.4222e-03],
        [9.9456e-01, 8.3967e-01, 7.5939e-01, 1.5641e-01, 4.8606e-01, 9.6326e-01,
         5.2113e-03],
        [1.1926e-02, 2.1578e-02, 5.9333e-02, 8.3758e-03, 4.2892e-01, 5.3330e-01,
         2.0614e-01],
        [9.7665e-01, 5.8048e-01, 4.6593e-01, 4.3026e-02, 1.3307e-01, 9.4006e-01,
         8.0559e-03],
        [6.9456e-02, 4.3842e-02, 5.9743e-02, 1.2522e-02, 5.2168e-01, 7.8568e-01,
         8.0447e-02],
        [2.3647e-02, 9.0660e-02, 7.1833e-01, 8.7084e-02, 6.2058e-01, 9.4974e-01,
         1.6420e-02],
        [9.7042e-01, 8.5468e-01, 7.0853e-01, 1.3103e-01, 1.5633e-01, 9.7449e-01,
         2.5770e-03],
        [9.9763e-01, 9.7923e-01, 9.7809e-01, 7.9091e-01, 5.3464e-01, 9.9264e-01,
         2.1496e-03],
        [4.8899e-01, 7.2252e-01, 9.4349e-01, 7.8203e-01, 4.5198e-01, 9.9204e-01,
         2.1557e-03],
        [3.6138e-01, 9.5069e-01, 9.0737e-01, 5.5136e-01, 9.0646e-01, 9.9418e-01,
         1.7369e-03],
        [1.8882e-01, 7.2301e-01, 9.1580e-01, 2.9156e-01, 5.1165e-01, 9.8795e-01,
         1.8008e-03],
        [6.7023e-01, 1.6853e-01, 1.1374e-01, 1.9446e-02, 4.2909e-01, 9.0420e-01,
         2.8394e-02],
        [1.0079e-03, 2.5898e-03, 5.9507e-03, 2.3069e-04, 4.8802e-04, 2.0877e-02,
         9.0522e-01],
        [9.7827e-02, 7.8023e-02, 1.9811e-01, 3.1195e-02, 4.3922e-01, 9.3250e-01,
         2.4251e-02],
        [9.8053e-01, 9.7849e-01, 9.8083e-01, 6.9299e-01, 1.6652e-01, 9.9506e-01,
         1.0948e-03],
        [9.1640e-01, 9.4246e-01, 9.7892e-01, 6.4152e-01, 3.4110e-01, 9.9602e-01,
         8.0956e-04],
        [9.9675e-01, 9.6836e-01, 9.6739e-01, 8.1931e-01, 8.5034e-01, 9.9187e-01,
         2.2342e-03],
        [9.9536e-01, 9.8131e-01, 9.8992e-01, 8.3473e-01, 2.3863e-01, 9.9449e-01,
         1.4994e-03],
        [3.4674e-04, 6.3601e-04, 1.1992e-03, 1.3844e-04, 2.2627e-04, 5.1446e-03,
         9.7762e-01],
        [6.6414e-02, 1.2009e-01, 1.4195e-01, 3.0868e-02, 6.7307e-01, 9.0794e-01,
         2.8218e-02],
        [1.4347e-02, 4.5679e-02, 6.0435e-01, 6.1397e-02, 5.2473e-01, 9.3330e-01,
         2.4772e-02],
        [9.9481e-01, 9.5940e-01, 9.4686e-01, 4.6367e-01, 2.8734e-01, 9.8548e-01,
         1.8092e-03],
        [3.5844e-02, 8.6645e-02, 5.3431e-02, 2.0986e-02, 6.9107e-01, 8.5301e-01,
         6.2121e-02],
        [1.6772e-03, 2.7302e-02, 1.5829e-01, 1.2201e-03, 1.0140e-03, 3.0047e-01,
         3.1358e-01],
        [9.7899e-01, 9.7292e-01, 9.6967e-01, 5.5888e-01, 1.7725e-01, 9.9244e-01,
         1.0878e-03],
        [1.2181e-02, 2.1788e-02, 5.1301e-02, 1.3144e-02, 7.1107e-01, 5.8131e-01,
         1.9184e-01],
        [7.5453e-02, 1.7493e-01, 2.0746e-01, 4.3407e-02, 6.1086e-01, 9.2524e-01,
         1.9189e-02],
        [7.0348e-01, 9.3476e-01, 8.7860e-01, 2.6283e-01, 5.2037e-01, 9.9211e-01,
         1.3916e-03],
        [1.5606e-01, 8.9424e-01, 9.6152e-01, 9.1527e-01, 3.5050e-01, 9.9419e-01,
         2.6197e-03],
        [7.4409e-04, 1.6717e-03, 2.5985e-03, 1.7920e-04, 4.2410e-04, 1.3343e-02,
         9.3971e-01],
        [9.9773e-01, 9.5002e-01, 9.2066e-01, 3.9958e-01, 3.3397e-01, 9.8113e-01,
         3.1530e-03],
        [3.2572e-01, 7.7643e-01, 9.3975e-01, 2.8707e-01, 7.1791e-01, 9.9084e-01,
         1.8139e-03],
        [9.8252e-01, 9.6498e-01, 9.5800e-01, 5.4159e-01, 6.9826e-01, 9.9243e-01,
         1.2296e-03]])
[[0, 0, 0, 0, 0, 0], [0, 0, 0, 0, 0, 0], [0, 0, 0, 0, 0, 0], [0, 0, 0, 0, 0, 0], [0, 0, 0, 0, 1, 0], [0, 0, 0, 0, 0, 0], [0, 0, 0, 0, 1, 0], [0, 0, 0, 0, 0, 0], [0, 0, 0, 0, 0, 0], [0, 0, 0, 0, 0, 0], [0, 0, 0, 0, 0, 0], [0, 0, 0, 0, 0, 0], [0, 0, 0, 0, 0, 0], [0, 0, 0, 0, 0, 0], [0, 0, 0, 0, 0, 0], [0, 0, 0, 0, 0, 0], [0, 0, 0, 0, 0, 0], [0, 0, 0, 0, 0, 0], [0, 0, 0, 0, 0, 0], [0, 0, 0, 0, 0, 0], [0, 0, 0, 0, 0, 0], [0, 0, 0, 0, 1, 0], [0, 0, 0, 0, 0, 0], [0, 0, 0, 0, 0, 0], [0, 0, 0, 0, 1, 0], [0, 0, 0, 0, 0, 0], [0, 0, 0, 0, 0, 0], [0, 0, 0, 0, 0, 0], [0, 0, 0, 0, 0, 0], [0, 0, 0, 0, 0, 0], [0, 0, 0, 0, 0, 0], [0, 0, 0, 0, 0, 0], [0, 0, 0, 0, 0, 0], [0, 0, 0, 0, 1, 0], [0, 0, 0, 0, 0, 0], [0, 0, 0, 0, 0, 0], [0, 0, 0, 0, 0, 0], [0, 0, 0, 0, 0, 0], [0, 0, 0, 0, 0, 0], [0, 0, 0, 0, 0, 0], [0, 0, 0, 0, 0, 0], [0, 0, 0, 0, 0, 0], [0, 0, 0, 0, 0, 0], [0, 0, 0, 0, 0, 0], [0, 0, 0, 0, 0, 0], [0, 0, 0, 0, 0, 0], [0, 0, 0, 0, 0, 0], [0, 0, 0, 0, 0, 0], [0, 0, 0, 0, 0, 0], [0, 0, 0, 0, 1, 0]]
[array([1., 1., 1., 0., 1., 1.]), array([1., 1., 1., 0., 0., 1.]), array([0., 1., 1., 1., 1., 1.]), array([0., 0., 1., 1., 1., 1.]), array([0., 0., 1., 0., 1., 1.]), array([0., 0., 1., 0., 1., 1.]), array([0., 0., 0., 0., 1., 1.]), array([1., 0., 0., 0., 1., 1.]), array([0., 0., 0., 0., 0., 0.]), array([0., 0., 0., 0., 1., 1.]), array([0., 1., 1., 1., 0., 1.]), array([0., 1., 1., 1., 0., 1.]), array([0., 1., 1., 0., 1., 1.]), array([0., 0., 1., 0., 1., 1.]), array([0., 1., 1., 1., 0., 1.]), array([0., 0., 0., 0., 0., 0.]), array([1., 0., 0., 0., 1., 1.]), array([0., 1., 1., 1., 0., 1.]), array([1., 1., 1., 0., 0., 1.]), array([0., 0., 0., 0., 0., 1.]), array([1., 1., 0., 0., 0., 1.]), array([0., 0., 0., 0., 1., 1.]), array([0., 0., 1., 0., 1., 1.]), array([1., 1., 1., 0., 0., 1.]), array([1., 1., 1., 1., 1., 1.]), array([0., 1., 1., 1., 0., 1.]), array([0., 1., 1., 1., 1., 1.]), array([0., 1., 1., 0., 1., 1.]), array([1., 0., 0., 0., 0., 1.]), array([0., 0., 0., 0., 0., 0.]), array([0., 0., 0., 0., 0., 1.]), array([1., 1., 1., 1., 0., 1.]), array([1., 1., 1., 1., 0., 1.]), array([1., 1., 1., 1., 1., 1.]), array([1., 1., 1., 1., 0., 1.]), array([0., 0., 0., 0., 0., 0.]), array([0., 0., 0., 0., 1., 1.]), array([0., 0., 1., 0., 1., 1.]), array([1., 1., 1., 0., 0., 1.]), array([0., 0., 0., 0., 1., 1.]), array([0., 0., 0., 0., 0., 0.]), array([1., 1., 1., 1., 0., 1.]), array([0., 0., 0., 0., 1., 1.]), array([0., 0., 0., 0., 1., 1.]), array([1., 1., 1., 0., 1., 1.]), array([0., 1., 1., 1., 0., 1.]), array([0., 0., 0., 0., 0., 0.]), array([1., 1., 1., 0., 0., 1.]), array([0., 1., 1., 0., 1., 1.]), array([1., 1., 1., 1., 1., 1.])]
