START ti 7.2.2023 11.24.09 +0200
Namespace(model='models/multi-toxic', data='data/test_fi_deepl.jsonl', tokenizer='TurkuNLP/bert-base-finnish-cased-v1', filename='testogmodel2.tsv', new_test=True, threshold=0.5)
                                                   text  ...                 labels
0     Persujen mamu-puputus kyllästyttää  mutta mamu...  ...  [0, 0, 0, 0, 0, 1, 0]
1     Suvakit ja hyysärit haluaa saada lapset omaan ...  ...  [0, 0, 0, 0, 0, 1, 0]
2     VIELÄ YKSI ASIA! NÄMÄ EI OLE HENKILÖVAALIT,VAA...  ...  [0, 0, 0, 0, 0, 0, 1]
3     Halosen aikana on lapsiin ja naisiin kohdistun...  ...  [0, 0, 0, 0, 0, 1, 0]
4     Byää! Byää! Jos tulee vammoja, byää! Saatanan ...  ...  [0, 0, 0, 0, 0, 1, 0]
...                                                 ...  ...                    ...
2255  Haista sinä vittu. Ryssähän se tänne on koko a...  ...  [0, 0, 0, 0, 0, 0, 1]
2256  Äsen Ylen uutisissa: Lapin käräjäoikeus on hyl...  ...  [0, 0, 0, 0, 0, 0, 1]
2257  mä en jaksa enää sitä haukkumista,perkele kun ...  ...  [0, 0, 0, 0, 0, 0, 1]
2258  Ei ainakaan Chrome tyrkytä. Se aina kysyy että...  ...  [0, 0, 0, 0, 0, 0, 1]
2259  Eihän noi ole ku paskapentuja 1 kaljan jälkeen...  ...  [0, 0, 0, 0, 1, 0, 0]

[2260 rows x 3 columns]
Dataset({
    features: ['text', 'id', 'labels'],
    num_rows: 2260
})
before change
[[0. 0. 0. 0. 0. 0. 0.]
 [0. 0. 0. 0. 0. 1. 0.]
 [0. 0. 0. 0. 0. 0. 1.]
 [0. 0. 0. 0. 0. 0. 1.]
 [0. 1. 1. 0. 0. 1. 0.]
 [0. 0. 0. 0. 0. 0. 1.]
 [0. 0. 0. 0. 0. 0. 0.]
 [0. 0. 0. 0. 0. 0. 0.]
 [0. 0. 0. 0. 0. 0. 0.]
 [0. 0. 0. 0. 0. 0. 1.]
 [0. 0. 0. 0. 0. 0. 1.]
 [0. 0. 0. 0. 0. 0. 1.]
 [0. 0. 0. 0. 0. 0. 0.]
 [0. 1. 1. 0. 0. 1. 0.]
 [0. 0. 0. 0. 0. 0. 0.]
 [0. 0. 0. 0. 0. 0. 0.]
 [0. 0. 0. 0. 0. 0. 1.]
 [0. 0. 0. 0. 0. 0. 1.]
 [0. 0. 0. 0. 0. 0. 1.]
 [0. 1. 0. 0. 0. 1. 0.]
 [0. 0. 0. 0. 0. 0. 1.]
 [0. 0. 0. 0. 0. 0. 1.]
 [0. 0. 0. 0. 0. 0. 1.]
 [0. 0. 0. 0. 0. 0. 0.]
 [0. 0. 0. 0. 0. 0. 0.]
 [0. 0. 0. 0. 0. 0. 0.]
 [0. 0. 0. 0. 0. 0. 0.]
 [0. 0. 0. 0. 0. 0. 1.]
 [0. 0. 0. 0. 0. 0. 0.]
 [0. 0. 0. 0. 0. 0. 0.]]
tensor([[7.6364e-02, 4.3840e-02, 3.6102e-02, 1.6011e-03, 2.2707e-03, 2.5153e-01,
         3.6719e-01],
        [1.2546e-01, 1.1937e-01, 8.8034e-02, 4.2113e-03, 4.8528e-03, 5.9040e-01,
         1.2361e-01],
        [1.7951e-03, 6.2145e-03, 6.0861e-03, 6.0339e-04, 1.7574e-03, 5.1313e-02,
         7.9818e-01],
        [1.0841e-02, 1.8378e-02, 1.5004e-02, 8.0109e-04, 1.9703e-03, 1.1803e-01,
         5.6844e-01],
        [5.0754e-02, 8.0428e-01, 8.0611e-01, 3.3893e-02, 1.3006e-02, 9.4398e-01,
         6.8725e-03],
        [1.1730e-03, 4.4437e-03, 4.0720e-03, 3.6529e-04, 1.1591e-03, 3.3482e-02,
         8.6357e-01],
        [5.6551e-03, 2.6841e-02, 3.6480e-02, 1.2304e-03, 3.6870e-03, 2.0213e-01,
         4.2916e-01],
        [4.0369e-03, 7.1283e-02, 3.3381e-01, 2.5182e-03, 2.4656e-03, 4.9026e-01,
         1.5183e-01],
        [4.8893e-03, 2.8308e-02, 3.0297e-02, 1.4789e-03, 3.4693e-03, 2.2574e-01,
         4.1851e-01],
        [2.6396e-03, 8.2901e-03, 7.7211e-03, 5.9003e-04, 1.7558e-03, 6.7164e-02,
         7.4680e-01]])
[[0. 0. 0. ... 0. 0. 0.]
 [0. 0. 0. ... 0. 1. 0.]
 [0. 0. 0. ... 0. 0. 1.]
 ...
 [0. 1. 1. ... 0. 1. 0.]
 [0. 0. 0. ... 0. 0. 1.]
 [0. 1. 1. ... 0. 1. 0.]]
[array([0, 0, 0, 0, 0, 1]), array([0, 0, 0, 0, 0, 1]), array([0, 0, 0, 0, 0, 0]), array([0, 0, 0, 0, 0, 1]), array([0, 0, 0, 0, 0, 1]), array([0, 0, 0, 0, 0, 1]), array([0, 0, 0, 0, 0, 1]), array([0, 0, 0, 0, 0, 1]), array([0, 0, 0, 0, 0, 0]), array([0, 0, 0, 0, 0, 1]), array([0, 0, 0, 0, 0, 1]), array([0, 0, 0, 0, 0, 0]), array([0, 0, 0, 0, 0, 1]), array([0, 0, 0, 0, 0, 1]), array([0, 0, 0, 0, 0, 1]), array([0, 0, 0, 0, 0, 1]), array([0, 0, 0, 0, 0, 0]), array([0, 0, 0, 0, 0, 1]), array([0, 0, 0, 0, 0, 0]), array([0, 0, 0, 0, 0, 1]), array([0, 0, 0, 0, 0, 1]), array([0, 0, 0, 0, 0, 1]), array([0, 0, 0, 0, 0, 0]), array([0, 0, 0, 0, 0, 1]), array([0, 0, 0, 0, 0, 1]), array([0, 0, 0, 0, 0, 1]), array([0, 0, 0, 0, 0, 1]), array([0, 0, 0, 0, 0, 1]), array([0, 0, 0, 0, 0, 1]), array([0, 0, 0, 0, 0, 1])]
[array([0, 0, 0, 0, 0, 1]), array([0, 0, 0, 0, 0, 1]), array([0, 0, 0, 0, 0, 0]), array([0, 0, 0, 0, 0, 1]), array([0, 0, 0, 0, 0, 1]), array([0, 0, 0, 0, 0, 1]), array([0, 0, 0, 0, 0, 1]), array([0, 0, 0, 0, 0, 1]), array([0, 0, 0, 0, 0, 0]), array([0, 0, 0, 0, 0, 1]), array([0, 0, 0, 0, 0, 1]), array([0, 0, 0, 0, 0, 0]), array([0, 0, 0, 0, 0, 1]), array([0, 0, 0, 0, 0, 1]), array([0, 0, 0, 0, 0, 1]), array([0, 0, 0, 0, 0, 1]), array([0, 0, 0, 0, 0, 0]), array([0, 0, 0, 0, 0, 1]), array([0, 0, 0, 0, 0, 0]), array([0, 0, 0, 0, 0, 1]), array([0, 0, 0, 0, 0, 1]), array([0, 0, 0, 0, 0, 1]), array([0, 0, 0, 0, 0, 0]), array([0, 0, 0, 0, 0, 1]), array([0, 0, 0, 0, 0, 1]), array([0, 0, 0, 0, 0, 1]), array([0, 0, 0, 0, 0, 1]), array([0, 0, 0, 0, 0, 1]), array([0, 0, 0, 0, 0, 1]), array([0, 0, 0, 0, 0, 1])]
[array([0., 0., 0., 0., 0., 0.]), array([0., 0., 0., 0., 0., 1.]), array([0., 0., 0., 0., 0., 0.]), array([0., 0., 0., 0., 0., 0.]), array([0., 0., 0., 0., 0., 1.]), array([0., 0., 0., 0., 0., 0.]), array([0., 0., 0., 0., 0., 0.]), array([0., 0., 0., 0., 0., 0.]), array([0., 0., 0., 0., 0., 0.]), array([0., 0., 0., 0., 0., 0.]), array([0., 0., 0., 0., 0., 0.]), array([0., 0., 0., 0., 0., 0.]), array([0., 0., 0., 0., 0., 0.]), array([0., 0., 0., 0., 0., 1.]), array([0., 0., 0., 0., 0., 0.]), array([0., 0., 0., 0., 0., 0.]), array([0., 0., 0., 0., 0., 0.]), array([0., 0., 0., 0., 0., 0.]), array([0., 0., 0., 0., 0., 0.]), array([0., 0., 0., 0., 0., 1.]), array([0., 0., 0., 0., 0., 0.]), array([0., 0., 0., 0., 0., 0.]), array([0., 0., 0., 0., 0., 0.]), array([0., 0., 0., 0., 0., 0.]), array([0., 0., 0., 0., 0., 0.]), array([0., 0., 0., 0., 0., 0.]), array([0., 0., 0., 0., 0., 0.]), array([0., 0., 0., 0., 0., 0.]), array([0., 0., 0., 0., 0., 0.]), array([0., 0., 0., 0., 0., 0.])]
                       precision    recall  f1-score   support

label_identity_attack       0.26      0.37      0.30       131
         label_insult       0.11      0.46      0.17       145
        label_obscene       0.15      0.59      0.24       170
label_severe_toxicity       0.06      0.32      0.11        25
         label_threat       0.12      0.33      0.18        40
       label_toxicity       0.06      0.38      0.11       158

            micro avg       0.11      0.44      0.18       669
            macro avg       0.13      0.41      0.19       669
         weighted avg       0.14      0.44      0.20       669
          samples avg       0.13      0.13      0.13       669

huggingface/tokenizers: The current process just got forked, after parallelism has already been used. Disabling parallelism to avoid deadlocks...
To disable this warning, you can either:
	- Avoid using `tokenizers` before the fork if possible
	- Explicitly set the environment variable TOKENIZERS_PARALLELISM=(true | false)
huggingface/tokenizers: The current process just got forked, after parallelism has already been used. Disabling parallelism to avoid deadlocks...
To disable this warning, you can either:
	- Avoid using `tokenizers` before the fork if possible
	- Explicitly set the environment variable TOKENIZERS_PARALLELISM=(true | false)
huggingface/tokenizers: The current process just got forked, after parallelism has already been used. Disabling parallelism to avoid deadlocks...
To disable this warning, you can either:
	- Avoid using `tokenizers` before the fork if possible
	- Explicitly set the environment variable TOKENIZERS_PARALLELISM=(true | false)
huggingface/tokenizers: The current process just got forked, after parallelism has already been used. Disabling parallelism to avoid deadlocks...
To disable this warning, you can either:
	- Avoid using `tokenizers` before the fork if possible
	- Explicitly set the environment variable TOKENIZERS_PARALLELISM=(true | false)
huggingface/tokenizers: The current process just got forked, after parallelism has already been used. Disabling parallelism to avoid deadlocks...
To disable this warning, you can either:
	- Avoid using `tokenizers` before the fork if possible
	- Explicitly set the environment variable TOKENIZERS_PARALLELISM=(true | false)
huggingface/tokenizers: The current process just got forked, after parallelism has already been used. Disabling parallelism to avoid deadlocks...
To disable this warning, you can either:
	- Avoid using `tokenizers` before the fork if possible
	- Explicitly set the environment variable TOKENIZERS_PARALLELISM=(true | false)
huggingface/tokenizers: The current process just got forked, after parallelism has already been used. Disabling parallelism to avoid deadlocks...
To disable this warning, you can either:
	- Avoid using `tokenizers` before the fork if possible
	- Explicitly set the environment variable TOKENIZERS_PARALLELISM=(true | false)
huggingface/tokenizers: The current process just got forked, after parallelism has already been used. Disabling parallelism to avoid deadlocks...
To disable this warning, you can either:
	- Avoid using `tokenizers` before the fork if possible
	- Explicitly set the environment variable TOKENIZERS_PARALLELISM=(true | false)
huggingface/tokenizers: The current process just got forked, after parallelism has already been used. Disabling parallelism to avoid deadlocks...
To disable this warning, you can either:
	- Avoid using `tokenizers` before the fork if possible
	- Explicitly set the environment variable TOKENIZERS_PARALLELISM=(true | false)
{'eval_accuracy': 0.3915929203539823,
 'eval_f1': 0.17890601390148078,
 'eval_f1_macro': 0.18513210938730537,
 'eval_hamming loss': 0.20036873156342183,
 'eval_loss': 0.9505979418754578,
 'eval_macro_roc_auc': 0.6109939655461468,
 'eval_micro_roc_auc': 0.630309566969412,
 'eval_precision': 0.11212121212121212,
 'eval_probs_roc_auc': 1.0,
 'eval_recall': 0.44245142002989535,
 'eval_runtime': 27.0668,
 'eval_samples_per_second': 83.497,
 'eval_steps_per_second': 10.456}
before change
[[0. 0. 0. 0. 0. 0. 0.]
 [0. 0. 0. 0. 0. 1. 0.]
 [0. 0. 0. 0. 0. 0. 1.]
 [0. 0. 0. 0. 0. 0. 1.]
 [0. 1. 1. 0. 0. 1. 0.]
 [0. 0. 0. 0. 0. 0. 1.]
 [0. 0. 0. 0. 0. 0. 0.]
 [0. 0. 0. 0. 0. 0. 0.]
 [0. 0. 0. 0. 0. 0. 0.]
 [0. 0. 0. 0. 0. 0. 1.]
 [0. 0. 0. 0. 0. 0. 1.]
 [0. 0. 0. 0. 0. 0. 1.]
 [0. 0. 0. 0. 0. 0. 0.]
 [0. 1. 1. 0. 0. 1. 0.]
 [0. 0. 0. 0. 0. 0. 0.]
 [0. 0. 0. 0. 0. 0. 0.]
 [0. 0. 0. 0. 0. 0. 1.]
 [0. 0. 0. 0. 0. 0. 1.]
 [0. 0. 0. 0. 0. 0. 1.]
 [0. 1. 0. 0. 0. 1. 0.]
 [0. 0. 0. 0. 0. 0. 1.]
 [0. 0. 0. 0. 0. 0. 1.]
 [0. 0. 0. 0. 0. 0. 1.]
 [0. 0. 0. 0. 0. 0. 0.]
 [0. 0. 0. 0. 0. 0. 0.]
 [0. 0. 0. 0. 0. 0. 0.]
 [0. 0. 0. 0. 0. 0. 0.]
 [0. 0. 0. 0. 0. 0. 1.]
 [0. 0. 0. 0. 0. 0. 0.]
 [0. 0. 0. 0. 0. 0. 0.]]
tensor([[7.6364e-02, 4.3840e-02, 3.6102e-02, 1.6011e-03, 2.2707e-03, 2.5153e-01,
         3.6719e-01],
        [1.2546e-01, 1.1937e-01, 8.8034e-02, 4.2113e-03, 4.8528e-03, 5.9040e-01,
         1.2361e-01],
        [1.7951e-03, 6.2145e-03, 6.0861e-03, 6.0339e-04, 1.7574e-03, 5.1313e-02,
         7.9818e-01],
        [1.0841e-02, 1.8378e-02, 1.5004e-02, 8.0109e-04, 1.9703e-03, 1.1803e-01,
         5.6844e-01],
        [5.0754e-02, 8.0428e-01, 8.0611e-01, 3.3893e-02, 1.3006e-02, 9.4398e-01,
         6.8725e-03],
        [1.1730e-03, 4.4437e-03, 4.0720e-03, 3.6529e-04, 1.1591e-03, 3.3482e-02,
         8.6357e-01],
        [5.6551e-03, 2.6841e-02, 3.6480e-02, 1.2304e-03, 3.6870e-03, 2.0213e-01,
         4.2916e-01],
        [4.0369e-03, 7.1283e-02, 3.3381e-01, 2.5182e-03, 2.4656e-03, 4.9026e-01,
         1.5183e-01],
        [4.8893e-03, 2.8308e-02, 3.0297e-02, 1.4789e-03, 3.4693e-03, 2.2574e-01,
         4.1851e-01],
        [2.6396e-03, 8.2901e-03, 7.7211e-03, 5.9003e-04, 1.7558e-03, 6.7164e-02,
         7.4680e-01]])
[[0. 0. 0. ... 0. 0. 0.]
 [0. 0. 0. ... 0. 1. 0.]
 [0. 0. 0. ... 0. 0. 1.]
 ...
 [0. 1. 1. ... 0. 1. 0.]
 [0. 0. 0. ... 0. 0. 1.]
 [0. 1. 1. ... 0. 1. 0.]]
[array([0, 0, 0, 0, 0, 1]), array([0, 0, 0, 0, 0, 1]), array([0, 0, 0, 0, 0, 0]), array([0, 0, 0, 0, 0, 1]), array([0, 0, 0, 0, 0, 1]), array([0, 0, 0, 0, 0, 1]), array([0, 0, 0, 0, 0, 1]), array([0, 0, 0, 0, 0, 1]), array([0, 0, 0, 0, 0, 0]), array([0, 0, 0, 0, 0, 1]), array([0, 0, 0, 0, 0, 1]), array([0, 0, 0, 0, 0, 0]), array([0, 0, 0, 0, 0, 1]), array([0, 0, 0, 0, 0, 1]), array([0, 0, 0, 0, 0, 1]), array([0, 0, 0, 0, 0, 1]), array([0, 0, 0, 0, 0, 0]), array([0, 0, 0, 0, 0, 1]), array([0, 0, 0, 0, 0, 0]), array([0, 0, 0, 0, 0, 1]), array([0, 0, 0, 0, 0, 1]), array([0, 0, 0, 0, 0, 1]), array([0, 0, 0, 0, 0, 0]), array([0, 0, 0, 0, 0, 1]), array([0, 0, 0, 0, 0, 1]), array([0, 0, 0, 0, 0, 1]), array([0, 0, 0, 0, 0, 1]), array([0, 0, 0, 0, 0, 1]), array([0, 0, 0, 0, 0, 1]), array([0, 0, 0, 0, 0, 1])]
[array([0, 0, 0, 0, 0, 1]), array([0, 0, 0, 0, 0, 1]), array([0, 0, 0, 0, 0, 0]), array([0, 0, 0, 0, 0, 1]), array([0, 0, 0, 0, 0, 1]), array([0, 0, 0, 0, 0, 1]), array([0, 0, 0, 0, 0, 1]), array([0, 0, 0, 0, 0, 1]), array([0, 0, 0, 0, 0, 0]), array([0, 0, 0, 0, 0, 1]), array([0, 0, 0, 0, 0, 1]), array([0, 0, 0, 0, 0, 0]), array([0, 0, 0, 0, 0, 1]), array([0, 0, 0, 0, 0, 1]), array([0, 0, 0, 0, 0, 1]), array([0, 0, 0, 0, 0, 1]), array([0, 0, 0, 0, 0, 0]), array([0, 0, 0, 0, 0, 1]), array([0, 0, 0, 0, 0, 0]), array([0, 0, 0, 0, 0, 1]), array([0, 0, 0, 0, 0, 1]), array([0, 0, 0, 0, 0, 1]), array([0, 0, 0, 0, 0, 0]), array([0, 0, 0, 0, 0, 1]), array([0, 0, 0, 0, 0, 1]), array([0, 0, 0, 0, 0, 1]), array([0, 0, 0, 0, 0, 1]), array([0, 0, 0, 0, 0, 1]), array([0, 0, 0, 0, 0, 1]), array([0, 0, 0, 0, 0, 1])]
[array([0., 0., 0., 0., 0., 0.]), array([0., 0., 0., 0., 0., 1.]), array([0., 0., 0., 0., 0., 0.]), array([0., 0., 0., 0., 0., 0.]), array([0., 0., 0., 0., 0., 1.]), array([0., 0., 0., 0., 0., 0.]), array([0., 0., 0., 0., 0., 0.]), array([0., 0., 0., 0., 0., 0.]), array([0., 0., 0., 0., 0., 0.]), array([0., 0., 0., 0., 0., 0.]), array([0., 0., 0., 0., 0., 0.]), array([0., 0., 0., 0., 0., 0.]), array([0., 0., 0., 0., 0., 0.]), array([0., 0., 0., 0., 0., 1.]), array([0., 0., 0., 0., 0., 0.]), array([0., 0., 0., 0., 0., 0.]), array([0., 0., 0., 0., 0., 0.]), array([0., 0., 0., 0., 0., 0.]), array([0., 0., 0., 0., 0., 0.]), array([0., 0., 0., 0., 0., 1.]), array([0., 0., 0., 0., 0., 0.]), array([0., 0., 0., 0., 0., 0.]), array([0., 0., 0., 0., 0., 0.]), array([0., 0., 0., 0., 0., 0.]), array([0., 0., 0., 0., 0., 0.]), array([0., 0., 0., 0., 0., 0.]), array([0., 0., 0., 0., 0., 0.]), array([0., 0., 0., 0., 0., 0.]), array([0., 0., 0., 0., 0., 0.]), array([0., 0., 0., 0., 0., 0.])]
                       precision    recall  f1-score   support

label_identity_attack       0.26      0.37      0.30       131
         label_insult       0.11      0.46      0.17       145
        label_obscene       0.15      0.59      0.24       170
label_severe_toxicity       0.06      0.32      0.11        25
         label_threat       0.12      0.33      0.18        40
       label_toxicity       0.06      0.38      0.11       158

            micro avg       0.11      0.44      0.18       669
            macro avg       0.13      0.41      0.19       669
         weighted avg       0.14      0.44      0.20       669
          samples avg       0.13      0.13      0.13       669

[[-2.4928038  -3.0823898  -3.2846463  -6.435457   -6.085377   -1.0904474
  -0.5443078 ]
 [-1.9416673  -1.9984374  -2.3378842  -5.4657583  -5.323333    0.36561853
  -1.9587189 ]
 [-6.320924   -5.0746436  -5.0956388  -7.412336   -6.3421774  -2.9171345
   1.374958  ]
 [-4.513545   -3.978062   -4.1843376  -7.128741   -6.2275863  -2.0112262
   0.27548534]
 [-2.9286861   1.413256    1.4249396  -3.350073   -4.329291    2.8244565
  -4.9733334 ]
 [-6.7469983  -5.4118176  -5.4995456  -7.9144416  -6.7589164  -3.362703
   1.8452551 ]
 [-5.169519   -3.590623   -3.273843   -6.6992097  -5.599255   -1.3730428
  -0.28526357]
 [-5.5082397  -2.5671387  -0.6910037  -5.981685   -6.002845   -0.03895103
  -1.7203379 ]
 [-5.315805   -3.535893   -3.465935   -6.5149436  -5.6603413  -1.2325398
  -0.32888743]
 [-5.934481   -4.7843695  -4.856053   -7.434749   -6.3430605  -2.6310852
   1.0816208 ]]
before change
[[0. 1. 1. 0. 0. 1. 0.]
 [0. 0. 0. 0. 0. 1. 0.]
 [0. 0. 1. 0. 1. 1. 0.]
 [0. 0. 0. 0. 0. 1. 0.]
 [0. 1. 1. 0. 0. 1. 0.]
 [0. 0. 0. 0. 0. 1. 0.]
 [0. 0. 0. 0. 1. 1. 0.]
 [0. 0. 0. 0. 0. 0. 0.]
 [0. 0. 0. 0. 0. 0. 1.]
 [0. 0. 0. 0. 0. 1. 0.]
 [0. 1. 1. 1. 0. 1. 0.]
 [0. 1. 1. 0. 0. 1. 0.]
 [0. 0. 1. 0. 1. 1. 0.]
 [0. 0. 1. 0. 0. 1. 0.]
 [0. 1. 1. 1. 0. 1. 0.]
 [0. 0. 0. 0. 0. 0. 1.]
 [0. 0. 0. 0. 1. 1. 0.]
 [0. 1. 1. 1. 0. 1. 0.]
 [1. 1. 1. 0. 0. 1. 0.]
 [0. 0. 0. 0. 0. 0. 0.]
 [0. 1. 1. 0. 0. 1. 0.]
 [0. 0. 0. 0. 0. 0. 0.]
 [0. 0. 1. 0. 0. 1. 0.]
 [1. 1. 1. 0. 0. 1. 0.]
 [1. 1. 1. 1. 1. 1. 0.]
 [0. 0. 0. 0. 0. 1. 0.]
 [0. 0. 0. 0. 1. 1. 0.]
 [0. 1. 1. 0. 0. 1. 0.]
 [0. 0. 0. 0. 0. 0. 1.]
 [0. 0. 0. 0. 0. 0. 1.]
 [0. 0. 0. 0. 0. 1. 0.]
 [0. 1. 1. 0. 0. 1. 0.]
 [1. 1. 1. 0. 0. 1. 0.]
 [1. 1. 0. 0. 1. 1. 0.]
 [1. 1. 1. 0. 0. 1. 0.]
 [0. 0. 0. 0. 0. 0. 1.]
 [0. 0. 0. 0. 1. 1. 0.]
 [0. 0. 0. 0. 0. 0. 1.]
 [0. 1. 1. 0. 0. 1. 0.]
 [0. 0. 0. 0. 1. 1. 0.]
 [0. 0. 0. 0. 0. 0. 1.]
 [0. 1. 1. 0. 0. 1. 0.]
 [0. 0. 0. 0. 1. 1. 0.]
 [0. 0. 0. 0. 0. 1. 0.]
 [1. 1. 1. 0. 0. 1. 0.]
 [0. 0. 0. 0. 0. 0. 0.]
 [0. 0. 0. 0. 0. 0. 1.]
 [1. 1. 1. 0. 0. 1. 0.]
 [0. 0. 1. 0. 1. 1. 0.]
 [0. 1. 0. 0. 0. 1. 0.]]
tensor([[8.6880e-02, 9.1488e-01, 7.6490e-01, 1.8417e-01, 3.3128e-01, 9.7666e-01,
         4.9315e-03],
        [2.1132e-02, 4.5480e-01, 4.7330e-01, 1.4674e-02, 1.0515e-02, 8.7530e-01,
         2.2262e-02],
        [8.2717e-02, 3.3213e-01, 5.5655e-01, 4.3066e-01, 9.9077e-01, 9.1932e-01,
         4.2320e-02],
        [2.1726e-02, 3.2344e-01, 2.0461e-01, 1.3561e-02, 1.3098e-02, 8.4000e-01,
         3.5467e-02],
        [9.0962e-03, 5.3229e-01, 8.0250e-01, 2.7882e-02, 1.4398e-02, 9.3732e-01,
         1.1944e-02],
        [3.0696e-02, 1.4689e-01, 5.0027e-02, 1.5098e-02, 1.0357e-01, 7.0669e-01,
         9.0567e-02],
        [3.7149e-02, 5.4253e-02, 6.4136e-02, 5.0855e-02, 9.4525e-01, 5.2631e-01,
         2.7742e-01],
        [1.5658e-02, 3.2105e-02, 3.6718e-02, 1.7178e-03, 4.6433e-03, 2.3970e-01,
         3.9950e-01],
        [7.8603e-04, 2.5399e-03, 2.5893e-03, 3.3078e-04, 1.0138e-03, 1.9195e-02,
         9.1958e-01],
        [2.4415e-02, 1.9682e-01, 7.9333e-02, 7.3050e-03, 7.8975e-03, 6.9605e-01,
         8.5845e-02],
        [1.2024e-01, 9.6256e-01, 9.8628e-01, 7.5214e-01, 4.0499e-01, 9.9429e-01,
         2.3642e-03],
        [2.9340e-02, 7.0055e-01, 9.5880e-01, 1.1708e-01, 1.1679e-02, 9.7291e-01,
         4.7511e-03],
        [5.5284e-02, 3.9222e-01, 6.8725e-01, 2.1719e-01, 9.3551e-01, 9.4736e-01,
         2.1872e-02],
        [1.2082e-02, 2.8166e-01, 7.6523e-01, 2.5319e-02, 4.6716e-02, 9.0680e-01,
         1.8720e-02],
        [1.7807e-01, 9.6818e-01, 9.9374e-01, 9.7353e-01, 4.8278e-02, 9.9428e-01,
         3.9714e-03],
        [3.6474e-04, 4.8500e-04, 7.6824e-04, 2.5318e-04, 3.4675e-04, 2.5424e-03,
         9.8923e-01],
        [2.1912e-01, 1.4326e-01, 1.5082e-01, 1.0897e-01, 9.7542e-01, 7.7134e-01,
         1.2836e-01],
        [2.4937e-01, 9.7384e-01, 9.9380e-01, 9.6842e-01, 5.1407e-02, 9.9512e-01,
         2.7963e-03],
        [7.7513e-01, 6.8301e-01, 6.2485e-01, 4.3282e-02, 2.4269e-02, 9.2495e-01,
         1.2243e-02],
        [6.3878e-03, 4.0920e-02, 5.7289e-02, 3.6696e-03, 1.5221e-02, 4.2471e-01,
         2.4717e-01],
        [2.7735e-01, 7.7881e-01, 8.7855e-01, 4.4435e-02, 1.1555e-02, 9.5297e-01,
         6.0717e-03],
        [1.5253e-02, 1.8153e-02, 1.8917e-02, 6.1009e-03, 2.6659e-01, 2.6245e-01,
         4.6088e-01],
        [7.2298e-03, 1.8459e-01, 5.2113e-01, 6.2120e-03, 8.1307e-03, 7.6720e-01,
         4.6657e-02],
        [9.5564e-01, 8.8975e-01, 8.1870e-01, 1.7296e-01, 3.7411e-02, 9.6485e-01,
         4.8346e-03],
        [8.9733e-01, 8.4521e-01, 9.5150e-01, 8.8898e-01, 9.9385e-01, 9.8482e-01,
         1.0366e-02],
        [2.8219e-02, 2.3135e-01, 3.2167e-01, 1.1287e-02, 7.5972e-03, 8.0139e-01,
         4.2677e-02],
        [2.3600e-01, 3.8101e-01, 3.1349e-01, 3.0402e-01, 9.8938e-01, 9.0553e-01,
         5.0528e-02],
        [6.6764e-02, 5.7708e-01, 9.1505e-01, 2.0861e-01, 4.9187e-01, 9.7481e-01,
         7.5712e-03],
        [1.2242e-02, 1.4519e-02, 1.1276e-02, 7.9537e-04, 3.4370e-03, 1.1260e-01,
         6.0357e-01],
        [1.7315e-03, 1.7034e-02, 5.7712e-02, 1.0550e-03, 1.7812e-03, 1.4489e-01,
         5.6314e-01],
        [1.2022e-01, 4.5202e-01, 3.8358e-01, 2.3640e-02, 3.2320e-02, 9.1634e-01,
         1.8403e-02],
        [2.6078e-01, 9.5795e-01, 9.8330e-01, 4.0731e-01, 2.9609e-02, 9.8988e-01,
         2.3409e-03],
        [6.8325e-01, 8.7707e-01, 9.3666e-01, 1.4553e-01, 3.2563e-02, 9.7491e-01,
         4.1322e-03],
        [7.8215e-01, 5.0813e-01, 3.4847e-01, 1.5517e-01, 9.1936e-01, 9.2989e-01,
         2.6527e-02],
        [5.7837e-01, 9.0408e-01, 9.8162e-01, 3.4467e-01, 2.6448e-02, 9.8593e-01,
         2.7394e-03],
        [4.7174e-04, 1.2798e-03, 1.3314e-03, 2.4640e-04, 5.1881e-04, 6.8573e-03,
         9.6723e-01],
        [4.1627e-02, 7.5349e-02, 8.7195e-02, 5.0414e-02, 9.2088e-01, 6.6038e-01,
         1.7449e-01],
        [1.8589e-03, 9.7730e-03, 1.4446e-02, 7.9666e-04, 2.2834e-03, 8.6980e-02,
         7.0745e-01],
        [2.4544e-01, 8.8971e-01, 8.4439e-01, 5.5383e-02, 1.5772e-02, 9.5294e-01,
         5.1856e-03],
        [5.5865e-02, 1.5733e-01, 1.2759e-01, 1.1644e-01, 9.7376e-01, 7.8133e-01,
         1.2029e-01],
        [5.0960e-04, 1.8550e-03, 1.8426e-03, 2.4673e-04, 6.1399e-04, 1.1547e-02,
         9.4952e-01],
        [3.3209e-02, 8.8184e-01, 9.2936e-01, 8.0331e-02, 1.0048e-02, 9.6958e-01,
         4.4842e-03],
        [2.4237e-02, 5.3517e-02, 7.6803e-02, 6.4540e-02, 9.4767e-01, 5.3511e-01,
         2.5884e-01],
        [1.7544e-02, 6.9241e-02, 7.0355e-02, 1.0152e-02, 1.4737e-01, 6.0471e-01,
         1.4010e-01],
        [9.1480e-01, 9.5402e-01, 8.6511e-01, 1.9701e-01, 5.8090e-02, 9.7696e-01,
         3.6708e-03],
        [8.5569e-03, 2.8044e-02, 2.5244e-02, 2.2448e-03, 5.1829e-03, 2.5445e-01,
         3.6139e-01],
        [7.5540e-04, 2.8126e-03, 2.5869e-03, 2.9143e-04, 8.9172e-04, 1.9906e-02,
         9.1658e-01],
        [9.7199e-01, 9.6639e-01, 9.2651e-01, 4.4044e-01, 6.3108e-02, 9.8340e-01,
         2.8563e-03],
        [1.6867e-01, 4.9468e-01, 8.1091e-01, 3.0746e-01, 9.3637e-01, 9.6681e-01,
         1.3615e-02],
        [9.8147e-02, 5.6943e-01, 3.1091e-01, 6.3537e-02, 2.8854e-01, 9.3765e-01,
         1.4994e-02]])
[[0, 0, 0, 0, 0, 0], [0, 0, 0, 0, 0, 0], [0, 0, 0, 0, 0, 0], [0, 0, 0, 0, 0, 0], [0, 0, 0, 0, 1, 0], [0, 0, 0, 0, 0, 0], [0, 0, 0, 0, 1, 0], [0, 0, 0, 0, 0, 0], [0, 0, 0, 0, 0, 0], [0, 0, 0, 0, 0, 0], [0, 0, 0, 0, 0, 0], [0, 0, 0, 0, 0, 0], [0, 0, 0, 0, 0, 0], [0, 0, 0, 0, 0, 0], [0, 0, 0, 0, 0, 0], [0, 0, 0, 0, 0, 0], [0, 0, 0, 0, 0, 0], [0, 0, 0, 0, 0, 0], [0, 0, 0, 0, 0, 0], [0, 0, 0, 0, 0, 0], [0, 0, 0, 0, 0, 0], [0, 0, 0, 0, 1, 0], [0, 0, 0, 0, 0, 0], [0, 0, 0, 0, 0, 0], [0, 0, 0, 0, 1, 0], [0, 0, 0, 0, 0, 0], [0, 0, 0, 0, 0, 0], [0, 0, 0, 0, 0, 0], [0, 0, 0, 0, 0, 0], [0, 0, 0, 0, 0, 0], [0, 0, 0, 0, 0, 0], [0, 0, 0, 0, 0, 0], [0, 0, 0, 0, 0, 0], [0, 0, 0, 0, 1, 0], [0, 0, 0, 0, 0, 0], [0, 0, 0, 0, 0, 0], [0, 0, 0, 0, 0, 0], [0, 0, 0, 0, 0, 0], [0, 0, 0, 0, 0, 0], [0, 0, 0, 0, 0, 0], [0, 0, 0, 0, 0, 0], [0, 0, 0, 0, 0, 0], [0, 0, 0, 0, 0, 0], [0, 0, 0, 0, 0, 0], [0, 0, 0, 0, 0, 0], [0, 0, 0, 0, 0, 0], [0, 0, 0, 0, 0, 0], [0, 0, 0, 0, 0, 0], [0, 0, 0, 0, 0, 0], [0, 0, 0, 0, 1, 0]]
[array([0., 1., 1., 0., 0., 1.]), array([0., 0., 0., 0., 0., 1.]), array([0., 0., 1., 0., 1., 1.]), array([0., 0., 0., 0., 0., 1.]), array([0., 1., 1., 0., 0., 1.]), array([0., 0., 0., 0., 0., 1.]), array([0., 0., 0., 0., 1., 1.]), array([0., 0., 0., 0., 0., 0.]), array([0., 0., 0., 0., 0., 0.]), array([0., 0., 0., 0., 0., 1.]), array([0., 1., 1., 1., 0., 1.]), array([0., 1., 1., 0., 0., 1.]), array([0., 0., 1., 0., 1., 1.]), array([0., 0., 1., 0., 0., 1.]), array([0., 1., 1., 1., 0., 1.]), array([0., 0., 0., 0., 0., 0.]), array([0., 0., 0., 0., 1., 1.]), array([0., 1., 1., 1., 0., 1.]), array([1., 1., 1., 0., 0., 1.]), array([0., 0., 0., 0., 0., 0.]), array([0., 1., 1., 0., 0., 1.]), array([0., 0., 0., 0., 0., 0.]), array([0., 0., 1., 0., 0., 1.]), array([1., 1., 1., 0., 0., 1.]), array([1., 1., 1., 1., 1., 1.]), array([0., 0., 0., 0., 0., 1.]), array([0., 0., 0., 0., 1., 1.]), array([0., 1., 1., 0., 0., 1.]), array([0., 0., 0., 0., 0., 0.]), array([0., 0., 0., 0., 0., 0.]), array([0., 0., 0., 0., 0., 1.]), array([0., 1., 1., 0., 0., 1.]), array([1., 1., 1., 0., 0., 1.]), array([1., 1., 0., 0., 1., 1.]), array([1., 1., 1., 0., 0., 1.]), array([0., 0., 0., 0., 0., 0.]), array([0., 0., 0., 0., 1., 1.]), array([0., 0., 0., 0., 0., 0.]), array([0., 1., 1., 0., 0., 1.]), array([0., 0., 0., 0., 1., 1.]), array([0., 0., 0., 0., 0., 0.]), array([0., 1., 1., 0., 0., 1.]), array([0., 0., 0., 0., 1., 1.]), array([0., 0., 0., 0., 0., 1.]), array([1., 1., 1., 0., 0., 1.]), array([0., 0., 0., 0., 0., 0.]), array([0., 0., 0., 0., 0., 0.]), array([1., 1., 1., 0., 0., 1.]), array([0., 0., 1., 0., 1., 1.]), array([0., 1., 0., 0., 0., 1.])]
