START ti 7.2.2023 05.05.54 +0200
Namespace(model='models/transfer-devset', data='data/test_fi_deepl.jsonl', tokenizer='TurkuNLP/bert-base-finnish-cased-v1', filename='testxlmr.tsv', new_test=True, threshold=0.5)
                                                   text  ...                 labels
0     Persujen mamu-puputus kyllästyttää  mutta mamu...  ...  [0, 0, 0, 0, 0, 1, 0]
1     Suvakit ja hyysärit haluaa saada lapset omaan ...  ...  [0, 0, 0, 0, 0, 1, 0]
2     VIELÄ YKSI ASIA! NÄMÄ EI OLE HENKILÖVAALIT,VAA...  ...  [0, 0, 0, 0, 0, 0, 1]
3     Halosen aikana on lapsiin ja naisiin kohdistun...  ...  [0, 0, 0, 0, 0, 1, 0]
4     Byää! Byää! Jos tulee vammoja, byää! Saatanan ...  ...  [0, 0, 0, 0, 0, 1, 0]
...                                                 ...  ...                    ...
2255  Haista sinä vittu. Ryssähän se tänne on koko a...  ...  [0, 0, 0, 0, 0, 0, 1]
2256  Äsen Ylen uutisissa: Lapin käräjäoikeus on hyl...  ...  [0, 0, 0, 0, 0, 0, 1]
2257  mä en jaksa enää sitä haukkumista,perkele kun ...  ...  [0, 0, 0, 0, 0, 0, 1]
2258  Ei ainakaan Chrome tyrkytä. Se aina kysyy että...  ...  [0, 0, 0, 0, 0, 0, 1]
2259  Eihän noi ole ku paskapentuja 1 kaljan jälkeen...  ...  [0, 0, 0, 0, 1, 0, 0]

[2260 rows x 3 columns]
Dataset({
    features: ['text', 'id', 'labels'],
    num_rows: 2260
})
before change
[[0. 0. 0. 0. 0. 0. 1.]
 [0. 0. 0. 0. 0. 0. 1.]
 [0. 0. 0. 0. 0. 0. 1.]
 [0. 0. 0. 0. 0. 0. 1.]
 [0. 0. 0. 0. 0. 0. 1.]
 [0. 0. 0. 0. 0. 0. 1.]
 [0. 0. 0. 0. 0. 0. 1.]
 [0. 0. 0. 0. 0. 0. 1.]
 [0. 0. 0. 0. 0. 0. 1.]
 [0. 0. 0. 0. 0. 0. 1.]
 [0. 0. 0. 0. 0. 0. 1.]
 [0. 0. 0. 0. 0. 0. 1.]
 [0. 0. 0. 0. 0. 0. 1.]
 [0. 0. 0. 0. 0. 0. 1.]
 [0. 0. 0. 0. 0. 0. 1.]
 [0. 0. 0. 0. 0. 0. 1.]
 [0. 0. 0. 0. 0. 0. 1.]
 [0. 0. 0. 0. 0. 0. 1.]
 [0. 0. 0. 0. 0. 0. 1.]
 [0. 0. 0. 0. 0. 0. 1.]
 [0. 0. 0. 0. 0. 0. 1.]
 [0. 0. 0. 0. 0. 0. 1.]
 [0. 0. 0. 0. 0. 0. 1.]
 [0. 0. 0. 0. 0. 0. 1.]
 [0. 0. 0. 0. 0. 0. 1.]
 [0. 0. 0. 0. 0. 0. 1.]
 [0. 0. 0. 0. 0. 0. 1.]
 [0. 0. 0. 0. 0. 0. 1.]
 [0. 0. 0. 0. 0. 0. 1.]
 [0. 0. 0. 0. 0. 0. 1.]]
tensor([[1.0488e-03, 1.3349e-03, 9.7527e-04, 1.0465e-04, 5.7451e-04, 1.0459e-02,
         9.5613e-01],
        [1.0760e-03, 1.2708e-03, 6.9015e-04, 1.1360e-04, 5.9255e-04, 8.4147e-03,
         9.6633e-01],
        [3.3081e-04, 2.5282e-04, 1.9856e-04, 1.3682e-04, 2.0893e-04, 8.5684e-04,
         9.9659e-01],
        [3.2295e-04, 2.2937e-04, 1.9319e-04, 1.7223e-04, 2.1355e-04, 6.4309e-04,
         9.9753e-01],
        [3.5142e-04, 2.8535e-04, 2.1794e-04, 1.2318e-04, 2.1933e-04, 1.1024e-03,
         9.9559e-01],
        [3.5037e-04, 2.8950e-04, 2.2741e-04, 1.2184e-04, 2.1976e-04, 1.1460e-03,
         9.9539e-01],
        [3.5643e-04, 2.9611e-04, 2.3022e-04, 1.1960e-04, 2.2124e-04, 1.1986e-03,
         9.9517e-01],
        [3.4999e-04, 2.7913e-04, 2.2285e-04, 1.2020e-04, 2.1306e-04, 1.0960e-03,
         9.9554e-01],
        [3.9586e-04, 3.4822e-04, 2.7183e-04, 1.0930e-04, 2.4109e-04, 1.6090e-03,
         9.9346e-01],
        [3.6120e-04, 3.0817e-04, 2.4721e-04, 1.1444e-04, 2.2067e-04, 1.3231e-03,
         9.9462e-01]])
[[0. 0. 0. ... 0. 0. 1.]
 [0. 0. 0. ... 0. 0. 1.]
 [0. 0. 0. ... 0. 0. 1.]
 ...
 [0. 0. 0. ... 0. 0. 1.]
 [0. 0. 0. ... 0. 0. 1.]
 [0. 0. 0. ... 0. 0. 1.]]
[array([0, 0, 0, 0, 0, 1]), array([0, 0, 0, 0, 0, 1]), array([0, 0, 0, 0, 0, 0]), array([0, 0, 0, 0, 0, 1]), array([0, 0, 0, 0, 0, 1]), array([0, 0, 0, 0, 0, 1]), array([0, 0, 0, 0, 0, 1]), array([0, 0, 0, 0, 0, 1]), array([0, 0, 0, 0, 0, 0]), array([0, 0, 0, 0, 0, 1]), array([0, 0, 0, 0, 0, 1]), array([0, 0, 0, 0, 0, 0]), array([0, 0, 0, 0, 0, 1]), array([0, 0, 0, 0, 0, 1]), array([0, 0, 0, 0, 0, 1]), array([0, 0, 0, 0, 0, 1]), array([0, 0, 0, 0, 0, 0]), array([0, 0, 0, 0, 0, 1]), array([0, 0, 0, 0, 0, 0]), array([0, 0, 0, 0, 0, 1]), array([0, 0, 0, 0, 0, 1]), array([0, 0, 0, 0, 0, 1]), array([0, 0, 0, 0, 0, 0]), array([0, 0, 0, 0, 0, 1]), array([0, 0, 0, 0, 0, 1]), array([0, 0, 0, 0, 0, 1]), array([0, 0, 0, 0, 0, 1]), array([0, 0, 0, 0, 0, 1]), array([0, 0, 0, 0, 0, 1]), array([0, 0, 0, 0, 0, 1])]
[array([0, 0, 0, 0, 0, 1]), array([0, 0, 0, 0, 0, 1]), array([0, 0, 0, 0, 0, 0]), array([0, 0, 0, 0, 0, 1]), array([0, 0, 0, 0, 0, 1]), array([0, 0, 0, 0, 0, 1]), array([0, 0, 0, 0, 0, 1]), array([0, 0, 0, 0, 0, 1]), array([0, 0, 0, 0, 0, 0]), array([0, 0, 0, 0, 0, 1]), array([0, 0, 0, 0, 0, 1]), array([0, 0, 0, 0, 0, 0]), array([0, 0, 0, 0, 0, 1]), array([0, 0, 0, 0, 0, 1]), array([0, 0, 0, 0, 0, 1]), array([0, 0, 0, 0, 0, 1]), array([0, 0, 0, 0, 0, 0]), array([0, 0, 0, 0, 0, 1]), array([0, 0, 0, 0, 0, 0]), array([0, 0, 0, 0, 0, 1]), array([0, 0, 0, 0, 0, 1]), array([0, 0, 0, 0, 0, 1]), array([0, 0, 0, 0, 0, 0]), array([0, 0, 0, 0, 0, 1]), array([0, 0, 0, 0, 0, 1]), array([0, 0, 0, 0, 0, 1]), array([0, 0, 0, 0, 0, 1]), array([0, 0, 0, 0, 0, 1]), array([0, 0, 0, 0, 0, 1]), array([0, 0, 0, 0, 0, 1])]
[array([0., 0., 0., 0., 0., 0.]), array([0., 0., 0., 0., 0., 0.]), array([0., 0., 0., 0., 0., 0.]), array([0., 0., 0., 0., 0., 0.]), array([0., 0., 0., 0., 0., 0.]), array([0., 0., 0., 0., 0., 0.]), array([0., 0., 0., 0., 0., 0.]), array([0., 0., 0., 0., 0., 0.]), array([0., 0., 0., 0., 0., 0.]), array([0., 0., 0., 0., 0., 0.]), array([0., 0., 0., 0., 0., 0.]), array([0., 0., 0., 0., 0., 0.]), array([0., 0., 0., 0., 0., 0.]), array([0., 0., 0., 0., 0., 0.]), array([0., 0., 0., 0., 0., 0.]), array([0., 0., 0., 0., 0., 0.]), array([0., 0., 0., 0., 0., 0.]), array([0., 0., 0., 0., 0., 0.]), array([0., 0., 0., 0., 0., 0.]), array([0., 0., 0., 0., 0., 0.]), array([0., 0., 0., 0., 0., 0.]), array([0., 0., 0., 0., 0., 0.]), array([0., 0., 0., 0., 0., 0.]), array([0., 0., 0., 0., 0., 0.]), array([0., 0., 0., 0., 0., 0.]), array([0., 0., 0., 0., 0., 0.]), array([0., 0., 0., 0., 0., 0.]), array([0., 0., 0., 0., 0., 0.]), array([0., 0., 0., 0., 0., 0.]), array([0., 0., 0., 0., 0., 0.])]
                       precision    recall  f1-score   support

label_identity_attack       0.00      0.00      0.00       131
         label_insult       0.00      0.00      0.00       145
        label_obscene       0.00      0.00      0.00       170
label_severe_toxicity       0.00      0.00      0.00        25
         label_threat       0.00      0.00      0.00        40
       label_toxicity       0.33      0.01      0.02       158

            micro avg       0.22      0.00      0.01       669
            macro avg       0.06      0.00      0.00       669
         weighted avg       0.08      0.00      0.01       669
          samples avg       0.00      0.00      0.00       669

huggingface/tokenizers: The current process just got forked, after parallelism has already been used. Disabling parallelism to avoid deadlocks...
To disable this warning, you can either:
	- Avoid using `tokenizers` before the fork if possible
	- Explicitly set the environment variable TOKENIZERS_PARALLELISM=(true | false)
huggingface/tokenizers: The current process just got forked, after parallelism has already been used. Disabling parallelism to avoid deadlocks...
To disable this warning, you can either:
	- Avoid using `tokenizers` before the fork if possible
	- Explicitly set the environment variable TOKENIZERS_PARALLELISM=(true | false)
huggingface/tokenizers: The current process just got forked, after parallelism has already been used. Disabling parallelism to avoid deadlocks...
To disable this warning, you can either:
	- Avoid using `tokenizers` before the fork if possible
	- Explicitly set the environment variable TOKENIZERS_PARALLELISM=(true | false)
huggingface/tokenizers: The current process just got forked, after parallelism has already been used. Disabling parallelism to avoid deadlocks...
To disable this warning, you can either:
	- Avoid using `tokenizers` before the fork if possible
	- Explicitly set the environment variable TOKENIZERS_PARALLELISM=(true | false)
huggingface/tokenizers: The current process just got forked, after parallelism has already been used. Disabling parallelism to avoid deadlocks...
To disable this warning, you can either:
	- Avoid using `tokenizers` before the fork if possible
	- Explicitly set the environment variable TOKENIZERS_PARALLELISM=(true | false)
huggingface/tokenizers: The current process just got forked, after parallelism has already been used. Disabling parallelism to avoid deadlocks...
To disable this warning, you can either:
	- Avoid using `tokenizers` before the fork if possible
	- Explicitly set the environment variable TOKENIZERS_PARALLELISM=(true | false)
huggingface/tokenizers: The current process just got forked, after parallelism has already been used. Disabling parallelism to avoid deadlocks...
To disable this warning, you can either:
	- Avoid using `tokenizers` before the fork if possible
	- Explicitly set the environment variable TOKENIZERS_PARALLELISM=(true | false)
huggingface/tokenizers: The current process just got forked, after parallelism has already been used. Disabling parallelism to avoid deadlocks...
To disable this warning, you can either:
	- Avoid using `tokenizers` before the fork if possible
	- Explicitly set the environment variable TOKENIZERS_PARALLELISM=(true | false)
huggingface/tokenizers: The current process just got forked, after parallelism has already been used. Disabling parallelism to avoid deadlocks...
To disable this warning, you can either:
	- Avoid using `tokenizers` before the fork if possible
	- Explicitly set the environment variable TOKENIZERS_PARALLELISM=(true | false)
{'eval_accuracy': 0.7030973451327434,
 'eval_f1': 0.005899705014749263,
 'eval_f1_macro': 0.004065040650406504,
 'eval_hamming loss': 0.04970501474926254,
 'eval_loss': 0.5329577922821045,
 'eval_macro_roc_auc': 0.5007771272698709,
 'eval_micro_roc_auc': 0.5012232610577894,
 'eval_precision': 0.2222222222222222,
 'eval_probs_roc_auc': 1.0,
 'eval_recall': 0.0029895366218236174,
 'eval_runtime': 27.3812,
 'eval_samples_per_second': 82.538,
 'eval_steps_per_second': 10.336}
before change
[[0. 0. 0. 0. 0. 0. 1.]
 [0. 0. 0. 0. 0. 0. 1.]
 [0. 0. 0. 0. 0. 0. 1.]
 [0. 0. 0. 0. 0. 0. 1.]
 [0. 0. 0. 0. 0. 0. 1.]
 [0. 0. 0. 0. 0. 0. 1.]
 [0. 0. 0. 0. 0. 0. 1.]
 [0. 0. 0. 0. 0. 0. 1.]
 [0. 0. 0. 0. 0. 0. 1.]
 [0. 0. 0. 0. 0. 0. 1.]
 [0. 0. 0. 0. 0. 0. 1.]
 [0. 0. 0. 0. 0. 0. 1.]
 [0. 0. 0. 0. 0. 0. 1.]
 [0. 0. 0. 0. 0. 0. 1.]
 [0. 0. 0. 0. 0. 0. 1.]
 [0. 0. 0. 0. 0. 0. 1.]
 [0. 0. 0. 0. 0. 0. 1.]
 [0. 0. 0. 0. 0. 0. 1.]
 [0. 0. 0. 0. 0. 0. 1.]
 [0. 0. 0. 0. 0. 0. 1.]
 [0. 0. 0. 0. 0. 0. 1.]
 [0. 0. 0. 0. 0. 0. 1.]
 [0. 0. 0. 0. 0. 0. 1.]
 [0. 0. 0. 0. 0. 0. 1.]
 [0. 0. 0. 0. 0. 0. 1.]
 [0. 0. 0. 0. 0. 0. 1.]
 [0. 0. 0. 0. 0. 0. 1.]
 [0. 0. 0. 0. 0. 0. 1.]
 [0. 0. 0. 0. 0. 0. 1.]
 [0. 0. 0. 0. 0. 0. 1.]]
tensor([[1.0488e-03, 1.3349e-03, 9.7527e-04, 1.0465e-04, 5.7451e-04, 1.0459e-02,
         9.5613e-01],
        [1.0760e-03, 1.2708e-03, 6.9015e-04, 1.1360e-04, 5.9255e-04, 8.4147e-03,
         9.6633e-01],
        [3.3081e-04, 2.5282e-04, 1.9856e-04, 1.3682e-04, 2.0893e-04, 8.5684e-04,
         9.9659e-01],
        [3.2295e-04, 2.2937e-04, 1.9319e-04, 1.7223e-04, 2.1355e-04, 6.4309e-04,
         9.9753e-01],
        [3.5142e-04, 2.8535e-04, 2.1794e-04, 1.2318e-04, 2.1933e-04, 1.1024e-03,
         9.9559e-01],
        [3.5037e-04, 2.8950e-04, 2.2741e-04, 1.2184e-04, 2.1976e-04, 1.1460e-03,
         9.9539e-01],
        [3.5643e-04, 2.9611e-04, 2.3022e-04, 1.1960e-04, 2.2124e-04, 1.1986e-03,
         9.9517e-01],
        [3.4999e-04, 2.7913e-04, 2.2285e-04, 1.2020e-04, 2.1306e-04, 1.0960e-03,
         9.9554e-01],
        [3.9586e-04, 3.4822e-04, 2.7183e-04, 1.0930e-04, 2.4109e-04, 1.6090e-03,
         9.9346e-01],
        [3.6120e-04, 3.0817e-04, 2.4721e-04, 1.1444e-04, 2.2067e-04, 1.3231e-03,
         9.9462e-01]])
[[0. 0. 0. ... 0. 0. 1.]
 [0. 0. 0. ... 0. 0. 1.]
 [0. 0. 0. ... 0. 0. 1.]
 ...
 [0. 0. 0. ... 0. 0. 1.]
 [0. 0. 0. ... 0. 0. 1.]
 [0. 0. 0. ... 0. 0. 1.]]
[array([0, 0, 0, 0, 0, 1]), array([0, 0, 0, 0, 0, 1]), array([0, 0, 0, 0, 0, 0]), array([0, 0, 0, 0, 0, 1]), array([0, 0, 0, 0, 0, 1]), array([0, 0, 0, 0, 0, 1]), array([0, 0, 0, 0, 0, 1]), array([0, 0, 0, 0, 0, 1]), array([0, 0, 0, 0, 0, 0]), array([0, 0, 0, 0, 0, 1]), array([0, 0, 0, 0, 0, 1]), array([0, 0, 0, 0, 0, 0]), array([0, 0, 0, 0, 0, 1]), array([0, 0, 0, 0, 0, 1]), array([0, 0, 0, 0, 0, 1]), array([0, 0, 0, 0, 0, 1]), array([0, 0, 0, 0, 0, 0]), array([0, 0, 0, 0, 0, 1]), array([0, 0, 0, 0, 0, 0]), array([0, 0, 0, 0, 0, 1]), array([0, 0, 0, 0, 0, 1]), array([0, 0, 0, 0, 0, 1]), array([0, 0, 0, 0, 0, 0]), array([0, 0, 0, 0, 0, 1]), array([0, 0, 0, 0, 0, 1]), array([0, 0, 0, 0, 0, 1]), array([0, 0, 0, 0, 0, 1]), array([0, 0, 0, 0, 0, 1]), array([0, 0, 0, 0, 0, 1]), array([0, 0, 0, 0, 0, 1])]
[array([0, 0, 0, 0, 0, 1]), array([0, 0, 0, 0, 0, 1]), array([0, 0, 0, 0, 0, 0]), array([0, 0, 0, 0, 0, 1]), array([0, 0, 0, 0, 0, 1]), array([0, 0, 0, 0, 0, 1]), array([0, 0, 0, 0, 0, 1]), array([0, 0, 0, 0, 0, 1]), array([0, 0, 0, 0, 0, 0]), array([0, 0, 0, 0, 0, 1]), array([0, 0, 0, 0, 0, 1]), array([0, 0, 0, 0, 0, 0]), array([0, 0, 0, 0, 0, 1]), array([0, 0, 0, 0, 0, 1]), array([0, 0, 0, 0, 0, 1]), array([0, 0, 0, 0, 0, 1]), array([0, 0, 0, 0, 0, 0]), array([0, 0, 0, 0, 0, 1]), array([0, 0, 0, 0, 0, 0]), array([0, 0, 0, 0, 0, 1]), array([0, 0, 0, 0, 0, 1]), array([0, 0, 0, 0, 0, 1]), array([0, 0, 0, 0, 0, 0]), array([0, 0, 0, 0, 0, 1]), array([0, 0, 0, 0, 0, 1]), array([0, 0, 0, 0, 0, 1]), array([0, 0, 0, 0, 0, 1]), array([0, 0, 0, 0, 0, 1]), array([0, 0, 0, 0, 0, 1]), array([0, 0, 0, 0, 0, 1])]
[array([0., 0., 0., 0., 0., 0.]), array([0., 0., 0., 0., 0., 0.]), array([0., 0., 0., 0., 0., 0.]), array([0., 0., 0., 0., 0., 0.]), array([0., 0., 0., 0., 0., 0.]), array([0., 0., 0., 0., 0., 0.]), array([0., 0., 0., 0., 0., 0.]), array([0., 0., 0., 0., 0., 0.]), array([0., 0., 0., 0., 0., 0.]), array([0., 0., 0., 0., 0., 0.]), array([0., 0., 0., 0., 0., 0.]), array([0., 0., 0., 0., 0., 0.]), array([0., 0., 0., 0., 0., 0.]), array([0., 0., 0., 0., 0., 0.]), array([0., 0., 0., 0., 0., 0.]), array([0., 0., 0., 0., 0., 0.]), array([0., 0., 0., 0., 0., 0.]), array([0., 0., 0., 0., 0., 0.]), array([0., 0., 0., 0., 0., 0.]), array([0., 0., 0., 0., 0., 0.]), array([0., 0., 0., 0., 0., 0.]), array([0., 0., 0., 0., 0., 0.]), array([0., 0., 0., 0., 0., 0.]), array([0., 0., 0., 0., 0., 0.]), array([0., 0., 0., 0., 0., 0.]), array([0., 0., 0., 0., 0., 0.]), array([0., 0., 0., 0., 0., 0.]), array([0., 0., 0., 0., 0., 0.]), array([0., 0., 0., 0., 0., 0.]), array([0., 0., 0., 0., 0., 0.])]
                       precision    recall  f1-score   support

label_identity_attack       0.00      0.00      0.00       131
         label_insult       0.00      0.00      0.00       145
        label_obscene       0.00      0.00      0.00       170
label_severe_toxicity       0.00      0.00      0.00        25
         label_threat       0.00      0.00      0.00        40
       label_toxicity       0.33      0.01      0.02       158

            micro avg       0.22      0.00      0.01       669
            macro avg       0.06      0.00      0.00       669
         weighted avg       0.08      0.00      0.01       669
          samples avg       0.00      0.00      0.00       669

[[-6.8590593 -6.61757   -6.931821  -9.1648245 -7.4614134 -4.549748
   3.0816453]
 [-6.833387  -6.6668587 -7.277911  -9.082702  -7.4304867 -4.7693195
   3.3570337]
 [-8.013643  -8.282582  -8.5241995 -8.8966875 -8.473293  -7.061399
   5.6766477]
 [-8.037689  -8.379934  -8.551658  -8.66648   -8.451428  -7.3485813
   6.0023594]
 [-7.95318   -8.161491  -8.431076  -9.001731  -8.424724  -6.8091354
   5.4194403]
 [-7.9561667 -8.147074  -8.388543  -9.01269   -8.422772  -6.770316
   5.3759384]
 [-7.939025  -8.124467  -8.376245  -9.031197  -8.416027  -6.7254343
   5.3281975]
 [-7.9572554 -8.1835375 -8.408791  -9.026253  -8.453735  -6.8149676
   5.408502 ]
 [-7.8340425 -7.9623394 -8.210047  -9.121325  -8.330114  -6.430528
   5.0229087]
 [-7.925719  -8.084539  -8.305035  -9.075307  -8.418629  -6.626439
   5.2188983]]
before change
[[0. 0. 0. 0. 0. 0. 1.]
 [0. 0. 0. 0. 0. 0. 1.]
 [0. 0. 0. 0. 0. 0. 1.]
 [0. 0. 0. 0. 0. 0. 1.]
 [0. 0. 0. 0. 0. 0. 1.]
 [0. 0. 0. 0. 0. 0. 1.]
 [0. 0. 0. 0. 0. 0. 1.]
 [0. 0. 0. 0. 0. 0. 1.]
 [0. 0. 0. 0. 0. 0. 1.]
 [0. 0. 0. 0. 0. 0. 1.]
 [0. 0. 0. 0. 0. 0. 1.]
 [0. 0. 0. 0. 0. 0. 1.]
 [0. 0. 0. 0. 0. 0. 1.]
 [0. 0. 0. 0. 0. 0. 1.]
 [0. 0. 0. 0. 0. 0. 1.]
 [0. 0. 0. 0. 0. 0. 1.]
 [0. 0. 0. 0. 0. 0. 1.]
 [0. 0. 0. 0. 0. 0. 1.]
 [0. 0. 0. 0. 0. 0. 1.]
 [0. 0. 0. 0. 0. 0. 1.]
 [0. 0. 0. 0. 0. 0. 1.]
 [0. 0. 0. 0. 0. 0. 1.]
 [0. 0. 0. 0. 0. 0. 1.]
 [0. 0. 0. 0. 0. 0. 1.]
 [0. 0. 0. 0. 0. 0. 1.]
 [0. 0. 0. 0. 0. 0. 1.]
 [0. 0. 0. 0. 0. 0. 1.]
 [0. 0. 0. 0. 0. 0. 1.]
 [0. 0. 0. 0. 0. 0. 1.]
 [0. 0. 0. 0. 0. 0. 1.]
 [0. 0. 0. 0. 0. 0. 1.]
 [0. 0. 0. 0. 0. 0. 1.]
 [0. 0. 0. 0. 0. 0. 1.]
 [0. 0. 0. 0. 0. 0. 1.]
 [0. 0. 0. 0. 0. 0. 1.]
 [0. 0. 0. 0. 0. 0. 1.]
 [0. 0. 0. 0. 0. 0. 1.]
 [0. 0. 0. 0. 0. 0. 1.]
 [0. 0. 0. 0. 0. 0. 1.]
 [0. 0. 0. 0. 0. 0. 1.]
 [0. 0. 0. 0. 0. 0. 1.]
 [0. 0. 0. 0. 0. 0. 1.]
 [0. 0. 0. 0. 0. 0. 1.]
 [0. 0. 0. 0. 0. 0. 1.]
 [0. 0. 0. 0. 0. 0. 1.]
 [0. 0. 0. 0. 0. 0. 1.]
 [0. 0. 0. 0. 0. 0. 1.]
 [0. 0. 0. 0. 0. 0. 1.]
 [0. 0. 0. 0. 0. 0. 1.]
 [0. 0. 0. 0. 0. 0. 1.]]
tensor([[3.2132e-04, 2.3328e-04, 1.9606e-04, 1.5507e-04, 2.0552e-04, 7.1576e-04,
         9.9718e-01],
        [4.6892e-04, 4.3125e-04, 3.1509e-04, 1.0411e-04, 2.7304e-04, 2.2088e-03,
         9.9095e-01],
        [1.2257e-03, 1.4813e-03, 7.4939e-04, 1.2131e-04, 6.6839e-04, 9.8540e-03,
         9.6082e-01],
        [3.3277e-04, 2.6309e-04, 2.1214e-04, 1.3048e-04, 2.1073e-04, 9.5746e-04,
         9.9617e-01],
        [3.5155e-04, 2.9505e-04, 2.3419e-04, 1.1616e-04, 2.1382e-04, 1.2082e-03,
         9.9508e-01],
        [5.6902e-04, 5.2925e-04, 3.5194e-04, 1.0043e-04, 3.2225e-04, 2.8834e-03,
         9.8830e-01],
        [3.3717e-04, 2.7386e-04, 2.2005e-04, 1.2422e-04, 2.0796e-04, 1.0594e-03,
         9.9575e-01],
        [3.4607e-04, 2.7986e-04, 2.2311e-04, 1.2048e-04, 2.1161e-04, 1.1038e-03,
         9.9552e-01],
        [3.2666e-04, 2.2803e-04, 1.9364e-04, 1.7675e-04, 2.1233e-04, 6.2857e-04,
         9.9759e-01],
        [3.4190e-04, 2.6412e-04, 2.0790e-04, 1.2800e-04, 2.1069e-04, 9.6191e-04,
         9.9612e-01],
        [3.2266e-04, 2.3368e-04, 1.9496e-04, 1.5723e-04, 2.0948e-04, 7.0035e-04,
         9.9725e-01],
        [5.2072e-04, 4.9282e-04, 3.4678e-04, 1.0304e-04, 3.0125e-04, 2.6374e-03,
         9.8926e-01],
        [3.3175e-04, 2.6646e-04, 2.2303e-04, 1.2476e-04, 2.0485e-04, 1.0227e-03,
         9.9584e-01],
        [5.7028e-04, 5.8241e-04, 3.9132e-04, 1.0299e-04, 3.2934e-04, 3.2636e-03,
         9.8678e-01],
        [3.2235e-04, 2.3516e-04, 1.9199e-04, 1.5675e-04, 2.0792e-04, 7.0745e-04,
         9.9723e-01],
        [3.2161e-04, 2.6392e-04, 2.2903e-04, 1.2949e-04, 1.9740e-04, 1.0180e-03,
         9.9588e-01],
        [7.4449e-04, 7.6080e-04, 4.4594e-04, 1.0208e-04, 4.1209e-04, 4.4610e-03,
         9.8192e-01],
        [3.5203e-04, 2.8959e-04, 2.2870e-04, 1.1842e-04, 2.1525e-04, 1.1635e-03,
         9.9527e-01],
        [6.2903e-04, 6.1397e-04, 3.8900e-04, 1.0621e-04, 3.5829e-04, 3.4299e-03,
         9.8629e-01],
        [1.1731e-03, 1.3439e-03, 6.7702e-04, 1.2135e-04, 6.3520e-04, 8.6362e-03,
         9.6588e-01],
        [3.5727e-04, 2.9148e-04, 2.2167e-04, 1.2053e-04, 2.2020e-04, 1.1479e-03,
         9.9538e-01],
        [3.9550e-04, 3.4590e-04, 2.6633e-04, 1.0868e-04, 2.3459e-04, 1.5904e-03,
         9.9350e-01],
        [8.6052e-04, 9.1123e-04, 5.3380e-04, 1.0735e-04, 4.8167e-04, 5.6826e-03,
         9.7702e-01],
        [3.5602e-04, 2.9079e-04, 2.2230e-04, 1.2103e-04, 2.1927e-04, 1.1495e-03,
         9.9538e-01],
        [3.8698e-04, 3.3915e-04, 2.6805e-04, 1.0999e-04, 2.3059e-04, 1.5591e-03,
         9.9365e-01],
        [3.2301e-04, 2.4820e-04, 2.0535e-04, 1.3782e-04, 2.0426e-04, 8.4931e-04,
         9.9660e-01],
        [3.7160e-04, 3.1745e-04, 2.4764e-04, 1.1219e-04, 2.2391e-04, 1.3738e-03,
         9.9439e-01],
        [3.2201e-04, 2.4159e-04, 1.9877e-04, 1.4477e-04, 2.0610e-04, 7.8476e-04,
         9.9689e-01],
        [5.9613e-04, 5.8972e-04, 3.9068e-04, 1.0245e-04, 3.4158e-04, 3.2932e-03,
         9.8652e-01],
        [3.7633e-04, 3.1215e-04, 2.3269e-04, 1.1510e-04, 2.2673e-04, 1.3030e-03,
         9.9474e-01],
        [3.3842e-04, 2.7821e-04, 2.2473e-04, 1.2124e-04, 2.0692e-04, 1.0880e-03,
         9.9558e-01],
        [4.3215e-04, 3.9878e-04, 2.9947e-04, 1.0453e-04, 2.5739e-04, 1.9701e-03,
         9.9196e-01],
        [5.0049e-04, 4.6561e-04, 3.1777e-04, 1.0103e-04, 2.8835e-04, 2.4204e-03,
         9.9014e-01],
        [3.2980e-04, 2.6974e-04, 2.2637e-04, 1.2401e-04, 2.0724e-04, 1.0395e-03,
         9.9578e-01],
        [3.2268e-04, 2.3865e-04, 1.9515e-04, 1.4965e-04, 2.0822e-04, 7.4785e-04,
         9.9705e-01],
        [8.6229e-04, 1.0445e-03, 7.4344e-04, 1.0715e-04, 4.6545e-04, 7.0476e-03,
         9.6980e-01],
        [3.2739e-04, 2.3325e-04, 1.9249e-04, 1.5779e-04, 2.0354e-04, 7.0559e-04,
         9.9723e-01],
        [3.1461e-04, 2.3925e-04, 2.0488e-04, 1.4429e-04, 2.0112e-04, 7.9045e-04,
         9.9685e-01],
        [4.9297e-04, 4.4491e-04, 2.9215e-04, 1.0706e-04, 2.8605e-04, 2.1758e-03,
         9.9123e-01],
        [3.5352e-04, 2.9012e-04, 2.3161e-04, 1.1751e-04, 2.1443e-04, 1.1898e-03,
         9.9517e-01],
        [3.1757e-04, 2.3855e-04, 1.9907e-04, 1.4766e-04, 2.0499e-04, 7.6182e-04,
         9.9698e-01],
        [1.4255e-03, 1.7310e-03, 8.8290e-04, 1.2814e-04, 7.6745e-04, 1.2345e-02,
         9.5199e-01],
        [4.0118e-04, 3.5230e-04, 2.6054e-04, 1.0690e-04, 2.3703e-04, 1.6173e-03,
         9.9341e-01],
        [3.3147e-04, 2.6486e-04, 2.1613e-04, 1.2747e-04, 2.0771e-04, 9.8454e-04,
         9.9603e-01],
        [3.3411e-04, 2.6037e-04, 2.0653e-04, 1.3038e-04, 2.0661e-04, 9.3181e-04,
         9.9626e-01],
        [3.1783e-04, 2.3041e-04, 1.9630e-04, 1.6453e-04, 2.0912e-04, 6.7438e-04,
         9.9739e-01],
        [3.4822e-04, 2.8508e-04, 2.2285e-04, 1.2205e-04, 2.1611e-04, 1.1161e-03,
         9.9550e-01],
        [3.2192e-04, 2.3035e-04, 1.9388e-04, 1.6385e-04, 2.0679e-04, 6.7703e-04,
         9.9737e-01],
        [1.1660e-03, 1.4470e-03, 7.8080e-04, 1.1759e-04, 6.3863e-04, 9.8164e-03,
         9.6074e-01],
        [3.2357e-04, 2.4562e-04, 1.9995e-04, 1.4098e-04, 2.0623e-04, 8.1931e-04,
         9.9674e-01]])
[[0, 0, 0, 0, 0, 0], [0, 0, 0, 0, 0, 0], [0, 0, 0, 0, 0, 0], [0, 0, 0, 0, 0, 0], [0, 0, 0, 0, 1, 0], [0, 0, 0, 0, 0, 0], [0, 0, 0, 0, 1, 0], [0, 0, 0, 0, 0, 0], [0, 0, 0, 0, 0, 0], [0, 0, 0, 0, 0, 0], [0, 0, 0, 0, 0, 0], [0, 0, 0, 0, 0, 0], [0, 0, 0, 0, 0, 0], [0, 0, 0, 0, 0, 0], [0, 0, 0, 0, 0, 0], [0, 0, 0, 0, 0, 0], [0, 0, 0, 0, 0, 0], [0, 0, 0, 0, 0, 0], [0, 0, 0, 0, 0, 0], [0, 0, 0, 0, 0, 0], [0, 0, 0, 0, 0, 0], [0, 0, 0, 0, 1, 0], [0, 0, 0, 0, 0, 0], [0, 0, 0, 0, 0, 0], [0, 0, 0, 0, 1, 0], [0, 0, 0, 0, 0, 0], [0, 0, 0, 0, 0, 0], [0, 0, 0, 0, 0, 0], [0, 0, 0, 0, 0, 0], [0, 0, 0, 0, 0, 0], [0, 0, 0, 0, 0, 0], [0, 0, 0, 0, 0, 0], [0, 0, 0, 0, 0, 0], [0, 0, 0, 0, 1, 0], [0, 0, 0, 0, 0, 0], [0, 0, 0, 0, 0, 0], [0, 0, 0, 0, 0, 0], [0, 0, 0, 0, 0, 0], [0, 0, 0, 0, 0, 0], [0, 0, 0, 0, 0, 0], [0, 0, 0, 0, 0, 0], [0, 0, 0, 0, 0, 0], [0, 0, 0, 0, 0, 0], [0, 0, 0, 0, 0, 0], [0, 0, 0, 0, 0, 0], [0, 0, 0, 0, 0, 0], [0, 0, 0, 0, 0, 0], [0, 0, 0, 0, 0, 0], [0, 0, 0, 0, 0, 0], [0, 0, 0, 0, 1, 0]]
[array([0., 0., 0., 0., 0., 0.]), array([0., 0., 0., 0., 0., 0.]), array([0., 0., 0., 0., 0., 0.]), array([0., 0., 0., 0., 0., 0.]), array([0., 0., 0., 0., 0., 0.]), array([0., 0., 0., 0., 0., 0.]), array([0., 0., 0., 0., 0., 0.]), array([0., 0., 0., 0., 0., 0.]), array([0., 0., 0., 0., 0., 0.]), array([0., 0., 0., 0., 0., 0.]), array([0., 0., 0., 0., 0., 0.]), array([0., 0., 0., 0., 0., 0.]), array([0., 0., 0., 0., 0., 0.]), array([0., 0., 0., 0., 0., 0.]), array([0., 0., 0., 0., 0., 0.]), array([0., 0., 0., 0., 0., 0.]), array([0., 0., 0., 0., 0., 0.]), array([0., 0., 0., 0., 0., 0.]), array([0., 0., 0., 0., 0., 0.]), array([0., 0., 0., 0., 0., 0.]), array([0., 0., 0., 0., 0., 0.]), array([0., 0., 0., 0., 0., 0.]), array([0., 0., 0., 0., 0., 0.]), array([0., 0., 0., 0., 0., 0.]), array([0., 0., 0., 0., 0., 0.]), array([0., 0., 0., 0., 0., 0.]), array([0., 0., 0., 0., 0., 0.]), array([0., 0., 0., 0., 0., 0.]), array([0., 0., 0., 0., 0., 0.]), array([0., 0., 0., 0., 0., 0.]), array([0., 0., 0., 0., 0., 0.]), array([0., 0., 0., 0., 0., 0.]), array([0., 0., 0., 0., 0., 0.]), array([0., 0., 0., 0., 0., 0.]), array([0., 0., 0., 0., 0., 0.]), array([0., 0., 0., 0., 0., 0.]), array([0., 0., 0., 0., 0., 0.]), array([0., 0., 0., 0., 0., 0.]), array([0., 0., 0., 0., 0., 0.]), array([0., 0., 0., 0., 0., 0.]), array([0., 0., 0., 0., 0., 0.]), array([0., 0., 0., 0., 0., 0.]), array([0., 0., 0., 0., 0., 0.]), array([0., 0., 0., 0., 0., 0.]), array([0., 0., 0., 0., 0., 0.]), array([0., 0., 0., 0., 0., 0.]), array([0., 0., 0., 0., 0., 0.]), array([0., 0., 0., 0., 0., 0.]), array([0., 0., 0., 0., 0., 0.]), array([0., 0., 0., 0., 0., 0.])]
END: ti 7.2.2023 05.07.33 +0200
