START ti 7.2.2023 11.26.46 +0200
Namespace(model='models/multi-toxic-large-tr', data='data/test_fi_deepl.jsonl', tokenizer='TurkuNLP/bert-base-finnish-cased-v1', filename='testogmodel2.tsv', new_test=True, threshold=0.5)
                                                   text  ...                 labels
0     Persujen mamu-puputus kyllästyttää  mutta mamu...  ...  [0, 0, 0, 0, 0, 1, 0]
1     Suvakit ja hyysärit haluaa saada lapset omaan ...  ...  [0, 0, 0, 0, 0, 1, 0]
2     VIELÄ YKSI ASIA! NÄMÄ EI OLE HENKILÖVAALIT,VAA...  ...  [0, 0, 0, 0, 0, 0, 1]
3     Halosen aikana on lapsiin ja naisiin kohdistun...  ...  [0, 0, 0, 0, 0, 1, 0]
4     Byää! Byää! Jos tulee vammoja, byää! Saatanan ...  ...  [0, 0, 0, 0, 0, 1, 0]
...                                                 ...  ...                    ...
2255  Haista sinä vittu. Ryssähän se tänne on koko a...  ...  [0, 0, 0, 0, 0, 0, 1]
2256  Äsen Ylen uutisissa: Lapin käräjäoikeus on hyl...  ...  [0, 0, 0, 0, 0, 0, 1]
2257  mä en jaksa enää sitä haukkumista,perkele kun ...  ...  [0, 0, 0, 0, 0, 0, 1]
2258  Ei ainakaan Chrome tyrkytä. Se aina kysyy että...  ...  [0, 0, 0, 0, 0, 0, 1]
2259  Eihän noi ole ku paskapentuja 1 kaljan jälkeen...  ...  [0, 0, 0, 0, 1, 0, 0]

[2260 rows x 3 columns]
Dataset({
    features: ['text', 'id', 'labels'],
    num_rows: 2260
})
before change
[[0. 0. 0. 0. 0. 1. 0.]
 [0. 0. 0. 0. 0. 1. 0.]
 [0. 0. 0. 0. 0. 0. 0.]
 [0. 0. 0. 0. 0. 0. 1.]
 [0. 1. 1. 0. 0. 1. 0.]
 [0. 0. 0. 0. 0. 0. 1.]
 [0. 0. 0. 0. 0. 0. 1.]
 [0. 0. 0. 0. 0. 0. 1.]
 [0. 0. 0. 0. 0. 0. 1.]
 [0. 0. 0. 0. 0. 0. 1.]
 [0. 0. 0. 0. 0. 0. 1.]
 [0. 0. 0. 0. 0. 1. 0.]
 [0. 0. 0. 0. 0. 1. 0.]
 [0. 1. 1. 0. 0. 1. 0.]
 [0. 1. 0. 0. 0. 1. 0.]
 [0. 0. 0. 0. 0. 0. 1.]
 [0. 0. 0. 0. 0. 0. 1.]
 [0. 0. 0. 0. 0. 1. 0.]
 [0. 0. 0. 0. 0. 0. 1.]
 [0. 1. 0. 0. 0. 1. 0.]
 [0. 0. 0. 0. 0. 0. 1.]
 [0. 0. 0. 0. 0. 1. 0.]
 [0. 0. 0. 0. 0. 0. 1.]
 [0. 0. 0. 0. 0. 1. 0.]
 [0. 0. 0. 0. 0. 1. 0.]
 [0. 0. 0. 0. 0. 1. 0.]
 [0. 0. 0. 0. 0. 0. 1.]
 [0. 0. 0. 0. 0. 1. 0.]
 [0. 0. 0. 0. 0. 1. 0.]
 [0. 0. 0. 0. 0. 1. 0.]]
tensor([[3.5180e-01, 1.4440e-01, 1.4695e-01, 5.5855e-03, 7.0196e-03, 8.6674e-01,
         3.6430e-02],
        [2.1145e-01, 9.8144e-02, 5.0422e-02, 3.3354e-03, 4.4607e-03, 7.8683e-01,
         8.2675e-02],
        [9.8683e-03, 1.9923e-02, 1.6018e-02, 1.4745e-03, 4.1320e-03, 2.8401e-01,
         3.9723e-01],
        [1.4779e-03, 3.1790e-03, 4.7861e-03, 2.9648e-04, 3.7552e-04, 2.1159e-02,
         9.0924e-01],
        [3.1849e-01, 9.1394e-01, 9.1006e-01, 1.2647e-01, 8.5235e-03, 9.8390e-01,
         2.9640e-03],
        [1.4776e-03, 3.1785e-03, 4.7856e-03, 2.9642e-04, 3.7546e-04, 2.1157e-02,
         9.0925e-01],
        [1.4778e-03, 3.1788e-03, 4.7859e-03, 2.9645e-04, 3.7550e-04, 2.1158e-02,
         9.0924e-01],
        [1.4778e-03, 3.1789e-03, 4.7861e-03, 2.9647e-04, 3.7552e-04, 2.1159e-02,
         9.0924e-01],
        [1.4778e-03, 3.1789e-03, 4.7861e-03, 2.9647e-04, 3.7552e-04, 2.1159e-02,
         9.0924e-01],
        [1.4776e-03, 3.1786e-03, 4.7857e-03, 2.9643e-04, 3.7547e-04, 2.1157e-02,
         9.0925e-01]])
[[0. 0. 0. ... 0. 1. 0.]
 [0. 0. 0. ... 0. 1. 0.]
 [0. 0. 0. ... 0. 0. 0.]
 ...
 [0. 1. 1. ... 0. 1. 0.]
 [0. 0. 0. ... 0. 0. 1.]
 [0. 1. 1. ... 0. 1. 0.]]
[array([0, 0, 0, 0, 0, 1]), array([0, 0, 0, 0, 0, 1]), array([0, 0, 0, 0, 0, 0]), array([0, 0, 0, 0, 0, 1]), array([0, 0, 0, 0, 0, 1]), array([0, 0, 0, 0, 0, 1]), array([0, 0, 0, 0, 0, 1]), array([0, 0, 0, 0, 0, 1]), array([0, 0, 0, 0, 0, 0]), array([0, 0, 0, 0, 0, 1]), array([0, 0, 0, 0, 0, 1]), array([0, 0, 0, 0, 0, 0]), array([0, 0, 0, 0, 0, 1]), array([0, 0, 0, 0, 0, 1]), array([0, 0, 0, 0, 0, 1]), array([0, 0, 0, 0, 0, 1]), array([0, 0, 0, 0, 0, 0]), array([0, 0, 0, 0, 0, 1]), array([0, 0, 0, 0, 0, 0]), array([0, 0, 0, 0, 0, 1]), array([0, 0, 0, 0, 0, 1]), array([0, 0, 0, 0, 0, 1]), array([0, 0, 0, 0, 0, 0]), array([0, 0, 0, 0, 0, 1]), array([0, 0, 0, 0, 0, 1]), array([0, 0, 0, 0, 0, 1]), array([0, 0, 0, 0, 0, 1]), array([0, 0, 0, 0, 0, 1]), array([0, 0, 0, 0, 0, 1]), array([0, 0, 0, 0, 0, 1])]
[array([0, 0, 0, 0, 0, 1]), array([0, 0, 0, 0, 0, 1]), array([0, 0, 0, 0, 0, 0]), array([0, 0, 0, 0, 0, 1]), array([0, 0, 0, 0, 0, 1]), array([0, 0, 0, 0, 0, 1]), array([0, 0, 0, 0, 0, 1]), array([0, 0, 0, 0, 0, 1]), array([0, 0, 0, 0, 0, 0]), array([0, 0, 0, 0, 0, 1]), array([0, 0, 0, 0, 0, 1]), array([0, 0, 0, 0, 0, 0]), array([0, 0, 0, 0, 0, 1]), array([0, 0, 0, 0, 0, 1]), array([0, 0, 0, 0, 0, 1]), array([0, 0, 0, 0, 0, 1]), array([0, 0, 0, 0, 0, 0]), array([0, 0, 0, 0, 0, 1]), array([0, 0, 0, 0, 0, 0]), array([0, 0, 0, 0, 0, 1]), array([0, 0, 0, 0, 0, 1]), array([0, 0, 0, 0, 0, 1]), array([0, 0, 0, 0, 0, 0]), array([0, 0, 0, 0, 0, 1]), array([0, 0, 0, 0, 0, 1]), array([0, 0, 0, 0, 0, 1]), array([0, 0, 0, 0, 0, 1]), array([0, 0, 0, 0, 0, 1]), array([0, 0, 0, 0, 0, 1]), array([0, 0, 0, 0, 0, 1])]
[array([0., 0., 0., 0., 0., 1.]), array([0., 0., 0., 0., 0., 1.]), array([0., 0., 0., 0., 0., 0.]), array([0., 0., 0., 0., 0., 0.]), array([0., 0., 0., 0., 0., 1.]), array([0., 0., 0., 0., 0., 0.]), array([0., 0., 0., 0., 0., 0.]), array([0., 0., 0., 0., 0., 0.]), array([0., 0., 0., 0., 0., 0.]), array([0., 0., 0., 0., 0., 0.]), array([0., 0., 0., 0., 0., 0.]), array([0., 0., 0., 0., 0., 1.]), array([0., 0., 0., 0., 0., 1.]), array([0., 0., 0., 0., 0., 1.]), array([0., 0., 0., 0., 0., 1.]), array([0., 0., 0., 0., 0., 0.]), array([0., 0., 0., 0., 0., 0.]), array([0., 0., 0., 0., 0., 1.]), array([0., 0., 0., 0., 0., 0.]), array([0., 0., 0., 0., 0., 1.]), array([0., 0., 0., 0., 0., 0.]), array([0., 0., 0., 0., 0., 1.]), array([0., 0., 0., 0., 0., 0.]), array([0., 0., 0., 0., 0., 1.]), array([0., 0., 0., 0., 0., 1.]), array([0., 0., 0., 0., 0., 1.]), array([0., 0., 0., 0., 0., 0.]), array([0., 0., 0., 0., 0., 1.]), array([0., 0., 0., 0., 0., 1.]), array([0., 0., 0., 0., 0., 1.])]
                       precision    recall  f1-score   support

label_identity_attack       0.28      0.45      0.35       131
         label_insult       0.13      0.57      0.21       145
        label_obscene       0.15      0.62      0.24       170
label_severe_toxicity       0.10      0.44      0.17        25
         label_threat       0.28      0.50      0.36        40
       label_toxicity       0.09      0.69      0.16       158

            micro avg       0.13      0.58      0.21       669
            macro avg       0.17      0.54      0.25       669
         weighted avg       0.16      0.58      0.24       669
          samples avg       0.17      0.17      0.17       669

huggingface/tokenizers: The current process just got forked, after parallelism has already been used. Disabling parallelism to avoid deadlocks...
To disable this warning, you can either:
	- Avoid using `tokenizers` before the fork if possible
	- Explicitly set the environment variable TOKENIZERS_PARALLELISM=(true | false)
huggingface/tokenizers: The current process just got forked, after parallelism has already been used. Disabling parallelism to avoid deadlocks...
To disable this warning, you can either:
	- Avoid using `tokenizers` before the fork if possible
	- Explicitly set the environment variable TOKENIZERS_PARALLELISM=(true | false)
huggingface/tokenizers: The current process just got forked, after parallelism has already been used. Disabling parallelism to avoid deadlocks...
To disable this warning, you can either:
	- Avoid using `tokenizers` before the fork if possible
	- Explicitly set the environment variable TOKENIZERS_PARALLELISM=(true | false)
huggingface/tokenizers: The current process just got forked, after parallelism has already been used. Disabling parallelism to avoid deadlocks...
To disable this warning, you can either:
	- Avoid using `tokenizers` before the fork if possible
	- Explicitly set the environment variable TOKENIZERS_PARALLELISM=(true | false)
huggingface/tokenizers: The current process just got forked, after parallelism has already been used. Disabling parallelism to avoid deadlocks...
To disable this warning, you can either:
	- Avoid using `tokenizers` before the fork if possible
	- Explicitly set the environment variable TOKENIZERS_PARALLELISM=(true | false)
huggingface/tokenizers: The current process just got forked, after parallelism has already been used. Disabling parallelism to avoid deadlocks...
To disable this warning, you can either:
	- Avoid using `tokenizers` before the fork if possible
	- Explicitly set the environment variable TOKENIZERS_PARALLELISM=(true | false)
huggingface/tokenizers: The current process just got forked, after parallelism has already been used. Disabling parallelism to avoid deadlocks...
To disable this warning, you can either:
	- Avoid using `tokenizers` before the fork if possible
	- Explicitly set the environment variable TOKENIZERS_PARALLELISM=(true | false)
huggingface/tokenizers: The current process just got forked, after parallelism has already been used. Disabling parallelism to avoid deadlocks...
To disable this warning, you can either:
	- Avoid using `tokenizers` before the fork if possible
	- Explicitly set the environment variable TOKENIZERS_PARALLELISM=(true | false)
huggingface/tokenizers: The current process just got forked, after parallelism has already been used. Disabling parallelism to avoid deadlocks...
To disable this warning, you can either:
	- Avoid using `tokenizers` before the fork if possible
	- Explicitly set the environment variable TOKENIZERS_PARALLELISM=(true | false)
{'eval_accuracy': 0.37079646017699114,
 'eval_f1': 0.21470180305131756,
 'eval_f1_macro': 0.24775054020311024,
 'eval_hamming loss': 0.20877581120943953,
 'eval_loss': 1.0570708513259888,
 'eval_macro_roc_auc': 0.6717883449281489,
 'eval_micro_roc_auc': 0.6903702412744596,
 'eval_precision': 0.13181198910081743,
 'eval_probs_roc_auc': 1.0,
 'eval_recall': 0.57847533632287,
 'eval_runtime': 76.105,
 'eval_samples_per_second': 29.696,
 'eval_steps_per_second': 3.719}
before change
[[0. 0. 0. 0. 0. 1. 0.]
 [0. 0. 0. 0. 0. 1. 0.]
 [0. 0. 0. 0. 0. 0. 0.]
 [0. 0. 0. 0. 0. 0. 1.]
 [0. 1. 1. 0. 0. 1. 0.]
 [0. 0. 0. 0. 0. 0. 1.]
 [0. 0. 0. 0. 0. 0. 1.]
 [0. 0. 0. 0. 0. 0. 1.]
 [0. 0. 0. 0. 0. 0. 1.]
 [0. 0. 0. 0. 0. 0. 1.]
 [0. 0. 0. 0. 0. 0. 1.]
 [0. 0. 0. 0. 0. 1. 0.]
 [0. 0. 0. 0. 0. 1. 0.]
 [0. 1. 1. 0. 0. 1. 0.]
 [0. 1. 0. 0. 0. 1. 0.]
 [0. 0. 0. 0. 0. 0. 1.]
 [0. 0. 0. 0. 0. 0. 1.]
 [0. 0. 0. 0. 0. 1. 0.]
 [0. 0. 0. 0. 0. 0. 1.]
 [0. 1. 0. 0. 0. 1. 0.]
 [0. 0. 0. 0. 0. 0. 1.]
 [0. 0. 0. 0. 0. 1. 0.]
 [0. 0. 0. 0. 0. 0. 1.]
 [0. 0. 0. 0. 0. 1. 0.]
 [0. 0. 0. 0. 0. 1. 0.]
 [0. 0. 0. 0. 0. 1. 0.]
 [0. 0. 0. 0. 0. 0. 1.]
 [0. 0. 0. 0. 0. 1. 0.]
 [0. 0. 0. 0. 0. 1. 0.]
 [0. 0. 0. 0. 0. 1. 0.]]
tensor([[3.5180e-01, 1.4440e-01, 1.4695e-01, 5.5855e-03, 7.0196e-03, 8.6674e-01,
         3.6430e-02],
        [2.1145e-01, 9.8144e-02, 5.0422e-02, 3.3354e-03, 4.4607e-03, 7.8683e-01,
         8.2675e-02],
        [9.8683e-03, 1.9923e-02, 1.6018e-02, 1.4745e-03, 4.1320e-03, 2.8401e-01,
         3.9723e-01],
        [1.4779e-03, 3.1790e-03, 4.7861e-03, 2.9648e-04, 3.7552e-04, 2.1159e-02,
         9.0924e-01],
        [3.1849e-01, 9.1394e-01, 9.1006e-01, 1.2647e-01, 8.5235e-03, 9.8390e-01,
         2.9640e-03],
        [1.4776e-03, 3.1785e-03, 4.7856e-03, 2.9642e-04, 3.7546e-04, 2.1157e-02,
         9.0925e-01],
        [1.4778e-03, 3.1788e-03, 4.7859e-03, 2.9645e-04, 3.7550e-04, 2.1158e-02,
         9.0924e-01],
        [1.4778e-03, 3.1789e-03, 4.7861e-03, 2.9647e-04, 3.7552e-04, 2.1159e-02,
         9.0924e-01],
        [1.4778e-03, 3.1789e-03, 4.7861e-03, 2.9647e-04, 3.7552e-04, 2.1159e-02,
         9.0924e-01],
        [1.4776e-03, 3.1786e-03, 4.7857e-03, 2.9643e-04, 3.7547e-04, 2.1157e-02,
         9.0925e-01]])
[[0. 0. 0. ... 0. 1. 0.]
 [0. 0. 0. ... 0. 1. 0.]
 [0. 0. 0. ... 0. 0. 0.]
 ...
 [0. 1. 1. ... 0. 1. 0.]
 [0. 0. 0. ... 0. 0. 1.]
 [0. 1. 1. ... 0. 1. 0.]]
[array([0, 0, 0, 0, 0, 1]), array([0, 0, 0, 0, 0, 1]), array([0, 0, 0, 0, 0, 0]), array([0, 0, 0, 0, 0, 1]), array([0, 0, 0, 0, 0, 1]), array([0, 0, 0, 0, 0, 1]), array([0, 0, 0, 0, 0, 1]), array([0, 0, 0, 0, 0, 1]), array([0, 0, 0, 0, 0, 0]), array([0, 0, 0, 0, 0, 1]), array([0, 0, 0, 0, 0, 1]), array([0, 0, 0, 0, 0, 0]), array([0, 0, 0, 0, 0, 1]), array([0, 0, 0, 0, 0, 1]), array([0, 0, 0, 0, 0, 1]), array([0, 0, 0, 0, 0, 1]), array([0, 0, 0, 0, 0, 0]), array([0, 0, 0, 0, 0, 1]), array([0, 0, 0, 0, 0, 0]), array([0, 0, 0, 0, 0, 1]), array([0, 0, 0, 0, 0, 1]), array([0, 0, 0, 0, 0, 1]), array([0, 0, 0, 0, 0, 0]), array([0, 0, 0, 0, 0, 1]), array([0, 0, 0, 0, 0, 1]), array([0, 0, 0, 0, 0, 1]), array([0, 0, 0, 0, 0, 1]), array([0, 0, 0, 0, 0, 1]), array([0, 0, 0, 0, 0, 1]), array([0, 0, 0, 0, 0, 1])]
[array([0, 0, 0, 0, 0, 1]), array([0, 0, 0, 0, 0, 1]), array([0, 0, 0, 0, 0, 0]), array([0, 0, 0, 0, 0, 1]), array([0, 0, 0, 0, 0, 1]), array([0, 0, 0, 0, 0, 1]), array([0, 0, 0, 0, 0, 1]), array([0, 0, 0, 0, 0, 1]), array([0, 0, 0, 0, 0, 0]), array([0, 0, 0, 0, 0, 1]), array([0, 0, 0, 0, 0, 1]), array([0, 0, 0, 0, 0, 0]), array([0, 0, 0, 0, 0, 1]), array([0, 0, 0, 0, 0, 1]), array([0, 0, 0, 0, 0, 1]), array([0, 0, 0, 0, 0, 1]), array([0, 0, 0, 0, 0, 0]), array([0, 0, 0, 0, 0, 1]), array([0, 0, 0, 0, 0, 0]), array([0, 0, 0, 0, 0, 1]), array([0, 0, 0, 0, 0, 1]), array([0, 0, 0, 0, 0, 1]), array([0, 0, 0, 0, 0, 0]), array([0, 0, 0, 0, 0, 1]), array([0, 0, 0, 0, 0, 1]), array([0, 0, 0, 0, 0, 1]), array([0, 0, 0, 0, 0, 1]), array([0, 0, 0, 0, 0, 1]), array([0, 0, 0, 0, 0, 1]), array([0, 0, 0, 0, 0, 1])]
[array([0., 0., 0., 0., 0., 1.]), array([0., 0., 0., 0., 0., 1.]), array([0., 0., 0., 0., 0., 0.]), array([0., 0., 0., 0., 0., 0.]), array([0., 0., 0., 0., 0., 1.]), array([0., 0., 0., 0., 0., 0.]), array([0., 0., 0., 0., 0., 0.]), array([0., 0., 0., 0., 0., 0.]), array([0., 0., 0., 0., 0., 0.]), array([0., 0., 0., 0., 0., 0.]), array([0., 0., 0., 0., 0., 0.]), array([0., 0., 0., 0., 0., 1.]), array([0., 0., 0., 0., 0., 1.]), array([0., 0., 0., 0., 0., 1.]), array([0., 0., 0., 0., 0., 1.]), array([0., 0., 0., 0., 0., 0.]), array([0., 0., 0., 0., 0., 0.]), array([0., 0., 0., 0., 0., 1.]), array([0., 0., 0., 0., 0., 0.]), array([0., 0., 0., 0., 0., 1.]), array([0., 0., 0., 0., 0., 0.]), array([0., 0., 0., 0., 0., 1.]), array([0., 0., 0., 0., 0., 0.]), array([0., 0., 0., 0., 0., 1.]), array([0., 0., 0., 0., 0., 1.]), array([0., 0., 0., 0., 0., 1.]), array([0., 0., 0., 0., 0., 0.]), array([0., 0., 0., 0., 0., 1.]), array([0., 0., 0., 0., 0., 1.]), array([0., 0., 0., 0., 0., 1.])]
                       precision    recall  f1-score   support

label_identity_attack       0.28      0.45      0.35       131
         label_insult       0.13      0.57      0.21       145
        label_obscene       0.15      0.62      0.24       170
label_severe_toxicity       0.10      0.44      0.17        25
         label_threat       0.28      0.50      0.36        40
       label_toxicity       0.09      0.69      0.16       158

            micro avg       0.13      0.58      0.21       669
            macro avg       0.17      0.54      0.25       669
         weighted avg       0.16      0.58      0.24       669
          samples avg       0.17      0.17      0.17       669

[[-0.6111559  -1.77925    -1.7587161  -5.1819835  -4.952005    1.8724612
  -3.2752602 ]
 [-1.316199   -2.21802    -2.9355984  -5.699831   -5.407975    1.3059107
  -2.406548  ]
 [-4.6085134  -3.8957484  -4.1179113  -6.5179915  -5.484861   -0.924653
  -0.4170231 ]
 [-6.515688   -5.748012   -5.337236   -8.123246   -7.8868175  -3.8342936
   2.3044028 ]
 [-0.76073605  2.3627815   2.3143773  -1.9325017  -4.7563696   4.113002
  -5.8182464 ]
 [-6.5158405  -5.748154   -5.33734    -8.123433   -7.8869767  -3.8343923
   2.304487  ]
 [-6.515753   -5.748071   -5.337278   -8.1233225  -7.8868895  -3.8343349
   2.304434  ]
 [-6.515704   -5.7480283  -5.337245   -8.123279   -7.8868203  -3.8342943
   2.3044133 ]
 [-6.5156984  -5.748021   -5.337239   -8.123268   -7.88682    -3.8342907
   2.3044062 ]
 [-6.5158257  -5.7481394  -5.3373256  -8.123414   -7.886966   -3.8343813
   2.3044734 ]]
before change
[[0. 1. 1. 0. 1. 1. 0.]
 [0. 1. 1. 0. 0. 1. 0.]
 [0. 1. 1. 1. 1. 1. 0.]
 [0. 0. 0. 0. 0. 1. 0.]
 [0. 1. 1. 0. 1. 1. 0.]
 [0. 0. 0. 0. 0. 1. 0.]
 [0. 0. 0. 0. 1. 1. 0.]
 [0. 0. 0. 0. 0. 1. 0.]
 [0. 0. 0. 0. 0. 0. 1.]
 [0. 0. 0. 0. 0. 1. 0.]
 [0. 1. 1. 1. 1. 1. 0.]
 [0. 1. 1. 0. 0. 1. 0.]
 [0. 1. 1. 0. 1. 1. 0.]
 [0. 0. 0. 0. 1. 1. 0.]
 [0. 1. 1. 1. 0. 1. 0.]
 [0. 0. 0. 0. 0. 0. 1.]
 [1. 0. 1. 0. 1. 1. 0.]
 [0. 1. 1. 0. 0. 1. 0.]
 [0. 0. 0. 0. 0. 1. 0.]
 [0. 0. 0. 0. 0. 1. 0.]
 [1. 1. 1. 0. 0. 1. 0.]
 [0. 0. 0. 0. 0. 1. 0.]
 [0. 0. 0. 0. 0. 1. 0.]
 [1. 1. 1. 0. 0. 1. 0.]
 [0. 1. 1. 1. 1. 1. 0.]
 [1. 1. 1. 0. 0. 1. 0.]
 [0. 1. 0. 0. 0. 1. 0.]
 [0. 0. 1. 0. 0. 1. 0.]
 [0. 0. 0. 0. 0. 1. 0.]
 [0. 0. 0. 0. 0. 0. 1.]
 [0. 0. 0. 0. 0. 1. 0.]
 [1. 1. 1. 0. 0. 1. 0.]
 [0. 0. 1. 0. 0. 1. 0.]
 [1. 1. 1. 1. 1. 1. 0.]
 [0. 1. 1. 0. 0. 1. 0.]
 [0. 0. 0. 0. 0. 0. 1.]
 [0. 0. 0. 0. 0. 1. 0.]
 [0. 0. 0. 0. 1. 1. 0.]
 [1. 1. 1. 0. 0. 1. 0.]
 [0. 0. 0. 0. 0. 1. 0.]
 [0. 0. 0. 0. 0. 0. 1.]
 [0. 1. 1. 0. 0. 1. 0.]
 [0. 0. 0. 0. 1. 1. 0.]
 [0. 0. 0. 0. 0. 1. 0.]
 [0. 1. 1. 0. 0. 1. 0.]
 [0. 0. 0. 0. 0. 1. 0.]
 [0. 0. 0. 0. 0. 0. 1.]
 [1. 1. 0. 0. 0. 1. 0.]
 [0. 1. 1. 0. 0. 1. 0.]
 [0. 1. 1. 0. 0. 1. 0.]]
tensor([[1.2732e-01, 9.1135e-01, 8.4172e-01, 4.0620e-01, 6.8564e-01, 9.8933e-01,
         3.5770e-03],
        [1.3613e-01, 7.1907e-01, 8.7514e-01, 7.7583e-02, 7.6094e-03, 9.7547e-01,
         3.5537e-03],
        [9.8117e-02, 9.2319e-01, 9.5309e-01, 8.5107e-01, 9.6805e-01, 9.9227e-01,
         6.6634e-03],
        [1.4351e-01, 4.2823e-01, 4.5919e-01, 9.0521e-02, 1.0494e-01, 9.5454e-01,
         8.4825e-03],
        [7.2376e-02, 5.0675e-01, 5.9313e-01, 2.7205e-01, 9.8417e-01, 9.6142e-01,
         2.6254e-02],
        [1.6522e-02, 4.0091e-01, 2.8135e-01, 2.3594e-02, 3.7716e-02, 9.3106e-01,
         1.4936e-02],
        [6.5006e-02, 1.7485e-01, 2.1958e-01, 4.1501e-02, 8.2278e-01, 9.1722e-01,
         3.8727e-02],
        [9.4460e-02, 4.5499e-02, 3.4339e-02, 2.9135e-03, 2.1661e-02, 6.9354e-01,
         1.3581e-01],
        [1.4778e-03, 3.1788e-03, 4.7859e-03, 2.9645e-04, 3.7550e-04, 2.1158e-02,
         9.0924e-01],
        [2.9514e-01, 1.6270e-01, 7.5065e-02, 9.3929e-03, 1.3566e-02, 8.8358e-01,
         3.8435e-02],
        [1.2059e-01, 9.4332e-01, 9.6965e-01, 8.6982e-01, 9.1466e-01, 9.9405e-01,
         4.4770e-03],
        [1.2076e-01, 9.4577e-01, 9.7740e-01, 3.1582e-01, 8.1552e-03, 9.9194e-01,
         2.1044e-03],
        [2.4540e-02, 7.3023e-01, 8.7514e-01, 3.2357e-01, 6.8259e-01, 9.8292e-01,
         5.9423e-03],
        [3.5722e-02, 1.9625e-01, 4.3418e-01, 4.5768e-02, 6.6166e-01, 9.4108e-01,
         2.9396e-02],
        [1.1767e-01, 9.7301e-01, 9.9469e-01, 9.3878e-01, 1.7355e-02, 9.9558e-01,
         3.5042e-03],
        [1.4776e-03, 3.1785e-03, 4.7856e-03, 2.9642e-04, 3.7547e-04, 2.1157e-02,
         9.0925e-01],
        [5.2149e-01, 4.9152e-01, 6.0379e-01, 1.5495e-01, 9.4687e-01, 9.6790e-01,
         1.5213e-02],
        [1.6607e-02, 5.6032e-01, 9.7464e-01, 2.7757e-01, 3.8149e-02, 9.8485e-01,
         4.4142e-03],
        [1.9113e-01, 1.1706e-01, 1.8581e-01, 6.7066e-03, 9.4699e-03, 8.7420e-01,
         3.0567e-02],
        [1.8410e-02, 2.6582e-02, 5.1448e-02, 3.9147e-03, 4.3942e-02, 6.5108e-01,
         1.3277e-01],
        [5.3110e-01, 5.6600e-01, 8.4203e-01, 3.9821e-02, 9.1052e-03, 9.7161e-01,
         5.1112e-03],
        [2.5123e-02, 5.3004e-02, 5.5786e-02, 5.3389e-03, 7.6078e-02, 7.5239e-01,
         8.6037e-02],
        [2.5036e-02, 8.1368e-02, 3.2851e-01, 9.9294e-03, 5.2333e-02, 8.8695e-01,
         3.3520e-02],
        [8.8098e-01, 7.5512e-01, 6.6666e-01, 9.6743e-02, 1.5305e-01, 9.8152e-01,
         3.9480e-03],
        [3.9320e-01, 8.6703e-01, 8.7265e-01, 7.4767e-01, 9.9201e-01, 9.8527e-01,
         1.3201e-02],
        [9.8187e-01, 9.0720e-01, 9.3455e-01, 4.0755e-01, 3.8798e-02, 9.8955e-01,
         3.8735e-03],
        [2.4823e-01, 8.1594e-01, 3.6034e-01, 4.6015e-02, 2.6572e-02, 9.6729e-01,
         6.1542e-03],
        [4.6549e-02, 4.8838e-01, 8.8012e-01, 1.6990e-01, 1.9137e-01, 9.7479e-01,
         6.0630e-03],
        [4.2678e-01, 1.4631e-01, 8.2675e-02, 5.0406e-03, 1.0268e-02, 8.4916e-01,
         5.0551e-02],
        [1.4778e-03, 3.1789e-03, 4.7861e-03, 2.9647e-04, 3.7552e-04, 2.1159e-02,
         9.0924e-01],
        [1.6428e-01, 1.1254e-01, 1.6188e-01, 5.4483e-03, 8.7114e-03, 8.7249e-01,
         3.3577e-02],
        [8.2683e-01, 8.8465e-01, 9.6566e-01, 2.5808e-01, 7.3671e-03, 9.8706e-01,
         3.4063e-03],
        [8.8892e-02, 4.6678e-01, 9.0897e-01, 7.2288e-02, 1.8642e-02, 9.7689e-01,
         4.9792e-03],
        [9.2454e-01, 9.1868e-01, 9.4854e-01, 8.0555e-01, 9.6101e-01, 9.9154e-01,
         5.2212e-03],
        [4.7126e-01, 7.4938e-01, 9.5777e-01, 1.3647e-01, 3.8877e-03, 9.8272e-01,
         4.2357e-03],
        [1.4777e-03, 3.1787e-03, 4.7858e-03, 2.9644e-04, 3.7549e-04, 2.1158e-02,
         9.0925e-01],
        [2.9437e-02, 1.4885e-01, 8.7860e-02, 1.8766e-02, 2.3457e-01, 8.9666e-01,
         3.5442e-02],
        [2.4525e-02, 1.0218e-01, 3.1302e-01, 3.1475e-02, 5.5921e-01, 9.1080e-01,
         3.8037e-02],
        [9.7094e-01, 9.2616e-01, 9.1944e-01, 2.3396e-01, 1.4651e-02, 9.8707e-01,
         3.8931e-03],
        [3.7764e-02, 2.2242e-01, 5.8546e-02, 1.6369e-02, 2.0298e-01, 9.0178e-01,
         3.1709e-02],
        [1.4777e-03, 3.1787e-03, 4.7859e-03, 2.9644e-04, 3.7549e-04, 2.1158e-02,
         9.0924e-01],
        [6.5329e-02, 9.1149e-01, 9.7559e-01, 1.5955e-01, 3.4567e-03, 9.8687e-01,
         3.1462e-03],
        [3.6345e-02, 1.8590e-01, 1.0759e-01, 3.6306e-02, 6.7284e-01, 9.0506e-01,
         3.9746e-02],
        [2.2840e-02, 1.1753e-01, 2.2476e-01, 1.0077e-02, 2.5897e-02, 8.6841e-01,
         3.1837e-02],
        [6.2647e-02, 9.3951e-01, 5.2981e-01, 5.3603e-02, 2.6153e-02, 9.7677e-01,
         4.7161e-03],
        [3.0322e-02, 1.4553e-01, 1.6700e-01, 2.1496e-02, 2.3318e-02, 8.6841e-01,
         2.5704e-02],
        [1.4776e-03, 3.1785e-03, 4.7856e-03, 2.9642e-04, 3.7546e-04, 2.1157e-02,
         9.0925e-01],
        [9.0903e-01, 5.2487e-01, 3.9878e-01, 2.1777e-02, 5.7804e-03, 9.4044e-01,
         1.8426e-02],
        [1.0955e-01, 5.9493e-01, 9.3642e-01, 1.8476e-01, 8.4942e-02, 9.8316e-01,
         3.7731e-03],
        [8.3066e-02, 8.7104e-01, 9.3087e-01, 2.5824e-01, 1.0857e-01, 9.8754e-01,
         2.3462e-03]])
[[0, 0, 0, 0, 0, 0], [0, 0, 0, 0, 0, 0], [0, 0, 0, 0, 0, 0], [0, 0, 0, 0, 0, 0], [0, 0, 0, 0, 1, 0], [0, 0, 0, 0, 0, 0], [0, 0, 0, 0, 1, 0], [0, 0, 0, 0, 0, 0], [0, 0, 0, 0, 0, 0], [0, 0, 0, 0, 0, 0], [0, 0, 0, 0, 0, 0], [0, 0, 0, 0, 0, 0], [0, 0, 0, 0, 0, 0], [0, 0, 0, 0, 0, 0], [0, 0, 0, 0, 0, 0], [0, 0, 0, 0, 0, 0], [0, 0, 0, 0, 0, 0], [0, 0, 0, 0, 0, 0], [0, 0, 0, 0, 0, 0], [0, 0, 0, 0, 0, 0], [0, 0, 0, 0, 0, 0], [0, 0, 0, 0, 1, 0], [0, 0, 0, 0, 0, 0], [0, 0, 0, 0, 0, 0], [0, 0, 0, 0, 1, 0], [0, 0, 0, 0, 0, 0], [0, 0, 0, 0, 0, 0], [0, 0, 0, 0, 0, 0], [0, 0, 0, 0, 0, 0], [0, 0, 0, 0, 0, 0], [0, 0, 0, 0, 0, 0], [0, 0, 0, 0, 0, 0], [0, 0, 0, 0, 0, 0], [0, 0, 0, 0, 1, 0], [0, 0, 0, 0, 0, 0], [0, 0, 0, 0, 0, 0], [0, 0, 0, 0, 0, 0], [0, 0, 0, 0, 0, 0], [0, 0, 0, 0, 0, 0], [0, 0, 0, 0, 0, 0], [0, 0, 0, 0, 0, 0], [0, 0, 0, 0, 0, 0], [0, 0, 0, 0, 0, 0], [0, 0, 0, 0, 0, 0], [0, 0, 0, 0, 0, 0], [0, 0, 0, 0, 0, 0], [0, 0, 0, 0, 0, 0], [0, 0, 0, 0, 0, 0], [0, 0, 0, 0, 0, 0], [0, 0, 0, 0, 1, 0]]
[array([0., 1., 1., 0., 1., 1.]), array([0., 1., 1., 0., 0., 1.]), array([0., 1., 1., 1., 1., 1.]), array([0., 0., 0., 0., 0., 1.]), array([0., 1., 1., 0., 1., 1.]), array([0., 0., 0., 0., 0., 1.]), array([0., 0., 0., 0., 1., 1.]), array([0., 0., 0., 0., 0., 1.]), array([0., 0., 0., 0., 0., 0.]), array([0., 0., 0., 0., 0., 1.]), array([0., 1., 1., 1., 1., 1.]), array([0., 1., 1., 0., 0., 1.]), array([0., 1., 1., 0., 1., 1.]), array([0., 0., 0., 0., 1., 1.]), array([0., 1., 1., 1., 0., 1.]), array([0., 0., 0., 0., 0., 0.]), array([1., 0., 1., 0., 1., 1.]), array([0., 1., 1., 0., 0., 1.]), array([0., 0., 0., 0., 0., 1.]), array([0., 0., 0., 0., 0., 1.]), array([1., 1., 1., 0., 0., 1.]), array([0., 0., 0., 0., 0., 1.]), array([0., 0., 0., 0., 0., 1.]), array([1., 1., 1., 0., 0., 1.]), array([0., 1., 1., 1., 1., 1.]), array([1., 1., 1., 0., 0., 1.]), array([0., 1., 0., 0., 0., 1.]), array([0., 0., 1., 0., 0., 1.]), array([0., 0., 0., 0., 0., 1.]), array([0., 0., 0., 0., 0., 0.]), array([0., 0., 0., 0., 0., 1.]), array([1., 1., 1., 0., 0., 1.]), array([0., 0., 1., 0., 0., 1.]), array([1., 1., 1., 1., 1., 1.]), array([0., 1., 1., 0., 0., 1.]), array([0., 0., 0., 0., 0., 0.]), array([0., 0., 0., 0., 0., 1.]), array([0., 0., 0., 0., 1., 1.]), array([1., 1., 1., 0., 0., 1.]), array([0., 0., 0., 0., 0., 1.]), array([0., 0., 0., 0., 0., 0.]), array([0., 1., 1., 0., 0., 1.]), array([0., 0., 0., 0., 1., 1.]), array([0., 0., 0., 0., 0., 1.]), array([0., 1., 1., 0., 0., 1.]), array([0., 0., 0., 0., 0., 1.]), array([0., 0., 0., 0., 0., 0.]), array([1., 1., 0., 0., 0., 1.]), array([0., 1., 1., 0., 0., 1.]), array([0., 1., 1., 0., 0., 1.])]
