epochs: 4, learning rate: 2e-5, batch size: 8, model: xlm-roberta-base 
Translated train and test
binary evaluation
Namespace(batch=8, dev=False, epochs=4, learning=2e-05, loss=True, model='xlm-roberta-base', test='data/test_fi_deepl.jsonl', threshold=0.5, train='data/train_fi_deepl.jsonl')
tensor([18.9289,  3.3763,  3.1477, 16.6741, 55.6384,  1.7389], device='cuda:0')
DatasetDict({
    train: Dataset({
        features: ['text', 'labels'],
        num_rows: 159571
    })
    test: Dataset({
        features: ['text', 'labels'],
        num_rows: 63978
    })
})
huggingface/tokenizers: The current process just got forked, after parallelism has already been used. Disabling parallelism to avoid deadlocks...
To disable this warning, you can either:
	- Avoid using `tokenizers` before the fork if possible
	- Explicitly set the environment variable TOKENIZERS_PARALLELISM=(true | false)
huggingface/tokenizers: The current process just got forked, after parallelism has already been used. Disabling parallelism to avoid deadlocks...
To disable this warning, you can either:
	- Avoid using `tokenizers` before the fork if possible
	- Explicitly set the environment variable TOKENIZERS_PARALLELISM=(true | false)
huggingface/tokenizers: The current process just got forked, after parallelism has already been used. Disabling parallelism to avoid deadlocks...
To disable this warning, you can either:
	- Avoid using `tokenizers` before the fork if possible
	- Explicitly set the environment variable TOKENIZERS_PARALLELISM=(true | false)
{'loss': 0.2938, 'learning_rate': 1.5000000000000002e-05, 'epoch': 1.0}
[[0 0 0 0 0 0]
 [0 0 0 0 0 0]
 [0 0 1 0 0 1]
 ...
 [0 0 0 0 0 0]
 [0 0 0 0 0 0]
 [0 0 0 0 0 0]]
[[0. 0. 0. 0. 0. 0.]
 [0. 0. 0. 0. 0. 0.]
 [0. 1. 1. 0. 0. 1.]
 ...
 [0. 0. 0. 0. 0. 0.]
 [0. 0. 0. 0. 0. 0.]
 [0. 0. 0. 0. 0. 0.]]
{'eval_loss': 0.29605454206466675, 'eval_accuracy': 0.9327268748632342, 'eval_f1': 0.6670276961163545, 'eval_precision': 0.6450695795301511, 'eval_recall': 0.6905333974050937, 'eval_runtime': 544.8, 'eval_samples_per_second': 117.434, 'eval_steps_per_second': 3.671, 'epoch': 1.0}
{'loss': 0.2398, 'learning_rate': 1e-05, 'epoch': 2.0}
[[0 0 0 0 0 0]
 [0 0 0 0 0 0]
 [0 0 1 0 0 1]
 ...
 [0 0 0 0 0 0]
 [0 0 0 0 0 0]
 [0 0 0 0 0 0]]
[[0. 0. 0. 0. 0. 0.]
 [0. 0. 0. 0. 0. 0.]
 [0. 1. 1. 0. 0. 1.]
 ...
 [0. 0. 0. 0. 0. 0.]
 [0. 0. 0. 0. 0. 0.]
 [0. 0. 0. 0. 0. 0.]]
{'eval_loss': 0.2849186658859253, 'eval_accuracy': 0.9160805276813905, 'eval_f1': 0.654170692431562, 'eval_precision': 0.5470803706097824, 'eval_recall': 0.8133909979176678, 'eval_runtime': 544.3982, 'eval_samples_per_second': 117.521, 'eval_steps_per_second': 3.674, 'epoch': 2.0}
{'loss': 0.2053, 'learning_rate': 5e-06, 'epoch': 3.0}
[[0 0 0 0 0 0]
 [0 0 0 0 0 0]
 [0 0 1 0 0 1]
 ...
 [0 0 0 0 0 0]
 [0 0 0 0 0 0]
 [0 0 0 0 0 0]]
[[0. 0. 0. 0. 0. 0.]
 [0. 0. 0. 0. 0. 0.]
 [0. 1. 1. 0. 0. 1.]
 ...
 [0. 0. 0. 0. 0. 0.]
 [0. 0. 0. 0. 0. 0.]
 [0. 0. 0. 0. 0. 0.]]
{'eval_loss': 0.23554755747318268, 'eval_accuracy': 0.9095001406733565, 'eval_f1': 0.6511207519884309, 'eval_precision': 0.5218777166038829, 'eval_recall': 0.865449303219606, 'eval_runtime': 547.2941, 'eval_samples_per_second': 116.899, 'eval_steps_per_second': 3.654, 'epoch': 3.0}
{'loss': 0.1751, 'learning_rate': 0.0, 'epoch': 4.0}
[[0 0 0 0 0 0]
 [0 0 0 0 0 0]
 [0 0 1 0 0 1]
 ...
 [0 0 0 0 0 0]
 [0 0 0 0 0 0]
 [0 0 0 0 0 0]]
[[0. 0. 0. 0. 0. 0.]
 [0. 0. 0. 0. 0. 0.]
 [0. 1. 1. 0. 0. 1.]
 ...
 [0. 0. 0. 0. 0. 0.]
 [0. 0. 0. 0. 0. 0.]
 [0. 0. 0. 0. 0. 1.]]
{'eval_loss': 0.24691952764987946, 'eval_accuracy': 0.9102816593203914, 'eval_f1': 0.6522476675148431, 'eval_precision': 0.5245055052129007, 'eval_recall': 0.8622457152010251, 'eval_runtime': 544.6774, 'eval_samples_per_second': 117.46, 'eval_steps_per_second': 3.672, 'epoch': 4.0}
{'train_runtime': 16003.2419, 'train_samples_per_second': 39.885, 'train_steps_per_second': 4.986, 'train_loss': 0.22848779857442536, 'epoch': 4.0}
[[0 0 0 0 0 0]
 [0 0 0 0 0 0]
 [0 0 1 0 0 1]
 ...
 [0 0 0 0 0 0]
 [0 0 0 0 0 0]
 [0 0 0 0 0 0]]
[[0. 0. 0. 0. 0. 0.]
 [0. 0. 0. 0. 0. 0.]
 [0. 1. 1. 0. 0. 1.]
 ...
 [0. 0. 0. 0. 0. 0.]
 [0. 0. 0. 0. 0. 0.]
 [0. 0. 0. 0. 0. 1.]]
F1_micro: 0.6522476675148431
END: to 30.6.2022 18.03.16 +0300
