epochs: 4, learning rate: 2e-5, batch size: 8, model: xlm-roberta-base 
transfer from english train to translated finnish test
binary evaluation
Namespace(batch=8, dev=False, epochs=4, learning=2e-05, loss=True, model='xlm-roberta-base', test='data/test_fi_deepl.jsonl', threshold=0.5, train='data/train_en.jsonl')
tensor([18.9289,  3.3763,  3.1477, 16.6741, 55.6384,  1.7389], device='cuda:0')
DatasetDict({
    train: Dataset({
        features: ['text', 'labels'],
        num_rows: 159571
    })
    test: Dataset({
        features: ['text', 'labels'],
        num_rows: 63978
    })
})
huggingface/tokenizers: The current process just got forked, after parallelism has already been used. Disabling parallelism to avoid deadlocks...
To disable this warning, you can either:
	- Avoid using `tokenizers` before the fork if possible
	- Explicitly set the environment variable TOKENIZERS_PARALLELISM=(true | false)
huggingface/tokenizers: The current process just got forked, after parallelism has already been used. Disabling parallelism to avoid deadlocks...
To disable this warning, you can either:
	- Avoid using `tokenizers` before the fork if possible
	- Explicitly set the environment variable TOKENIZERS_PARALLELISM=(true | false)
huggingface/tokenizers: The current process just got forked, after parallelism has already been used. Disabling parallelism to avoid deadlocks...
To disable this warning, you can either:
	- Avoid using `tokenizers` before the fork if possible
	- Explicitly set the environment variable TOKENIZERS_PARALLELISM=(true | false)
{'loss': 0.262, 'learning_rate': 1.5000000000000002e-05, 'epoch': 1.0}
[[0 0 0 0 0 0]
 [0 0 0 0 0 0]
 [0 0 1 0 0 1]
 ...
 [0 0 0 0 0 0]
 [0 0 0 0 0 0]
 [0 0 0 0 0 0]]
[[0. 0. 0. 0. 0. 0.]
 [0. 0. 0. 0. 0. 0.]
 [0. 1. 1. 0. 0. 1.]
 ...
 [0. 0. 0. 0. 0. 0.]
 [0. 0. 0. 0. 0. 0.]
 [0. 0. 0. 0. 0. 0.]]
{'eval_loss': 0.5675889253616333, 'eval_accuracy': 0.909109381349839, 'eval_f1': 0.47964205816554806, 'eval_precision': 0.5433901054339011, 'eval_recall': 0.4292807944898286, 'eval_runtime': 536.4787, 'eval_samples_per_second': 119.255, 'eval_steps_per_second': 3.728, 'epoch': 1.0}
{'loss': 0.2116, 'learning_rate': 1e-05, 'epoch': 2.0}
