epochs: 4, learning rate: 8e-6, batch size: 8, model: TurkuNLP/bert-base-finnish-cased-v1 
Translated train and test
Namespace(batch=8, dev=False, epochs=4, learning=8e-06, loss=True, model='TurkuNLP/bert-base-finnish-cased-v1', test='data/test_fi_deepl.jsonl', train='data/train_fi_deepl.jsonl')
toxic:  16225
clean:  143346
toxic:  6243
clean:  57735
DatasetDict({
    train: Dataset({
        features: ['text', 'labels'],
        num_rows: 159571
    })
    test: Dataset({
        features: ['text', 'labels'],
        num_rows: 63978
    })
})
huggingface/tokenizers: The current process just got forked, after parallelism has already been used. Disabling parallelism to avoid deadlocks...
To disable this warning, you can either:
	- Avoid using `tokenizers` before the fork if possible
	- Explicitly set the environment variable TOKENIZERS_PARALLELISM=(true | false)
huggingface/tokenizers: The current process just got forked, after parallelism has already been used. Disabling parallelism to avoid deadlocks...
To disable this warning, you can either:
	- Avoid using `tokenizers` before the fork if possible
	- Explicitly set the environment variable TOKENIZERS_PARALLELISM=(true | false)
huggingface/tokenizers: The current process just got forked, after parallelism has already been used. Disabling parallelism to avoid deadlocks...
To disable this warning, you can either:
	- Avoid using `tokenizers` before the fork if possible
	- Explicitly set the environment variable TOKENIZERS_PARALLELISM=(true | false)
{'loss': 0.1383, 'learning_rate': 6e-06, 'epoch': 1.0}
[[-7.992859 ]
 [-5.0196157]
 [-3.7080564]
 [-7.9838824]
 [ 3.5260108]]
tensor([[3.3775e-04],
        [6.5637e-03],
        [2.3938e-02],
        [3.4080e-04],
        [9.7142e-01]])
END: ma 15.8.2022 16.24.02 +0300
